{'dataset_name': 'ENZYMES', 'basis': 'GSO', 'epsilon': [-0.1, -0.15, -0.2, -0.25, -0.3, -0.35, -0.4], 'power': [[3, 4], [3, 4], [3, 5], [3, 5], [3, 5], [3, 5], [3, 5]], 'seeds': [0], 'num_folds': 10, 'num_workers': 8, 'hyperparams': {'batch_size': 64, 'epochs': 501, 'learning_rate': 0.001, 'step_size': 40, 'decay_rate': 0.65, 'weight_decay': 0.001}, 'architecture': {'nonlinear': 'ReLU', 'layers': 6, 'hidden': 256, 'pooling': 'X', 'dropout': 0.2}, 'commit_id': 'ffe28e9514b53162166f17324f231889184799f6', 'time_stamp': '1672824308', 'directory': '../../../../results_spectral_rotation/Try_A100/tu/ENZYMES/board/'}
{'dataset_name': 'ENZYMES', 'basis': 'GSO', 'epsilon': [-0.1, -0.15, -0.2, -0.25, -0.3, -0.35, -0.4], 'power': [[3, 4], [3, 4], [3, 5], [3, 5], [3, 5], [3, 5], [3, 5]], 'seeds': [0], 'num_folds': 10, 'num_workers': 8, 'hyperparams': {'batch_size': 64, 'epochs': 501, 'learning_rate': 0.001, 'step_size': 40, 'decay_rate': 0.65, 'weight_decay': 0.001}, 'architecture': {'nonlinear': 'ReLU', 'layers': 6, 'hidden': 256, 'pooling': 'X', 'dropout': 0.2}, 'commit_id': 'ffe28e9514b53162166f17324f231889184799f6', 'time_stamp': 1672824310, 'directory': '../../../../results_spectral_rotation/Try_A100/tu/ENZYMES/board/', 'seed': 0}
Pre-process:   0%|          | 0/600 [00:00<?, ?it/s]Pre-process:  12%|█▏        | 71/600 [00:00<00:00, 703.42it/s]Pre-process:  24%|██▍       | 146/600 [00:00<00:00, 725.05it/s]Pre-process:  37%|███▋      | 221/600 [00:00<00:00, 732.03it/s]Pre-process:  49%|████▉     | 295/600 [00:00<00:00, 720.14it/s]Pre-process:  61%|██████▏   | 368/600 [00:00<00:00, 713.35it/s]Pre-process:  74%|███████▍  | 445/600 [00:00<00:00, 731.81it/s]Pre-process:  87%|████████▋ | 521/600 [00:00<00:00, 738.51it/s]Pre-process:  99%|█████████▉| 595/600 [00:00<00:00, 726.83it/s]Pre-process: 100%|██████████| 600/600 [00:00<00:00, 725.12it/s]
Basis total: 20
train_set : test_set = %d : %d 540 60
-------- FOLD0 DATASET=ENZYMES, COMMIT_ID=ffe28e9514b53162166f17324f231889184799f6
#Params: 1334790
Epoch: 001, Train Loss: 5.5285003, Train Acc: 0.2074074, Test Acc: 0.2000000
Epoch: 002, Train Loss: 3.5368286, Train Acc: 0.2629630, Test Acc: 0.2500000
Epoch: 003, Train Loss: 2.0423575, Train Acc: 0.2370370, Test Acc: 0.2000000
Epoch: 004, Train Loss: 1.7646346, Train Acc: 0.3111111, Test Acc: 0.3666667
Epoch: 005, Train Loss: 1.6269986, Train Acc: 0.3407407, Test Acc: 0.3500000
Epoch: 006, Train Loss: 1.6444224, Train Acc: 0.3296296, Test Acc: 0.3166667
Epoch: 007, Train Loss: 1.5908884, Train Acc: 0.3277778, Test Acc: 0.2833333
Epoch: 008, Train Loss: 1.6065318, Train Acc: 0.3166667, Test Acc: 0.3166667
Epoch: 009, Train Loss: 1.6089268, Train Acc: 0.3259259, Test Acc: 0.2833333
Epoch: 010, Train Loss: 1.5414160, Train Acc: 0.3388889, Test Acc: 0.3166667
Epoch: 011, Train Loss: 1.6337135, Train Acc: 0.3277778, Test Acc: 0.2666667
Epoch: 012, Train Loss: 1.4903633, Train Acc: 0.4092593, Test Acc: 0.3333333
Epoch: 013, Train Loss: 1.4585655, Train Acc: 0.4425926, Test Acc: 0.3833333
Epoch: 014, Train Loss: 1.4896476, Train Acc: 0.4240741, Test Acc: 0.3500000
Epoch: 015, Train Loss: 1.4466997, Train Acc: 0.4277778, Test Acc: 0.3666667
Epoch: 016, Train Loss: 1.3998281, Train Acc: 0.4611111, Test Acc: 0.3000000
Epoch: 017, Train Loss: 1.3929288, Train Acc: 0.4962963, Test Acc: 0.4166667
Epoch: 018, Train Loss: 1.3939181, Train Acc: 0.4648148, Test Acc: 0.4500000
Epoch: 019, Train Loss: 1.3751135, Train Acc: 0.4537037, Test Acc: 0.3833333
Epoch: 020, Train Loss: 1.3086280, Train Acc: 0.5425926, Test Acc: 0.4166667
Epoch: 021, Train Loss: 1.3857102, Train Acc: 0.5074074, Test Acc: 0.4000000
Epoch: 022, Train Loss: 1.3446192, Train Acc: 0.4944444, Test Acc: 0.3333333
Epoch: 023, Train Loss: 1.3974697, Train Acc: 0.4444444, Test Acc: 0.4000000
Epoch: 024, Train Loss: 1.3455122, Train Acc: 0.5111111, Test Acc: 0.4000000
Epoch: 025, Train Loss: 1.3518918, Train Acc: 0.4629630, Test Acc: 0.3833333
Epoch: 026, Train Loss: 1.2160636, Train Acc: 0.5537037, Test Acc: 0.3833333
Epoch: 027, Train Loss: 1.2888179, Train Acc: 0.4796296, Test Acc: 0.3333333
Epoch: 028, Train Loss: 1.2848763, Train Acc: 0.5092593, Test Acc: 0.4000000
Epoch: 029, Train Loss: 1.2347552, Train Acc: 0.5500000, Test Acc: 0.4833333
Epoch: 030, Train Loss: 1.2063693, Train Acc: 0.5740741, Test Acc: 0.4833333
Epoch: 031, Train Loss: 1.1670504, Train Acc: 0.5944444, Test Acc: 0.4666667
Epoch: 032, Train Loss: 1.0761102, Train Acc: 0.6277778, Test Acc: 0.4166667
Epoch: 033, Train Loss: 1.2092241, Train Acc: 0.5000000, Test Acc: 0.4333333
Epoch: 034, Train Loss: 1.0985789, Train Acc: 0.5555556, Test Acc: 0.4333333
Epoch: 035, Train Loss: 1.2339105, Train Acc: 0.5240741, Test Acc: 0.4500000
Epoch: 036, Train Loss: 0.9923732, Train Acc: 0.6388889, Test Acc: 0.4666667
Epoch: 037, Train Loss: 1.0094238, Train Acc: 0.6222222, Test Acc: 0.5166667
Epoch: 038, Train Loss: 0.9334060, Train Acc: 0.7148148, Test Acc: 0.5000000
Epoch: 039, Train Loss: 1.0634300, Train Acc: 0.6166667, Test Acc: 0.4833333
Epoch: 040, Train Loss: 0.8910157, Train Acc: 0.7222222, Test Acc: 0.4833333
Epoch: 041, Train Loss: 1.0534522, Train Acc: 0.6111111, Test Acc: 0.4666667
Epoch: 042, Train Loss: 0.9669828, Train Acc: 0.6462963, Test Acc: 0.5000000
Epoch: 043, Train Loss: 0.7646885, Train Acc: 0.7777778, Test Acc: 0.5500000
Epoch: 044, Train Loss: 0.7672343, Train Acc: 0.7851852, Test Acc: 0.5666667
Epoch: 045, Train Loss: 0.7383343, Train Acc: 0.7777778, Test Acc: 0.6000000
Epoch: 046, Train Loss: 0.7474000, Train Acc: 0.7592593, Test Acc: 0.6000000
Epoch: 047, Train Loss: 0.7572482, Train Acc: 0.7314815, Test Acc: 0.5833333
Epoch: 048, Train Loss: 0.9199185, Train Acc: 0.6388889, Test Acc: 0.4666667
Epoch: 049, Train Loss: 0.8975917, Train Acc: 0.6500000, Test Acc: 0.5000000
Epoch: 050, Train Loss: 0.7257888, Train Acc: 0.7481481, Test Acc: 0.5500000
Epoch: 051, Train Loss: 0.5878491, Train Acc: 0.8148148, Test Acc: 0.5833333
Epoch: 052, Train Loss: 0.6276878, Train Acc: 0.8092593, Test Acc: 0.5500000
Epoch: 053, Train Loss: 0.5525677, Train Acc: 0.8333333, Test Acc: 0.5000000
Epoch: 054, Train Loss: 0.4605629, Train Acc: 0.8925926, Test Acc: 0.6166667
Epoch: 055, Train Loss: 0.4659213, Train Acc: 0.8888889, Test Acc: 0.5833333
Epoch: 056, Train Loss: 0.5592671, Train Acc: 0.8240741, Test Acc: 0.5500000
Epoch: 057, Train Loss: 0.6281462, Train Acc: 0.7888889, Test Acc: 0.5500000
Epoch: 058, Train Loss: 0.6571224, Train Acc: 0.7444444, Test Acc: 0.4666667
Epoch: 059, Train Loss: 0.5206901, Train Acc: 0.8277778, Test Acc: 0.5166667
Epoch: 060, Train Loss: 0.4563185, Train Acc: 0.8703704, Test Acc: 0.6166667
Epoch: 061, Train Loss: 0.7428133, Train Acc: 0.7018519, Test Acc: 0.4500000
Epoch: 062, Train Loss: 0.6050495, Train Acc: 0.7870370, Test Acc: 0.5000000
Epoch: 063, Train Loss: 0.4864846, Train Acc: 0.8555556, Test Acc: 0.7000000
Epoch: 064, Train Loss: 0.5591610, Train Acc: 0.7907407, Test Acc: 0.6333333
Epoch: 065, Train Loss: 0.3875356, Train Acc: 0.9111111, Test Acc: 0.5833333
Epoch: 066, Train Loss: 0.3839556, Train Acc: 0.8833333, Test Acc: 0.5500000
Epoch: 067, Train Loss: 0.5681115, Train Acc: 0.7796296, Test Acc: 0.4500000
Epoch: 068, Train Loss: 0.4181092, Train Acc: 0.8629630, Test Acc: 0.6333333
Epoch: 069, Train Loss: 0.3998763, Train Acc: 0.8759259, Test Acc: 0.5833333
Epoch: 070, Train Loss: 0.2954561, Train Acc: 0.9333333, Test Acc: 0.5666667
Epoch: 071, Train Loss: 0.5828625, Train Acc: 0.7351852, Test Acc: 0.5000000
Epoch: 072, Train Loss: 0.5088756, Train Acc: 0.8314815, Test Acc: 0.5166667
Epoch: 073, Train Loss: 0.2729719, Train Acc: 0.9333333, Test Acc: 0.7000000
Epoch: 074, Train Loss: 0.3729715, Train Acc: 0.8814815, Test Acc: 0.6666667
Epoch: 075, Train Loss: 0.2565074, Train Acc: 0.9388889, Test Acc: 0.6166667
Epoch: 076, Train Loss: 0.3092774, Train Acc: 0.9111111, Test Acc: 0.5833333
Epoch: 077, Train Loss: 0.2254408, Train Acc: 0.9500000, Test Acc: 0.6500000
Epoch: 078, Train Loss: 0.2997383, Train Acc: 0.9222222, Test Acc: 0.6333333
Epoch: 079, Train Loss: 0.2513712, Train Acc: 0.9185185, Test Acc: 0.5833333
Epoch: 080, Train Loss: 0.1845382, Train Acc: 0.9518519, Test Acc: 0.6500000
Epoch: 081, Train Loss: 0.1622661, Train Acc: 0.9722222, Test Acc: 0.6666667
Epoch: 082, Train Loss: 0.2271298, Train Acc: 0.9333333, Test Acc: 0.5666667
Epoch: 083, Train Loss: 0.1571963, Train Acc: 0.9759259, Test Acc: 0.7166667
Epoch: 084, Train Loss: 0.1163288, Train Acc: 0.9907407, Test Acc: 0.6833333
Epoch: 085, Train Loss: 0.1921434, Train Acc: 0.9518519, Test Acc: 0.6833333
Epoch: 086, Train Loss: 0.1298600, Train Acc: 0.9814815, Test Acc: 0.6666667
Epoch: 087, Train Loss: 0.1279402, Train Acc: 0.9851852, Test Acc: 0.6833333
Epoch: 088, Train Loss: 0.1083703, Train Acc: 0.9814815, Test Acc: 0.6833333
Epoch: 089, Train Loss: 0.1510388, Train Acc: 0.9648148, Test Acc: 0.6166667
Epoch: 090, Train Loss: 0.1727725, Train Acc: 0.9592593, Test Acc: 0.6000000
Epoch: 091, Train Loss: 0.0886501, Train Acc: 0.9907407, Test Acc: 0.6666667
Epoch: 092, Train Loss: 0.1068535, Train Acc: 0.9888889, Test Acc: 0.7000000
Epoch: 093, Train Loss: 0.0669501, Train Acc: 1.0000000, Test Acc: 0.7166667
Epoch: 094, Train Loss: 0.1012055, Train Acc: 0.9851852, Test Acc: 0.6666667
Epoch: 095, Train Loss: 0.1052517, Train Acc: 0.9796296, Test Acc: 0.6500000
Epoch: 096, Train Loss: 0.0710387, Train Acc: 0.9925926, Test Acc: 0.6500000
Epoch: 097, Train Loss: 0.0933065, Train Acc: 0.9888889, Test Acc: 0.6000000
Epoch: 098, Train Loss: 0.0628054, Train Acc: 0.9981481, Test Acc: 0.7000000
Epoch: 099, Train Loss: 0.0858053, Train Acc: 0.9888889, Test Acc: 0.7000000
Epoch: 100, Train Loss: 0.0809981, Train Acc: 0.9907407, Test Acc: 0.6833333
Epoch: 101, Train Loss: 0.0522454, Train Acc: 0.9962963, Test Acc: 0.7166667
Epoch: 102, Train Loss: 0.1228443, Train Acc: 0.9703704, Test Acc: 0.6833333
Epoch: 103, Train Loss: 0.0791353, Train Acc: 0.9962963, Test Acc: 0.7166667
Epoch: 104, Train Loss: 0.0586804, Train Acc: 0.9981481, Test Acc: 0.6833333
Epoch: 105, Train Loss: 0.1331739, Train Acc: 0.9555556, Test Acc: 0.7000000
Epoch: 106, Train Loss: 0.0483978, Train Acc: 0.9962963, Test Acc: 0.6333333
Epoch: 107, Train Loss: 0.0961270, Train Acc: 0.9814815, Test Acc: 0.7000000
Epoch: 108, Train Loss: 0.0604150, Train Acc: 0.9925926, Test Acc: 0.6500000
Epoch: 109, Train Loss: 0.0548742, Train Acc: 0.9944444, Test Acc: 0.6500000
Epoch: 110, Train Loss: 0.0722628, Train Acc: 0.9851852, Test Acc: 0.6500000
Epoch: 111, Train Loss: 0.0598566, Train Acc: 0.9944444, Test Acc: 0.6833333
Epoch: 112, Train Loss: 0.0396425, Train Acc: 0.9962963, Test Acc: 0.6666667
Epoch: 113, Train Loss: 0.0280213, Train Acc: 1.0000000, Test Acc: 0.6500000
Epoch: 114, Train Loss: 0.1582895, Train Acc: 0.9462963, Test Acc: 0.6500000
Epoch: 115, Train Loss: 0.0295911, Train Acc: 1.0000000, Test Acc: 0.6833333
Epoch: 116, Train Loss: 0.0708892, Train Acc: 0.9814815, Test Acc: 0.6666667
Epoch: 117, Train Loss: 0.0438546, Train Acc: 0.9925926, Test Acc: 0.6833333
Epoch: 118, Train Loss: 0.0307572, Train Acc: 0.9981481, Test Acc: 0.6833333
Epoch: 119, Train Loss: 0.0330786, Train Acc: 0.9981481, Test Acc: 0.6666667
Epoch: 120, Train Loss: 0.0395237, Train Acc: 1.0000000, Test Acc: 0.6833333
Epoch: 121, Train Loss: 0.0295171, Train Acc: 0.9981481, Test Acc: 0.7000000
Epoch: 122, Train Loss: 0.0206462, Train Acc: 1.0000000, Test Acc: 0.6666667
Epoch: 123, Train Loss: 0.0143335, Train Acc: 1.0000000, Test Acc: 0.7000000
Epoch: 124, Train Loss: 0.0176756, Train Acc: 1.0000000, Test Acc: 0.6666667
Epoch: 125, Train Loss: 0.0234249, Train Acc: 0.9981481, Test Acc: 0.6833333
Epoch: 126, Train Loss: 0.0209380, Train Acc: 1.0000000, Test Acc: 0.6500000
Epoch: 127, Train Loss: 0.0261833, Train Acc: 1.0000000, Test Acc: 0.6833333
Epoch: 128, Train Loss: 0.0160398, Train Acc: 1.0000000, Test Acc: 0.6666667
Epoch: 129, Train Loss: 0.0146594, Train Acc: 1.0000000, Test Acc: 0.6666667
Epoch: 130, Train Loss: 0.0143188, Train Acc: 1.0000000, Test Acc: 0.6500000
Epoch: 131, Train Loss: 0.0139516, Train Acc: 1.0000000, Test Acc: 0.7000000
Epoch: 132, Train Loss: 0.0174644, Train Acc: 1.0000000, Test Acc: 0.6666667
Epoch: 133, Train Loss: 0.0178014, Train Acc: 1.0000000, Test Acc: 0.6500000
Epoch: 134, Train Loss: 0.0626209, Train Acc: 0.9759259, Test Acc: 0.6333333
Epoch: 135, Train Loss: 0.0130837, Train Acc: 1.0000000, Test Acc: 0.6833333
Epoch: 136, Train Loss: 0.0191946, Train Acc: 1.0000000, Test Acc: 0.6500000
Epoch: 137, Train Loss: 0.0122374, Train Acc: 1.0000000, Test Acc: 0.6833333
Epoch: 138, Train Loss: 0.0122992, Train Acc: 1.0000000, Test Acc: 0.7000000
Epoch: 139, Train Loss: 0.0209163, Train Acc: 1.0000000, Test Acc: 0.6833333
Epoch: 140, Train Loss: 0.0205705, Train Acc: 1.0000000, Test Acc: 0.6166667
Epoch: 141, Train Loss: 0.0201466, Train Acc: 1.0000000, Test Acc: 0.6833333
Epoch: 142, Train Loss: 0.0116441, Train Acc: 1.0000000, Test Acc: 0.7000000
Epoch: 143, Train Loss: 0.0547109, Train Acc: 0.9925926, Test Acc: 0.6500000
Epoch: 144, Train Loss: 0.0127936, Train Acc: 1.0000000, Test Acc: 0.7333333
Epoch: 145, Train Loss: 0.0112757, Train Acc: 1.0000000, Test Acc: 0.7166667
Epoch: 146, Train Loss: 0.0109488, Train Acc: 1.0000000, Test Acc: 0.6333333
Epoch: 147, Train Loss: 0.0162212, Train Acc: 1.0000000, Test Acc: 0.6666667
Epoch: 148, Train Loss: 0.0179952, Train Acc: 1.0000000, Test Acc: 0.6500000
Epoch: 149, Train Loss: 0.0156353, Train Acc: 1.0000000, Test Acc: 0.6666667
Epoch: 150, Train Loss: 0.0190978, Train Acc: 1.0000000, Test Acc: 0.6833333
Epoch: 151, Train Loss: 0.0458052, Train Acc: 0.9925926, Test Acc: 0.6666667
Epoch: 152, Train Loss: 0.0165512, Train Acc: 1.0000000, Test Acc: 0.6666667
Epoch: 153, Train Loss: 0.0104428, Train Acc: 1.0000000, Test Acc: 0.6833333
Epoch: 154, Train Loss: 0.0267735, Train Acc: 1.0000000, Test Acc: 0.6833333
Epoch: 155, Train Loss: 0.0207267, Train Acc: 1.0000000, Test Acc: 0.6333333
Epoch: 156, Train Loss: 0.0549817, Train Acc: 0.9870370, Test Acc: 0.6833333
Epoch: 157, Train Loss: 0.0231892, Train Acc: 0.9981481, Test Acc: 0.7000000
Epoch: 158, Train Loss: 0.0083696, Train Acc: 1.0000000, Test Acc: 0.7000000
Epoch: 159, Train Loss: 0.0155674, Train Acc: 1.0000000, Test Acc: 0.6166667
Epoch: 160, Train Loss: 0.0125581, Train Acc: 0.9981481, Test Acc: 0.6166667
Epoch: 161, Train Loss: 0.0133613, Train Acc: 1.0000000, Test Acc: 0.6500000
Epoch: 162, Train Loss: 0.0060461, Train Acc: 1.0000000, Test Acc: 0.6833333
Epoch: 163, Train Loss: 0.0065428, Train Acc: 1.0000000, Test Acc: 0.6666667
Epoch: 164, Train Loss: 0.0149015, Train Acc: 0.9981481, Test Acc: 0.6666667
Epoch: 165, Train Loss: 0.0066728, Train Acc: 1.0000000, Test Acc: 0.6333333
Epoch: 166, Train Loss: 0.0060826, Train Acc: 1.0000000, Test Acc: 0.6833333
Epoch: 167, Train Loss: 0.0082119, Train Acc: 1.0000000, Test Acc: 0.6833333
Epoch: 168, Train Loss: 0.0077450, Train Acc: 1.0000000, Test Acc: 0.6500000
Epoch: 169, Train Loss: 0.0093639, Train Acc: 1.0000000, Test Acc: 0.6666667
Epoch: 170, Train Loss: 0.0087848, Train Acc: 1.0000000, Test Acc: 0.6833333
Epoch: 171, Train Loss: 0.0059578, Train Acc: 1.0000000, Test Acc: 0.7000000
Epoch: 172, Train Loss: 0.0063515, Train Acc: 1.0000000, Test Acc: 0.7000000
Epoch: 173, Train Loss: 0.0067239, Train Acc: 1.0000000, Test Acc: 0.6833333
Epoch: 174, Train Loss: 0.0070677, Train Acc: 1.0000000, Test Acc: 0.6666667
Epoch: 175, Train Loss: 0.0062816, Train Acc: 1.0000000, Test Acc: 0.6333333
Epoch: 176, Train Loss: 0.0052815, Train Acc: 1.0000000, Test Acc: 0.6666667
Epoch: 177, Train Loss: 0.0063134, Train Acc: 1.0000000, Test Acc: 0.6500000
Epoch: 178, Train Loss: 0.0045673, Train Acc: 1.0000000, Test Acc: 0.6666667
Epoch: 179, Train Loss: 0.0036633, Train Acc: 1.0000000, Test Acc: 0.6833333
Epoch: 180, Train Loss: 0.0049984, Train Acc: 1.0000000, Test Acc: 0.6666667
Epoch: 181, Train Loss: 0.0054354, Train Acc: 1.0000000, Test Acc: 0.6833333
Epoch: 182, Train Loss: 0.0040786, Train Acc: 1.0000000, Test Acc: 0.6833333
Epoch: 183, Train Loss: 0.0032912, Train Acc: 1.0000000, Test Acc: 0.6833333
Epoch: 184, Train Loss: 0.0042806, Train Acc: 1.0000000, Test Acc: 0.7000000
Epoch: 185, Train Loss: 0.0037403, Train Acc: 1.0000000, Test Acc: 0.6666667
Epoch: 186, Train Loss: 0.0095092, Train Acc: 1.0000000, Test Acc: 0.7000000
Epoch: 187, Train Loss: 0.0075717, Train Acc: 1.0000000, Test Acc: 0.7000000
Epoch: 188, Train Loss: 0.0044891, Train Acc: 1.0000000, Test Acc: 0.6833333
Epoch: 189, Train Loss: 0.0027866, Train Acc: 1.0000000, Test Acc: 0.7000000
Epoch: 190, Train Loss: 0.0170959, Train Acc: 0.9981481, Test Acc: 0.7166667
Epoch: 191, Train Loss: 0.0076189, Train Acc: 1.0000000, Test Acc: 0.6666667
Epoch: 192, Train Loss: 0.0074265, Train Acc: 1.0000000, Test Acc: 0.6166667
Epoch: 193, Train Loss: 0.0052743, Train Acc: 1.0000000, Test Acc: 0.6833333
Epoch: 194, Train Loss: 0.0072559, Train Acc: 1.0000000, Test Acc: 0.6833333
Epoch: 195, Train Loss: 0.0063279, Train Acc: 1.0000000, Test Acc: 0.6666667
Epoch: 196, Train Loss: 0.0053914, Train Acc: 1.0000000, Test Acc: 0.7166667
Epoch: 197, Train Loss: 0.0251568, Train Acc: 0.9962963, Test Acc: 0.6500000
Epoch: 198, Train Loss: 0.0078928, Train Acc: 1.0000000, Test Acc: 0.6333333
Epoch: 199, Train Loss: 0.0042205, Train Acc: 1.0000000, Test Acc: 0.7166667
Epoch: 200, Train Loss: 0.0108032, Train Acc: 1.0000000, Test Acc: 0.6000000
Epoch: 201, Train Loss: 0.0085731, Train Acc: 1.0000000, Test Acc: 0.6166667
Epoch: 202, Train Loss: 0.0086615, Train Acc: 1.0000000, Test Acc: 0.6666667
Epoch: 203, Train Loss: 0.0075145, Train Acc: 1.0000000, Test Acc: 0.6666667
Epoch: 204, Train Loss: 0.0069422, Train Acc: 1.0000000, Test Acc: 0.6666667
Epoch: 205, Train Loss: 0.0072785, Train Acc: 1.0000000, Test Acc: 0.6833333
Epoch: 206, Train Loss: 0.0037958, Train Acc: 1.0000000, Test Acc: 0.6833333
Epoch: 207, Train Loss: 0.0040122, Train Acc: 1.0000000, Test Acc: 0.7166667
Epoch: 208, Train Loss: 0.0059663, Train Acc: 1.0000000, Test Acc: 0.6500000
Epoch: 209, Train Loss: 0.0072091, Train Acc: 1.0000000, Test Acc: 0.6666667
Epoch: 210, Train Loss: 0.0047495, Train Acc: 1.0000000, Test Acc: 0.6666667
Epoch: 211, Train Loss: 0.0033093, Train Acc: 1.0000000, Test Acc: 0.6666667
Epoch: 212, Train Loss: 0.0033231, Train Acc: 1.0000000, Test Acc: 0.6833333
Epoch: 213, Train Loss: 0.0039647, Train Acc: 1.0000000, Test Acc: 0.6666667
Epoch: 214, Train Loss: 0.0037339, Train Acc: 1.0000000, Test Acc: 0.6666667
Epoch: 215, Train Loss: 0.0046300, Train Acc: 1.0000000, Test Acc: 0.7000000
Epoch: 216, Train Loss: 0.0046424, Train Acc: 1.0000000, Test Acc: 0.7166667
Epoch: 217, Train Loss: 0.0035068, Train Acc: 1.0000000, Test Acc: 0.7166667
Epoch: 218, Train Loss: 0.0038210, Train Acc: 1.0000000, Test Acc: 0.6666667
Epoch: 219, Train Loss: 0.0033017, Train Acc: 1.0000000, Test Acc: 0.6833333
Epoch: 220, Train Loss: 0.0029876, Train Acc: 1.0000000, Test Acc: 0.6833333
Epoch: 221, Train Loss: 0.0027774, Train Acc: 1.0000000, Test Acc: 0.7000000
Epoch: 222, Train Loss: 0.0042300, Train Acc: 1.0000000, Test Acc: 0.7166667
Epoch: 223, Train Loss: 0.0065915, Train Acc: 1.0000000, Test Acc: 0.7166667
Epoch: 224, Train Loss: 0.0043591, Train Acc: 1.0000000, Test Acc: 0.7166667
Epoch: 225, Train Loss: 0.0067997, Train Acc: 1.0000000, Test Acc: 0.7000000
Epoch: 226, Train Loss: 0.0049077, Train Acc: 1.0000000, Test Acc: 0.7166667
Epoch: 227, Train Loss: 0.0038617, Train Acc: 1.0000000, Test Acc: 0.7000000
Epoch: 228, Train Loss: 0.0034972, Train Acc: 1.0000000, Test Acc: 0.6833333
Epoch: 229, Train Loss: 0.0024480, Train Acc: 1.0000000, Test Acc: 0.6666667
Epoch: 230, Train Loss: 0.0025904, Train Acc: 1.0000000, Test Acc: 0.7000000
Epoch: 231, Train Loss: 0.0029339, Train Acc: 1.0000000, Test Acc: 0.7166667
Epoch: 232, Train Loss: 0.0029832, Train Acc: 1.0000000, Test Acc: 0.7166667
Epoch: 233, Train Loss: 0.0025254, Train Acc: 1.0000000, Test Acc: 0.6833333
