{'dataset_name': 'ENZYMES', 'basis': 'GSO', 'epsilon': [-0.1, -0.15, -0.2, -0.25, -0.3, -0.35, -0.4], 'power': [[4, 4], [4, 4], [4, 4], [4, 4], [4, 4], [4, 4], [4, 4]], 'seeds': [0], 'num_folds': 10, 'num_workers': 8, 'hyperparams': {'batch_size': 64, 'epochs': 201, 'learning_rate': 0.001, 'step_size': 40, 'decay_rate': 0.6}, 'architecture': {'nonlinear': 'ReLU', 'layers': 6, 'hidden': 256, 'pooling': 'X', 'dropout': 0.4}, 'commit_id': '5550c7a449f3b4116970d9d7caeb5ab686e3e08f', 'time_stamp': '1672762743', 'directory': '../../../../results_spectral_rotation/Try_A100/tu/ENZYMES/board/'}
{'dataset_name': 'ENZYMES', 'basis': 'GSO', 'epsilon': [-0.1, -0.15, -0.2, -0.25, -0.3, -0.35, -0.4], 'power': [[4, 4], [4, 4], [4, 4], [4, 4], [4, 4], [4, 4], [4, 4]], 'seeds': [0], 'num_folds': 10, 'num_workers': 8, 'hyperparams': {'batch_size': 64, 'epochs': 201, 'learning_rate': 0.001, 'step_size': 40, 'decay_rate': 0.6}, 'architecture': {'nonlinear': 'ReLU', 'layers': 6, 'hidden': 256, 'pooling': 'X', 'dropout': 0.4}, 'commit_id': '5550c7a449f3b4116970d9d7caeb5ab686e3e08f', 'time_stamp': 1672762745, 'directory': '../../../../results_spectral_rotation/Try_A100/tu/ENZYMES/board/', 'seed': 0}
Pre-process:   0%|          | 0/600 [00:00<?, ?it/s]Pre-process:  13%|█▎        | 76/600 [00:00<00:00, 757.75it/s]Pre-process:  26%|██▌       | 156/600 [00:00<00:00, 779.65it/s]Pre-process:  39%|███▉      | 235/600 [00:00<00:00, 780.80it/s]Pre-process:  52%|█████▏    | 314/600 [00:00<00:00, 756.65it/s]Pre-process:  66%|██████▌   | 396/600 [00:00<00:00, 776.29it/s]Pre-process:  80%|███████▉  | 478/600 [00:00<00:00, 790.60it/s]Pre-process:  93%|█████████▎| 558/600 [00:00<00:00, 781.55it/s]Pre-process: 100%|██████████| 600/600 [00:00<00:00, 777.38it/s]
Basis total: 8
train_set : test_set = %d : %d 540 60
-------- FOLD0 DATASET=ENZYMES, COMMIT_ID=5550c7a449f3b4116970d9d7caeb5ab686e3e08f
#Params: 1331718
Epoch: 001, Train Loss: 3.5285224, Train Acc: 0.2074074, Test Acc: 0.2166667
Epoch: 002, Train Loss: 2.0966121, Train Acc: 0.2037037, Test Acc: 0.2333333
Epoch: 003, Train Loss: 1.7532760, Train Acc: 0.2462963, Test Acc: 0.2166667
Epoch: 004, Train Loss: 1.7247477, Train Acc: 0.2203704, Test Acc: 0.2333333
Epoch: 005, Train Loss: 1.7189773, Train Acc: 0.2574074, Test Acc: 0.2166667
Epoch: 006, Train Loss: 1.7146270, Train Acc: 0.2629630, Test Acc: 0.2666667
Epoch: 007, Train Loss: 1.7107204, Train Acc: 0.2462963, Test Acc: 0.2666667
Epoch: 008, Train Loss: 1.7213655, Train Acc: 0.2518519, Test Acc: 0.2833333
Epoch: 009, Train Loss: 1.7075817, Train Acc: 0.2500000, Test Acc: 0.2500000
Epoch: 010, Train Loss: 1.7121963, Train Acc: 0.2703704, Test Acc: 0.2333333
Epoch: 011, Train Loss: 1.6984542, Train Acc: 0.2666667, Test Acc: 0.2333333
Epoch: 012, Train Loss: 1.7030754, Train Acc: 0.2629630, Test Acc: 0.2666667
Epoch: 013, Train Loss: 1.6803894, Train Acc: 0.2981481, Test Acc: 0.2666667
Epoch: 014, Train Loss: 1.6714962, Train Acc: 0.2777778, Test Acc: 0.2166667
Epoch: 015, Train Loss: 1.6818951, Train Acc: 0.2592593, Test Acc: 0.2166667
Epoch: 016, Train Loss: 1.6765587, Train Acc: 0.2981481, Test Acc: 0.2333333
Epoch: 017, Train Loss: 1.6641515, Train Acc: 0.2777778, Test Acc: 0.2666667
Epoch: 018, Train Loss: 1.6532205, Train Acc: 0.2740741, Test Acc: 0.2166667
Epoch: 019, Train Loss: 1.6356184, Train Acc: 0.2981481, Test Acc: 0.2333333
Epoch: 020, Train Loss: 1.6331710, Train Acc: 0.3111111, Test Acc: 0.2500000
Epoch: 021, Train Loss: 1.6487358, Train Acc: 0.2796296, Test Acc: 0.2000000
Epoch: 022, Train Loss: 1.6488443, Train Acc: 0.3055556, Test Acc: 0.2666667
Epoch: 023, Train Loss: 1.6287831, Train Acc: 0.3018519, Test Acc: 0.3000000
Epoch: 024, Train Loss: 1.6274662, Train Acc: 0.2962963, Test Acc: 0.3000000
Epoch: 025, Train Loss: 1.6244212, Train Acc: 0.3148148, Test Acc: 0.3000000
Epoch: 026, Train Loss: 1.6223976, Train Acc: 0.3111111, Test Acc: 0.2333333
Epoch: 027, Train Loss: 1.6003003, Train Acc: 0.3240741, Test Acc: 0.2500000
Epoch: 028, Train Loss: 1.6036517, Train Acc: 0.3037037, Test Acc: 0.2000000
Epoch: 029, Train Loss: 1.6122440, Train Acc: 0.3148148, Test Acc: 0.2333333
Epoch: 030, Train Loss: 1.6096259, Train Acc: 0.3129630, Test Acc: 0.2833333
Epoch: 031, Train Loss: 1.6040313, Train Acc: 0.3222222, Test Acc: 0.2333333
Epoch: 032, Train Loss: 1.5847494, Train Acc: 0.3240741, Test Acc: 0.2166667
Epoch: 033, Train Loss: 1.5628051, Train Acc: 0.3592593, Test Acc: 0.3500000
Epoch: 034, Train Loss: 1.5621061, Train Acc: 0.3537037, Test Acc: 0.3000000
Epoch: 035, Train Loss: 1.5833718, Train Acc: 0.3462963, Test Acc: 0.3333333
Epoch: 036, Train Loss: 1.5768774, Train Acc: 0.3611111, Test Acc: 0.3333333
Epoch: 037, Train Loss: 1.5516845, Train Acc: 0.3722222, Test Acc: 0.3833333
Epoch: 038, Train Loss: 1.5650572, Train Acc: 0.3648148, Test Acc: 0.3500000
Epoch: 039, Train Loss: 1.5600065, Train Acc: 0.3666667, Test Acc: 0.2333333
Epoch: 040, Train Loss: 1.5374968, Train Acc: 0.3759259, Test Acc: 0.3333333
Epoch: 041, Train Loss: 1.5257124, Train Acc: 0.3888889, Test Acc: 0.4000000
Epoch: 042, Train Loss: 1.5264006, Train Acc: 0.4092593, Test Acc: 0.3833333
Epoch: 043, Train Loss: 1.5054583, Train Acc: 0.4018519, Test Acc: 0.3000000
Epoch: 044, Train Loss: 1.4983289, Train Acc: 0.3740741, Test Acc: 0.2833333
Epoch: 045, Train Loss: 1.5182360, Train Acc: 0.3314815, Test Acc: 0.2500000
Epoch: 046, Train Loss: 1.4912495, Train Acc: 0.3833333, Test Acc: 0.2833333
Epoch: 047, Train Loss: 1.4675777, Train Acc: 0.4259259, Test Acc: 0.3833333
Epoch: 048, Train Loss: 1.4850279, Train Acc: 0.4055556, Test Acc: 0.3000000
Epoch: 049, Train Loss: 1.4734566, Train Acc: 0.4277778, Test Acc: 0.4000000
Epoch: 050, Train Loss: 1.4824210, Train Acc: 0.4203704, Test Acc: 0.3833333
Epoch: 051, Train Loss: 1.4466271, Train Acc: 0.4351852, Test Acc: 0.4000000
Epoch: 052, Train Loss: 1.4529667, Train Acc: 0.4574074, Test Acc: 0.4500000
Epoch: 053, Train Loss: 1.4727668, Train Acc: 0.4407407, Test Acc: 0.3833333
Epoch: 054, Train Loss: 1.4625692, Train Acc: 0.4500000, Test Acc: 0.4500000
Epoch: 055, Train Loss: 1.4407748, Train Acc: 0.4740741, Test Acc: 0.4000000
Epoch: 056, Train Loss: 1.5020949, Train Acc: 0.4000000, Test Acc: 0.3500000
Epoch: 057, Train Loss: 1.4581250, Train Acc: 0.3944444, Test Acc: 0.2666667
Epoch: 058, Train Loss: 1.4895805, Train Acc: 0.3870370, Test Acc: 0.3000000
Epoch: 059, Train Loss: 1.4357828, Train Acc: 0.4037037, Test Acc: 0.3166667
Epoch: 060, Train Loss: 1.3956309, Train Acc: 0.4481481, Test Acc: 0.3166667
Epoch: 061, Train Loss: 1.4129835, Train Acc: 0.4351852, Test Acc: 0.3166667
Epoch: 062, Train Loss: 1.4186403, Train Acc: 0.4518519, Test Acc: 0.3333333
Epoch: 063, Train Loss: 1.4014354, Train Acc: 0.4296296, Test Acc: 0.3333333
Epoch: 064, Train Loss: 1.3644849, Train Acc: 0.5018519, Test Acc: 0.4000000
Epoch: 065, Train Loss: 1.4078229, Train Acc: 0.4277778, Test Acc: 0.3500000
Epoch: 066, Train Loss: 1.3384598, Train Acc: 0.4851852, Test Acc: 0.4500000
Epoch: 067, Train Loss: 1.4023134, Train Acc: 0.4314815, Test Acc: 0.3500000
Epoch: 068, Train Loss: 1.3655840, Train Acc: 0.4666667, Test Acc: 0.3833333
Epoch: 069, Train Loss: 1.4227001, Train Acc: 0.3981481, Test Acc: 0.2833333
Epoch: 070, Train Loss: 1.2970853, Train Acc: 0.5259259, Test Acc: 0.4000000
Epoch: 071, Train Loss: 1.4259705, Train Acc: 0.4166667, Test Acc: 0.3000000
Epoch: 072, Train Loss: 1.3634520, Train Acc: 0.4666667, Test Acc: 0.3666667
Epoch: 073, Train Loss: 1.3837014, Train Acc: 0.4314815, Test Acc: 0.3333333
Epoch: 074, Train Loss: 1.3139154, Train Acc: 0.5148148, Test Acc: 0.4166667
Epoch: 075, Train Loss: 1.2725038, Train Acc: 0.5203704, Test Acc: 0.4000000
Epoch: 076, Train Loss: 1.4633754, Train Acc: 0.3796296, Test Acc: 0.3000000
Epoch: 077, Train Loss: 1.3059220, Train Acc: 0.4777778, Test Acc: 0.4666667
Epoch: 078, Train Loss: 1.3030059, Train Acc: 0.4907407, Test Acc: 0.4000000
Epoch: 079, Train Loss: 1.3053594, Train Acc: 0.4537037, Test Acc: 0.3500000
Epoch: 080, Train Loss: 1.3503529, Train Acc: 0.4425926, Test Acc: 0.3666667
Epoch: 081, Train Loss: 1.3058440, Train Acc: 0.4629630, Test Acc: 0.4333333
Epoch: 082, Train Loss: 1.2419647, Train Acc: 0.4962963, Test Acc: 0.4500000
Epoch: 083, Train Loss: 1.2688949, Train Acc: 0.5111111, Test Acc: 0.3833333
Epoch: 084, Train Loss: 1.2962910, Train Acc: 0.4759259, Test Acc: 0.4166667
Epoch: 085, Train Loss: 1.2757166, Train Acc: 0.4814815, Test Acc: 0.4666667
Epoch: 086, Train Loss: 1.2175946, Train Acc: 0.5333333, Test Acc: 0.5166667
Epoch: 087, Train Loss: 1.2223119, Train Acc: 0.5055556, Test Acc: 0.4500000
Epoch: 088, Train Loss: 1.2267028, Train Acc: 0.5240741, Test Acc: 0.4000000
Epoch: 089, Train Loss: 1.3524574, Train Acc: 0.4685185, Test Acc: 0.3833333
Epoch: 090, Train Loss: 1.3303533, Train Acc: 0.4814815, Test Acc: 0.3333333
Epoch: 091, Train Loss: 1.2176636, Train Acc: 0.5370370, Test Acc: 0.4500000
Epoch: 092, Train Loss: 1.1798756, Train Acc: 0.5611111, Test Acc: 0.4500000
Epoch: 093, Train Loss: 1.3519099, Train Acc: 0.5000000, Test Acc: 0.3833333
Epoch: 094, Train Loss: 1.1586963, Train Acc: 0.5592593, Test Acc: 0.4500000
Epoch: 095, Train Loss: 1.1569791, Train Acc: 0.5425926, Test Acc: 0.4333333
Epoch: 096, Train Loss: 1.1461140, Train Acc: 0.5777778, Test Acc: 0.5000000
Epoch: 097, Train Loss: 1.1442252, Train Acc: 0.5925926, Test Acc: 0.5000000
Epoch: 098, Train Loss: 1.1418023, Train Acc: 0.5703704, Test Acc: 0.4500000
Epoch: 099, Train Loss: 1.2791010, Train Acc: 0.4851852, Test Acc: 0.4166667
Epoch: 100, Train Loss: 1.1398568, Train Acc: 0.5240741, Test Acc: 0.4333333
Epoch: 101, Train Loss: 1.0514092, Train Acc: 0.6259259, Test Acc: 0.5333333
Epoch: 102, Train Loss: 1.1027147, Train Acc: 0.6018519, Test Acc: 0.5000000
Epoch: 103, Train Loss: 1.1993508, Train Acc: 0.5203704, Test Acc: 0.4833333
Epoch: 104, Train Loss: 1.0840510, Train Acc: 0.5851852, Test Acc: 0.5000000
Epoch: 105, Train Loss: 1.0625505, Train Acc: 0.6166667, Test Acc: 0.6166667
Epoch: 106, Train Loss: 1.1456341, Train Acc: 0.5462963, Test Acc: 0.4500000
Epoch: 107, Train Loss: 1.1110919, Train Acc: 0.5574074, Test Acc: 0.4500000
Epoch: 108, Train Loss: 1.1487709, Train Acc: 0.5333333, Test Acc: 0.4333333
Epoch: 109, Train Loss: 1.0132459, Train Acc: 0.6092593, Test Acc: 0.5166667
Epoch: 110, Train Loss: 1.1865887, Train Acc: 0.5259259, Test Acc: 0.4500000
Epoch: 111, Train Loss: 1.0318194, Train Acc: 0.6148148, Test Acc: 0.5666667
Epoch: 112, Train Loss: 1.1078377, Train Acc: 0.5666667, Test Acc: 0.4833333
Epoch: 113, Train Loss: 0.9830301, Train Acc: 0.6240741, Test Acc: 0.6166667
Epoch: 114, Train Loss: 1.1798700, Train Acc: 0.5074074, Test Acc: 0.4333333
Epoch: 115, Train Loss: 0.9448199, Train Acc: 0.6685185, Test Acc: 0.6166667
Epoch: 116, Train Loss: 1.0679480, Train Acc: 0.5740741, Test Acc: 0.5000000
Epoch: 117, Train Loss: 1.1296491, Train Acc: 0.5888889, Test Acc: 0.4833333
Epoch: 118, Train Loss: 0.9632754, Train Acc: 0.6185185, Test Acc: 0.5500000
Epoch: 119, Train Loss: 0.9121515, Train Acc: 0.6962963, Test Acc: 0.6166667
Epoch: 120, Train Loss: 1.0252789, Train Acc: 0.6129630, Test Acc: 0.5500000
Epoch: 121, Train Loss: 1.0371936, Train Acc: 0.6111111, Test Acc: 0.5000000
Epoch: 122, Train Loss: 1.2117342, Train Acc: 0.5037037, Test Acc: 0.4333333
Epoch: 123, Train Loss: 0.9453739, Train Acc: 0.6388889, Test Acc: 0.5000000
Epoch: 124, Train Loss: 0.9648292, Train Acc: 0.6425926, Test Acc: 0.5666667
Epoch: 125, Train Loss: 0.9266025, Train Acc: 0.6407407, Test Acc: 0.6000000
Epoch: 126, Train Loss: 0.9803305, Train Acc: 0.6277778, Test Acc: 0.5666667
Epoch: 127, Train Loss: 0.8125324, Train Acc: 0.7037037, Test Acc: 0.5333333
Epoch: 128, Train Loss: 1.0317760, Train Acc: 0.5888889, Test Acc: 0.5000000
Epoch: 129, Train Loss: 1.0008379, Train Acc: 0.6277778, Test Acc: 0.5333333
Epoch: 130, Train Loss: 0.9497327, Train Acc: 0.6370370, Test Acc: 0.5666667
Epoch: 131, Train Loss: 0.9272405, Train Acc: 0.6481481, Test Acc: 0.5000000
Epoch: 132, Train Loss: 0.8023191, Train Acc: 0.7240741, Test Acc: 0.6000000
Epoch: 133, Train Loss: 0.8197671, Train Acc: 0.7018519, Test Acc: 0.6333333
Epoch: 134, Train Loss: 0.8278724, Train Acc: 0.6888889, Test Acc: 0.6333333
Epoch: 135, Train Loss: 0.8782058, Train Acc: 0.6740741, Test Acc: 0.6166667
Epoch: 136, Train Loss: 0.7901305, Train Acc: 0.7425926, Test Acc: 0.5833333
Epoch: 137, Train Loss: 0.8677677, Train Acc: 0.6777778, Test Acc: 0.5833333
Epoch: 138, Train Loss: 0.9179588, Train Acc: 0.6574074, Test Acc: 0.5333333
Epoch: 139, Train Loss: 0.7604978, Train Acc: 0.7611111, Test Acc: 0.5833333
Epoch: 140, Train Loss: 0.8029418, Train Acc: 0.6925926, Test Acc: 0.5833333
Epoch: 141, Train Loss: 0.8352351, Train Acc: 0.6703704, Test Acc: 0.5500000
Epoch: 142, Train Loss: 0.8270768, Train Acc: 0.6851852, Test Acc: 0.5833333
Epoch: 143, Train Loss: 0.8538056, Train Acc: 0.6703704, Test Acc: 0.5333333
Epoch: 144, Train Loss: 0.7064351, Train Acc: 0.7537037, Test Acc: 0.6000000
Epoch: 145, Train Loss: 0.9984051, Train Acc: 0.6055556, Test Acc: 0.5000000
Epoch: 146, Train Loss: 0.6405819, Train Acc: 0.8314815, Test Acc: 0.6000000
Epoch: 147, Train Loss: 0.8460909, Train Acc: 0.6740741, Test Acc: 0.5833333
Epoch: 148, Train Loss: 0.6858230, Train Acc: 0.7648148, Test Acc: 0.5833333
Epoch: 149, Train Loss: 0.8207790, Train Acc: 0.7074074, Test Acc: 0.6333333
Epoch: 150, Train Loss: 0.8316495, Train Acc: 0.6685185, Test Acc: 0.5666667
Epoch: 151, Train Loss: 0.9448152, Train Acc: 0.6074074, Test Acc: 0.5166667
Epoch: 152, Train Loss: 0.8020602, Train Acc: 0.7240741, Test Acc: 0.6166667
Epoch: 153, Train Loss: 0.7861312, Train Acc: 0.7129630, Test Acc: 0.5833333
Epoch: 154, Train Loss: 0.6912951, Train Acc: 0.7555556, Test Acc: 0.6000000
Epoch: 155, Train Loss: 0.7828173, Train Acc: 0.6925926, Test Acc: 0.5666667
Epoch: 156, Train Loss: 0.7679246, Train Acc: 0.7333333, Test Acc: 0.6666667
Epoch: 157, Train Loss: 0.6797021, Train Acc: 0.7740741, Test Acc: 0.6500000
Epoch: 158, Train Loss: 1.2779135, Train Acc: 0.5388889, Test Acc: 0.4500000
Epoch: 159, Train Loss: 0.7925111, Train Acc: 0.6814815, Test Acc: 0.5833333
Epoch: 160, Train Loss: 0.6483655, Train Acc: 0.7722222, Test Acc: 0.6333333
Epoch: 161, Train Loss: 0.5942614, Train Acc: 0.8259259, Test Acc: 0.6333333
Epoch: 162, Train Loss: 0.7467856, Train Acc: 0.7277778, Test Acc: 0.6166667
Epoch: 163, Train Loss: 0.7290899, Train Acc: 0.7166667, Test Acc: 0.6333333
Epoch: 164, Train Loss: 0.6744737, Train Acc: 0.7444444, Test Acc: 0.6000000
Epoch: 165, Train Loss: 0.6232122, Train Acc: 0.8000000, Test Acc: 0.6500000
Epoch: 166, Train Loss: 0.5443798, Train Acc: 0.8444444, Test Acc: 0.6166667
Epoch: 167, Train Loss: 0.6154517, Train Acc: 0.7907407, Test Acc: 0.6333333
Epoch: 168, Train Loss: 0.6179723, Train Acc: 0.7814815, Test Acc: 0.6000000
Epoch: 169, Train Loss: 0.6118298, Train Acc: 0.7944444, Test Acc: 0.6500000
Epoch: 170, Train Loss: 0.6241092, Train Acc: 0.7851852, Test Acc: 0.6333333
Epoch: 171, Train Loss: 0.6178289, Train Acc: 0.7962963, Test Acc: 0.6500000
Epoch: 172, Train Loss: 0.7003335, Train Acc: 0.7296296, Test Acc: 0.6833333
Epoch: 173, Train Loss: 0.5675240, Train Acc: 0.8203704, Test Acc: 0.6500000
Epoch: 174, Train Loss: 0.6638933, Train Acc: 0.7685185, Test Acc: 0.6500000
Epoch: 175, Train Loss: 0.8470855, Train Acc: 0.6629630, Test Acc: 0.5500000
Epoch: 176, Train Loss: 0.5302896, Train Acc: 0.8425926, Test Acc: 0.6666667
Epoch: 177, Train Loss: 0.6501893, Train Acc: 0.7685185, Test Acc: 0.6500000
Epoch: 178, Train Loss: 0.5624146, Train Acc: 0.8203704, Test Acc: 0.6500000
Epoch: 179, Train Loss: 0.7615647, Train Acc: 0.7259259, Test Acc: 0.5833333
Epoch: 180, Train Loss: 0.7511188, Train Acc: 0.7370370, Test Acc: 0.6166667
Epoch: 181, Train Loss: 0.5787130, Train Acc: 0.8018519, Test Acc: 0.6166667
Epoch: 182, Train Loss: 0.5338753, Train Acc: 0.8277778, Test Acc: 0.6666667
Epoch: 183, Train Loss: 0.7320138, Train Acc: 0.7240741, Test Acc: 0.6500000
Epoch: 184, Train Loss: 0.4847548, Train Acc: 0.8592593, Test Acc: 0.6833333
Epoch: 185, Train Loss: 0.6010222, Train Acc: 0.8037037, Test Acc: 0.6500000
Epoch: 186, Train Loss: 0.6515288, Train Acc: 0.7666667, Test Acc: 0.6833333
Epoch: 187, Train Loss: 0.5751140, Train Acc: 0.7925926, Test Acc: 0.6666667
Epoch: 188, Train Loss: 0.5541454, Train Acc: 0.8277778, Test Acc: 0.6500000
Epoch: 189, Train Loss: 0.6564054, Train Acc: 0.7537037, Test Acc: 0.6333333
Epoch: 190, Train Loss: 0.5113082, Train Acc: 0.8407407, Test Acc: 0.6500000
Epoch: 191, Train Loss: 0.5276755, Train Acc: 0.8407407, Test Acc: 0.6166667
Epoch: 192, Train Loss: 0.7590174, Train Acc: 0.7148148, Test Acc: 0.5333333
Epoch: 193, Train Loss: 0.5365355, Train Acc: 0.8185185, Test Acc: 0.6500000
Epoch: 194, Train Loss: 0.6180136, Train Acc: 0.7740741, Test Acc: 0.5833333
Epoch: 195, Train Loss: 0.4610027, Train Acc: 0.8703704, Test Acc: 0.6666667
Epoch: 196, Train Loss: 0.5992622, Train Acc: 0.7851852, Test Acc: 0.6333333
Epoch: 197, Train Loss: 0.5748002, Train Acc: 0.7981481, Test Acc: 0.6333333
Epoch: 198, Train Loss: 0.5211551, Train Acc: 0.8333333, Test Acc: 0.6666667
Epoch: 199, Train Loss: 0.7539178, Train Acc: 0.7240741, Test Acc: 0.6333333
Epoch: 200, Train Loss: 0.5141519, Train Acc: 0.8462963, Test Acc: 0.6666667
--------
Best Test Acc:   0.6833333333333333_0.0, Epoch: 171
Best Train Loss: 0.46100274589326645_0.0
Best Train Acc:  0.8703703703703703_0.0
FOLD1, ENZYMES, 1672762745/5550c7a_GSOE[-0.1, -0.15, -0.2, -0.25, -0.3, -0.35, -0.4]P[[4, 4], [4, 4], [4, 4], [4, 4], [4, 4], [4, 4], [4, 4]]I1_ReLU_X_6_256_0.4_0.001_40_0.6_B64S0W8, BT=0.6833333333333333_0.0, BE=171, ID=5550c7a449f3b4116970d9d7caeb5ab686e3e08f
train_set : test_set = %d : %d 540 60
-------- FOLD1 DATASET=ENZYMES, COMMIT_ID=5550c7a449f3b4116970d9d7caeb5ab686e3e08f
#Params: 1331718
Epoch: 001, Train Loss: 2.9521128, Train Acc: 0.2129630, Test Acc: 0.2500000
Epoch: 002, Train Loss: 1.7482197, Train Acc: 0.2592593, Test Acc: 0.3166667
Epoch: 003, Train Loss: 1.7848305, Train Acc: 0.2277778, Test Acc: 0.2666667
Epoch: 004, Train Loss: 1.7167596, Train Acc: 0.2203704, Test Acc: 0.2000000
Epoch: 005, Train Loss: 1.7141398, Train Acc: 0.2074074, Test Acc: 0.2666667
Epoch: 006, Train Loss: 1.6840303, Train Acc: 0.3111111, Test Acc: 0.3333333
Epoch: 007, Train Loss: 1.6920729, Train Acc: 0.2407407, Test Acc: 0.1666667
Epoch: 008, Train Loss: 1.6853557, Train Acc: 0.2907407, Test Acc: 0.2000000
Epoch: 009, Train Loss: 1.6815631, Train Acc: 0.3037037, Test Acc: 0.2833333
Epoch: 010, Train Loss: 1.6786205, Train Acc: 0.2629630, Test Acc: 0.1833333
Epoch: 011, Train Loss: 1.6716991, Train Acc: 0.2870370, Test Acc: 0.2000000
Epoch: 012, Train Loss: 1.6428044, Train Acc: 0.2740741, Test Acc: 0.2166667
Epoch: 013, Train Loss: 1.6534462, Train Acc: 0.2759259, Test Acc: 0.2166667
Epoch: 014, Train Loss: 1.6470817, Train Acc: 0.2925926, Test Acc: 0.2500000
Epoch: 015, Train Loss: 1.6868072, Train Acc: 0.2351852, Test Acc: 0.2666667
Epoch: 016, Train Loss: 1.6755273, Train Acc: 0.2703704, Test Acc: 0.2500000
Epoch: 017, Train Loss: 1.6618909, Train Acc: 0.2481481, Test Acc: 0.3166667
Epoch: 018, Train Loss: 1.6795243, Train Acc: 0.2888889, Test Acc: 0.3000000
Epoch: 019, Train Loss: 1.6703001, Train Acc: 0.2444444, Test Acc: 0.2166667
Epoch: 020, Train Loss: 1.6528838, Train Acc: 0.3129630, Test Acc: 0.2833333
Epoch: 021, Train Loss: 1.6535348, Train Acc: 0.2462963, Test Acc: 0.2166667
Epoch: 022, Train Loss: 1.6404613, Train Acc: 0.2685185, Test Acc: 0.2500000
Epoch: 023, Train Loss: 1.6429151, Train Acc: 0.2759259, Test Acc: 0.2500000
Epoch: 024, Train Loss: 1.6344875, Train Acc: 0.3037037, Test Acc: 0.2166667
Epoch: 025, Train Loss: 1.6325771, Train Acc: 0.3111111, Test Acc: 0.2166667
Epoch: 026, Train Loss: 1.6632810, Train Acc: 0.2944444, Test Acc: 0.2333333
Epoch: 027, Train Loss: 1.6656365, Train Acc: 0.2574074, Test Acc: 0.2500000
Epoch: 028, Train Loss: 1.6291139, Train Acc: 0.3018519, Test Acc: 0.2166667
Epoch: 029, Train Loss: 1.6511278, Train Acc: 0.3203704, Test Acc: 0.2333333
Epoch: 030, Train Loss: 1.6185012, Train Acc: 0.3481481, Test Acc: 0.3166667
Epoch: 031, Train Loss: 1.6252258, Train Acc: 0.3129630, Test Acc: 0.2000000
Epoch: 032, Train Loss: 1.6340458, Train Acc: 0.3351852, Test Acc: 0.2333333
Epoch: 033, Train Loss: 1.6433902, Train Acc: 0.3037037, Test Acc: 0.3166667
Epoch: 034, Train Loss: 1.6342852, Train Acc: 0.2962963, Test Acc: 0.2166667
Epoch: 035, Train Loss: 1.6309786, Train Acc: 0.3092593, Test Acc: 0.2666667
Epoch: 036, Train Loss: 1.6000515, Train Acc: 0.3296296, Test Acc: 0.2666667
Epoch: 037, Train Loss: 1.6303703, Train Acc: 0.3296296, Test Acc: 0.2166667
Epoch: 038, Train Loss: 1.6019497, Train Acc: 0.2962963, Test Acc: 0.2666667
Epoch: 039, Train Loss: 1.5931347, Train Acc: 0.3425926, Test Acc: 0.2333333
Epoch: 040, Train Loss: 1.5835963, Train Acc: 0.3222222, Test Acc: 0.2833333
Epoch: 041, Train Loss: 1.5886945, Train Acc: 0.3370370, Test Acc: 0.2166667
Epoch: 042, Train Loss: 1.5962683, Train Acc: 0.3314815, Test Acc: 0.2500000
Epoch: 043, Train Loss: 1.6081600, Train Acc: 0.3425926, Test Acc: 0.2166667
Epoch: 044, Train Loss: 1.6060522, Train Acc: 0.3351852, Test Acc: 0.2333333
Epoch: 045, Train Loss: 1.5758274, Train Acc: 0.3240741, Test Acc: 0.2500000
Epoch: 046, Train Loss: 1.5883731, Train Acc: 0.3185185, Test Acc: 0.2666667
Epoch: 047, Train Loss: 1.6252195, Train Acc: 0.3240741, Test Acc: 0.2333333
Epoch: 048, Train Loss: 1.6284596, Train Acc: 0.3314815, Test Acc: 0.2500000
Epoch: 049, Train Loss: 1.5337032, Train Acc: 0.4074074, Test Acc: 0.2833333
Epoch: 050, Train Loss: 1.5561205, Train Acc: 0.3500000, Test Acc: 0.3166667
Epoch: 051, Train Loss: 1.5614550, Train Acc: 0.3722222, Test Acc: 0.3000000
Epoch: 052, Train Loss: 1.5196649, Train Acc: 0.4074074, Test Acc: 0.3000000
Epoch: 053, Train Loss: 1.5772411, Train Acc: 0.3611111, Test Acc: 0.2333333
Epoch: 054, Train Loss: 1.5751578, Train Acc: 0.3648148, Test Acc: 0.2500000
Epoch: 055, Train Loss: 1.5122668, Train Acc: 0.4055556, Test Acc: 0.3333333
Epoch: 056, Train Loss: 1.5209234, Train Acc: 0.3870370, Test Acc: 0.2500000
Epoch: 057, Train Loss: 1.5271139, Train Acc: 0.3611111, Test Acc: 0.2666667
Epoch: 058, Train Loss: 1.4963110, Train Acc: 0.3907407, Test Acc: 0.2833333
Epoch: 059, Train Loss: 1.5059669, Train Acc: 0.3685185, Test Acc: 0.2666667
Epoch: 060, Train Loss: 1.5145440, Train Acc: 0.3500000, Test Acc: 0.2666667
Epoch: 061, Train Loss: 1.5230624, Train Acc: 0.3796296, Test Acc: 0.3000000
Epoch: 062, Train Loss: 1.4856322, Train Acc: 0.4018519, Test Acc: 0.3333333
Epoch: 063, Train Loss: 1.4919936, Train Acc: 0.4092593, Test Acc: 0.3166667
Epoch: 064, Train Loss: 1.4614570, Train Acc: 0.4333333, Test Acc: 0.3833333
Epoch: 065, Train Loss: 1.5230735, Train Acc: 0.3981481, Test Acc: 0.2833333
Epoch: 066, Train Loss: 1.4743814, Train Acc: 0.4018519, Test Acc: 0.2833333
Epoch: 067, Train Loss: 1.4349008, Train Acc: 0.4500000, Test Acc: 0.4000000
Epoch: 068, Train Loss: 1.4521594, Train Acc: 0.4037037, Test Acc: 0.3500000
Epoch: 069, Train Loss: 1.5093623, Train Acc: 0.3814815, Test Acc: 0.2833333
Epoch: 070, Train Loss: 1.4518040, Train Acc: 0.4111111, Test Acc: 0.3166667
Epoch: 071, Train Loss: 1.4942361, Train Acc: 0.3685185, Test Acc: 0.3166667
Epoch: 072, Train Loss: 1.4479455, Train Acc: 0.4296296, Test Acc: 0.3500000
Epoch: 073, Train Loss: 1.4058040, Train Acc: 0.4425926, Test Acc: 0.3166667
Epoch: 074, Train Loss: 1.4132349, Train Acc: 0.4333333, Test Acc: 0.4000000
Epoch: 075, Train Loss: 1.4015927, Train Acc: 0.4518519, Test Acc: 0.4666667
Epoch: 076, Train Loss: 1.5344955, Train Acc: 0.4000000, Test Acc: 0.3166667
Epoch: 077, Train Loss: 1.4404999, Train Acc: 0.4166667, Test Acc: 0.3500000
Epoch: 078, Train Loss: 1.4017715, Train Acc: 0.4296296, Test Acc: 0.3166667
Epoch: 079, Train Loss: 1.4262227, Train Acc: 0.4166667, Test Acc: 0.3333333
Epoch: 080, Train Loss: 1.3180402, Train Acc: 0.4907407, Test Acc: 0.4333333
Epoch: 081, Train Loss: 1.4148242, Train Acc: 0.4166667, Test Acc: 0.3666667
Epoch: 082, Train Loss: 1.3455149, Train Acc: 0.4555556, Test Acc: 0.4000000
Epoch: 083, Train Loss: 1.4449938, Train Acc: 0.4111111, Test Acc: 0.3833333
Epoch: 084, Train Loss: 1.3588279, Train Acc: 0.4518519, Test Acc: 0.4666667
Epoch: 085, Train Loss: 1.3368826, Train Acc: 0.4611111, Test Acc: 0.4500000
Epoch: 086, Train Loss: 1.3841351, Train Acc: 0.4222222, Test Acc: 0.4000000
Epoch: 087, Train Loss: 1.4381733, Train Acc: 0.4314815, Test Acc: 0.3833333
Epoch: 088, Train Loss: 1.2615833, Train Acc: 0.4944444, Test Acc: 0.4666667
Epoch: 089, Train Loss: 1.3188872, Train Acc: 0.4425926, Test Acc: 0.4166667
Epoch: 090, Train Loss: 1.4756832, Train Acc: 0.4055556, Test Acc: 0.3500000
Epoch: 091, Train Loss: 1.2796606, Train Acc: 0.4925926, Test Acc: 0.4666667
Epoch: 092, Train Loss: 1.2989873, Train Acc: 0.4685185, Test Acc: 0.4500000
Epoch: 093, Train Loss: 1.3336845, Train Acc: 0.4370370, Test Acc: 0.4166667
Epoch: 094, Train Loss: 1.2931803, Train Acc: 0.4592593, Test Acc: 0.4333333
Epoch: 095, Train Loss: 1.2619235, Train Acc: 0.4907407, Test Acc: 0.4833333
Epoch: 096, Train Loss: 1.3785427, Train Acc: 0.4259259, Test Acc: 0.3833333
Epoch: 097, Train Loss: 1.4458760, Train Acc: 0.4074074, Test Acc: 0.3500000
Epoch: 098, Train Loss: 1.1950123, Train Acc: 0.5222222, Test Acc: 0.5333333
Epoch: 099, Train Loss: 1.2966208, Train Acc: 0.4500000, Test Acc: 0.4166667
Epoch: 100, Train Loss: 1.2225624, Train Acc: 0.5314815, Test Acc: 0.4833333
Epoch: 101, Train Loss: 1.2267192, Train Acc: 0.4981481, Test Acc: 0.4833333
Epoch: 102, Train Loss: 1.2913866, Train Acc: 0.4685185, Test Acc: 0.4666667
Epoch: 103, Train Loss: 1.1886185, Train Acc: 0.5240741, Test Acc: 0.5166667
Epoch: 104, Train Loss: 1.2422786, Train Acc: 0.4888889, Test Acc: 0.4500000
Epoch: 105, Train Loss: 1.2118561, Train Acc: 0.5037037, Test Acc: 0.5166667
Epoch: 106, Train Loss: 1.1040381, Train Acc: 0.5703704, Test Acc: 0.5166667
Epoch: 107, Train Loss: 1.3473930, Train Acc: 0.4555556, Test Acc: 0.4166667
Epoch: 108, Train Loss: 1.1454813, Train Acc: 0.5370370, Test Acc: 0.5500000
Epoch: 109, Train Loss: 1.1376727, Train Acc: 0.5407407, Test Acc: 0.5000000
Epoch: 110, Train Loss: 1.2974292, Train Acc: 0.4518519, Test Acc: 0.4000000
Epoch: 111, Train Loss: 1.1613289, Train Acc: 0.5296296, Test Acc: 0.5333333
Epoch: 112, Train Loss: 1.1665472, Train Acc: 0.5296296, Test Acc: 0.4833333
Epoch: 113, Train Loss: 1.4036917, Train Acc: 0.4388889, Test Acc: 0.4000000
Epoch: 114, Train Loss: 1.0920549, Train Acc: 0.5555556, Test Acc: 0.5333333
Epoch: 115, Train Loss: 1.1190735, Train Acc: 0.5277778, Test Acc: 0.5000000
Epoch: 116, Train Loss: 1.2914823, Train Acc: 0.4611111, Test Acc: 0.4500000
Epoch: 117, Train Loss: 1.1990640, Train Acc: 0.5018519, Test Acc: 0.4500000
Epoch: 118, Train Loss: 1.1383688, Train Acc: 0.5222222, Test Acc: 0.4666667
Epoch: 119, Train Loss: 1.0643982, Train Acc: 0.5685185, Test Acc: 0.6333333
Epoch: 120, Train Loss: 1.2173438, Train Acc: 0.4703704, Test Acc: 0.4333333
Epoch: 121, Train Loss: 1.1302826, Train Acc: 0.5296296, Test Acc: 0.5166667
Epoch: 122, Train Loss: 1.0335436, Train Acc: 0.5814815, Test Acc: 0.5333333
Epoch: 123, Train Loss: 1.0899203, Train Acc: 0.5425926, Test Acc: 0.5166667
Epoch: 124, Train Loss: 1.0109856, Train Acc: 0.6074074, Test Acc: 0.5333333
Epoch: 125, Train Loss: 1.0147342, Train Acc: 0.5870370, Test Acc: 0.4833333
Epoch: 126, Train Loss: 0.9802428, Train Acc: 0.6388889, Test Acc: 0.5500000
Epoch: 127, Train Loss: 1.0100862, Train Acc: 0.6037037, Test Acc: 0.5000000
Epoch: 128, Train Loss: 0.9906180, Train Acc: 0.6148148, Test Acc: 0.5666667
Epoch: 129, Train Loss: 1.2347447, Train Acc: 0.4925926, Test Acc: 0.4666667
Epoch: 130, Train Loss: 1.0210531, Train Acc: 0.5648148, Test Acc: 0.4833333
Epoch: 131, Train Loss: 0.9221914, Train Acc: 0.6500000, Test Acc: 0.6166667
Epoch: 132, Train Loss: 0.9226562, Train Acc: 0.6481481, Test Acc: 0.6000000
Epoch: 133, Train Loss: 1.0102275, Train Acc: 0.5833333, Test Acc: 0.5000000
Epoch: 134, Train Loss: 0.8967753, Train Acc: 0.6629630, Test Acc: 0.5500000
Epoch: 135, Train Loss: 1.0364305, Train Acc: 0.5944444, Test Acc: 0.5166667
Epoch: 136, Train Loss: 0.8400947, Train Acc: 0.7037037, Test Acc: 0.6333333
Epoch: 137, Train Loss: 0.9099085, Train Acc: 0.6314815, Test Acc: 0.6166667
Epoch: 138, Train Loss: 0.9998086, Train Acc: 0.5907407, Test Acc: 0.5166667
Epoch: 139, Train Loss: 0.9292810, Train Acc: 0.6444444, Test Acc: 0.5333333
Epoch: 140, Train Loss: 1.0827244, Train Acc: 0.5555556, Test Acc: 0.4666667
Epoch: 141, Train Loss: 1.0734278, Train Acc: 0.5259259, Test Acc: 0.4666667
Epoch: 142, Train Loss: 0.8263485, Train Acc: 0.6907407, Test Acc: 0.6500000
Epoch: 143, Train Loss: 0.9390958, Train Acc: 0.6092593, Test Acc: 0.5166667
Epoch: 144, Train Loss: 0.8335166, Train Acc: 0.6925926, Test Acc: 0.6500000
Epoch: 145, Train Loss: 1.0082198, Train Acc: 0.5500000, Test Acc: 0.4500000
Epoch: 146, Train Loss: 0.8473705, Train Acc: 0.6740741, Test Acc: 0.6500000
Epoch: 147, Train Loss: 0.8643117, Train Acc: 0.6629630, Test Acc: 0.5666667
Epoch: 148, Train Loss: 0.8814515, Train Acc: 0.6537037, Test Acc: 0.5500000
Epoch: 149, Train Loss: 0.7451863, Train Acc: 0.7666667, Test Acc: 0.7000000
Epoch: 150, Train Loss: 0.9173332, Train Acc: 0.6166667, Test Acc: 0.5833333
Epoch: 151, Train Loss: 0.7772157, Train Acc: 0.7574074, Test Acc: 0.6000000
Epoch: 152, Train Loss: 0.7843192, Train Acc: 0.7185185, Test Acc: 0.6000000
Epoch: 153, Train Loss: 0.7614177, Train Acc: 0.7314815, Test Acc: 0.6833333
Epoch: 154, Train Loss: 0.8624355, Train Acc: 0.6370370, Test Acc: 0.6000000
Epoch: 155, Train Loss: 0.7455291, Train Acc: 0.7388889, Test Acc: 0.6500000
Epoch: 156, Train Loss: 0.9225557, Train Acc: 0.6018519, Test Acc: 0.5500000
Epoch: 157, Train Loss: 0.8440731, Train Acc: 0.6407407, Test Acc: 0.5166667
Epoch: 158, Train Loss: 0.7605483, Train Acc: 0.7203704, Test Acc: 0.5833333
Epoch: 159, Train Loss: 0.7289349, Train Acc: 0.7277778, Test Acc: 0.5833333
Epoch: 160, Train Loss: 0.9170320, Train Acc: 0.6611111, Test Acc: 0.5500000
Epoch: 161, Train Loss: 0.6693254, Train Acc: 0.7759259, Test Acc: 0.6666667
Epoch: 162, Train Loss: 0.7252513, Train Acc: 0.7240741, Test Acc: 0.6000000
Epoch: 163, Train Loss: 0.8498132, Train Acc: 0.6500000, Test Acc: 0.5000000
Epoch: 164, Train Loss: 0.6566945, Train Acc: 0.7722222, Test Acc: 0.6333333
Epoch: 165, Train Loss: 0.7400146, Train Acc: 0.7185185, Test Acc: 0.6166667
Epoch: 166, Train Loss: 0.6438477, Train Acc: 0.7888889, Test Acc: 0.6333333
Epoch: 167, Train Loss: 0.7793093, Train Acc: 0.7092593, Test Acc: 0.6000000
Epoch: 168, Train Loss: 0.7874669, Train Acc: 0.6759259, Test Acc: 0.5666667
Epoch: 169, Train Loss: 0.7100060, Train Acc: 0.7166667, Test Acc: 0.5333333
Epoch: 170, Train Loss: 0.6576679, Train Acc: 0.7611111, Test Acc: 0.6666667
Epoch: 171, Train Loss: 0.6352984, Train Acc: 0.7722222, Test Acc: 0.6333333
Epoch: 172, Train Loss: 0.6951245, Train Acc: 0.7203704, Test Acc: 0.6333333
Epoch: 173, Train Loss: 0.6848496, Train Acc: 0.7425926, Test Acc: 0.6166667
