{'dataset_name': 'ENZYMES', 'basis': 'GSO', 'epsilon': [-0.1, -0.15, -0.2, -0.25, -0.3, -0.35, -0.4], 'power': [[4, 4], [4, 4], [4, 4], [4, 4], [4, 4], [4, 4], [4, 4]], 'seeds': [0], 'num_folds': 10, 'num_workers': 8, 'hyperparams': {'batch_size': 64, 'epochs': 201, 'learning_rate': 0.001, 'step_size': 50, 'decay_rate': 0.6}, 'architecture': {'nonlinear': 'ReLU', 'layers': 6, 'hidden': 256, 'pooling': 'X', 'dropout': 0}, 'commit_id': '5550c7a449f3b4116970d9d7caeb5ab686e3e08f', 'time_stamp': '1672759027', 'directory': '../../../../results_spectral_rotation/Try_A100/tu/ENZYMES/board/'}
{'dataset_name': 'ENZYMES', 'basis': 'GSO', 'epsilon': [-0.1, -0.15, -0.2, -0.25, -0.3, -0.35, -0.4], 'power': [[4, 4], [4, 4], [4, 4], [4, 4], [4, 4], [4, 4], [4, 4]], 'seeds': [0], 'num_folds': 10, 'num_workers': 8, 'hyperparams': {'batch_size': 64, 'epochs': 201, 'learning_rate': 0.001, 'step_size': 50, 'decay_rate': 0.6}, 'architecture': {'nonlinear': 'ReLU', 'layers': 6, 'hidden': 256, 'pooling': 'X', 'dropout': 0}, 'commit_id': '5550c7a449f3b4116970d9d7caeb5ab686e3e08f', 'time_stamp': 1672759029, 'directory': '../../../../results_spectral_rotation/Try_A100/tu/ENZYMES/board/', 'seed': 0}
Pre-process:   0%|          | 0/600 [00:00<?, ?it/s]Pre-process:  13%|█▎        | 76/600 [00:00<00:00, 757.80it/s]Pre-process:  26%|██▌       | 156/600 [00:00<00:00, 780.10it/s]Pre-process:  39%|███▉      | 235/600 [00:00<00:00, 781.02it/s]Pre-process:  52%|█████▏    | 314/600 [00:00<00:00, 757.67it/s]Pre-process:  66%|██████▌   | 396/600 [00:00<00:00, 777.11it/s]Pre-process:  80%|███████▉  | 478/600 [00:00<00:00, 791.40it/s]Pre-process:  93%|█████████▎| 558/600 [00:00<00:00, 783.16it/s]Pre-process: 100%|██████████| 600/600 [00:00<00:00, 778.80it/s]
Basis total: 8
train_set : test_set = %d : %d 540 60
-------- FOLD0 DATASET=ENZYMES, COMMIT_ID=5550c7a449f3b4116970d9d7caeb5ab686e3e08f
#Params: 1334790
Epoch: 001, Train Loss: 4.1873222, Train Acc: 0.2425926, Test Acc: 0.2666667
Epoch: 002, Train Loss: 2.3995015, Train Acc: 0.2592593, Test Acc: 0.2500000
Epoch: 003, Train Loss: 1.9673698, Train Acc: 0.2481481, Test Acc: 0.2833333
Epoch: 004, Train Loss: 1.6158608, Train Acc: 0.3370370, Test Acc: 0.2833333
Epoch: 005, Train Loss: 1.4814392, Train Acc: 0.3962963, Test Acc: 0.3000000
Epoch: 006, Train Loss: 1.5884200, Train Acc: 0.3555556, Test Acc: 0.3166667
Epoch: 007, Train Loss: 1.8657503, Train Acc: 0.3074074, Test Acc: 0.3000000
Epoch: 008, Train Loss: 1.4299512, Train Acc: 0.4407407, Test Acc: 0.3500000
Epoch: 009, Train Loss: 1.4196818, Train Acc: 0.4425926, Test Acc: 0.4166667
Epoch: 010, Train Loss: 1.2609154, Train Acc: 0.5444444, Test Acc: 0.4666667
Epoch: 011, Train Loss: 1.2848586, Train Acc: 0.4907407, Test Acc: 0.3666667
Epoch: 012, Train Loss: 1.3894652, Train Acc: 0.4759259, Test Acc: 0.3500000
Epoch: 013, Train Loss: 1.0991156, Train Acc: 0.6500000, Test Acc: 0.4500000
Epoch: 014, Train Loss: 1.2041892, Train Acc: 0.5722222, Test Acc: 0.5000000
Epoch: 015, Train Loss: 1.3382534, Train Acc: 0.4666667, Test Acc: 0.4000000
Epoch: 016, Train Loss: 1.1068601, Train Acc: 0.5759259, Test Acc: 0.4000000
Epoch: 017, Train Loss: 1.4601082, Train Acc: 0.4518519, Test Acc: 0.3500000
Epoch: 018, Train Loss: 1.0850093, Train Acc: 0.5833333, Test Acc: 0.4166667
Epoch: 019, Train Loss: 1.0907675, Train Acc: 0.6055556, Test Acc: 0.4500000
Epoch: 020, Train Loss: 1.3719810, Train Acc: 0.4388889, Test Acc: 0.3333333
Epoch: 021, Train Loss: 0.9189759, Train Acc: 0.6648148, Test Acc: 0.5166667
Epoch: 022, Train Loss: 1.1033231, Train Acc: 0.6055556, Test Acc: 0.4833333
Epoch: 023, Train Loss: 1.2452325, Train Acc: 0.6111111, Test Acc: 0.4500000
Epoch: 024, Train Loss: 1.1722535, Train Acc: 0.5481481, Test Acc: 0.3833333
Epoch: 025, Train Loss: 0.6837571, Train Acc: 0.7777778, Test Acc: 0.5833333
Epoch: 026, Train Loss: 0.9050733, Train Acc: 0.6629630, Test Acc: 0.5000000
Epoch: 027, Train Loss: 0.8390358, Train Acc: 0.6740741, Test Acc: 0.5166667
Epoch: 028, Train Loss: 0.7328464, Train Acc: 0.7759259, Test Acc: 0.5166667
Epoch: 029, Train Loss: 1.0901189, Train Acc: 0.6018519, Test Acc: 0.4666667
Epoch: 030, Train Loss: 0.9607780, Train Acc: 0.6425926, Test Acc: 0.4000000
Epoch: 031, Train Loss: 0.6164722, Train Acc: 0.8000000, Test Acc: 0.6500000
Epoch: 032, Train Loss: 0.5669127, Train Acc: 0.8018519, Test Acc: 0.5500000
Epoch: 033, Train Loss: 0.5907975, Train Acc: 0.7944444, Test Acc: 0.6000000
Epoch: 034, Train Loss: 0.7548507, Train Acc: 0.7092593, Test Acc: 0.4833333
Epoch: 035, Train Loss: 0.4986293, Train Acc: 0.8222222, Test Acc: 0.6833333
Epoch: 036, Train Loss: 0.5558639, Train Acc: 0.8222222, Test Acc: 0.5833333
Epoch: 037, Train Loss: 0.4064902, Train Acc: 0.8611111, Test Acc: 0.6000000
Epoch: 038, Train Loss: 0.5704600, Train Acc: 0.7740741, Test Acc: 0.5000000
Epoch: 039, Train Loss: 0.5390843, Train Acc: 0.7777778, Test Acc: 0.5333333
Epoch: 040, Train Loss: 0.2150488, Train Acc: 0.9518519, Test Acc: 0.7000000
Epoch: 041, Train Loss: 0.6509568, Train Acc: 0.7555556, Test Acc: 0.5333333
Epoch: 042, Train Loss: 0.6140190, Train Acc: 0.7888889, Test Acc: 0.4000000
Epoch: 043, Train Loss: 1.4007253, Train Acc: 0.5296296, Test Acc: 0.3833333
Epoch: 044, Train Loss: 0.3326976, Train Acc: 0.8907407, Test Acc: 0.6166667
Epoch: 045, Train Loss: 0.2331471, Train Acc: 0.9314815, Test Acc: 0.6500000
Epoch: 046, Train Loss: 0.3288811, Train Acc: 0.8851852, Test Acc: 0.6500000
Epoch: 047, Train Loss: 0.1786935, Train Acc: 0.9685185, Test Acc: 0.5666667
Epoch: 048, Train Loss: 0.1871370, Train Acc: 0.9500000, Test Acc: 0.7833333
Epoch: 049, Train Loss: 0.1097879, Train Acc: 0.9851852, Test Acc: 0.7666667
Epoch: 050, Train Loss: 0.2791966, Train Acc: 0.9055556, Test Acc: 0.5833333
Epoch: 051, Train Loss: 0.1042540, Train Acc: 0.9796296, Test Acc: 0.7166667
Epoch: 052, Train Loss: 0.0669923, Train Acc: 0.9944444, Test Acc: 0.7500000
Epoch: 053, Train Loss: 0.0976691, Train Acc: 0.9870370, Test Acc: 0.6666667
Epoch: 054, Train Loss: 0.0545264, Train Acc: 1.0000000, Test Acc: 0.7333333
Epoch: 055, Train Loss: 0.0471441, Train Acc: 0.9962963, Test Acc: 0.7500000
Epoch: 056, Train Loss: 0.0311647, Train Acc: 0.9981481, Test Acc: 0.6833333
Epoch: 057, Train Loss: 0.0429159, Train Acc: 0.9981481, Test Acc: 0.6833333
Epoch: 058, Train Loss: 0.0192673, Train Acc: 0.9981481, Test Acc: 0.7333333
Epoch: 059, Train Loss: 0.0204498, Train Acc: 1.0000000, Test Acc: 0.7500000
Epoch: 060, Train Loss: 0.0151747, Train Acc: 1.0000000, Test Acc: 0.7500000
Epoch: 061, Train Loss: 0.0147619, Train Acc: 1.0000000, Test Acc: 0.7500000
Epoch: 062, Train Loss: 0.0132021, Train Acc: 1.0000000, Test Acc: 0.7166667
Epoch: 063, Train Loss: 0.0129643, Train Acc: 1.0000000, Test Acc: 0.7666667
Epoch: 064, Train Loss: 0.0163096, Train Acc: 1.0000000, Test Acc: 0.8166667
Epoch: 065, Train Loss: 0.0103639, Train Acc: 1.0000000, Test Acc: 0.7500000
Epoch: 066, Train Loss: 0.0094882, Train Acc: 1.0000000, Test Acc: 0.7166667
Epoch: 067, Train Loss: 0.0085295, Train Acc: 1.0000000, Test Acc: 0.7500000
Epoch: 068, Train Loss: 0.0080364, Train Acc: 1.0000000, Test Acc: 0.7666667
Epoch: 069, Train Loss: 0.0079283, Train Acc: 1.0000000, Test Acc: 0.7500000
Epoch: 070, Train Loss: 0.0079867, Train Acc: 1.0000000, Test Acc: 0.7666667
Epoch: 071, Train Loss: 0.0081095, Train Acc: 1.0000000, Test Acc: 0.7500000
Epoch: 072, Train Loss: 0.0079477, Train Acc: 1.0000000, Test Acc: 0.7666667
Epoch: 073, Train Loss: 0.0063504, Train Acc: 1.0000000, Test Acc: 0.7666667
Epoch: 074, Train Loss: 0.0073041, Train Acc: 1.0000000, Test Acc: 0.7500000
Epoch: 075, Train Loss: 0.0060363, Train Acc: 1.0000000, Test Acc: 0.7333333
Epoch: 076, Train Loss: 0.0056371, Train Acc: 1.0000000, Test Acc: 0.7666667
Epoch: 077, Train Loss: 0.0060918, Train Acc: 1.0000000, Test Acc: 0.7500000
Epoch: 078, Train Loss: 0.0245406, Train Acc: 1.0000000, Test Acc: 0.7666667
Epoch: 079, Train Loss: 0.0063761, Train Acc: 1.0000000, Test Acc: 0.7666667
Epoch: 080, Train Loss: 0.0094949, Train Acc: 1.0000000, Test Acc: 0.7333333
Epoch: 081, Train Loss: 0.0084079, Train Acc: 1.0000000, Test Acc: 0.7666667
Epoch: 082, Train Loss: 0.0057782, Train Acc: 1.0000000, Test Acc: 0.7500000
Epoch: 083, Train Loss: 0.0046606, Train Acc: 1.0000000, Test Acc: 0.7500000
Epoch: 084, Train Loss: 0.0046999, Train Acc: 1.0000000, Test Acc: 0.7333333
Epoch: 085, Train Loss: 0.0045460, Train Acc: 1.0000000, Test Acc: 0.7333333
Epoch: 086, Train Loss: 0.0043727, Train Acc: 1.0000000, Test Acc: 0.7333333
Epoch: 087, Train Loss: 0.0052200, Train Acc: 1.0000000, Test Acc: 0.7333333
Epoch: 088, Train Loss: 0.0048520, Train Acc: 1.0000000, Test Acc: 0.7500000
Epoch: 089, Train Loss: 0.0039079, Train Acc: 1.0000000, Test Acc: 0.7333333
Epoch: 090, Train Loss: 0.0035449, Train Acc: 1.0000000, Test Acc: 0.7500000
Epoch: 091, Train Loss: 0.0033985, Train Acc: 1.0000000, Test Acc: 0.7333333
Epoch: 092, Train Loss: 0.0047961, Train Acc: 1.0000000, Test Acc: 0.7500000
Epoch: 093, Train Loss: 0.0033295, Train Acc: 1.0000000, Test Acc: 0.7666667
Epoch: 094, Train Loss: 0.0034530, Train Acc: 1.0000000, Test Acc: 0.7500000
Epoch: 095, Train Loss: 0.0029247, Train Acc: 1.0000000, Test Acc: 0.7500000
Epoch: 096, Train Loss: 0.0025846, Train Acc: 1.0000000, Test Acc: 0.7333333
Epoch: 097, Train Loss: 0.0032892, Train Acc: 1.0000000, Test Acc: 0.7333333
Epoch: 098, Train Loss: 0.0026186, Train Acc: 1.0000000, Test Acc: 0.7333333
Epoch: 099, Train Loss: 0.0022496, Train Acc: 1.0000000, Test Acc: 0.7500000
Epoch: 100, Train Loss: 0.0021550, Train Acc: 1.0000000, Test Acc: 0.7333333
Epoch: 101, Train Loss: 0.0021586, Train Acc: 1.0000000, Test Acc: 0.7333333
Epoch: 102, Train Loss: 0.0021532, Train Acc: 1.0000000, Test Acc: 0.7333333
Epoch: 103, Train Loss: 0.0021303, Train Acc: 1.0000000, Test Acc: 0.7500000
Epoch: 104, Train Loss: 0.0019896, Train Acc: 1.0000000, Test Acc: 0.7166667
Epoch: 105, Train Loss: 0.0019147, Train Acc: 1.0000000, Test Acc: 0.7333333
Epoch: 106, Train Loss: 0.0021625, Train Acc: 1.0000000, Test Acc: 0.7500000
Epoch: 107, Train Loss: 0.0082595, Train Acc: 1.0000000, Test Acc: 0.7000000
Epoch: 108, Train Loss: 0.0029920, Train Acc: 1.0000000, Test Acc: 0.7500000
Epoch: 109, Train Loss: 0.0031421, Train Acc: 1.0000000, Test Acc: 0.7333333
Epoch: 110, Train Loss: 0.0025625, Train Acc: 1.0000000, Test Acc: 0.7333333
Epoch: 111, Train Loss: 0.0039649, Train Acc: 1.0000000, Test Acc: 0.7166667
Epoch: 112, Train Loss: 0.0040421, Train Acc: 1.0000000, Test Acc: 0.7333333
Epoch: 113, Train Loss: 0.0028073, Train Acc: 1.0000000, Test Acc: 0.7333333
Epoch: 114, Train Loss: 0.0026107, Train Acc: 1.0000000, Test Acc: 0.7166667
Epoch: 115, Train Loss: 0.0022189, Train Acc: 1.0000000, Test Acc: 0.7333333
Epoch: 116, Train Loss: 0.0022413, Train Acc: 1.0000000, Test Acc: 0.7333333
Epoch: 117, Train Loss: 0.0022476, Train Acc: 1.0000000, Test Acc: 0.7166667
Epoch: 118, Train Loss: 0.0020929, Train Acc: 1.0000000, Test Acc: 0.7166667
Epoch: 119, Train Loss: 0.0023073, Train Acc: 1.0000000, Test Acc: 0.7333333
Epoch: 120, Train Loss: 0.0050814, Train Acc: 1.0000000, Test Acc: 0.7166667
Epoch: 121, Train Loss: 0.0031410, Train Acc: 1.0000000, Test Acc: 0.7166667
Epoch: 122, Train Loss: 0.0036248, Train Acc: 1.0000000, Test Acc: 0.7666667
Epoch: 123, Train Loss: 0.0032127, Train Acc: 1.0000000, Test Acc: 0.7666667
Epoch: 124, Train Loss: 0.0022835, Train Acc: 1.0000000, Test Acc: 0.7333333
Epoch: 125, Train Loss: 0.0018195, Train Acc: 1.0000000, Test Acc: 0.7333333
Epoch: 126, Train Loss: 0.0018754, Train Acc: 1.0000000, Test Acc: 0.7666667
Epoch: 127, Train Loss: 0.0017209, Train Acc: 1.0000000, Test Acc: 0.7166667
Epoch: 128, Train Loss: 0.0018210, Train Acc: 1.0000000, Test Acc: 0.7333333
Epoch: 129, Train Loss: 0.0017719, Train Acc: 1.0000000, Test Acc: 0.7333333
Epoch: 130, Train Loss: 0.0015399, Train Acc: 1.0000000, Test Acc: 0.7166667
Epoch: 131, Train Loss: 0.0015588, Train Acc: 1.0000000, Test Acc: 0.7166667
Epoch: 132, Train Loss: 0.0014195, Train Acc: 1.0000000, Test Acc: 0.7500000
Epoch: 133, Train Loss: 0.0013011, Train Acc: 1.0000000, Test Acc: 0.7333333
Epoch: 134, Train Loss: 0.0012740, Train Acc: 1.0000000, Test Acc: 0.7333333
Epoch: 135, Train Loss: 0.0012457, Train Acc: 1.0000000, Test Acc: 0.7333333
Epoch: 136, Train Loss: 0.0012993, Train Acc: 1.0000000, Test Acc: 0.7333333
Epoch: 137, Train Loss: 0.0013786, Train Acc: 1.0000000, Test Acc: 0.7166667
Epoch: 138, Train Loss: 0.0012140, Train Acc: 1.0000000, Test Acc: 0.7166667
Epoch: 139, Train Loss: 0.0011387, Train Acc: 1.0000000, Test Acc: 0.7333333
Epoch: 140, Train Loss: 0.0010893, Train Acc: 1.0000000, Test Acc: 0.7166667
Epoch: 141, Train Loss: 0.0011223, Train Acc: 1.0000000, Test Acc: 0.7333333
Epoch: 142, Train Loss: 0.0010898, Train Acc: 1.0000000, Test Acc: 0.7333333
Epoch: 143, Train Loss: 0.0011431, Train Acc: 1.0000000, Test Acc: 0.7333333
Epoch: 144, Train Loss: 0.0014752, Train Acc: 1.0000000, Test Acc: 0.7166667
Epoch: 145, Train Loss: 0.0012012, Train Acc: 1.0000000, Test Acc: 0.7000000
Epoch: 146, Train Loss: 0.0010809, Train Acc: 1.0000000, Test Acc: 0.7166667
Epoch: 147, Train Loss: 0.0010748, Train Acc: 1.0000000, Test Acc: 0.7166667
Epoch: 148, Train Loss: 0.0010367, Train Acc: 1.0000000, Test Acc: 0.7166667
Epoch: 149, Train Loss: 0.0010049, Train Acc: 1.0000000, Test Acc: 0.7166667
Epoch: 150, Train Loss: 0.0009390, Train Acc: 1.0000000, Test Acc: 0.7166667
Epoch: 151, Train Loss: 0.0009229, Train Acc: 1.0000000, Test Acc: 0.7000000
Epoch: 152, Train Loss: 0.0009234, Train Acc: 1.0000000, Test Acc: 0.7333333
Epoch: 153, Train Loss: 0.0010494, Train Acc: 1.0000000, Test Acc: 0.7333333
Epoch: 154, Train Loss: 0.0009529, Train Acc: 1.0000000, Test Acc: 0.7333333
Epoch: 155, Train Loss: 0.0008926, Train Acc: 1.0000000, Test Acc: 0.7500000
Epoch: 156, Train Loss: 0.0008501, Train Acc: 1.0000000, Test Acc: 0.7166667
Epoch: 157, Train Loss: 0.0008439, Train Acc: 1.0000000, Test Acc: 0.7000000
Epoch: 158, Train Loss: 0.0008149, Train Acc: 1.0000000, Test Acc: 0.7500000
Epoch: 159, Train Loss: 0.0008001, Train Acc: 1.0000000, Test Acc: 0.7500000
Epoch: 160, Train Loss: 0.0009303, Train Acc: 1.0000000, Test Acc: 0.7166667
Epoch: 161, Train Loss: 0.0008583, Train Acc: 1.0000000, Test Acc: 0.7000000
Epoch: 162, Train Loss: 0.0008125, Train Acc: 1.0000000, Test Acc: 0.7000000
Epoch: 163, Train Loss: 0.0008231, Train Acc: 1.0000000, Test Acc: 0.7000000
Epoch: 164, Train Loss: 0.0008140, Train Acc: 1.0000000, Test Acc: 0.7166667
Epoch: 165, Train Loss: 0.0008203, Train Acc: 1.0000000, Test Acc: 0.7000000
Epoch: 166, Train Loss: 0.0008008, Train Acc: 1.0000000, Test Acc: 0.7000000
Epoch: 167, Train Loss: 0.0007747, Train Acc: 1.0000000, Test Acc: 0.7166667
Epoch: 168, Train Loss: 0.0007588, Train Acc: 1.0000000, Test Acc: 0.7166667
Epoch: 169, Train Loss: 0.0007596, Train Acc: 1.0000000, Test Acc: 0.7166667
Epoch: 170, Train Loss: 0.0008022, Train Acc: 1.0000000, Test Acc: 0.7166667
Epoch: 171, Train Loss: 0.0008030, Train Acc: 1.0000000, Test Acc: 0.7000000
Epoch: 172, Train Loss: 0.0007589, Train Acc: 1.0000000, Test Acc: 0.7166667
Epoch: 173, Train Loss: 0.0007638, Train Acc: 1.0000000, Test Acc: 0.7000000
Epoch: 174, Train Loss: 0.0008922, Train Acc: 1.0000000, Test Acc: 0.7166667
Epoch: 175, Train Loss: 0.0009989, Train Acc: 1.0000000, Test Acc: 0.6833333
Epoch: 176, Train Loss: 0.0018663, Train Acc: 1.0000000, Test Acc: 0.6833333
Epoch: 177, Train Loss: 0.0018612, Train Acc: 1.0000000, Test Acc: 0.7333333
Epoch: 178, Train Loss: 0.0029051, Train Acc: 1.0000000, Test Acc: 0.7000000
Epoch: 179, Train Loss: 0.0035058, Train Acc: 1.0000000, Test Acc: 0.7166667
Epoch: 180, Train Loss: 0.0012718, Train Acc: 1.0000000, Test Acc: 0.7166667
Epoch: 181, Train Loss: 0.0012793, Train Acc: 1.0000000, Test Acc: 0.7000000
Epoch: 182, Train Loss: 0.0010665, Train Acc: 1.0000000, Test Acc: 0.6833333
Epoch: 183, Train Loss: 0.0010528, Train Acc: 1.0000000, Test Acc: 0.6833333
Epoch: 184, Train Loss: 0.0009955, Train Acc: 1.0000000, Test Acc: 0.7000000
Epoch: 185, Train Loss: 0.0009519, Train Acc: 1.0000000, Test Acc: 0.7000000
Epoch: 186, Train Loss: 0.0010132, Train Acc: 1.0000000, Test Acc: 0.7000000
Epoch: 187, Train Loss: 0.0009230, Train Acc: 1.0000000, Test Acc: 0.7166667
Epoch: 188, Train Loss: 0.0008446, Train Acc: 1.0000000, Test Acc: 0.7000000
Epoch: 189, Train Loss: 0.0008130, Train Acc: 1.0000000, Test Acc: 0.7000000
Epoch: 190, Train Loss: 0.0007784, Train Acc: 1.0000000, Test Acc: 0.7166667
Epoch: 191, Train Loss: 0.0008266, Train Acc: 1.0000000, Test Acc: 0.7166667
Epoch: 192, Train Loss: 0.0007624, Train Acc: 1.0000000, Test Acc: 0.7166667
Epoch: 193, Train Loss: 0.0007643, Train Acc: 1.0000000, Test Acc: 0.7333333
Epoch: 194, Train Loss: 0.0007337, Train Acc: 1.0000000, Test Acc: 0.7333333
Epoch: 195, Train Loss: 0.0007393, Train Acc: 1.0000000, Test Acc: 0.7166667
Epoch: 196, Train Loss: 0.0006884, Train Acc: 1.0000000, Test Acc: 0.7000000
Epoch: 197, Train Loss: 0.0007206, Train Acc: 1.0000000, Test Acc: 0.7000000
Epoch: 198, Train Loss: 0.0007203, Train Acc: 1.0000000, Test Acc: 0.7166667
Epoch: 199, Train Loss: 0.0007070, Train Acc: 1.0000000, Test Acc: 0.7166667
Epoch: 200, Train Loss: 0.0007279, Train Acc: 1.0000000, Test Acc: 0.7000000
--------
Best Test Acc:   0.8166666666666667_0.0, Epoch: 63
Best Train Loss: 0.0006884186356155961_0.0
Best Train Acc:  1.0_0.0
FOLD1, ENZYMES, 1672759029/5550c7a_GSOE[-0.1, -0.15, -0.2, -0.25, -0.3, -0.35, -0.4]P[[4, 4], [4, 4], [4, 4], [4, 4], [4, 4], [4, 4], [4, 4]]I1_ReLU_X_6_256_0_0.001_50_0.6_B64S0W8, BT=0.8166666666666667_0.0, BE=63, ID=5550c7a449f3b4116970d9d7caeb5ab686e3e08f
train_set : test_set = %d : %d 540 60
-------- FOLD1 DATASET=ENZYMES, COMMIT_ID=5550c7a449f3b4116970d9d7caeb5ab686e3e08f
#Params: 1334790
Epoch: 001, Train Loss: 5.6587485, Train Acc: 0.2481481, Test Acc: 0.2333333
Epoch: 002, Train Loss: 2.4664015, Train Acc: 0.2666667, Test Acc: 0.2666667
Epoch: 003, Train Loss: 2.2564531, Train Acc: 0.2703704, Test Acc: 0.2166667
Epoch: 004, Train Loss: 2.0725292, Train Acc: 0.3000000, Test Acc: 0.3166667
Epoch: 005, Train Loss: 1.6454445, Train Acc: 0.3740741, Test Acc: 0.2666667
Epoch: 006, Train Loss: 1.5242616, Train Acc: 0.4240741, Test Acc: 0.3500000
Epoch: 007, Train Loss: 1.8836872, Train Acc: 0.2629630, Test Acc: 0.2666667
Epoch: 008, Train Loss: 1.4429299, Train Acc: 0.4037037, Test Acc: 0.3000000
Epoch: 009, Train Loss: 1.3602493, Train Acc: 0.5037037, Test Acc: 0.4000000
Epoch: 010, Train Loss: 1.4461783, Train Acc: 0.5277778, Test Acc: 0.4666667
Epoch: 011, Train Loss: 1.1944837, Train Acc: 0.6000000, Test Acc: 0.4666667
Epoch: 012, Train Loss: 1.3768857, Train Acc: 0.4814815, Test Acc: 0.4000000
Epoch: 013, Train Loss: 1.4865590, Train Acc: 0.4685185, Test Acc: 0.4333333
Epoch: 014, Train Loss: 1.2211705, Train Acc: 0.5222222, Test Acc: 0.4166667
Epoch: 015, Train Loss: 1.1539072, Train Acc: 0.5685185, Test Acc: 0.4333333
Epoch: 016, Train Loss: 1.7221797, Train Acc: 0.3944444, Test Acc: 0.3666667
Epoch: 017, Train Loss: 1.1045251, Train Acc: 0.5814815, Test Acc: 0.4333333
Epoch: 018, Train Loss: 1.1542278, Train Acc: 0.5111111, Test Acc: 0.3500000
Epoch: 019, Train Loss: 1.0515184, Train Acc: 0.5870370, Test Acc: 0.3833333
Epoch: 020, Train Loss: 0.9781960, Train Acc: 0.6444444, Test Acc: 0.4833333
Epoch: 021, Train Loss: 1.0187793, Train Acc: 0.6425926, Test Acc: 0.5166667
Epoch: 022, Train Loss: 0.7858375, Train Acc: 0.7500000, Test Acc: 0.6166667
Epoch: 023, Train Loss: 0.7441047, Train Acc: 0.7592593, Test Acc: 0.6666667
Epoch: 024, Train Loss: 1.2078768, Train Acc: 0.5092593, Test Acc: 0.3666667
Epoch: 025, Train Loss: 1.2996435, Train Acc: 0.5629630, Test Acc: 0.5333333
Epoch: 026, Train Loss: 1.0551606, Train Acc: 0.6037037, Test Acc: 0.5666667
Epoch: 027, Train Loss: 0.9654453, Train Acc: 0.5944444, Test Acc: 0.4833333
Epoch: 028, Train Loss: 0.5019514, Train Acc: 0.8907407, Test Acc: 0.7000000
Epoch: 029, Train Loss: 0.7822154, Train Acc: 0.7444444, Test Acc: 0.6666667
Epoch: 030, Train Loss: 0.8067066, Train Acc: 0.7703704, Test Acc: 0.6333333
Epoch: 031, Train Loss: 0.5340916, Train Acc: 0.8222222, Test Acc: 0.6166667
Epoch: 032, Train Loss: 0.6200750, Train Acc: 0.7759259, Test Acc: 0.5833333
Epoch: 033, Train Loss: 0.5762392, Train Acc: 0.8259259, Test Acc: 0.6833333
Epoch: 034, Train Loss: 0.7807139, Train Acc: 0.7185185, Test Acc: 0.6166667
Epoch: 035, Train Loss: 0.3812344, Train Acc: 0.9000000, Test Acc: 0.6666667
Epoch: 036, Train Loss: 0.5311894, Train Acc: 0.7925926, Test Acc: 0.5666667
Epoch: 037, Train Loss: 0.3391558, Train Acc: 0.9037037, Test Acc: 0.7000000
Epoch: 038, Train Loss: 0.7048082, Train Acc: 0.7500000, Test Acc: 0.5000000
Epoch: 039, Train Loss: 0.2862528, Train Acc: 0.9277778, Test Acc: 0.7666667
Epoch: 040, Train Loss: 0.4700296, Train Acc: 0.8111111, Test Acc: 0.6333333
Epoch: 041, Train Loss: 0.1782232, Train Acc: 0.9759259, Test Acc: 0.7833333
Epoch: 042, Train Loss: 0.2819503, Train Acc: 0.9222222, Test Acc: 0.7000000
Epoch: 043, Train Loss: 0.1634129, Train Acc: 0.9759259, Test Acc: 0.7666667
Epoch: 044, Train Loss: 0.6738032, Train Acc: 0.7611111, Test Acc: 0.5833333
Epoch: 045, Train Loss: 0.3447170, Train Acc: 0.8796296, Test Acc: 0.7000000
Epoch: 046, Train Loss: 0.3096468, Train Acc: 0.9111111, Test Acc: 0.6666667
Epoch: 047, Train Loss: 0.1030280, Train Acc: 0.9944444, Test Acc: 0.7500000
Epoch: 048, Train Loss: 0.3153492, Train Acc: 0.8907407, Test Acc: 0.7166667
Epoch: 049, Train Loss: 0.0767452, Train Acc: 1.0000000, Test Acc: 0.7666667
Epoch: 050, Train Loss: 0.0493650, Train Acc: 0.9981481, Test Acc: 0.7666667
Epoch: 051, Train Loss: 0.0405541, Train Acc: 0.9981481, Test Acc: 0.7333333
Epoch: 052, Train Loss: 0.0234729, Train Acc: 0.9981481, Test Acc: 0.7500000
Epoch: 053, Train Loss: 0.0220038, Train Acc: 1.0000000, Test Acc: 0.7666667
Epoch: 054, Train Loss: 0.0170113, Train Acc: 1.0000000, Test Acc: 0.7666667
Epoch: 055, Train Loss: 0.0201893, Train Acc: 0.9981481, Test Acc: 0.7500000
Epoch: 056, Train Loss: 0.0156379, Train Acc: 1.0000000, Test Acc: 0.7833333
Epoch: 057, Train Loss: 0.0247156, Train Acc: 0.9981481, Test Acc: 0.7833333
Epoch: 058, Train Loss: 0.0136614, Train Acc: 1.0000000, Test Acc: 0.7500000
Epoch: 059, Train Loss: 0.0154212, Train Acc: 0.9981481, Test Acc: 0.7666667
Epoch: 060, Train Loss: 0.0140567, Train Acc: 1.0000000, Test Acc: 0.8000000
Epoch: 061, Train Loss: 0.0101902, Train Acc: 1.0000000, Test Acc: 0.7666667
Epoch: 062, Train Loss: 0.0092900, Train Acc: 1.0000000, Test Acc: 0.7833333
Epoch: 063, Train Loss: 0.0090930, Train Acc: 1.0000000, Test Acc: 0.7833333
Epoch: 064, Train Loss: 0.0083198, Train Acc: 1.0000000, Test Acc: 0.7833333
Epoch: 065, Train Loss: 0.0082687, Train Acc: 1.0000000, Test Acc: 0.8000000
Epoch: 066, Train Loss: 0.0069691, Train Acc: 1.0000000, Test Acc: 0.7833333
Epoch: 067, Train Loss: 0.0066063, Train Acc: 1.0000000, Test Acc: 0.7666667
Epoch: 068, Train Loss: 0.0071100, Train Acc: 1.0000000, Test Acc: 0.8000000
Epoch: 069, Train Loss: 0.0079475, Train Acc: 1.0000000, Test Acc: 0.8000000
Epoch: 070, Train Loss: 0.0089535, Train Acc: 0.9981481, Test Acc: 0.8000000
Epoch: 071, Train Loss: 0.0065505, Train Acc: 1.0000000, Test Acc: 0.8000000
Epoch: 072, Train Loss: 0.0075417, Train Acc: 1.0000000, Test Acc: 0.8000000
Epoch: 073, Train Loss: 0.0056504, Train Acc: 1.0000000, Test Acc: 0.7833333
Epoch: 074, Train Loss: 0.0063923, Train Acc: 1.0000000, Test Acc: 0.8000000
Epoch: 075, Train Loss: 0.0059190, Train Acc: 1.0000000, Test Acc: 0.8000000
Epoch: 076, Train Loss: 0.0097522, Train Acc: 1.0000000, Test Acc: 0.8000000
Epoch: 077, Train Loss: 0.0074268, Train Acc: 0.9981481, Test Acc: 0.8333333
Epoch: 078, Train Loss: 0.0068410, Train Acc: 1.0000000, Test Acc: 0.8166667
Epoch: 079, Train Loss: 0.0088521, Train Acc: 1.0000000, Test Acc: 0.8166667
Epoch: 080, Train Loss: 0.0052983, Train Acc: 1.0000000, Test Acc: 0.8000000
Epoch: 081, Train Loss: 0.0051883, Train Acc: 1.0000000, Test Acc: 0.7666667
Epoch: 082, Train Loss: 0.0056425, Train Acc: 1.0000000, Test Acc: 0.7833333
Epoch: 083, Train Loss: 0.0039632, Train Acc: 1.0000000, Test Acc: 0.8000000
Epoch: 084, Train Loss: 0.0045527, Train Acc: 1.0000000, Test Acc: 0.8000000
Epoch: 085, Train Loss: 0.0045134, Train Acc: 1.0000000, Test Acc: 0.7833333
Epoch: 086, Train Loss: 0.0032510, Train Acc: 1.0000000, Test Acc: 0.8000000
Epoch: 087, Train Loss: 0.0030622, Train Acc: 1.0000000, Test Acc: 0.8166667
Epoch: 088, Train Loss: 0.0033282, Train Acc: 1.0000000, Test Acc: 0.7833333
Epoch: 089, Train Loss: 0.0028015, Train Acc: 1.0000000, Test Acc: 0.8000000
Epoch: 090, Train Loss: 0.0030439, Train Acc: 1.0000000, Test Acc: 0.8000000
Epoch: 091, Train Loss: 0.0025146, Train Acc: 1.0000000, Test Acc: 0.8000000
Epoch: 092, Train Loss: 0.0023746, Train Acc: 1.0000000, Test Acc: 0.8000000
Epoch: 093, Train Loss: 0.0023352, Train Acc: 1.0000000, Test Acc: 0.8000000
Epoch: 094, Train Loss: 0.0023454, Train Acc: 1.0000000, Test Acc: 0.8000000
Epoch: 095, Train Loss: 0.0021494, Train Acc: 1.0000000, Test Acc: 0.8000000
Epoch: 096, Train Loss: 0.0025427, Train Acc: 1.0000000, Test Acc: 0.8000000
Epoch: 097, Train Loss: 0.0022249, Train Acc: 1.0000000, Test Acc: 0.8000000
Epoch: 098, Train Loss: 0.0026430, Train Acc: 1.0000000, Test Acc: 0.8166667
Epoch: 099, Train Loss: 0.0019316, Train Acc: 1.0000000, Test Acc: 0.8000000
Epoch: 100, Train Loss: 0.0019003, Train Acc: 1.0000000, Test Acc: 0.8000000
Epoch: 101, Train Loss: 0.0018185, Train Acc: 1.0000000, Test Acc: 0.8000000
Epoch: 102, Train Loss: 0.0020224, Train Acc: 1.0000000, Test Acc: 0.8000000
Epoch: 103, Train Loss: 0.0020422, Train Acc: 1.0000000, Test Acc: 0.8000000
Epoch: 104, Train Loss: 0.0016789, Train Acc: 1.0000000, Test Acc: 0.8000000
Epoch: 105, Train Loss: 0.0015974, Train Acc: 1.0000000, Test Acc: 0.8000000
Epoch: 106, Train Loss: 0.0015757, Train Acc: 1.0000000, Test Acc: 0.8000000
Epoch: 107, Train Loss: 0.0016512, Train Acc: 1.0000000, Test Acc: 0.8000000
Epoch: 108, Train Loss: 0.0016265, Train Acc: 1.0000000, Test Acc: 0.8000000
Epoch: 109, Train Loss: 0.0017456, Train Acc: 1.0000000, Test Acc: 0.8000000
Epoch: 110, Train Loss: 0.0015807, Train Acc: 1.0000000, Test Acc: 0.8000000
Epoch: 111, Train Loss: 0.0014608, Train Acc: 1.0000000, Test Acc: 0.8166667
Epoch: 112, Train Loss: 0.0014412, Train Acc: 1.0000000, Test Acc: 0.8166667
Epoch: 113, Train Loss: 0.0014916, Train Acc: 1.0000000, Test Acc: 0.8000000
Epoch: 114, Train Loss: 0.0013884, Train Acc: 1.0000000, Test Acc: 0.8000000
Epoch: 115, Train Loss: 0.0013458, Train Acc: 1.0000000, Test Acc: 0.8000000
Epoch: 116, Train Loss: 0.0013614, Train Acc: 1.0000000, Test Acc: 0.8000000
Epoch: 117, Train Loss: 0.0016110, Train Acc: 1.0000000, Test Acc: 0.8166667
Epoch: 118, Train Loss: 0.0013379, Train Acc: 1.0000000, Test Acc: 0.8000000
Epoch: 119, Train Loss: 0.0013181, Train Acc: 1.0000000, Test Acc: 0.8000000
Epoch: 120, Train Loss: 0.0012226, Train Acc: 1.0000000, Test Acc: 0.8000000
Epoch: 121, Train Loss: 0.0012735, Train Acc: 1.0000000, Test Acc: 0.8000000
Epoch: 122, Train Loss: 0.0012555, Train Acc: 1.0000000, Test Acc: 0.8000000
Epoch: 123, Train Loss: 0.0011996, Train Acc: 1.0000000, Test Acc: 0.8000000
Epoch: 124, Train Loss: 0.0011808, Train Acc: 1.0000000, Test Acc: 0.8000000
Epoch: 125, Train Loss: 0.0012146, Train Acc: 1.0000000, Test Acc: 0.8000000
Epoch: 126, Train Loss: 0.0011961, Train Acc: 1.0000000, Test Acc: 0.8166667
Epoch: 127, Train Loss: 0.0011945, Train Acc: 1.0000000, Test Acc: 0.8166667
Epoch: 128, Train Loss: 0.0011259, Train Acc: 1.0000000, Test Acc: 0.8166667
Epoch: 129, Train Loss: 0.0010855, Train Acc: 1.0000000, Test Acc: 0.8000000
Epoch: 130, Train Loss: 0.0010512, Train Acc: 1.0000000, Test Acc: 0.8000000
Epoch: 131, Train Loss: 0.0009773, Train Acc: 1.0000000, Test Acc: 0.8000000
Epoch: 132, Train Loss: 0.0010498, Train Acc: 1.0000000, Test Acc: 0.8000000
Epoch: 133, Train Loss: 0.0009897, Train Acc: 1.0000000, Test Acc: 0.8000000
Epoch: 134, Train Loss: 0.0010463, Train Acc: 1.0000000, Test Acc: 0.8000000
Epoch: 135, Train Loss: 0.0010836, Train Acc: 1.0000000, Test Acc: 0.8000000
Epoch: 136, Train Loss: 0.0010744, Train Acc: 1.0000000, Test Acc: 0.8166667
Epoch: 137, Train Loss: 0.0009711, Train Acc: 1.0000000, Test Acc: 0.8000000
Epoch: 138, Train Loss: 0.0009380, Train Acc: 1.0000000, Test Acc: 0.8000000
Epoch: 139, Train Loss: 0.0009493, Train Acc: 1.0000000, Test Acc: 0.8000000
Epoch: 140, Train Loss: 0.0016624, Train Acc: 1.0000000, Test Acc: 0.8000000
Epoch: 141, Train Loss: 0.0009315, Train Acc: 1.0000000, Test Acc: 0.8000000
Epoch: 142, Train Loss: 0.0012170, Train Acc: 1.0000000, Test Acc: 0.7833333
Epoch: 143, Train Loss: 0.0009320, Train Acc: 1.0000000, Test Acc: 0.8000000
Epoch: 144, Train Loss: 0.0009106, Train Acc: 1.0000000, Test Acc: 0.8000000
Epoch: 145, Train Loss: 0.0009080, Train Acc: 1.0000000, Test Acc: 0.8000000
Epoch: 146, Train Loss: 0.0008845, Train Acc: 1.0000000, Test Acc: 0.8000000
Epoch: 147, Train Loss: 0.0008351, Train Acc: 1.0000000, Test Acc: 0.8000000
Epoch: 148, Train Loss: 0.0008733, Train Acc: 1.0000000, Test Acc: 0.8000000
Epoch: 149, Train Loss: 0.0008378, Train Acc: 1.0000000, Test Acc: 0.8166667
Epoch: 150, Train Loss: 0.0008627, Train Acc: 1.0000000, Test Acc: 0.8000000
Epoch: 151, Train Loss: 0.0008017, Train Acc: 1.0000000, Test Acc: 0.8000000
Epoch: 152, Train Loss: 0.0007829, Train Acc: 1.0000000, Test Acc: 0.8000000
Epoch: 153, Train Loss: 0.0008044, Train Acc: 1.0000000, Test Acc: 0.8000000
Epoch: 154, Train Loss: 0.0007529, Train Acc: 1.0000000, Test Acc: 0.8000000
Epoch: 155, Train Loss: 0.0007276, Train Acc: 1.0000000, Test Acc: 0.8000000
Epoch: 156, Train Loss: 0.0006958, Train Acc: 1.0000000, Test Acc: 0.8000000
Epoch: 157, Train Loss: 0.0007639, Train Acc: 1.0000000, Test Acc: 0.8000000
Epoch: 158, Train Loss: 0.0007463, Train Acc: 1.0000000, Test Acc: 0.8000000
Epoch: 159, Train Loss: 0.0007399, Train Acc: 1.0000000, Test Acc: 0.8000000
Epoch: 160, Train Loss: 0.0007141, Train Acc: 1.0000000, Test Acc: 0.8000000
Epoch: 161, Train Loss: 0.0007127, Train Acc: 1.0000000, Test Acc: 0.8000000
Epoch: 162, Train Loss: 0.0006728, Train Acc: 1.0000000, Test Acc: 0.8000000
Epoch: 163, Train Loss: 0.0006637, Train Acc: 1.0000000, Test Acc: 0.8000000
Epoch: 164, Train Loss: 0.0006685, Train Acc: 1.0000000, Test Acc: 0.8000000
Epoch: 165, Train Loss: 0.0006598, Train Acc: 1.0000000, Test Acc: 0.8000000
Epoch: 166, Train Loss: 0.0006488, Train Acc: 1.0000000, Test Acc: 0.8000000
Epoch: 167, Train Loss: 0.0006616, Train Acc: 1.0000000, Test Acc: 0.8000000
Epoch: 168, Train Loss: 0.0006727, Train Acc: 1.0000000, Test Acc: 0.8000000
Epoch: 169, Train Loss: 0.0006508, Train Acc: 1.0000000, Test Acc: 0.8000000
Epoch: 170, Train Loss: 0.0006902, Train Acc: 1.0000000, Test Acc: 0.8000000
Epoch: 171, Train Loss: 0.0006814, Train Acc: 1.0000000, Test Acc: 0.7833333
Epoch: 172, Train Loss: 0.0006445, Train Acc: 1.0000000, Test Acc: 0.8000000
Epoch: 173, Train Loss: 0.0006599, Train Acc: 1.0000000, Test Acc: 0.8000000
Epoch: 174, Train Loss: 0.0006155, Train Acc: 1.0000000, Test Acc: 0.8000000
Epoch: 175, Train Loss: 0.0006396, Train Acc: 1.0000000, Test Acc: 0.8000000
Epoch: 176, Train Loss: 0.0007222, Train Acc: 1.0000000, Test Acc: 0.8166667
Epoch: 177, Train Loss: 0.0005984, Train Acc: 1.0000000, Test Acc: 0.8166667
Epoch: 178, Train Loss: 0.0006610, Train Acc: 1.0000000, Test Acc: 0.8000000
Epoch: 179, Train Loss: 0.0007163, Train Acc: 1.0000000, Test Acc: 0.8000000
Epoch: 180, Train Loss: 0.0006606, Train Acc: 1.0000000, Test Acc: 0.8000000
Epoch: 181, Train Loss: 0.0006645, Train Acc: 1.0000000, Test Acc: 0.8000000
Epoch: 182, Train Loss: 0.0006270, Train Acc: 1.0000000, Test Acc: 0.8000000
Epoch: 183, Train Loss: 0.0006350, Train Acc: 1.0000000, Test Acc: 0.8000000
Epoch: 184, Train Loss: 0.0006097, Train Acc: 1.0000000, Test Acc: 0.8000000
Epoch: 185, Train Loss: 0.0005981, Train Acc: 1.0000000, Test Acc: 0.8000000
Epoch: 186, Train Loss: 0.0006043, Train Acc: 1.0000000, Test Acc: 0.8000000
Epoch: 187, Train Loss: 0.0005950, Train Acc: 1.0000000, Test Acc: 0.8000000
Epoch: 188, Train Loss: 0.0006209, Train Acc: 1.0000000, Test Acc: 0.8000000
Epoch: 189, Train Loss: 0.0005753, Train Acc: 1.0000000, Test Acc: 0.8000000
Epoch: 190, Train Loss: 0.0005793, Train Acc: 1.0000000, Test Acc: 0.8000000
Epoch: 191, Train Loss: 0.0005976, Train Acc: 1.0000000, Test Acc: 0.8000000
Epoch: 192, Train Loss: 0.0005616, Train Acc: 1.0000000, Test Acc: 0.8000000
Epoch: 193, Train Loss: 0.0005258, Train Acc: 1.0000000, Test Acc: 0.8000000
Epoch: 194, Train Loss: 0.0005763, Train Acc: 1.0000000, Test Acc: 0.8000000
Epoch: 195, Train Loss: 0.0005374, Train Acc: 1.0000000, Test Acc: 0.8000000
Epoch: 196, Train Loss: 0.0005017, Train Acc: 1.0000000, Test Acc: 0.8000000
Epoch: 197, Train Loss: 0.0005047, Train Acc: 1.0000000, Test Acc: 0.8000000
Epoch: 198, Train Loss: 0.0005208, Train Acc: 1.0000000, Test Acc: 0.8000000
Epoch: 199, Train Loss: 0.0005544, Train Acc: 1.0000000, Test Acc: 0.8166667
Epoch: 200, Train Loss: 0.0005259, Train Acc: 1.0000000, Test Acc: 0.8000000
--------
Best Test Acc:   0.8_0.016666666666666663, Epoch: 63
Best Train Loss: 0.0005950525920424196_9.336604357317643e-05
Best Train Acc:  1.0_0.0
FOLD2, ENZYMES, 1672759029/5550c7a_GSOE[-0.1, -0.15, -0.2, -0.25, -0.3, -0.35, -0.4]P[[4, 4], [4, 4], [4, 4], [4, 4], [4, 4], [4, 4], [4, 4]]I1_ReLU_X_6_256_0_0.001_50_0.6_B64S0W8, BT=0.8_0.016666666666666663, BE=63, ID=5550c7a449f3b4116970d9d7caeb5ab686e3e08f
train_set : test_set = %d : %d 540 60
-------- FOLD2 DATASET=ENZYMES, COMMIT_ID=5550c7a449f3b4116970d9d7caeb5ab686e3e08f
#Params: 1334790
Epoch: 001, Train Loss: 7.4185209, Train Acc: 0.1777778, Test Acc: 0.2000000
Epoch: 002, Train Loss: 2.9091138, Train Acc: 0.1888889, Test Acc: 0.1666667
Epoch: 003, Train Loss: 1.7765708, Train Acc: 0.2925926, Test Acc: 0.2333333
Epoch: 004, Train Loss: 1.7222323, Train Acc: 0.3129630, Test Acc: 0.2500000
Epoch: 005, Train Loss: 1.6214327, Train Acc: 0.3092593, Test Acc: 0.3166667
Epoch: 006, Train Loss: 1.5835070, Train Acc: 0.3370370, Test Acc: 0.3166667
Epoch: 007, Train Loss: 1.5723234, Train Acc: 0.3148148, Test Acc: 0.2833333
Epoch: 008, Train Loss: 1.7812352, Train Acc: 0.2981481, Test Acc: 0.3000000
Epoch: 009, Train Loss: 1.4883365, Train Acc: 0.4518519, Test Acc: 0.3333333
Epoch: 010, Train Loss: 1.4010126, Train Acc: 0.4833333, Test Acc: 0.3333333
Epoch: 011, Train Loss: 1.3334452, Train Acc: 0.4833333, Test Acc: 0.3333333
Epoch: 012, Train Loss: 1.2520732, Train Acc: 0.5425926, Test Acc: 0.3833333
Epoch: 013, Train Loss: 1.2542422, Train Acc: 0.5074074, Test Acc: 0.3500000
Epoch: 014, Train Loss: 1.1122437, Train Acc: 0.5962963, Test Acc: 0.3833333
Epoch: 015, Train Loss: 1.0104761, Train Acc: 0.6611111, Test Acc: 0.4666667
Epoch: 016, Train Loss: 1.2122168, Train Acc: 0.5611111, Test Acc: 0.4000000
Epoch: 017, Train Loss: 0.9551996, Train Acc: 0.6759259, Test Acc: 0.4833333
Epoch: 018, Train Loss: 0.8401514, Train Acc: 0.7148148, Test Acc: 0.4166667
Epoch: 019, Train Loss: 0.9771983, Train Acc: 0.6462963, Test Acc: 0.3833333
Epoch: 020, Train Loss: 1.0356801, Train Acc: 0.5740741, Test Acc: 0.3666667
Epoch: 021, Train Loss: 0.6958342, Train Acc: 0.8203704, Test Acc: 0.5166667
Epoch: 022, Train Loss: 0.7895830, Train Acc: 0.7259259, Test Acc: 0.4166667
Epoch: 023, Train Loss: 0.6404350, Train Acc: 0.8092593, Test Acc: 0.4666667
Epoch: 024, Train Loss: 0.7570126, Train Acc: 0.7092593, Test Acc: 0.4000000
Epoch: 025, Train Loss: 0.6149256, Train Acc: 0.8055556, Test Acc: 0.3833333
Epoch: 026, Train Loss: 0.5483316, Train Acc: 0.8425926, Test Acc: 0.4333333
Epoch: 027, Train Loss: 0.4866269, Train Acc: 0.8370370, Test Acc: 0.4500000
Epoch: 028, Train Loss: 0.5753579, Train Acc: 0.8296296, Test Acc: 0.4500000
Epoch: 029, Train Loss: 0.5043178, Train Acc: 0.8537037, Test Acc: 0.4666667
Epoch: 030, Train Loss: 0.5748857, Train Acc: 0.7796296, Test Acc: 0.3833333
Epoch: 031, Train Loss: 0.3764719, Train Acc: 0.9092593, Test Acc: 0.4833333
Epoch: 032, Train Loss: 0.5639265, Train Acc: 0.8000000, Test Acc: 0.4500000
Epoch: 033, Train Loss: 0.8988770, Train Acc: 0.6666667, Test Acc: 0.4000000
Epoch: 034, Train Loss: 0.3296237, Train Acc: 0.9240741, Test Acc: 0.5000000
Epoch: 035, Train Loss: 0.4601827, Train Acc: 0.8314815, Test Acc: 0.5000000
Epoch: 036, Train Loss: 0.3785411, Train Acc: 0.8574074, Test Acc: 0.4500000
Epoch: 037, Train Loss: 0.2484246, Train Acc: 0.9481481, Test Acc: 0.5333333
Epoch: 038, Train Loss: 0.5537266, Train Acc: 0.7851852, Test Acc: 0.3500000
Epoch: 039, Train Loss: 0.3283340, Train Acc: 0.8851852, Test Acc: 0.5166667
Epoch: 040, Train Loss: 0.3587407, Train Acc: 0.8722222, Test Acc: 0.4666667
Epoch: 041, Train Loss: 0.4112839, Train Acc: 0.8333333, Test Acc: 0.5000000
Epoch: 042, Train Loss: 0.1362067, Train Acc: 0.9833333, Test Acc: 0.5166667
Epoch: 043, Train Loss: 0.2385310, Train Acc: 0.9259259, Test Acc: 0.4166667
Epoch: 044, Train Loss: 0.0989019, Train Acc: 0.9870370, Test Acc: 0.5000000
Epoch: 045, Train Loss: 0.0626529, Train Acc: 1.0000000, Test Acc: 0.5166667
Epoch: 046, Train Loss: 0.0446159, Train Acc: 1.0000000, Test Acc: 0.5666667
Epoch: 047, Train Loss: 0.1379229, Train Acc: 0.9685185, Test Acc: 0.5500000
Epoch: 048, Train Loss: 0.0278137, Train Acc: 1.0000000, Test Acc: 0.5166667
Epoch: 049, Train Loss: 0.0282649, Train Acc: 1.0000000, Test Acc: 0.5833333
Epoch: 050, Train Loss: 0.0165291, Train Acc: 1.0000000, Test Acc: 0.5500000
Epoch: 051, Train Loss: 0.0131583, Train Acc: 1.0000000, Test Acc: 0.5666667
Epoch: 052, Train Loss: 0.0120602, Train Acc: 1.0000000, Test Acc: 0.5500000
Epoch: 053, Train Loss: 0.0092306, Train Acc: 1.0000000, Test Acc: 0.5500000
Epoch: 054, Train Loss: 0.0084371, Train Acc: 1.0000000, Test Acc: 0.5666667
Epoch: 055, Train Loss: 0.0072127, Train Acc: 1.0000000, Test Acc: 0.5500000
Epoch: 056, Train Loss: 0.0063449, Train Acc: 1.0000000, Test Acc: 0.5666667
Epoch: 057, Train Loss: 0.0071205, Train Acc: 1.0000000, Test Acc: 0.5333333
Epoch: 058, Train Loss: 0.0061020, Train Acc: 1.0000000, Test Acc: 0.5500000
Epoch: 059, Train Loss: 0.0053010, Train Acc: 1.0000000, Test Acc: 0.5500000
Epoch: 060, Train Loss: 0.0051829, Train Acc: 1.0000000, Test Acc: 0.5666667
Epoch: 061, Train Loss: 0.0051740, Train Acc: 1.0000000, Test Acc: 0.5666667
Epoch: 062, Train Loss: 0.0046337, Train Acc: 1.0000000, Test Acc: 0.5666667
Epoch: 063, Train Loss: 0.0051487, Train Acc: 1.0000000, Test Acc: 0.5333333
Epoch: 064, Train Loss: 0.0048099, Train Acc: 1.0000000, Test Acc: 0.5500000
Epoch: 065, Train Loss: 0.0041459, Train Acc: 1.0000000, Test Acc: 0.5500000
Epoch: 066, Train Loss: 0.0038703, Train Acc: 1.0000000, Test Acc: 0.5666667
Epoch: 067, Train Loss: 0.0039793, Train Acc: 1.0000000, Test Acc: 0.5666667
Epoch: 068, Train Loss: 0.0039728, Train Acc: 1.0000000, Test Acc: 0.5666667
Epoch: 069, Train Loss: 0.0093027, Train Acc: 1.0000000, Test Acc: 0.5500000
Epoch: 070, Train Loss: 0.0063946, Train Acc: 1.0000000, Test Acc: 0.5833333
Epoch: 071, Train Loss: 0.0089079, Train Acc: 1.0000000, Test Acc: 0.5666667
Epoch: 072, Train Loss: 0.0041660, Train Acc: 1.0000000, Test Acc: 0.5833333
Epoch: 073, Train Loss: 0.0041165, Train Acc: 1.0000000, Test Acc: 0.5666667
Epoch: 074, Train Loss: 0.0087405, Train Acc: 1.0000000, Test Acc: 0.5833333
Epoch: 075, Train Loss: 0.0045676, Train Acc: 1.0000000, Test Acc: 0.5500000
Epoch: 076, Train Loss: 0.0116231, Train Acc: 1.0000000, Test Acc: 0.5333333
Epoch: 077, Train Loss: 0.0035419, Train Acc: 1.0000000, Test Acc: 0.5166667
Epoch: 078, Train Loss: 0.0043817, Train Acc: 1.0000000, Test Acc: 0.5666667
Epoch: 079, Train Loss: 0.0027844, Train Acc: 1.0000000, Test Acc: 0.5666667
Epoch: 080, Train Loss: 0.0036483, Train Acc: 1.0000000, Test Acc: 0.5166667
Epoch: 081, Train Loss: 0.0024045, Train Acc: 1.0000000, Test Acc: 0.5333333
Epoch: 082, Train Loss: 0.0021486, Train Acc: 1.0000000, Test Acc: 0.5666667
Epoch: 083, Train Loss: 0.0022423, Train Acc: 1.0000000, Test Acc: 0.5666667
Epoch: 084, Train Loss: 0.0019395, Train Acc: 1.0000000, Test Acc: 0.5500000
Epoch: 085, Train Loss: 0.0019373, Train Acc: 1.0000000, Test Acc: 0.5666667
Epoch: 086, Train Loss: 0.0020598, Train Acc: 1.0000000, Test Acc: 0.5500000
Epoch: 087, Train Loss: 0.0018710, Train Acc: 1.0000000, Test Acc: 0.5833333
Epoch: 088, Train Loss: 0.0020900, Train Acc: 1.0000000, Test Acc: 0.5666667
Epoch: 089, Train Loss: 0.0023722, Train Acc: 1.0000000, Test Acc: 0.5500000
Epoch: 090, Train Loss: 0.0020511, Train Acc: 1.0000000, Test Acc: 0.5666667
Epoch: 091, Train Loss: 0.0244281, Train Acc: 0.9944444, Test Acc: 0.5833333
Epoch: 092, Train Loss: 0.0116124, Train Acc: 1.0000000, Test Acc: 0.5000000
Epoch: 093, Train Loss: 0.0053684, Train Acc: 1.0000000, Test Acc: 0.5666667
Epoch: 094, Train Loss: 0.0142778, Train Acc: 1.0000000, Test Acc: 0.5500000
Epoch: 095, Train Loss: 0.0040545, Train Acc: 1.0000000, Test Acc: 0.5500000
Epoch: 096, Train Loss: 0.0028185, Train Acc: 1.0000000, Test Acc: 0.5666667
Epoch: 097, Train Loss: 0.0067022, Train Acc: 1.0000000, Test Acc: 0.5333333
Epoch: 098, Train Loss: 0.0031156, Train Acc: 1.0000000, Test Acc: 0.5500000
Epoch: 099, Train Loss: 0.0021128, Train Acc: 1.0000000, Test Acc: 0.5666667
Epoch: 100, Train Loss: 0.0025725, Train Acc: 1.0000000, Test Acc: 0.5500000
Epoch: 101, Train Loss: 0.0020028, Train Acc: 1.0000000, Test Acc: 0.5500000
Epoch: 102, Train Loss: 0.0020592, Train Acc: 1.0000000, Test Acc: 0.5666667
Epoch: 103, Train Loss: 0.0017973, Train Acc: 1.0000000, Test Acc: 0.5666667
Epoch: 104, Train Loss: 0.0015776, Train Acc: 1.0000000, Test Acc: 0.5666667
Epoch: 105, Train Loss: 0.0013858, Train Acc: 1.0000000, Test Acc: 0.5666667
Epoch: 106, Train Loss: 0.0020088, Train Acc: 1.0000000, Test Acc: 0.5500000
Epoch: 107, Train Loss: 0.0014914, Train Acc: 1.0000000, Test Acc: 0.5500000
Epoch: 108, Train Loss: 0.0015045, Train Acc: 1.0000000, Test Acc: 0.5500000
Epoch: 109, Train Loss: 0.0013648, Train Acc: 1.0000000, Test Acc: 0.5666667
Epoch: 110, Train Loss: 0.0012802, Train Acc: 1.0000000, Test Acc: 0.5666667
Epoch: 111, Train Loss: 0.0012188, Train Acc: 1.0000000, Test Acc: 0.5666667
Epoch: 112, Train Loss: 0.0011903, Train Acc: 1.0000000, Test Acc: 0.5666667
Epoch: 113, Train Loss: 0.0011737, Train Acc: 1.0000000, Test Acc: 0.5666667
Epoch: 114, Train Loss: 0.0010735, Train Acc: 1.0000000, Test Acc: 0.5666667
Epoch: 115, Train Loss: 0.0010347, Train Acc: 1.0000000, Test Acc: 0.5666667
Epoch: 116, Train Loss: 0.0010012, Train Acc: 1.0000000, Test Acc: 0.5666667
Epoch: 117, Train Loss: 0.0009579, Train Acc: 1.0000000, Test Acc: 0.5666667
Epoch: 118, Train Loss: 0.0009232, Train Acc: 1.0000000, Test Acc: 0.5666667
Epoch: 119, Train Loss: 0.0009663, Train Acc: 1.0000000, Test Acc: 0.5666667
Epoch: 120, Train Loss: 0.0009897, Train Acc: 1.0000000, Test Acc: 0.5666667
Epoch: 121, Train Loss: 0.0009884, Train Acc: 1.0000000, Test Acc: 0.5666667
Epoch: 122, Train Loss: 0.0009860, Train Acc: 1.0000000, Test Acc: 0.5500000
Epoch: 123, Train Loss: 0.0008998, Train Acc: 1.0000000, Test Acc: 0.5666667
Epoch: 124, Train Loss: 0.0008655, Train Acc: 1.0000000, Test Acc: 0.5666667
Epoch: 125, Train Loss: 0.0008921, Train Acc: 1.0000000, Test Acc: 0.5666667
Epoch: 126, Train Loss: 0.0008399, Train Acc: 1.0000000, Test Acc: 0.5666667
Epoch: 127, Train Loss: 0.0008166, Train Acc: 1.0000000, Test Acc: 0.5666667
Epoch: 128, Train Loss: 0.0007802, Train Acc: 1.0000000, Test Acc: 0.5666667
Epoch: 129, Train Loss: 0.0007819, Train Acc: 1.0000000, Test Acc: 0.5666667
Epoch: 130, Train Loss: 0.0007603, Train Acc: 1.0000000, Test Acc: 0.5666667
Epoch: 131, Train Loss: 0.0007841, Train Acc: 1.0000000, Test Acc: 0.5666667
Epoch: 132, Train Loss: 0.0007473, Train Acc: 1.0000000, Test Acc: 0.5666667
Epoch: 133, Train Loss: 0.0007756, Train Acc: 1.0000000, Test Acc: 0.5666667
Epoch: 134, Train Loss: 0.0007456, Train Acc: 1.0000000, Test Acc: 0.5500000
Epoch: 135, Train Loss: 0.0007401, Train Acc: 1.0000000, Test Acc: 0.5666667
Epoch: 136, Train Loss: 0.0009026, Train Acc: 1.0000000, Test Acc: 0.5666667
Epoch: 137, Train Loss: 0.0009522, Train Acc: 1.0000000, Test Acc: 0.5666667
Epoch: 138, Train Loss: 0.0007886, Train Acc: 1.0000000, Test Acc: 0.5666667
Epoch: 139, Train Loss: 0.0007824, Train Acc: 1.0000000, Test Acc: 0.5666667
Epoch: 140, Train Loss: 0.0006996, Train Acc: 1.0000000, Test Acc: 0.5500000
Epoch: 141, Train Loss: 0.0006315, Train Acc: 1.0000000, Test Acc: 0.5500000
Epoch: 142, Train Loss: 0.0006409, Train Acc: 1.0000000, Test Acc: 0.5500000
Epoch: 143, Train Loss: 0.0006467, Train Acc: 1.0000000, Test Acc: 0.5500000
Epoch: 144, Train Loss: 0.0006912, Train Acc: 1.0000000, Test Acc: 0.5666667
Epoch: 145, Train Loss: 0.0010075, Train Acc: 1.0000000, Test Acc: 0.5500000
Epoch: 146, Train Loss: 0.0009119, Train Acc: 1.0000000, Test Acc: 0.5500000
Epoch: 147, Train Loss: 0.0008357, Train Acc: 1.0000000, Test Acc: 0.5500000
Epoch: 148, Train Loss: 0.0007123, Train Acc: 1.0000000, Test Acc: 0.5500000
Epoch: 149, Train Loss: 0.0006100, Train Acc: 1.0000000, Test Acc: 0.5500000
Epoch: 150, Train Loss: 0.0006002, Train Acc: 1.0000000, Test Acc: 0.5500000
Epoch: 151, Train Loss: 0.0005713, Train Acc: 1.0000000, Test Acc: 0.5500000
Epoch: 152, Train Loss: 0.0005321, Train Acc: 1.0000000, Test Acc: 0.5500000
Epoch: 153, Train Loss: 0.0005141, Train Acc: 1.0000000, Test Acc: 0.5500000
Epoch: 154, Train Loss: 0.0005003, Train Acc: 1.0000000, Test Acc: 0.5500000
Epoch: 155, Train Loss: 0.0005310, Train Acc: 1.0000000, Test Acc: 0.5500000
Epoch: 156, Train Loss: 0.0005974, Train Acc: 1.0000000, Test Acc: 0.5500000
Epoch: 157, Train Loss: 0.0005592, Train Acc: 1.0000000, Test Acc: 0.5666667
Epoch: 158, Train Loss: 0.0005425, Train Acc: 1.0000000, Test Acc: 0.5666667
Epoch: 159, Train Loss: 0.0004865, Train Acc: 1.0000000, Test Acc: 0.5500000
Epoch: 160, Train Loss: 0.0005384, Train Acc: 1.0000000, Test Acc: 0.5500000
Epoch: 161, Train Loss: 0.0005248, Train Acc: 1.0000000, Test Acc: 0.5500000
Epoch: 162, Train Loss: 0.0005006, Train Acc: 1.0000000, Test Acc: 0.5500000
Epoch: 163, Train Loss: 0.0004748, Train Acc: 1.0000000, Test Acc: 0.5500000
Epoch: 164, Train Loss: 0.0005403, Train Acc: 1.0000000, Test Acc: 0.5500000
Epoch: 165, Train Loss: 0.0004742, Train Acc: 1.0000000, Test Acc: 0.5500000
Epoch: 166, Train Loss: 0.0004499, Train Acc: 1.0000000, Test Acc: 0.5500000
Epoch: 167, Train Loss: 0.0004506, Train Acc: 1.0000000, Test Acc: 0.5500000
Epoch: 168, Train Loss: 0.0004316, Train Acc: 1.0000000, Test Acc: 0.5500000
Epoch: 169, Train Loss: 0.0004204, Train Acc: 1.0000000, Test Acc: 0.5500000
Epoch: 170, Train Loss: 0.0004332, Train Acc: 1.0000000, Test Acc: 0.5500000
Epoch: 171, Train Loss: 0.0004167, Train Acc: 1.0000000, Test Acc: 0.5500000
Epoch: 172, Train Loss: 0.0004165, Train Acc: 1.0000000, Test Acc: 0.5500000
Epoch: 173, Train Loss: 0.0004954, Train Acc: 1.0000000, Test Acc: 0.5500000
Epoch: 174, Train Loss: 0.0007066, Train Acc: 1.0000000, Test Acc: 0.5500000
Epoch: 175, Train Loss: 0.0029928, Train Acc: 1.0000000, Test Acc: 0.5500000
Epoch: 176, Train Loss: 0.0009584, Train Acc: 1.0000000, Test Acc: 0.5833333
Epoch: 177, Train Loss: 0.0006067, Train Acc: 1.0000000, Test Acc: 0.5666667
Epoch: 178, Train Loss: 0.0006062, Train Acc: 1.0000000, Test Acc: 0.5333333
Epoch: 179, Train Loss: 0.0005217, Train Acc: 1.0000000, Test Acc: 0.5333333
Epoch: 180, Train Loss: 0.0005489, Train Acc: 1.0000000, Test Acc: 0.5500000
Epoch: 181, Train Loss: 0.0004843, Train Acc: 1.0000000, Test Acc: 0.5666667
Epoch: 182, Train Loss: 0.0005253, Train Acc: 1.0000000, Test Acc: 0.5666667
Epoch: 183, Train Loss: 0.0004625, Train Acc: 1.0000000, Test Acc: 0.5666667
Epoch: 184, Train Loss: 0.0004409, Train Acc: 1.0000000, Test Acc: 0.5666667
Epoch: 185, Train Loss: 0.0004237, Train Acc: 1.0000000, Test Acc: 0.5500000
Epoch: 186, Train Loss: 0.0004572, Train Acc: 1.0000000, Test Acc: 0.5500000
Epoch: 187, Train Loss: 0.0004919, Train Acc: 1.0000000, Test Acc: 0.5500000
Epoch: 188, Train Loss: 0.0004676, Train Acc: 1.0000000, Test Acc: 0.5666667
Epoch: 189, Train Loss: 0.0004300, Train Acc: 1.0000000, Test Acc: 0.5666667
Epoch: 190, Train Loss: 0.0004139, Train Acc: 1.0000000, Test Acc: 0.5666667
Epoch: 191, Train Loss: 0.0003916, Train Acc: 1.0000000, Test Acc: 0.5500000
Epoch: 192, Train Loss: 0.0004322, Train Acc: 1.0000000, Test Acc: 0.5500000
Epoch: 193, Train Loss: 0.0004468, Train Acc: 1.0000000, Test Acc: 0.5666667
Epoch: 194, Train Loss: 0.0003968, Train Acc: 1.0000000, Test Acc: 0.5333333
Epoch: 195, Train Loss: 0.0004760, Train Acc: 1.0000000, Test Acc: 0.5333333
Epoch: 196, Train Loss: 0.0004685, Train Acc: 1.0000000, Test Acc: 0.5333333
Epoch: 197, Train Loss: 0.0006805, Train Acc: 1.0000000, Test Acc: 0.5333333
Epoch: 198, Train Loss: 0.0004600, Train Acc: 1.0000000, Test Acc: 0.5666667
Epoch: 199, Train Loss: 0.0004172, Train Acc: 1.0000000, Test Acc: 0.5666667
Epoch: 200, Train Loss: 0.0003879, Train Acc: 1.0000000, Test Acc: 0.5666667
--------
Best Test Acc:   0.7166666666666668_0.11863420280034788, Epoch: 63
Best Train Loss: 0.0005472165124956518_0.00013962537904387503
Best Train Acc:  1.0_0.0
FOLD3, ENZYMES, 1672759029/5550c7a_GSOE[-0.1, -0.15, -0.2, -0.25, -0.3, -0.35, -0.4]P[[4, 4], [4, 4], [4, 4], [4, 4], [4, 4], [4, 4], [4, 4]]I1_ReLU_X_6_256_0_0.001_50_0.6_B64S0W8, BT=0.7166666666666668_0.11863420280034788, BE=63, ID=5550c7a449f3b4116970d9d7caeb5ab686e3e08f
train_set : test_set = %d : %d 540 60
-------- FOLD3 DATASET=ENZYMES, COMMIT_ID=5550c7a449f3b4116970d9d7caeb5ab686e3e08f
#Params: 1334790
Epoch: 001, Train Loss: 4.8074976, Train Acc: 0.2833333, Test Acc: 0.2666667
Epoch: 002, Train Loss: 1.9418508, Train Acc: 0.3203704, Test Acc: 0.3000000
Epoch: 003, Train Loss: 1.5954805, Train Acc: 0.3722222, Test Acc: 0.3000000
Epoch: 004, Train Loss: 1.7608881, Train Acc: 0.2555556, Test Acc: 0.1833333
Epoch: 005, Train Loss: 1.6813415, Train Acc: 0.3703704, Test Acc: 0.3166667
Epoch: 006, Train Loss: 1.4965567, Train Acc: 0.4370370, Test Acc: 0.3000000
Epoch: 007, Train Loss: 1.3251611, Train Acc: 0.5333333, Test Acc: 0.4833333
Epoch: 008, Train Loss: 1.4243479, Train Acc: 0.4259259, Test Acc: 0.3666667
Epoch: 009, Train Loss: 1.2849136, Train Acc: 0.5222222, Test Acc: 0.4666667
Epoch: 010, Train Loss: 1.5398526, Train Acc: 0.4759259, Test Acc: 0.4166667
Epoch: 011, Train Loss: 1.2704286, Train Acc: 0.5277778, Test Acc: 0.5000000
Epoch: 012, Train Loss: 1.2229114, Train Acc: 0.5685185, Test Acc: 0.4833333
Epoch: 013, Train Loss: 1.0965937, Train Acc: 0.6351852, Test Acc: 0.5166667
Epoch: 014, Train Loss: 1.5280897, Train Acc: 0.4018519, Test Acc: 0.3000000
Epoch: 015, Train Loss: 1.3002671, Train Acc: 0.4796296, Test Acc: 0.4500000
Epoch: 016, Train Loss: 1.0703184, Train Acc: 0.6592593, Test Acc: 0.5166667
Epoch: 017, Train Loss: 1.0651627, Train Acc: 0.6148148, Test Acc: 0.5166667
Epoch: 018, Train Loss: 0.9994285, Train Acc: 0.6722222, Test Acc: 0.5666667
Epoch: 019, Train Loss: 1.1072342, Train Acc: 0.6370370, Test Acc: 0.5333333
Epoch: 020, Train Loss: 1.2466347, Train Acc: 0.5222222, Test Acc: 0.4166667
Epoch: 021, Train Loss: 0.7725620, Train Acc: 0.7592593, Test Acc: 0.6166667
Epoch: 022, Train Loss: 0.8056879, Train Acc: 0.7462963, Test Acc: 0.6500000
Epoch: 023, Train Loss: 1.3124454, Train Acc: 0.5555556, Test Acc: 0.4166667
Epoch: 024, Train Loss: 0.6983605, Train Acc: 0.7740741, Test Acc: 0.7166667
Epoch: 025, Train Loss: 0.6319404, Train Acc: 0.7814815, Test Acc: 0.6500000
Epoch: 026, Train Loss: 0.7974748, Train Acc: 0.6888889, Test Acc: 0.5166667
Epoch: 027, Train Loss: 0.9022776, Train Acc: 0.6870370, Test Acc: 0.5333333
Epoch: 028, Train Loss: 0.5882363, Train Acc: 0.7777778, Test Acc: 0.6166667
Epoch: 029, Train Loss: 0.6063724, Train Acc: 0.8018519, Test Acc: 0.6500000
Epoch: 030, Train Loss: 0.4582209, Train Acc: 0.8481481, Test Acc: 0.6666667
Epoch: 031, Train Loss: 1.1291067, Train Acc: 0.6777778, Test Acc: 0.6000000
Epoch: 032, Train Loss: 0.5098790, Train Acc: 0.8222222, Test Acc: 0.6166667
Epoch: 033, Train Loss: 0.3238112, Train Acc: 0.9240741, Test Acc: 0.7333333
Epoch: 034, Train Loss: 0.4091313, Train Acc: 0.8462963, Test Acc: 0.6166667
Epoch: 035, Train Loss: 0.3215750, Train Acc: 0.9222222, Test Acc: 0.7666667
Epoch: 036, Train Loss: 0.3594475, Train Acc: 0.8851852, Test Acc: 0.7333333
Epoch: 037, Train Loss: 0.5158182, Train Acc: 0.8314815, Test Acc: 0.5500000
Epoch: 038, Train Loss: 0.6303801, Train Acc: 0.8055556, Test Acc: 0.5833333
Epoch: 039, Train Loss: 0.4630017, Train Acc: 0.8203704, Test Acc: 0.6333333
Epoch: 040, Train Loss: 0.3206423, Train Acc: 0.8981481, Test Acc: 0.6666667
Epoch: 041, Train Loss: 0.2049082, Train Acc: 0.9500000, Test Acc: 0.7166667
Epoch: 042, Train Loss: 0.1770849, Train Acc: 0.9592593, Test Acc: 0.7833333
Epoch: 043, Train Loss: 0.2044636, Train Acc: 0.9444444, Test Acc: 0.7500000
Epoch: 044, Train Loss: 0.2735095, Train Acc: 0.9055556, Test Acc: 0.6500000
Epoch: 045, Train Loss: 0.2090179, Train Acc: 0.9351852, Test Acc: 0.6666667
Epoch: 046, Train Loss: 0.2295582, Train Acc: 0.9166667, Test Acc: 0.7000000
Epoch: 047, Train Loss: 0.0974215, Train Acc: 0.9833333, Test Acc: 0.8000000
Epoch: 048, Train Loss: 0.2363584, Train Acc: 0.9148148, Test Acc: 0.6833333
Epoch: 049, Train Loss: 0.2458238, Train Acc: 0.9037037, Test Acc: 0.6500000
Epoch: 050, Train Loss: 0.1680363, Train Acc: 0.9611111, Test Acc: 0.7000000
Epoch: 051, Train Loss: 0.0550941, Train Acc: 1.0000000, Test Acc: 0.7500000
Epoch: 052, Train Loss: 0.0434509, Train Acc: 0.9962963, Test Acc: 0.8000000
Epoch: 053, Train Loss: 0.1506790, Train Acc: 0.9555556, Test Acc: 0.6666667
Epoch: 054, Train Loss: 0.0278553, Train Acc: 0.9981481, Test Acc: 0.7833333
Epoch: 055, Train Loss: 0.0216105, Train Acc: 1.0000000, Test Acc: 0.7666667
Epoch: 056, Train Loss: 0.0156408, Train Acc: 1.0000000, Test Acc: 0.8000000
Epoch: 057, Train Loss: 0.0179418, Train Acc: 1.0000000, Test Acc: 0.7500000
Epoch: 058, Train Loss: 0.0156796, Train Acc: 1.0000000, Test Acc: 0.7833333
Epoch: 059, Train Loss: 0.0108306, Train Acc: 1.0000000, Test Acc: 0.8000000
Epoch: 060, Train Loss: 0.0120788, Train Acc: 1.0000000, Test Acc: 0.8000000
Epoch: 061, Train Loss: 0.0097504, Train Acc: 1.0000000, Test Acc: 0.8000000
Epoch: 062, Train Loss: 0.0094964, Train Acc: 1.0000000, Test Acc: 0.7833333
Epoch: 063, Train Loss: 0.0085200, Train Acc: 1.0000000, Test Acc: 0.8000000
Epoch: 064, Train Loss: 0.0085225, Train Acc: 1.0000000, Test Acc: 0.7666667
Epoch: 065, Train Loss: 0.0075257, Train Acc: 1.0000000, Test Acc: 0.8000000
Epoch: 066, Train Loss: 0.0072034, Train Acc: 1.0000000, Test Acc: 0.7833333
Epoch: 067, Train Loss: 0.0061398, Train Acc: 1.0000000, Test Acc: 0.8000000
Epoch: 068, Train Loss: 0.0073550, Train Acc: 1.0000000, Test Acc: 0.7666667
Epoch: 069, Train Loss: 0.0059050, Train Acc: 1.0000000, Test Acc: 0.7833333
Epoch: 070, Train Loss: 0.0054728, Train Acc: 1.0000000, Test Acc: 0.7833333
Epoch: 071, Train Loss: 0.0050630, Train Acc: 1.0000000, Test Acc: 0.7833333
Epoch: 072, Train Loss: 0.0049291, Train Acc: 1.0000000, Test Acc: 0.8000000
Epoch: 073, Train Loss: 0.0042973, Train Acc: 1.0000000, Test Acc: 0.7833333
Epoch: 074, Train Loss: 0.0040352, Train Acc: 1.0000000, Test Acc: 0.8000000
Epoch: 075, Train Loss: 0.0038809, Train Acc: 1.0000000, Test Acc: 0.8000000
Epoch: 076, Train Loss: 0.0039123, Train Acc: 1.0000000, Test Acc: 0.8000000
Epoch: 077, Train Loss: 0.0039656, Train Acc: 1.0000000, Test Acc: 0.8000000
Epoch: 078, Train Loss: 0.0036685, Train Acc: 1.0000000, Test Acc: 0.7833333
Epoch: 079, Train Loss: 0.0033732, Train Acc: 1.0000000, Test Acc: 0.7833333
Epoch: 080, Train Loss: 0.0032556, Train Acc: 1.0000000, Test Acc: 0.7833333
Epoch: 081, Train Loss: 0.0034180, Train Acc: 1.0000000, Test Acc: 0.7833333
Epoch: 082, Train Loss: 0.0030029, Train Acc: 1.0000000, Test Acc: 0.8000000
Epoch: 083, Train Loss: 0.0032187, Train Acc: 1.0000000, Test Acc: 0.8000000
Epoch: 084, Train Loss: 0.0070167, Train Acc: 0.9981481, Test Acc: 0.7666667
Epoch: 085, Train Loss: 0.0048663, Train Acc: 1.0000000, Test Acc: 0.7666667
Epoch: 086, Train Loss: 0.0047135, Train Acc: 1.0000000, Test Acc: 0.7666667
Epoch: 087, Train Loss: 0.0035986, Train Acc: 1.0000000, Test Acc: 0.7833333
Epoch: 088, Train Loss: 0.0031794, Train Acc: 1.0000000, Test Acc: 0.8000000
Epoch: 089, Train Loss: 0.0030559, Train Acc: 1.0000000, Test Acc: 0.7833333
Epoch: 090, Train Loss: 0.0040772, Train Acc: 1.0000000, Test Acc: 0.7666667
Epoch: 091, Train Loss: 0.0032232, Train Acc: 1.0000000, Test Acc: 0.7666667
Epoch: 092, Train Loss: 0.0031474, Train Acc: 1.0000000, Test Acc: 0.7833333
Epoch: 093, Train Loss: 0.0024807, Train Acc: 1.0000000, Test Acc: 0.7833333
Epoch: 094, Train Loss: 0.0022833, Train Acc: 1.0000000, Test Acc: 0.7833333
Epoch: 095, Train Loss: 0.0021999, Train Acc: 1.0000000, Test Acc: 0.7666667
Epoch: 096, Train Loss: 0.0022888, Train Acc: 1.0000000, Test Acc: 0.7833333
Epoch: 097, Train Loss: 0.0021261, Train Acc: 1.0000000, Test Acc: 0.8000000
Epoch: 098, Train Loss: 0.0026210, Train Acc: 1.0000000, Test Acc: 0.8000000
Epoch: 099, Train Loss: 0.0056319, Train Acc: 1.0000000, Test Acc: 0.8000000
Epoch: 100, Train Loss: 0.0110758, Train Acc: 1.0000000, Test Acc: 0.7666667
Epoch: 101, Train Loss: 0.0034973, Train Acc: 1.0000000, Test Acc: 0.7833333
Epoch: 102, Train Loss: 0.0032871, Train Acc: 1.0000000, Test Acc: 0.7833333
Epoch: 103, Train Loss: 0.0025568, Train Acc: 1.0000000, Test Acc: 0.7833333
Epoch: 104, Train Loss: 0.0021774, Train Acc: 1.0000000, Test Acc: 0.7833333
Epoch: 105, Train Loss: 0.0020089, Train Acc: 1.0000000, Test Acc: 0.7833333
Epoch: 106, Train Loss: 0.0018041, Train Acc: 1.0000000, Test Acc: 0.7833333
Epoch: 107, Train Loss: 0.0019302, Train Acc: 1.0000000, Test Acc: 0.7666667
Epoch: 108, Train Loss: 0.0017190, Train Acc: 1.0000000, Test Acc: 0.7833333
Epoch: 109, Train Loss: 0.0016943, Train Acc: 1.0000000, Test Acc: 0.7833333
Epoch: 110, Train Loss: 0.0017197, Train Acc: 1.0000000, Test Acc: 0.7833333
Epoch: 111, Train Loss: 0.0017697, Train Acc: 1.0000000, Test Acc: 0.7833333
Epoch: 112, Train Loss: 0.0016330, Train Acc: 1.0000000, Test Acc: 0.8000000
Epoch: 113, Train Loss: 0.0016561, Train Acc: 1.0000000, Test Acc: 0.8000000
Epoch: 114, Train Loss: 0.0017755, Train Acc: 1.0000000, Test Acc: 0.8000000
Epoch: 115, Train Loss: 0.0019156, Train Acc: 1.0000000, Test Acc: 0.7666667
Epoch: 116, Train Loss: 0.0018485, Train Acc: 1.0000000, Test Acc: 0.7833333
Epoch: 117, Train Loss: 0.0015553, Train Acc: 1.0000000, Test Acc: 0.7833333
Epoch: 118, Train Loss: 0.0014214, Train Acc: 1.0000000, Test Acc: 0.7833333
Epoch: 119, Train Loss: 0.0014532, Train Acc: 1.0000000, Test Acc: 0.7833333
Epoch: 120, Train Loss: 0.0017039, Train Acc: 1.0000000, Test Acc: 0.7833333
Epoch: 121, Train Loss: 0.0026092, Train Acc: 1.0000000, Test Acc: 0.7833333
Epoch: 122, Train Loss: 0.0027942, Train Acc: 1.0000000, Test Acc: 0.7666667
Epoch: 123, Train Loss: 0.0019764, Train Acc: 1.0000000, Test Acc: 0.7833333
Epoch: 124, Train Loss: 0.0016684, Train Acc: 1.0000000, Test Acc: 0.7833333
Epoch: 125, Train Loss: 0.0015448, Train Acc: 1.0000000, Test Acc: 0.8000000
Epoch: 126, Train Loss: 0.0013609, Train Acc: 1.0000000, Test Acc: 0.8000000
Epoch: 127, Train Loss: 0.0012733, Train Acc: 1.0000000, Test Acc: 0.7833333
Epoch: 128, Train Loss: 0.0013782, Train Acc: 1.0000000, Test Acc: 0.8000000
Epoch: 129, Train Loss: 0.0014697, Train Acc: 1.0000000, Test Acc: 0.7833333
Epoch: 130, Train Loss: 0.0013427, Train Acc: 1.0000000, Test Acc: 0.7833333
Epoch: 131, Train Loss: 0.0012932, Train Acc: 1.0000000, Test Acc: 0.7833333
Epoch: 132, Train Loss: 0.0012260, Train Acc: 1.0000000, Test Acc: 0.8000000
Epoch: 133, Train Loss: 0.0011335, Train Acc: 1.0000000, Test Acc: 0.8000000
Epoch: 134, Train Loss: 0.0011176, Train Acc: 1.0000000, Test Acc: 0.7833333
Epoch: 135, Train Loss: 0.0012023, Train Acc: 1.0000000, Test Acc: 0.8000000
Epoch: 136, Train Loss: 0.0011405, Train Acc: 1.0000000, Test Acc: 0.8000000
Epoch: 137, Train Loss: 0.0010733, Train Acc: 1.0000000, Test Acc: 0.8000000
Epoch: 138, Train Loss: 0.0010844, Train Acc: 1.0000000, Test Acc: 0.8000000
Epoch: 139, Train Loss: 0.0010949, Train Acc: 1.0000000, Test Acc: 0.7833333
Epoch: 140, Train Loss: 0.0011003, Train Acc: 1.0000000, Test Acc: 0.7833333
Epoch: 141, Train Loss: 0.0009839, Train Acc: 1.0000000, Test Acc: 0.7833333
Epoch: 142, Train Loss: 0.0009831, Train Acc: 1.0000000, Test Acc: 0.7833333
Epoch: 143, Train Loss: 0.0011456, Train Acc: 1.0000000, Test Acc: 0.7833333
Epoch: 144, Train Loss: 0.0009293, Train Acc: 1.0000000, Test Acc: 0.7833333
Epoch: 145, Train Loss: 0.0008652, Train Acc: 1.0000000, Test Acc: 0.7833333
Epoch: 146, Train Loss: 0.0008786, Train Acc: 1.0000000, Test Acc: 0.7666667
Epoch: 147, Train Loss: 0.0009498, Train Acc: 1.0000000, Test Acc: 0.7833333
Epoch: 148, Train Loss: 0.0008643, Train Acc: 1.0000000, Test Acc: 0.8000000
Epoch: 149, Train Loss: 0.0008264, Train Acc: 1.0000000, Test Acc: 0.8166667
Epoch: 150, Train Loss: 0.0009705, Train Acc: 1.0000000, Test Acc: 0.8000000
Epoch: 151, Train Loss: 0.0009212, Train Acc: 1.0000000, Test Acc: 0.7833333
Epoch: 152, Train Loss: 0.0008965, Train Acc: 1.0000000, Test Acc: 0.7666667
Epoch: 153, Train Loss: 0.0008242, Train Acc: 1.0000000, Test Acc: 0.8000000
Epoch: 154, Train Loss: 0.0008004, Train Acc: 1.0000000, Test Acc: 0.8000000
Epoch: 155, Train Loss: 0.0008056, Train Acc: 1.0000000, Test Acc: 0.8000000
Epoch: 156, Train Loss: 0.0007957, Train Acc: 1.0000000, Test Acc: 0.8000000
Epoch: 157, Train Loss: 0.0008633, Train Acc: 1.0000000, Test Acc: 0.8000000
Epoch: 158, Train Loss: 0.0009971, Train Acc: 1.0000000, Test Acc: 0.8000000
Epoch: 159, Train Loss: 0.0008497, Train Acc: 1.0000000, Test Acc: 0.7833333
Epoch: 160, Train Loss: 0.0147531, Train Acc: 1.0000000, Test Acc: 0.7500000
Epoch: 161, Train Loss: 0.0017137, Train Acc: 1.0000000, Test Acc: 0.8000000
Epoch: 162, Train Loss: 0.0012449, Train Acc: 1.0000000, Test Acc: 0.7833333
Epoch: 163, Train Loss: 0.0011235, Train Acc: 1.0000000, Test Acc: 0.7666667
Epoch: 164, Train Loss: 0.0008785, Train Acc: 1.0000000, Test Acc: 0.7833333
Epoch: 165, Train Loss: 0.0008624, Train Acc: 1.0000000, Test Acc: 0.8000000
Epoch: 166, Train Loss: 0.0008337, Train Acc: 1.0000000, Test Acc: 0.7833333
Epoch: 167, Train Loss: 0.0007813, Train Acc: 1.0000000, Test Acc: 0.7833333
Epoch: 168, Train Loss: 0.0008363, Train Acc: 1.0000000, Test Acc: 0.7833333
Epoch: 169, Train Loss: 0.0007751, Train Acc: 1.0000000, Test Acc: 0.8000000
Epoch: 170, Train Loss: 0.0008202, Train Acc: 1.0000000, Test Acc: 0.8000000
Epoch: 171, Train Loss: 0.0008848, Train Acc: 1.0000000, Test Acc: 0.8166667
Epoch: 172, Train Loss: 0.0008492, Train Acc: 1.0000000, Test Acc: 0.8166667
Epoch: 173, Train Loss: 0.0007763, Train Acc: 1.0000000, Test Acc: 0.8000000
Epoch: 174, Train Loss: 0.0007328, Train Acc: 1.0000000, Test Acc: 0.7833333
Epoch: 175, Train Loss: 0.0006927, Train Acc: 1.0000000, Test Acc: 0.7833333
Epoch: 176, Train Loss: 0.0007010, Train Acc: 1.0000000, Test Acc: 0.7833333
Epoch: 177, Train Loss: 0.0006698, Train Acc: 1.0000000, Test Acc: 0.7833333
Epoch: 178, Train Loss: 0.0006616, Train Acc: 1.0000000, Test Acc: 0.7833333
Epoch: 179, Train Loss: 0.0006561, Train Acc: 1.0000000, Test Acc: 0.8000000
Epoch: 180, Train Loss: 0.0006771, Train Acc: 1.0000000, Test Acc: 0.8000000
Epoch: 181, Train Loss: 0.0007217, Train Acc: 1.0000000, Test Acc: 0.7833333
Epoch: 182, Train Loss: 0.0006544, Train Acc: 1.0000000, Test Acc: 0.7833333
Epoch: 183, Train Loss: 0.0006768, Train Acc: 1.0000000, Test Acc: 0.8000000
Epoch: 184, Train Loss: 0.0006501, Train Acc: 1.0000000, Test Acc: 0.7833333
Epoch: 185, Train Loss: 0.0007703, Train Acc: 1.0000000, Test Acc: 0.8000000
Epoch: 186, Train Loss: 0.0006988, Train Acc: 1.0000000, Test Acc: 0.7666667
Epoch: 187, Train Loss: 0.0006226, Train Acc: 1.0000000, Test Acc: 0.7833333
Epoch: 188, Train Loss: 0.0005985, Train Acc: 1.0000000, Test Acc: 0.7833333
Epoch: 189, Train Loss: 0.0006296, Train Acc: 1.0000000, Test Acc: 0.8000000
Epoch: 190, Train Loss: 0.0006329, Train Acc: 1.0000000, Test Acc: 0.8000000
Epoch: 191, Train Loss: 0.0006077, Train Acc: 1.0000000, Test Acc: 0.7833333
Epoch: 192, Train Loss: 0.0005749, Train Acc: 1.0000000, Test Acc: 0.7833333
Epoch: 193, Train Loss: 0.0005524, Train Acc: 1.0000000, Test Acc: 0.7833333
Epoch: 194, Train Loss: 0.0005578, Train Acc: 1.0000000, Test Acc: 0.7833333
Epoch: 195, Train Loss: 0.0005521, Train Acc: 1.0000000, Test Acc: 0.7833333
Epoch: 196, Train Loss: 0.0005420, Train Acc: 1.0000000, Test Acc: 0.7833333
Epoch: 197, Train Loss: 0.0005446, Train Acc: 1.0000000, Test Acc: 0.7833333
Epoch: 198, Train Loss: 0.0005421, Train Acc: 1.0000000, Test Acc: 0.7666667
Epoch: 199, Train Loss: 0.0005369, Train Acc: 1.0000000, Test Acc: 0.7833333
Epoch: 200, Train Loss: 0.0005284, Train Acc: 1.0000000, Test Acc: 0.7833333
--------
Best Test Acc:   0.7375_0.0900424282707263, Epoch: 71
Best Train Loss: 0.000542506022557737_0.00012119406339101317
Best Train Acc:  1.0_0.0
FOLD4, ENZYMES, 1672759029/5550c7a_GSOE[-0.1, -0.15, -0.2, -0.25, -0.3, -0.35, -0.4]P[[4, 4], [4, 4], [4, 4], [4, 4], [4, 4], [4, 4], [4, 4]]I1_ReLU_X_6_256_0_0.001_50_0.6_B64S0W8, BT=0.7375_0.0900424282707263, BE=71, ID=5550c7a449f3b4116970d9d7caeb5ab686e3e08f
train_set : test_set = %d : %d 540 60
-------- FOLD4 DATASET=ENZYMES, COMMIT_ID=5550c7a449f3b4116970d9d7caeb5ab686e3e08f
#Params: 1334790
Epoch: 001, Train Loss: 2.8648694, Train Acc: 0.2666667, Test Acc: 0.1833333
Epoch: 002, Train Loss: 2.5909534, Train Acc: 0.3000000, Test Acc: 0.2500000
Epoch: 003, Train Loss: 1.9350680, Train Acc: 0.3351852, Test Acc: 0.2500000
Epoch: 004, Train Loss: 1.7056043, Train Acc: 0.3314815, Test Acc: 0.2333333
Epoch: 005, Train Loss: 1.6715007, Train Acc: 0.3444444, Test Acc: 0.2500000
Epoch: 006, Train Loss: 1.6263522, Train Acc: 0.3611111, Test Acc: 0.2833333
Epoch: 007, Train Loss: 1.4016963, Train Acc: 0.4555556, Test Acc: 0.3333333
Epoch: 008, Train Loss: 1.4066259, Train Acc: 0.4648148, Test Acc: 0.2833333
Epoch: 009, Train Loss: 1.3296947, Train Acc: 0.5055556, Test Acc: 0.3000000
Epoch: 010, Train Loss: 1.3829233, Train Acc: 0.4537037, Test Acc: 0.3166667
Epoch: 011, Train Loss: 1.2687257, Train Acc: 0.5148148, Test Acc: 0.3500000
Epoch: 012, Train Loss: 1.2129568, Train Acc: 0.5462963, Test Acc: 0.4000000
Epoch: 013, Train Loss: 1.2016655, Train Acc: 0.5777778, Test Acc: 0.4666667
Epoch: 014, Train Loss: 1.1264443, Train Acc: 0.6055556, Test Acc: 0.4166667
Epoch: 015, Train Loss: 1.1274985, Train Acc: 0.5685185, Test Acc: 0.4333333
Epoch: 016, Train Loss: 1.2373064, Train Acc: 0.5166667, Test Acc: 0.3833333
Epoch: 017, Train Loss: 1.2075562, Train Acc: 0.5148148, Test Acc: 0.3500000
Epoch: 018, Train Loss: 1.0099977, Train Acc: 0.6425926, Test Acc: 0.4666667
Epoch: 019, Train Loss: 1.2867524, Train Acc: 0.5074074, Test Acc: 0.3833333
Epoch: 020, Train Loss: 1.1686661, Train Acc: 0.5351852, Test Acc: 0.4500000
