{'dataset_name': 'ENZYMES', 'basis': 'GSO', 'epsilon': [-0.15, -0.2, -0.25, -0.3, -0.35, -0.4], 'power': [[3, 5], [3, 5], [3, 5], [4, 7], [4, 7], [4, 7]], 'seeds': [0], 'num_folds': 10, 'num_workers': 8, 'hyperparams': {'batch_size': 64, 'epochs': 201, 'learning_rate': 0.001, 'step_size': 50, 'decay_rate': 0.6}, 'architecture': {'nonlinear': 'ReLU', 'layers': 6, 'hidden': 256, 'pooling': 'X', 'dropout': 0}, 'commit_id': '5550c7a449f3b4116970d9d7caeb5ab686e3e08f', 'time_stamp': '1672753290', 'directory': '../../../../results_spectral_rotation/Try_A100/tu/ENZYMES/board/'}
{'dataset_name': 'ENZYMES', 'basis': 'GSO', 'epsilon': [-0.15, -0.2, -0.25, -0.3, -0.35, -0.4], 'power': [[3, 5], [3, 5], [3, 5], [4, 7], [4, 7], [4, 7]], 'seeds': [0], 'num_folds': 10, 'num_workers': 8, 'hyperparams': {'batch_size': 64, 'epochs': 201, 'learning_rate': 0.001, 'step_size': 50, 'decay_rate': 0.6}, 'architecture': {'nonlinear': 'ReLU', 'layers': 6, 'hidden': 256, 'pooling': 'X', 'dropout': 0}, 'commit_id': '5550c7a449f3b4116970d9d7caeb5ab686e3e08f', 'time_stamp': 1672753291, 'directory': '../../../../results_spectral_rotation/Try_A100/tu/ENZYMES/board/', 'seed': 0}
Pre-process:   0%|          | 0/600 [00:00<?, ?it/s]Pre-process:  12%|█▏        | 71/600 [00:00<00:00, 709.82it/s]Pre-process:  24%|██▍       | 146/600 [00:00<00:00, 728.27it/s]Pre-process:  37%|███▋      | 220/600 [00:00<00:00, 732.06it/s]Pre-process:  49%|████▉     | 294/600 [00:00<00:00, 725.51it/s]Pre-process:  61%|██████    | 367/600 [00:00<00:00, 705.80it/s]Pre-process:  74%|███████▍  | 444/600 [00:00<00:00, 725.25it/s]Pre-process:  87%|████████▋ | 520/600 [00:00<00:00, 735.79it/s]Pre-process:  99%|█████████▉| 594/600 [00:00<00:00, 724.33it/s]Pre-process: 100%|██████████| 600/600 [00:00<00:00, 723.24it/s]
Basis total: 22
train_set : test_set = %d : %d 540 60
-------- FOLD0 DATASET=ENZYMES, COMMIT_ID=5550c7a449f3b4116970d9d7caeb5ab686e3e08f
#Params: 1335302
Epoch: 001, Train Loss: 7.1761024, Train Acc: 0.2111111, Test Acc: 0.2000000
Epoch: 002, Train Loss: 2.1461093, Train Acc: 0.2518519, Test Acc: 0.2166667
Epoch: 003, Train Loss: 2.1200289, Train Acc: 0.2777778, Test Acc: 0.2500000
Epoch: 004, Train Loss: 1.7463027, Train Acc: 0.2500000, Test Acc: 0.2500000
Epoch: 005, Train Loss: 1.7527845, Train Acc: 0.2370370, Test Acc: 0.2333333
Epoch: 006, Train Loss: 1.5857881, Train Acc: 0.3296296, Test Acc: 0.2500000
Epoch: 007, Train Loss: 1.4663873, Train Acc: 0.3814815, Test Acc: 0.3666667
Epoch: 008, Train Loss: 1.5658008, Train Acc: 0.3814815, Test Acc: 0.3500000
Epoch: 009, Train Loss: 1.5104707, Train Acc: 0.4703704, Test Acc: 0.4000000
Epoch: 010, Train Loss: 1.4136839, Train Acc: 0.3777778, Test Acc: 0.2666667
Epoch: 011, Train Loss: 1.3927841, Train Acc: 0.4703704, Test Acc: 0.3666667
Epoch: 012, Train Loss: 1.2917069, Train Acc: 0.5259259, Test Acc: 0.4166667
Epoch: 013, Train Loss: 1.3742146, Train Acc: 0.4722222, Test Acc: 0.3500000
Epoch: 014, Train Loss: 1.2881126, Train Acc: 0.5222222, Test Acc: 0.4166667
Epoch: 015, Train Loss: 1.1416762, Train Acc: 0.6462963, Test Acc: 0.5166667
Epoch: 016, Train Loss: 1.0455617, Train Acc: 0.6851852, Test Acc: 0.5333333
Epoch: 017, Train Loss: 1.1415095, Train Acc: 0.6277778, Test Acc: 0.5333333
Epoch: 018, Train Loss: 0.9478804, Train Acc: 0.7037037, Test Acc: 0.5666667
Epoch: 019, Train Loss: 0.9187282, Train Acc: 0.7166667, Test Acc: 0.5333333
Epoch: 020, Train Loss: 1.1121139, Train Acc: 0.5759259, Test Acc: 0.4500000
Epoch: 021, Train Loss: 1.2587930, Train Acc: 0.5425926, Test Acc: 0.4333333
Epoch: 022, Train Loss: 0.7919747, Train Acc: 0.7833333, Test Acc: 0.5833333
Epoch: 023, Train Loss: 1.1291595, Train Acc: 0.5481481, Test Acc: 0.4666667
Epoch: 024, Train Loss: 0.7294649, Train Acc: 0.7629630, Test Acc: 0.5833333
Epoch: 025, Train Loss: 0.6476893, Train Acc: 0.8222222, Test Acc: 0.5833333
Epoch: 026, Train Loss: 0.6396980, Train Acc: 0.8203704, Test Acc: 0.5500000
Epoch: 027, Train Loss: 0.5900539, Train Acc: 0.8592593, Test Acc: 0.6333333
Epoch: 028, Train Loss: 0.8102788, Train Acc: 0.7037037, Test Acc: 0.4666667
Epoch: 029, Train Loss: 0.5940785, Train Acc: 0.8092593, Test Acc: 0.5166667
Epoch: 030, Train Loss: 0.5050850, Train Acc: 0.8500000, Test Acc: 0.5666667
Epoch: 031, Train Loss: 0.6821041, Train Acc: 0.7611111, Test Acc: 0.5666667
Epoch: 032, Train Loss: 0.4906934, Train Acc: 0.8351852, Test Acc: 0.5166667
Epoch: 033, Train Loss: 0.5672982, Train Acc: 0.7944444, Test Acc: 0.4833333
Epoch: 034, Train Loss: 0.4434144, Train Acc: 0.8537037, Test Acc: 0.5666667
Epoch: 035, Train Loss: 0.2977655, Train Acc: 0.9092593, Test Acc: 0.5666667
Epoch: 036, Train Loss: 0.2088989, Train Acc: 0.9648148, Test Acc: 0.6500000
Epoch: 037, Train Loss: 0.1715749, Train Acc: 0.9722222, Test Acc: 0.6166667
Epoch: 038, Train Loss: 0.2395678, Train Acc: 0.9314815, Test Acc: 0.7000000
Epoch: 039, Train Loss: 0.2352592, Train Acc: 0.9296296, Test Acc: 0.5833333
Epoch: 040, Train Loss: 0.2597202, Train Acc: 0.9333333, Test Acc: 0.5333333
Epoch: 041, Train Loss: 0.2185933, Train Acc: 0.9333333, Test Acc: 0.5500000
Epoch: 042, Train Loss: 2.1158085, Train Acc: 0.4740741, Test Acc: 0.3333333
Epoch: 043, Train Loss: 0.3783340, Train Acc: 0.8796296, Test Acc: 0.6000000
Epoch: 044, Train Loss: 0.2397198, Train Acc: 0.9648148, Test Acc: 0.5833333
Epoch: 045, Train Loss: 0.2901180, Train Acc: 0.9351852, Test Acc: 0.6666667
Epoch: 046, Train Loss: 0.4786369, Train Acc: 0.7759259, Test Acc: 0.5000000
Epoch: 047, Train Loss: 0.3339019, Train Acc: 0.8833333, Test Acc: 0.4833333
Epoch: 048, Train Loss: 0.1673914, Train Acc: 0.9685185, Test Acc: 0.5666667
Epoch: 049, Train Loss: 0.3861866, Train Acc: 0.8574074, Test Acc: 0.5333333
Epoch: 050, Train Loss: 0.0603880, Train Acc: 0.9944444, Test Acc: 0.6000000
Epoch: 051, Train Loss: 0.0345251, Train Acc: 1.0000000, Test Acc: 0.6500000
Epoch: 052, Train Loss: 0.0304415, Train Acc: 1.0000000, Test Acc: 0.6333333
Epoch: 053, Train Loss: 0.0206945, Train Acc: 1.0000000, Test Acc: 0.6500000
Epoch: 054, Train Loss: 0.0169589, Train Acc: 1.0000000, Test Acc: 0.6333333
Epoch: 055, Train Loss: 0.0153486, Train Acc: 1.0000000, Test Acc: 0.6666667
Epoch: 056, Train Loss: 0.0140527, Train Acc: 1.0000000, Test Acc: 0.6500000
Epoch: 057, Train Loss: 0.0138282, Train Acc: 1.0000000, Test Acc: 0.6666667
Epoch: 058, Train Loss: 0.0120952, Train Acc: 1.0000000, Test Acc: 0.6666667
Epoch: 059, Train Loss: 0.0151261, Train Acc: 1.0000000, Test Acc: 0.6666667
Epoch: 060, Train Loss: 0.0127586, Train Acc: 1.0000000, Test Acc: 0.6166667
Epoch: 061, Train Loss: 0.0100156, Train Acc: 1.0000000, Test Acc: 0.6833333
Epoch: 062, Train Loss: 0.0098272, Train Acc: 1.0000000, Test Acc: 0.6833333
Epoch: 063, Train Loss: 0.0086702, Train Acc: 1.0000000, Test Acc: 0.6666667
Epoch: 064, Train Loss: 0.0083654, Train Acc: 1.0000000, Test Acc: 0.6166667
Epoch: 065, Train Loss: 0.0089930, Train Acc: 1.0000000, Test Acc: 0.6666667
Epoch: 066, Train Loss: 0.0078358, Train Acc: 1.0000000, Test Acc: 0.6833333
Epoch: 067, Train Loss: 0.0082967, Train Acc: 1.0000000, Test Acc: 0.6000000
Epoch: 068, Train Loss: 0.0070351, Train Acc: 1.0000000, Test Acc: 0.6333333
Epoch: 069, Train Loss: 0.0060630, Train Acc: 1.0000000, Test Acc: 0.6500000
Epoch: 070, Train Loss: 0.0065695, Train Acc: 1.0000000, Test Acc: 0.6500000
Epoch: 071, Train Loss: 0.0058610, Train Acc: 1.0000000, Test Acc: 0.6666667
Epoch: 072, Train Loss: 0.0056187, Train Acc: 1.0000000, Test Acc: 0.6666667
Epoch: 073, Train Loss: 0.0051542, Train Acc: 1.0000000, Test Acc: 0.6500000
Epoch: 074, Train Loss: 0.0048746, Train Acc: 1.0000000, Test Acc: 0.6333333
Epoch: 075, Train Loss: 0.0047584, Train Acc: 1.0000000, Test Acc: 0.6500000
Epoch: 076, Train Loss: 0.0047992, Train Acc: 1.0000000, Test Acc: 0.6666667
Epoch: 077, Train Loss: 0.0044879, Train Acc: 1.0000000, Test Acc: 0.6833333
Epoch: 078, Train Loss: 0.0051931, Train Acc: 1.0000000, Test Acc: 0.6500000
Epoch: 079, Train Loss: 0.0044102, Train Acc: 1.0000000, Test Acc: 0.6500000
Epoch: 080, Train Loss: 0.0053802, Train Acc: 1.0000000, Test Acc: 0.6666667
Epoch: 081, Train Loss: 0.0041032, Train Acc: 1.0000000, Test Acc: 0.6833333
Epoch: 082, Train Loss: 0.0039191, Train Acc: 1.0000000, Test Acc: 0.6166667
Epoch: 083, Train Loss: 0.0036747, Train Acc: 1.0000000, Test Acc: 0.6333333
Epoch: 084, Train Loss: 0.0034682, Train Acc: 1.0000000, Test Acc: 0.6500000
Epoch: 085, Train Loss: 0.0035097, Train Acc: 1.0000000, Test Acc: 0.6333333
Epoch: 086, Train Loss: 0.0032390, Train Acc: 1.0000000, Test Acc: 0.6500000
Epoch: 087, Train Loss: 0.0034733, Train Acc: 1.0000000, Test Acc: 0.6333333
Epoch: 088, Train Loss: 0.0031527, Train Acc: 1.0000000, Test Acc: 0.6500000
Epoch: 089, Train Loss: 0.0032595, Train Acc: 1.0000000, Test Acc: 0.6500000
Epoch: 090, Train Loss: 0.0030836, Train Acc: 1.0000000, Test Acc: 0.6333333
Epoch: 091, Train Loss: 0.0030560, Train Acc: 1.0000000, Test Acc: 0.6000000
Epoch: 092, Train Loss: 0.0028632, Train Acc: 1.0000000, Test Acc: 0.6666667
Epoch: 093, Train Loss: 0.0027825, Train Acc: 1.0000000, Test Acc: 0.6666667
Epoch: 094, Train Loss: 0.0028376, Train Acc: 1.0000000, Test Acc: 0.6666667
Epoch: 095, Train Loss: 0.0027282, Train Acc: 1.0000000, Test Acc: 0.6666667
Epoch: 096, Train Loss: 0.0024919, Train Acc: 1.0000000, Test Acc: 0.6666667
Epoch: 097, Train Loss: 0.0023959, Train Acc: 1.0000000, Test Acc: 0.6500000
Epoch: 098, Train Loss: 0.0023132, Train Acc: 1.0000000, Test Acc: 0.6333333
Epoch: 099, Train Loss: 0.0021608, Train Acc: 1.0000000, Test Acc: 0.6333333
Epoch: 100, Train Loss: 0.0020870, Train Acc: 1.0000000, Test Acc: 0.6166667
Epoch: 101, Train Loss: 0.0020548, Train Acc: 1.0000000, Test Acc: 0.6333333
Epoch: 102, Train Loss: 0.0020454, Train Acc: 1.0000000, Test Acc: 0.6500000
Epoch: 103, Train Loss: 0.0020612, Train Acc: 1.0000000, Test Acc: 0.6500000
Epoch: 104, Train Loss: 0.0019975, Train Acc: 1.0000000, Test Acc: 0.6500000
Epoch: 105, Train Loss: 0.0020041, Train Acc: 1.0000000, Test Acc: 0.6500000
Epoch: 106, Train Loss: 0.0021290, Train Acc: 1.0000000, Test Acc: 0.6833333
Epoch: 107, Train Loss: 0.0020536, Train Acc: 1.0000000, Test Acc: 0.6500000
Epoch: 108, Train Loss: 0.0020170, Train Acc: 1.0000000, Test Acc: 0.6500000
Epoch: 109, Train Loss: 0.0018794, Train Acc: 1.0000000, Test Acc: 0.6333333
Epoch: 110, Train Loss: 0.0018217, Train Acc: 1.0000000, Test Acc: 0.6500000
Epoch: 111, Train Loss: 0.0017999, Train Acc: 1.0000000, Test Acc: 0.6666667
Epoch: 112, Train Loss: 0.0017465, Train Acc: 1.0000000, Test Acc: 0.6333333
Epoch: 113, Train Loss: 0.0017935, Train Acc: 1.0000000, Test Acc: 0.6333333
Epoch: 114, Train Loss: 0.0017483, Train Acc: 1.0000000, Test Acc: 0.6333333
Epoch: 115, Train Loss: 0.0017708, Train Acc: 1.0000000, Test Acc: 0.6333333
Epoch: 116, Train Loss: 0.0016622, Train Acc: 1.0000000, Test Acc: 0.6333333
Epoch: 117, Train Loss: 0.0016260, Train Acc: 1.0000000, Test Acc: 0.6666667
Epoch: 118, Train Loss: 0.0017500, Train Acc: 1.0000000, Test Acc: 0.6500000
Epoch: 119, Train Loss: 0.0016006, Train Acc: 1.0000000, Test Acc: 0.6500000
Epoch: 120, Train Loss: 0.0015686, Train Acc: 1.0000000, Test Acc: 0.6500000
Epoch: 121, Train Loss: 0.0016235, Train Acc: 1.0000000, Test Acc: 0.6500000
Epoch: 122, Train Loss: 0.0015360, Train Acc: 1.0000000, Test Acc: 0.6500000
Epoch: 123, Train Loss: 0.0015009, Train Acc: 1.0000000, Test Acc: 0.6166667
Epoch: 124, Train Loss: 0.0014764, Train Acc: 1.0000000, Test Acc: 0.6333333
Epoch: 125, Train Loss: 0.0014824, Train Acc: 1.0000000, Test Acc: 0.6500000
Epoch: 126, Train Loss: 0.0013666, Train Acc: 1.0000000, Test Acc: 0.6333333
Epoch: 127, Train Loss: 0.0013405, Train Acc: 1.0000000, Test Acc: 0.6333333
Epoch: 128, Train Loss: 0.0013095, Train Acc: 1.0000000, Test Acc: 0.6833333
Epoch: 129, Train Loss: 0.0012987, Train Acc: 1.0000000, Test Acc: 0.6666667
Epoch: 130, Train Loss: 0.0012849, Train Acc: 1.0000000, Test Acc: 0.6333333
Epoch: 131, Train Loss: 0.0012876, Train Acc: 1.0000000, Test Acc: 0.6333333
Epoch: 132, Train Loss: 0.0012796, Train Acc: 1.0000000, Test Acc: 0.6666667
Epoch: 133, Train Loss: 0.0012808, Train Acc: 1.0000000, Test Acc: 0.6333333
Epoch: 134, Train Loss: 0.0012276, Train Acc: 1.0000000, Test Acc: 0.6333333
Epoch: 135, Train Loss: 0.0011362, Train Acc: 1.0000000, Test Acc: 0.6000000
Epoch: 136, Train Loss: 0.0011231, Train Acc: 1.0000000, Test Acc: 0.6166667
Epoch: 137, Train Loss: 0.0011640, Train Acc: 1.0000000, Test Acc: 0.6333333
Epoch: 138, Train Loss: 0.0011496, Train Acc: 1.0000000, Test Acc: 0.6333333
Epoch: 139, Train Loss: 0.0011375, Train Acc: 1.0000000, Test Acc: 0.6333333
Epoch: 140, Train Loss: 0.0010207, Train Acc: 1.0000000, Test Acc: 0.6666667
Epoch: 141, Train Loss: 0.0010062, Train Acc: 1.0000000, Test Acc: 0.6166667
Epoch: 142, Train Loss: 0.0011020, Train Acc: 1.0000000, Test Acc: 0.6500000
Epoch: 143, Train Loss: 0.0011270, Train Acc: 1.0000000, Test Acc: 0.6500000
Epoch: 144, Train Loss: 0.0010160, Train Acc: 1.0000000, Test Acc: 0.6500000
Epoch: 145, Train Loss: 0.0009775, Train Acc: 1.0000000, Test Acc: 0.6166667
Epoch: 146, Train Loss: 0.0009456, Train Acc: 1.0000000, Test Acc: 0.6166667
Epoch: 147, Train Loss: 0.0009862, Train Acc: 1.0000000, Test Acc: 0.6166667
Epoch: 148, Train Loss: 0.0009828, Train Acc: 1.0000000, Test Acc: 0.6333333
Epoch: 149, Train Loss: 0.0009616, Train Acc: 1.0000000, Test Acc: 0.6500000
Epoch: 150, Train Loss: 0.0010268, Train Acc: 1.0000000, Test Acc: 0.6500000
Epoch: 151, Train Loss: 0.0009505, Train Acc: 1.0000000, Test Acc: 0.6333333
Epoch: 152, Train Loss: 0.0009753, Train Acc: 1.0000000, Test Acc: 0.6500000
Epoch: 153, Train Loss: 0.0009207, Train Acc: 1.0000000, Test Acc: 0.6333333
Epoch: 154, Train Loss: 0.0008811, Train Acc: 1.0000000, Test Acc: 0.6500000
Epoch: 155, Train Loss: 0.0009003, Train Acc: 1.0000000, Test Acc: 0.6333333
Epoch: 156, Train Loss: 0.0008615, Train Acc: 1.0000000, Test Acc: 0.6666667
Epoch: 157, Train Loss: 0.0009039, Train Acc: 1.0000000, Test Acc: 0.6666667
Epoch: 158, Train Loss: 0.0008492, Train Acc: 1.0000000, Test Acc: 0.6500000
Epoch: 159, Train Loss: 0.0009335, Train Acc: 1.0000000, Test Acc: 0.6666667
Epoch: 160, Train Loss: 0.0009274, Train Acc: 1.0000000, Test Acc: 0.6333333
Epoch: 161, Train Loss: 0.0008683, Train Acc: 1.0000000, Test Acc: 0.6333333
Epoch: 162, Train Loss: 0.0008432, Train Acc: 1.0000000, Test Acc: 0.6500000
Epoch: 163, Train Loss: 0.0007931, Train Acc: 1.0000000, Test Acc: 0.6333333
Epoch: 164, Train Loss: 0.0010203, Train Acc: 1.0000000, Test Acc: 0.6333333
Epoch: 165, Train Loss: 0.0008288, Train Acc: 1.0000000, Test Acc: 0.6500000
Epoch: 166, Train Loss: 0.0007885, Train Acc: 1.0000000, Test Acc: 0.6500000
Epoch: 167, Train Loss: 0.0008310, Train Acc: 1.0000000, Test Acc: 0.6833333
Epoch: 168, Train Loss: 0.0008042, Train Acc: 1.0000000, Test Acc: 0.6666667
Epoch: 169, Train Loss: 0.0008226, Train Acc: 1.0000000, Test Acc: 0.6666667
Epoch: 170, Train Loss: 0.0007933, Train Acc: 1.0000000, Test Acc: 0.6333333
Epoch: 171, Train Loss: 0.0007650, Train Acc: 1.0000000, Test Acc: 0.6500000
Epoch: 172, Train Loss: 0.0007551, Train Acc: 1.0000000, Test Acc: 0.6666667
Epoch: 173, Train Loss: 0.0007387, Train Acc: 1.0000000, Test Acc: 0.6500000
Epoch: 174, Train Loss: 0.0007628, Train Acc: 1.0000000, Test Acc: 0.6500000
Epoch: 175, Train Loss: 0.0007326, Train Acc: 1.0000000, Test Acc: 0.6666667
Epoch: 176, Train Loss: 0.0007646, Train Acc: 1.0000000, Test Acc: 0.6500000
Epoch: 177, Train Loss: 0.0010536, Train Acc: 1.0000000, Test Acc: 0.6833333
Epoch: 178, Train Loss: 0.0009314, Train Acc: 1.0000000, Test Acc: 0.6333333
Epoch: 179, Train Loss: 0.0008519, Train Acc: 1.0000000, Test Acc: 0.6666667
Epoch: 180, Train Loss: 0.0008884, Train Acc: 1.0000000, Test Acc: 0.6333333
Epoch: 181, Train Loss: 0.0007559, Train Acc: 1.0000000, Test Acc: 0.6666667
Epoch: 182, Train Loss: 0.0007210, Train Acc: 1.0000000, Test Acc: 0.6500000
Epoch: 183, Train Loss: 0.0007336, Train Acc: 1.0000000, Test Acc: 0.6666667
Epoch: 184, Train Loss: 0.0006889, Train Acc: 1.0000000, Test Acc: 0.6333333
Epoch: 185, Train Loss: 0.0006749, Train Acc: 1.0000000, Test Acc: 0.6500000
Epoch: 186, Train Loss: 0.0007071, Train Acc: 1.0000000, Test Acc: 0.6500000
Epoch: 187, Train Loss: 0.0006618, Train Acc: 1.0000000, Test Acc: 0.6500000
Epoch: 188, Train Loss: 0.0006491, Train Acc: 1.0000000, Test Acc: 0.6500000
Epoch: 189, Train Loss: 0.0006484, Train Acc: 1.0000000, Test Acc: 0.6333333
Epoch: 190, Train Loss: 0.0006475, Train Acc: 1.0000000, Test Acc: 0.6500000
Epoch: 191, Train Loss: 0.0006473, Train Acc: 1.0000000, Test Acc: 0.6666667
Epoch: 192, Train Loss: 0.0006411, Train Acc: 1.0000000, Test Acc: 0.6500000
Epoch: 193, Train Loss: 0.0006053, Train Acc: 1.0000000, Test Acc: 0.6500000
Epoch: 194, Train Loss: 0.0006333, Train Acc: 1.0000000, Test Acc: 0.6666667
Epoch: 195, Train Loss: 0.0005871, Train Acc: 1.0000000, Test Acc: 0.6500000
Epoch: 196, Train Loss: 0.0005910, Train Acc: 1.0000000, Test Acc: 0.6500000
Epoch: 197, Train Loss: 0.0005842, Train Acc: 1.0000000, Test Acc: 0.6500000
Epoch: 198, Train Loss: 0.0005823, Train Acc: 1.0000000, Test Acc: 0.6500000
Epoch: 199, Train Loss: 0.0005833, Train Acc: 1.0000000, Test Acc: 0.6666667
Epoch: 200, Train Loss: 0.0006150, Train Acc: 1.0000000, Test Acc: 0.6833333
--------
Best Test Acc:   0.7_0.0, Epoch: 37
Best Train Loss: 0.0005823313267211671_0.0
Best Train Acc:  1.0_0.0
FOLD1, ENZYMES, 1672753291/5550c7a_GSOE[-0.15, -0.2, -0.25, -0.3, -0.35, -0.4]P[[3, 5], [3, 5], [3, 5], [4, 7], [4, 7], [4, 7]]I1_ReLU_X_6_256_0_0.001_50_0.6_B64S0W8, BT=0.7_0.0, BE=37, ID=5550c7a449f3b4116970d9d7caeb5ab686e3e08f
train_set : test_set = %d : %d 540 60
-------- FOLD1 DATASET=ENZYMES, COMMIT_ID=5550c7a449f3b4116970d9d7caeb5ab686e3e08f
#Params: 1335302
Epoch: 001, Train Loss: 7.0286727, Train Acc: 0.1962963, Test Acc: 0.2500000
Epoch: 002, Train Loss: 2.2855623, Train Acc: 0.2592593, Test Acc: 0.3333333
Epoch: 003, Train Loss: 1.7957360, Train Acc: 0.2666667, Test Acc: 0.3166667
Epoch: 004, Train Loss: 1.6460945, Train Acc: 0.3370370, Test Acc: 0.3333333
Epoch: 005, Train Loss: 1.7060778, Train Acc: 0.3481481, Test Acc: 0.3000000
Epoch: 006, Train Loss: 1.4798687, Train Acc: 0.3925926, Test Acc: 0.3666667
Epoch: 007, Train Loss: 1.5133392, Train Acc: 0.3703704, Test Acc: 0.2333333
Epoch: 008, Train Loss: 1.5194163, Train Acc: 0.4296296, Test Acc: 0.3000000
Epoch: 009, Train Loss: 1.4970348, Train Acc: 0.4370370, Test Acc: 0.2833333
Epoch: 010, Train Loss: 1.4677652, Train Acc: 0.4388889, Test Acc: 0.4166667
Epoch: 011, Train Loss: 1.2772978, Train Acc: 0.5629630, Test Acc: 0.5333333
Epoch: 012, Train Loss: 1.2960586, Train Acc: 0.5129630, Test Acc: 0.5166667
Epoch: 013, Train Loss: 1.3182649, Train Acc: 0.4777778, Test Acc: 0.3666667
Epoch: 014, Train Loss: 1.2812573, Train Acc: 0.5129630, Test Acc: 0.3500000
Epoch: 015, Train Loss: 1.1910828, Train Acc: 0.5425926, Test Acc: 0.4166667
Epoch: 016, Train Loss: 1.2878561, Train Acc: 0.5037037, Test Acc: 0.3833333
Epoch: 017, Train Loss: 1.2224983, Train Acc: 0.5722222, Test Acc: 0.4333333
Epoch: 018, Train Loss: 0.9938245, Train Acc: 0.6629630, Test Acc: 0.5500000
Epoch: 019, Train Loss: 0.9136368, Train Acc: 0.7074074, Test Acc: 0.5666667
Epoch: 020, Train Loss: 0.9040772, Train Acc: 0.6777778, Test Acc: 0.4833333
Epoch: 021, Train Loss: 0.9212627, Train Acc: 0.6925926, Test Acc: 0.5166667
Epoch: 022, Train Loss: 1.0693313, Train Acc: 0.5500000, Test Acc: 0.4166667
Epoch: 023, Train Loss: 0.8034988, Train Acc: 0.7296296, Test Acc: 0.5833333
Epoch: 024, Train Loss: 0.9831679, Train Acc: 0.6537037, Test Acc: 0.5500000
Epoch: 025, Train Loss: 0.7876835, Train Acc: 0.6833333, Test Acc: 0.5333333
Epoch: 026, Train Loss: 0.7659000, Train Acc: 0.7314815, Test Acc: 0.5833333
Epoch: 027, Train Loss: 0.6301024, Train Acc: 0.7944444, Test Acc: 0.6166667
Epoch: 028, Train Loss: 0.7945521, Train Acc: 0.7055556, Test Acc: 0.4500000
Epoch: 029, Train Loss: 0.5955327, Train Acc: 0.7962963, Test Acc: 0.6500000
Epoch: 030, Train Loss: 0.6802329, Train Acc: 0.7611111, Test Acc: 0.6666667
Epoch: 031, Train Loss: 0.5737322, Train Acc: 0.8148148, Test Acc: 0.6500000
Epoch: 032, Train Loss: 0.5272409, Train Acc: 0.8203704, Test Acc: 0.5166667
Epoch: 033, Train Loss: 0.5526465, Train Acc: 0.8148148, Test Acc: 0.5666667
Epoch: 034, Train Loss: 0.5570275, Train Acc: 0.8092593, Test Acc: 0.6333333
Epoch: 035, Train Loss: 0.6366312, Train Acc: 0.7574074, Test Acc: 0.4666667
Epoch: 036, Train Loss: 0.2867886, Train Acc: 0.9444444, Test Acc: 0.7666667
Epoch: 037, Train Loss: 0.5728946, Train Acc: 0.7925926, Test Acc: 0.6166667
Epoch: 038, Train Loss: 0.1890732, Train Acc: 0.9814815, Test Acc: 0.7500000
Epoch: 039, Train Loss: 0.2495880, Train Acc: 0.9444444, Test Acc: 0.6666667
Epoch: 040, Train Loss: 0.3447369, Train Acc: 0.8759259, Test Acc: 0.6666667
Epoch: 041, Train Loss: 0.1693784, Train Acc: 0.9759259, Test Acc: 0.7500000
Epoch: 042, Train Loss: 0.1743149, Train Acc: 0.9740741, Test Acc: 0.7333333
Epoch: 043, Train Loss: 0.1153666, Train Acc: 0.9870370, Test Acc: 0.7333333
Epoch: 044, Train Loss: 0.1886293, Train Acc: 0.9500000, Test Acc: 0.7166667
Epoch: 045, Train Loss: 0.0920306, Train Acc: 0.9925926, Test Acc: 0.7500000
Epoch: 046, Train Loss: 0.2667857, Train Acc: 0.9000000, Test Acc: 0.6833333
Epoch: 047, Train Loss: 0.1621672, Train Acc: 0.9740741, Test Acc: 0.6833333
Epoch: 048, Train Loss: 0.0866881, Train Acc: 0.9925926, Test Acc: 0.7833333
Epoch: 049, Train Loss: 0.0418630, Train Acc: 1.0000000, Test Acc: 0.7500000
Epoch: 050, Train Loss: 0.0356921, Train Acc: 1.0000000, Test Acc: 0.7500000
Epoch: 051, Train Loss: 0.0221945, Train Acc: 1.0000000, Test Acc: 0.7166667
Epoch: 052, Train Loss: 0.0172213, Train Acc: 1.0000000, Test Acc: 0.7500000
Epoch: 053, Train Loss: 0.0145540, Train Acc: 1.0000000, Test Acc: 0.7833333
Epoch: 054, Train Loss: 0.0127555, Train Acc: 1.0000000, Test Acc: 0.7833333
Epoch: 055, Train Loss: 0.0133541, Train Acc: 1.0000000, Test Acc: 0.7666667
Epoch: 056, Train Loss: 0.0120006, Train Acc: 1.0000000, Test Acc: 0.7666667
Epoch: 057, Train Loss: 0.0105815, Train Acc: 1.0000000, Test Acc: 0.7833333
Epoch: 058, Train Loss: 0.0102573, Train Acc: 1.0000000, Test Acc: 0.7833333
Epoch: 059, Train Loss: 0.0096352, Train Acc: 1.0000000, Test Acc: 0.7500000
Epoch: 060, Train Loss: 0.0082197, Train Acc: 1.0000000, Test Acc: 0.7833333
Epoch: 061, Train Loss: 0.0082548, Train Acc: 1.0000000, Test Acc: 0.8000000
Epoch: 062, Train Loss: 0.0073397, Train Acc: 1.0000000, Test Acc: 0.7833333
Epoch: 063, Train Loss: 0.0077747, Train Acc: 1.0000000, Test Acc: 0.8000000
Epoch: 064, Train Loss: 0.0086760, Train Acc: 1.0000000, Test Acc: 0.8000000
Epoch: 065, Train Loss: 0.0104484, Train Acc: 1.0000000, Test Acc: 0.7666667
Epoch: 066, Train Loss: 0.0073198, Train Acc: 1.0000000, Test Acc: 0.8166667
Epoch: 067, Train Loss: 0.0074637, Train Acc: 1.0000000, Test Acc: 0.7666667
Epoch: 068, Train Loss: 0.0068606, Train Acc: 1.0000000, Test Acc: 0.7833333
Epoch: 069, Train Loss: 0.0068136, Train Acc: 1.0000000, Test Acc: 0.8000000
Epoch: 070, Train Loss: 0.0088475, Train Acc: 1.0000000, Test Acc: 0.7333333
Epoch: 071, Train Loss: 0.0097704, Train Acc: 1.0000000, Test Acc: 0.7666667
Epoch: 072, Train Loss: 0.0072434, Train Acc: 1.0000000, Test Acc: 0.7833333
Epoch: 073, Train Loss: 0.0051829, Train Acc: 1.0000000, Test Acc: 0.7833333
Epoch: 074, Train Loss: 0.0047520, Train Acc: 1.0000000, Test Acc: 0.7833333
Epoch: 075, Train Loss: 0.0051016, Train Acc: 1.0000000, Test Acc: 0.7666667
Epoch: 076, Train Loss: 0.0047485, Train Acc: 1.0000000, Test Acc: 0.8000000
Epoch: 077, Train Loss: 0.0040183, Train Acc: 1.0000000, Test Acc: 0.8166667
Epoch: 078, Train Loss: 0.0037024, Train Acc: 1.0000000, Test Acc: 0.7833333
Epoch: 079, Train Loss: 0.0037753, Train Acc: 1.0000000, Test Acc: 0.8000000
Epoch: 080, Train Loss: 0.0036121, Train Acc: 1.0000000, Test Acc: 0.8000000
Epoch: 081, Train Loss: 0.0036650, Train Acc: 1.0000000, Test Acc: 0.7833333
Epoch: 082, Train Loss: 0.0034036, Train Acc: 1.0000000, Test Acc: 0.7833333
Epoch: 083, Train Loss: 0.0032125, Train Acc: 1.0000000, Test Acc: 0.7833333
Epoch: 084, Train Loss: 0.0030658, Train Acc: 1.0000000, Test Acc: 0.7833333
Epoch: 085, Train Loss: 0.0031052, Train Acc: 1.0000000, Test Acc: 0.8000000
Epoch: 086, Train Loss: 0.0030423, Train Acc: 1.0000000, Test Acc: 0.7666667
Epoch: 087, Train Loss: 0.0028187, Train Acc: 1.0000000, Test Acc: 0.8000000
Epoch: 088, Train Loss: 0.0027179, Train Acc: 1.0000000, Test Acc: 0.7833333
Epoch: 089, Train Loss: 0.0025263, Train Acc: 1.0000000, Test Acc: 0.7666667
Epoch: 090, Train Loss: 0.0025866, Train Acc: 1.0000000, Test Acc: 0.8000000
Epoch: 091, Train Loss: 0.0026717, Train Acc: 1.0000000, Test Acc: 0.7500000
Epoch: 092, Train Loss: 0.0023916, Train Acc: 1.0000000, Test Acc: 0.7833333
Epoch: 093, Train Loss: 0.0024173, Train Acc: 1.0000000, Test Acc: 0.8000000
Epoch: 094, Train Loss: 0.0023190, Train Acc: 1.0000000, Test Acc: 0.7833333
Epoch: 095, Train Loss: 0.0022332, Train Acc: 1.0000000, Test Acc: 0.7833333
Epoch: 096, Train Loss: 0.0021936, Train Acc: 1.0000000, Test Acc: 0.7666667
Epoch: 097, Train Loss: 0.0023730, Train Acc: 1.0000000, Test Acc: 0.7833333
Epoch: 098, Train Loss: 0.0026415, Train Acc: 1.0000000, Test Acc: 0.7833333
Epoch: 099, Train Loss: 0.0021058, Train Acc: 1.0000000, Test Acc: 0.7833333
Epoch: 100, Train Loss: 0.0021143, Train Acc: 1.0000000, Test Acc: 0.7833333
Epoch: 101, Train Loss: 0.0019659, Train Acc: 1.0000000, Test Acc: 0.7833333
Epoch: 102, Train Loss: 0.0018775, Train Acc: 1.0000000, Test Acc: 0.7833333
Epoch: 103, Train Loss: 0.0017991, Train Acc: 1.0000000, Test Acc: 0.8000000
Epoch: 104, Train Loss: 0.0018140, Train Acc: 1.0000000, Test Acc: 0.7833333
Epoch: 105, Train Loss: 0.0018177, Train Acc: 1.0000000, Test Acc: 0.7833333
Epoch: 106, Train Loss: 0.0017819, Train Acc: 1.0000000, Test Acc: 0.8000000
Epoch: 107, Train Loss: 0.0017455, Train Acc: 1.0000000, Test Acc: 0.7833333
Epoch: 108, Train Loss: 0.0017366, Train Acc: 1.0000000, Test Acc: 0.8000000
Epoch: 109, Train Loss: 0.0016901, Train Acc: 1.0000000, Test Acc: 0.8000000
Epoch: 110, Train Loss: 0.0016647, Train Acc: 1.0000000, Test Acc: 0.7833333
Epoch: 111, Train Loss: 0.0015751, Train Acc: 1.0000000, Test Acc: 0.8000000
Epoch: 112, Train Loss: 0.0015440, Train Acc: 1.0000000, Test Acc: 0.7833333
Epoch: 113, Train Loss: 0.0016161, Train Acc: 1.0000000, Test Acc: 0.7833333
Epoch: 114, Train Loss: 0.0015503, Train Acc: 1.0000000, Test Acc: 0.8000000
Epoch: 115, Train Loss: 0.0015288, Train Acc: 1.0000000, Test Acc: 0.7833333
Epoch: 116, Train Loss: 0.0014736, Train Acc: 1.0000000, Test Acc: 0.8000000
Epoch: 117, Train Loss: 0.0014347, Train Acc: 1.0000000, Test Acc: 0.7833333
Epoch: 118, Train Loss: 0.0014683, Train Acc: 1.0000000, Test Acc: 0.8000000
Epoch: 119, Train Loss: 0.0014240, Train Acc: 1.0000000, Test Acc: 0.7833333
Epoch: 120, Train Loss: 0.0015240, Train Acc: 1.0000000, Test Acc: 0.7666667
Epoch: 121, Train Loss: 0.0015423, Train Acc: 1.0000000, Test Acc: 0.7666667
Epoch: 122, Train Loss: 0.0021199, Train Acc: 1.0000000, Test Acc: 0.7833333
Epoch: 123, Train Loss: 0.0043271, Train Acc: 1.0000000, Test Acc: 0.7333333
Epoch: 124, Train Loss: 0.0018655, Train Acc: 1.0000000, Test Acc: 0.8166667
Epoch: 125, Train Loss: 0.0020518, Train Acc: 1.0000000, Test Acc: 0.7500000
Epoch: 126, Train Loss: 0.0016734, Train Acc: 1.0000000, Test Acc: 0.8000000
Epoch: 127, Train Loss: 0.0018714, Train Acc: 1.0000000, Test Acc: 0.7666667
Epoch: 128, Train Loss: 0.0015104, Train Acc: 1.0000000, Test Acc: 0.8000000
Epoch: 129, Train Loss: 0.0013938, Train Acc: 1.0000000, Test Acc: 0.7833333
Epoch: 130, Train Loss: 0.0013326, Train Acc: 1.0000000, Test Acc: 0.8000000
Epoch: 131, Train Loss: 0.0012807, Train Acc: 1.0000000, Test Acc: 0.7833333
Epoch: 132, Train Loss: 0.0012299, Train Acc: 1.0000000, Test Acc: 0.7833333
Epoch: 133, Train Loss: 0.0013846, Train Acc: 1.0000000, Test Acc: 0.7833333
Epoch: 134, Train Loss: 0.0013526, Train Acc: 1.0000000, Test Acc: 0.7666667
Epoch: 135, Train Loss: 0.0012211, Train Acc: 1.0000000, Test Acc: 0.7666667
Epoch: 136, Train Loss: 0.0012564, Train Acc: 1.0000000, Test Acc: 0.7833333
Epoch: 137, Train Loss: 0.0011887, Train Acc: 1.0000000, Test Acc: 0.8000000
Epoch: 138, Train Loss: 0.0010729, Train Acc: 1.0000000, Test Acc: 0.7666667
Epoch: 139, Train Loss: 0.0011468, Train Acc: 1.0000000, Test Acc: 0.7833333
Epoch: 140, Train Loss: 0.0011704, Train Acc: 1.0000000, Test Acc: 0.7666667
Epoch: 141, Train Loss: 0.0011272, Train Acc: 1.0000000, Test Acc: 0.7666667
Epoch: 142, Train Loss: 0.0010348, Train Acc: 1.0000000, Test Acc: 0.7666667
Epoch: 143, Train Loss: 0.0010243, Train Acc: 1.0000000, Test Acc: 0.7666667
Epoch: 144, Train Loss: 0.0010166, Train Acc: 1.0000000, Test Acc: 0.7666667
Epoch: 145, Train Loss: 0.0009984, Train Acc: 1.0000000, Test Acc: 0.7833333
Epoch: 146, Train Loss: 0.0010957, Train Acc: 1.0000000, Test Acc: 0.7666667
Epoch: 147, Train Loss: 0.0009927, Train Acc: 1.0000000, Test Acc: 0.7833333
Epoch: 148, Train Loss: 0.0009904, Train Acc: 1.0000000, Test Acc: 0.7833333
Epoch: 149, Train Loss: 0.0009827, Train Acc: 1.0000000, Test Acc: 0.7833333
Epoch: 150, Train Loss: 0.0009591, Train Acc: 1.0000000, Test Acc: 0.7833333
Epoch: 151, Train Loss: 0.0009067, Train Acc: 1.0000000, Test Acc: 0.7833333
Epoch: 152, Train Loss: 0.0009227, Train Acc: 1.0000000, Test Acc: 0.7833333
Epoch: 153, Train Loss: 0.0009174, Train Acc: 1.0000000, Test Acc: 0.7666667
Epoch: 154, Train Loss: 0.0008869, Train Acc: 1.0000000, Test Acc: 0.7666667
Epoch: 155, Train Loss: 0.0009085, Train Acc: 1.0000000, Test Acc: 0.7833333
Epoch: 156, Train Loss: 0.0008683, Train Acc: 1.0000000, Test Acc: 0.8000000
Epoch: 157, Train Loss: 0.0009329, Train Acc: 1.0000000, Test Acc: 0.8000000
Epoch: 158, Train Loss: 0.0009745, Train Acc: 1.0000000, Test Acc: 0.7833333
Epoch: 159, Train Loss: 0.0009678, Train Acc: 1.0000000, Test Acc: 0.7833333
Epoch: 160, Train Loss: 0.0009214, Train Acc: 1.0000000, Test Acc: 0.7666667
Epoch: 161, Train Loss: 0.0009178, Train Acc: 1.0000000, Test Acc: 0.7833333
Epoch: 162, Train Loss: 0.0008673, Train Acc: 1.0000000, Test Acc: 0.7833333
Epoch: 163, Train Loss: 0.0008870, Train Acc: 1.0000000, Test Acc: 0.8166667
Epoch: 164, Train Loss: 0.0008338, Train Acc: 1.0000000, Test Acc: 0.8000000
Epoch: 165, Train Loss: 0.0008373, Train Acc: 1.0000000, Test Acc: 0.8000000
Epoch: 166, Train Loss: 0.0008330, Train Acc: 1.0000000, Test Acc: 0.7666667
Epoch: 167, Train Loss: 0.0008458, Train Acc: 1.0000000, Test Acc: 0.7666667
Epoch: 168, Train Loss: 0.0007928, Train Acc: 1.0000000, Test Acc: 0.7833333
Epoch: 169, Train Loss: 0.0007916, Train Acc: 1.0000000, Test Acc: 0.8000000
Epoch: 170, Train Loss: 0.0008017, Train Acc: 1.0000000, Test Acc: 0.8000000
Epoch: 171, Train Loss: 0.0007752, Train Acc: 1.0000000, Test Acc: 0.8000000
Epoch: 172, Train Loss: 0.0007808, Train Acc: 1.0000000, Test Acc: 0.8000000
Epoch: 173, Train Loss: 0.0008113, Train Acc: 1.0000000, Test Acc: 0.7833333
Epoch: 174, Train Loss: 0.0007993, Train Acc: 1.0000000, Test Acc: 0.7833333
Epoch: 175, Train Loss: 0.0007974, Train Acc: 1.0000000, Test Acc: 0.7666667
Epoch: 176, Train Loss: 0.0007797, Train Acc: 1.0000000, Test Acc: 0.7833333
Epoch: 177, Train Loss: 0.0007634, Train Acc: 1.0000000, Test Acc: 0.7833333
Epoch: 178, Train Loss: 0.0007509, Train Acc: 1.0000000, Test Acc: 0.7833333
Epoch: 179, Train Loss: 0.0007714, Train Acc: 1.0000000, Test Acc: 0.7833333
Epoch: 180, Train Loss: 0.0007371, Train Acc: 1.0000000, Test Acc: 0.7833333
Epoch: 181, Train Loss: 0.0007447, Train Acc: 1.0000000, Test Acc: 0.7833333
Epoch: 182, Train Loss: 0.0007345, Train Acc: 1.0000000, Test Acc: 0.7833333
Epoch: 183, Train Loss: 0.0007657, Train Acc: 1.0000000, Test Acc: 0.7833333
Epoch: 184, Train Loss: 0.0007336, Train Acc: 1.0000000, Test Acc: 0.7666667
Epoch: 185, Train Loss: 0.0007164, Train Acc: 1.0000000, Test Acc: 0.7666667
Epoch: 186, Train Loss: 0.0006968, Train Acc: 1.0000000, Test Acc: 0.7666667
Epoch: 187, Train Loss: 0.0007107, Train Acc: 1.0000000, Test Acc: 0.7666667
Epoch: 188, Train Loss: 0.0006974, Train Acc: 1.0000000, Test Acc: 0.7666667
Epoch: 189, Train Loss: 0.0006763, Train Acc: 1.0000000, Test Acc: 0.7666667
Epoch: 190, Train Loss: 0.0006654, Train Acc: 1.0000000, Test Acc: 0.7666667
Epoch: 191, Train Loss: 0.0006881, Train Acc: 1.0000000, Test Acc: 0.7833333
Epoch: 192, Train Loss: 0.0006361, Train Acc: 1.0000000, Test Acc: 0.7666667
Epoch: 193, Train Loss: 0.0006694, Train Acc: 1.0000000, Test Acc: 0.7833333
Epoch: 194, Train Loss: 0.0006780, Train Acc: 1.0000000, Test Acc: 0.7500000
Epoch: 195, Train Loss: 0.0006416, Train Acc: 1.0000000, Test Acc: 0.7833333
Epoch: 196, Train Loss: 0.0006531, Train Acc: 1.0000000, Test Acc: 0.7666667
Epoch: 197, Train Loss: 0.0006974, Train Acc: 1.0000000, Test Acc: 0.7666667
Epoch: 198, Train Loss: 0.0006675, Train Acc: 1.0000000, Test Acc: 0.7833333
Epoch: 199, Train Loss: 0.0006443, Train Acc: 1.0000000, Test Acc: 0.8000000
Epoch: 200, Train Loss: 0.0006095, Train Acc: 1.0000000, Test Acc: 0.7666667
--------
Best Test Acc:   0.75_0.06666666666666665, Epoch: 65
Best Train Loss: 0.0006122298575334113_2.7279690753116443e-06
Best Train Acc:  1.0_0.0
FOLD2, ENZYMES, 1672753291/5550c7a_GSOE[-0.15, -0.2, -0.25, -0.3, -0.35, -0.4]P[[3, 5], [3, 5], [3, 5], [4, 7], [4, 7], [4, 7]]I1_ReLU_X_6_256_0_0.001_50_0.6_B64S0W8, BT=0.75_0.06666666666666665, BE=65, ID=5550c7a449f3b4116970d9d7caeb5ab686e3e08f
train_set : test_set = %d : %d 540 60
-------- FOLD2 DATASET=ENZYMES, COMMIT_ID=5550c7a449f3b4116970d9d7caeb5ab686e3e08f
#Params: 1335302
Epoch: 001, Train Loss: 6.7087904, Train Acc: 0.2685185, Test Acc: 0.2500000
Epoch: 002, Train Loss: 2.3774870, Train Acc: 0.2740741, Test Acc: 0.2833333
Epoch: 003, Train Loss: 2.0487998, Train Acc: 0.2537037, Test Acc: 0.2166667
Epoch: 004, Train Loss: 1.7775342, Train Acc: 0.3018519, Test Acc: 0.2166667
Epoch: 005, Train Loss: 1.6046204, Train Acc: 0.3518519, Test Acc: 0.3166667
Epoch: 006, Train Loss: 1.5046120, Train Acc: 0.3833333, Test Acc: 0.3166667
Epoch: 007, Train Loss: 1.4619264, Train Acc: 0.4314815, Test Acc: 0.2833333
Epoch: 008, Train Loss: 1.3393986, Train Acc: 0.5629630, Test Acc: 0.3666667
Epoch: 009, Train Loss: 1.4601709, Train Acc: 0.4185185, Test Acc: 0.3166667
Epoch: 010, Train Loss: 1.3241502, Train Acc: 0.5074074, Test Acc: 0.3333333
Epoch: 011, Train Loss: 1.2236899, Train Acc: 0.5851852, Test Acc: 0.3500000
Epoch: 012, Train Loss: 1.2132270, Train Acc: 0.6074074, Test Acc: 0.4000000
Epoch: 013, Train Loss: 1.5882133, Train Acc: 0.4592593, Test Acc: 0.3000000
Epoch: 014, Train Loss: 1.1952683, Train Acc: 0.5888889, Test Acc: 0.3666667
Epoch: 015, Train Loss: 1.1728536, Train Acc: 0.5611111, Test Acc: 0.4500000
Epoch: 016, Train Loss: 1.0959209, Train Acc: 0.6740741, Test Acc: 0.4500000
Epoch: 017, Train Loss: 1.0230627, Train Acc: 0.6648148, Test Acc: 0.3833333
Epoch: 018, Train Loss: 0.9839519, Train Acc: 0.6314815, Test Acc: 0.4666667
Epoch: 019, Train Loss: 0.8643781, Train Acc: 0.7166667, Test Acc: 0.4666667
Epoch: 020, Train Loss: 0.8371242, Train Acc: 0.7648148, Test Acc: 0.4666667
Epoch: 021, Train Loss: 0.9405675, Train Acc: 0.6833333, Test Acc: 0.4333333
Epoch: 022, Train Loss: 0.9706604, Train Acc: 0.6462963, Test Acc: 0.4000000
Epoch: 023, Train Loss: 1.3939156, Train Acc: 0.5018519, Test Acc: 0.3166667
Epoch: 024, Train Loss: 0.8744630, Train Acc: 0.7092593, Test Acc: 0.4666667
Epoch: 025, Train Loss: 0.6389854, Train Acc: 0.7925926, Test Acc: 0.4333333
Epoch: 026, Train Loss: 0.7004150, Train Acc: 0.7592593, Test Acc: 0.4333333
Epoch: 027, Train Loss: 0.6467578, Train Acc: 0.7722222, Test Acc: 0.5000000
Epoch: 028, Train Loss: 0.5146458, Train Acc: 0.8333333, Test Acc: 0.4833333
Epoch: 029, Train Loss: 0.5685657, Train Acc: 0.8055556, Test Acc: 0.5166667
Epoch: 030, Train Loss: 0.7820481, Train Acc: 0.6981481, Test Acc: 0.4666667
Epoch: 031, Train Loss: 0.4246646, Train Acc: 0.8833333, Test Acc: 0.4833333
Epoch: 032, Train Loss: 0.4112782, Train Acc: 0.8759259, Test Acc: 0.5000000
Epoch: 033, Train Loss: 0.5642653, Train Acc: 0.7425926, Test Acc: 0.4666667
Epoch: 034, Train Loss: 0.3531319, Train Acc: 0.8888889, Test Acc: 0.4833333
Epoch: 035, Train Loss: 0.3543419, Train Acc: 0.8962963, Test Acc: 0.5333333
Epoch: 036, Train Loss: 0.9299107, Train Acc: 0.6462963, Test Acc: 0.4333333
Epoch: 037, Train Loss: 0.6017634, Train Acc: 0.7648148, Test Acc: 0.5166667
Epoch: 038, Train Loss: 0.3588600, Train Acc: 0.8888889, Test Acc: 0.4833333
Epoch: 039, Train Loss: 0.2074969, Train Acc: 0.9592593, Test Acc: 0.5333333
Epoch: 040, Train Loss: 0.2499053, Train Acc: 0.9129630, Test Acc: 0.5500000
Epoch: 041, Train Loss: 0.0935307, Train Acc: 0.9981481, Test Acc: 0.5166667
Epoch: 042, Train Loss: 0.0690454, Train Acc: 0.9981481, Test Acc: 0.5500000
Epoch: 043, Train Loss: 0.0649743, Train Acc: 1.0000000, Test Acc: 0.5166667
Epoch: 044, Train Loss: 0.1780710, Train Acc: 0.9574074, Test Acc: 0.5166667
Epoch: 045, Train Loss: 0.4730532, Train Acc: 0.8277778, Test Acc: 0.5000000
Epoch: 046, Train Loss: 0.1266192, Train Acc: 0.9722222, Test Acc: 0.5500000
Epoch: 047, Train Loss: 0.2658847, Train Acc: 0.9296296, Test Acc: 0.5166667
Epoch: 048, Train Loss: 0.3574557, Train Acc: 0.8666667, Test Acc: 0.4833333
Epoch: 049, Train Loss: 0.2800314, Train Acc: 0.9074074, Test Acc: 0.5000000
Epoch: 050, Train Loss: 0.6176293, Train Acc: 0.7611111, Test Acc: 0.4333333
Epoch: 051, Train Loss: 0.2999363, Train Acc: 0.8981481, Test Acc: 0.4500000
Epoch: 052, Train Loss: 0.1218677, Train Acc: 0.9777778, Test Acc: 0.6166667
Epoch: 053, Train Loss: 0.0506427, Train Acc: 0.9962963, Test Acc: 0.5166667
Epoch: 054, Train Loss: 0.0367957, Train Acc: 1.0000000, Test Acc: 0.6166667
Epoch: 055, Train Loss: 0.0268083, Train Acc: 1.0000000, Test Acc: 0.5500000
Epoch: 056, Train Loss: 0.0180263, Train Acc: 1.0000000, Test Acc: 0.5666667
Epoch: 057, Train Loss: 0.0196526, Train Acc: 1.0000000, Test Acc: 0.5833333
Epoch: 058, Train Loss: 0.0138734, Train Acc: 1.0000000, Test Acc: 0.5833333
Epoch: 059, Train Loss: 0.0130604, Train Acc: 1.0000000, Test Acc: 0.5833333
Epoch: 060, Train Loss: 0.0115343, Train Acc: 1.0000000, Test Acc: 0.5333333
Epoch: 061, Train Loss: 0.0090590, Train Acc: 1.0000000, Test Acc: 0.5666667
Epoch: 062, Train Loss: 0.0085403, Train Acc: 1.0000000, Test Acc: 0.5833333
Epoch: 063, Train Loss: 0.0075924, Train Acc: 1.0000000, Test Acc: 0.5666667
Epoch: 064, Train Loss: 0.0072717, Train Acc: 1.0000000, Test Acc: 0.5500000
Epoch: 065, Train Loss: 0.0064723, Train Acc: 1.0000000, Test Acc: 0.5833333
Epoch: 066, Train Loss: 0.0062993, Train Acc: 1.0000000, Test Acc: 0.5666667
Epoch: 067, Train Loss: 0.0061730, Train Acc: 1.0000000, Test Acc: 0.5333333
Epoch: 068, Train Loss: 0.0055704, Train Acc: 1.0000000, Test Acc: 0.5666667
Epoch: 069, Train Loss: 0.0058740, Train Acc: 1.0000000, Test Acc: 0.5666667
Epoch: 070, Train Loss: 0.0057227, Train Acc: 1.0000000, Test Acc: 0.5500000
Epoch: 071, Train Loss: 0.0049389, Train Acc: 1.0000000, Test Acc: 0.5666667
Epoch: 072, Train Loss: 0.0047952, Train Acc: 1.0000000, Test Acc: 0.5833333
Epoch: 073, Train Loss: 0.0048650, Train Acc: 1.0000000, Test Acc: 0.5833333
Epoch: 074, Train Loss: 0.0048184, Train Acc: 1.0000000, Test Acc: 0.5500000
Epoch: 075, Train Loss: 0.0049273, Train Acc: 1.0000000, Test Acc: 0.5666667
Epoch: 076, Train Loss: 0.0039547, Train Acc: 1.0000000, Test Acc: 0.5666667
Epoch: 077, Train Loss: 0.0037951, Train Acc: 1.0000000, Test Acc: 0.5666667
Epoch: 078, Train Loss: 0.0037448, Train Acc: 1.0000000, Test Acc: 0.5500000
Epoch: 079, Train Loss: 0.0037030, Train Acc: 1.0000000, Test Acc: 0.5833333
Epoch: 080, Train Loss: 0.0036823, Train Acc: 1.0000000, Test Acc: 0.5500000
Epoch: 081, Train Loss: 0.0034403, Train Acc: 1.0000000, Test Acc: 0.5833333
Epoch: 082, Train Loss: 0.0033340, Train Acc: 1.0000000, Test Acc: 0.5500000
Epoch: 083, Train Loss: 0.0031592, Train Acc: 1.0000000, Test Acc: 0.5500000
Epoch: 084, Train Loss: 0.0036196, Train Acc: 1.0000000, Test Acc: 0.5833333
Epoch: 085, Train Loss: 0.0035720, Train Acc: 1.0000000, Test Acc: 0.5500000
Epoch: 086, Train Loss: 0.0031910, Train Acc: 1.0000000, Test Acc: 0.5333333
Epoch: 087, Train Loss: 0.0032613, Train Acc: 1.0000000, Test Acc: 0.5500000
Epoch: 088, Train Loss: 0.0031249, Train Acc: 1.0000000, Test Acc: 0.6000000
Epoch: 089, Train Loss: 0.0028316, Train Acc: 1.0000000, Test Acc: 0.5833333
Epoch: 090, Train Loss: 0.0029441, Train Acc: 1.0000000, Test Acc: 0.5833333
Epoch: 091, Train Loss: 0.0027514, Train Acc: 1.0000000, Test Acc: 0.5500000
Epoch: 092, Train Loss: 0.0024793, Train Acc: 1.0000000, Test Acc: 0.5666667
Epoch: 093, Train Loss: 0.0025589, Train Acc: 1.0000000, Test Acc: 0.5833333
Epoch: 094, Train Loss: 0.0029281, Train Acc: 1.0000000, Test Acc: 0.5833333
Epoch: 095, Train Loss: 0.0024415, Train Acc: 1.0000000, Test Acc: 0.5666667
Epoch: 096, Train Loss: 0.0025471, Train Acc: 1.0000000, Test Acc: 0.5500000
Epoch: 097, Train Loss: 0.0022317, Train Acc: 1.0000000, Test Acc: 0.5500000
Epoch: 098, Train Loss: 0.0022003, Train Acc: 1.0000000, Test Acc: 0.5500000
Epoch: 099, Train Loss: 0.0020110, Train Acc: 1.0000000, Test Acc: 0.5500000
Epoch: 100, Train Loss: 0.0019228, Train Acc: 1.0000000, Test Acc: 0.5500000
Epoch: 101, Train Loss: 0.0019170, Train Acc: 1.0000000, Test Acc: 0.5500000
Epoch: 102, Train Loss: 0.0018490, Train Acc: 1.0000000, Test Acc: 0.5500000
Epoch: 103, Train Loss: 0.0017948, Train Acc: 1.0000000, Test Acc: 0.5500000
Epoch: 104, Train Loss: 0.0019320, Train Acc: 1.0000000, Test Acc: 0.5500000
Epoch: 105, Train Loss: 0.0018456, Train Acc: 1.0000000, Test Acc: 0.5500000
Epoch: 106, Train Loss: 0.0017421, Train Acc: 1.0000000, Test Acc: 0.5833333
Epoch: 107, Train Loss: 0.0016986, Train Acc: 1.0000000, Test Acc: 0.6000000
Epoch: 108, Train Loss: 0.0017086, Train Acc: 1.0000000, Test Acc: 0.5666667
Epoch: 109, Train Loss: 0.0017086, Train Acc: 1.0000000, Test Acc: 0.5500000
Epoch: 110, Train Loss: 0.0016809, Train Acc: 1.0000000, Test Acc: 0.5500000
Epoch: 111, Train Loss: 0.0016300, Train Acc: 1.0000000, Test Acc: 0.5500000
Epoch: 112, Train Loss: 0.0015878, Train Acc: 1.0000000, Test Acc: 0.5500000
Epoch: 113, Train Loss: 0.0015578, Train Acc: 1.0000000, Test Acc: 0.5500000
Epoch: 114, Train Loss: 0.0015169, Train Acc: 1.0000000, Test Acc: 0.5500000
Epoch: 115, Train Loss: 0.0015462, Train Acc: 1.0000000, Test Acc: 0.5500000
Epoch: 116, Train Loss: 0.0014993, Train Acc: 1.0000000, Test Acc: 0.5833333
Epoch: 117, Train Loss: 0.0016063, Train Acc: 1.0000000, Test Acc: 0.5500000
Epoch: 118, Train Loss: 0.0015119, Train Acc: 1.0000000, Test Acc: 0.5500000
Epoch: 119, Train Loss: 0.0014850, Train Acc: 1.0000000, Test Acc: 0.5500000
Epoch: 120, Train Loss: 0.0014626, Train Acc: 1.0000000, Test Acc: 0.5500000
Epoch: 121, Train Loss: 0.0014692, Train Acc: 1.0000000, Test Acc: 0.5666667
Epoch: 122, Train Loss: 0.0017062, Train Acc: 1.0000000, Test Acc: 0.5500000
Epoch: 123, Train Loss: 0.0015262, Train Acc: 1.0000000, Test Acc: 0.5333333
Epoch: 124, Train Loss: 0.0013778, Train Acc: 1.0000000, Test Acc: 0.5500000
Epoch: 125, Train Loss: 0.0014146, Train Acc: 1.0000000, Test Acc: 0.5500000
Epoch: 126, Train Loss: 0.0013490, Train Acc: 1.0000000, Test Acc: 0.5500000
Epoch: 127, Train Loss: 0.0013728, Train Acc: 1.0000000, Test Acc: 0.5833333
Epoch: 128, Train Loss: 0.0012965, Train Acc: 1.0000000, Test Acc: 0.5500000
Epoch: 129, Train Loss: 0.0013268, Train Acc: 1.0000000, Test Acc: 0.5500000
Epoch: 130, Train Loss: 0.0013391, Train Acc: 1.0000000, Test Acc: 0.5500000
Epoch: 131, Train Loss: 0.0012602, Train Acc: 1.0000000, Test Acc: 0.5500000
Epoch: 132, Train Loss: 0.0012618, Train Acc: 1.0000000, Test Acc: 0.5833333
Epoch: 133, Train Loss: 0.0012149, Train Acc: 1.0000000, Test Acc: 0.5833333
Epoch: 134, Train Loss: 0.0012247, Train Acc: 1.0000000, Test Acc: 0.5500000
Epoch: 135, Train Loss: 0.0012933, Train Acc: 1.0000000, Test Acc: 0.5500000
Epoch: 136, Train Loss: 0.0012005, Train Acc: 1.0000000, Test Acc: 0.5500000
Epoch: 137, Train Loss: 0.0011673, Train Acc: 1.0000000, Test Acc: 0.5500000
Epoch: 138, Train Loss: 0.0011538, Train Acc: 1.0000000, Test Acc: 0.5500000
Epoch: 139, Train Loss: 0.0011319, Train Acc: 1.0000000, Test Acc: 0.5500000
Epoch: 140, Train Loss: 0.0010966, Train Acc: 1.0000000, Test Acc: 0.5666667
Epoch: 141, Train Loss: 0.0011419, Train Acc: 1.0000000, Test Acc: 0.5500000
Epoch: 142, Train Loss: 0.0010752, Train Acc: 1.0000000, Test Acc: 0.5500000
Epoch: 143, Train Loss: 0.0010342, Train Acc: 1.0000000, Test Acc: 0.5666667
Epoch: 144, Train Loss: 0.0010873, Train Acc: 1.0000000, Test Acc: 0.5500000
Epoch: 145, Train Loss: 0.0010366, Train Acc: 1.0000000, Test Acc: 0.5500000
Epoch: 146, Train Loss: 0.0010356, Train Acc: 1.0000000, Test Acc: 0.5500000
Epoch: 147, Train Loss: 0.0009912, Train Acc: 1.0000000, Test Acc: 0.5500000
Epoch: 148, Train Loss: 0.0009522, Train Acc: 1.0000000, Test Acc: 0.5500000
Epoch: 149, Train Loss: 0.0009799, Train Acc: 1.0000000, Test Acc: 0.5500000
Epoch: 150, Train Loss: 0.0009717, Train Acc: 1.0000000, Test Acc: 0.5500000
Epoch: 151, Train Loss: 0.0009686, Train Acc: 1.0000000, Test Acc: 0.5833333
Epoch: 152, Train Loss: 0.0009597, Train Acc: 1.0000000, Test Acc: 0.5666667
Epoch: 153, Train Loss: 0.0009686, Train Acc: 1.0000000, Test Acc: 0.5666667
Epoch: 154, Train Loss: 0.0009744, Train Acc: 1.0000000, Test Acc: 0.5666667
Epoch: 155, Train Loss: 0.0010026, Train Acc: 1.0000000, Test Acc: 0.5500000
Epoch: 156, Train Loss: 0.0010462, Train Acc: 1.0000000, Test Acc: 0.5500000
Epoch: 157, Train Loss: 0.0009953, Train Acc: 1.0000000, Test Acc: 0.5500000
Epoch: 158, Train Loss: 0.0009649, Train Acc: 1.0000000, Test Acc: 0.5666667
Epoch: 159, Train Loss: 0.0010101, Train Acc: 1.0000000, Test Acc: 0.5666667
Epoch: 160, Train Loss: 0.0009321, Train Acc: 1.0000000, Test Acc: 0.5666667
Epoch: 161, Train Loss: 0.0008966, Train Acc: 1.0000000, Test Acc: 0.5500000
Epoch: 162, Train Loss: 0.0008935, Train Acc: 1.0000000, Test Acc: 0.5500000
Epoch: 163, Train Loss: 0.0009583, Train Acc: 1.0000000, Test Acc: 0.5500000
Epoch: 164, Train Loss: 0.0008959, Train Acc: 1.0000000, Test Acc: 0.5500000
Epoch: 165, Train Loss: 0.0008849, Train Acc: 1.0000000, Test Acc: 0.5500000
