{'dataset_name': 'ENZYMES', 'basis': 'GSO', 'epsilon': [-0.15, -0.2, -0.25, -0.3, -0.35, -0.4], 'power': [[1, 6], [1, 6], [1, 6], [1, 8], [1, 8], [1, 8]], 'seeds': [0], 'num_folds': 10, 'num_workers': 8, 'hyperparams': {'batch_size': 64, 'epochs': 201, 'learning_rate': 0.001, 'step_size': 50, 'decay_rate': 0.6}, 'architecture': {'nonlinear': 'ReLU', 'layers': 6, 'hidden': 256, 'pooling': 'X', 'dropout': 0}, 'commit_id': '5550c7a449f3b4116970d9d7caeb5ab686e3e08f', 'time_stamp': '1672752921', 'directory': '../../../../results_spectral_rotation/Try_A100/tu/ENZYMES/board/'}
{'dataset_name': 'ENZYMES', 'basis': 'GSO', 'epsilon': [-0.15, -0.2, -0.25, -0.3, -0.35, -0.4], 'power': [[1, 6], [1, 6], [1, 6], [1, 8], [1, 8], [1, 8]], 'seeds': [0], 'num_folds': 10, 'num_workers': 8, 'hyperparams': {'batch_size': 64, 'epochs': 201, 'learning_rate': 0.001, 'step_size': 50, 'decay_rate': 0.6}, 'architecture': {'nonlinear': 'ReLU', 'layers': 6, 'hidden': 256, 'pooling': 'X', 'dropout': 0}, 'commit_id': '5550c7a449f3b4116970d9d7caeb5ab686e3e08f', 'time_stamp': 1672752923, 'directory': '../../../../results_spectral_rotation/Try_A100/tu/ENZYMES/board/', 'seed': 0}
Pre-process:   0%|          | 0/600 [00:00<?, ?it/s]Pre-process:  10%|█         | 62/600 [00:00<00:00, 614.73it/s]Pre-process:  21%|██        | 127/600 [00:00<00:00, 630.75it/s]Pre-process:  33%|███▎      | 196/600 [00:00<00:00, 652.95it/s]Pre-process:  44%|████▍     | 263/600 [00:00<00:00, 656.94it/s]Pre-process:  55%|█████▍    | 329/600 [00:00<00:00, 603.14it/s]Pre-process:  66%|██████▋   | 399/600 [00:00<00:00, 631.97it/s]Pre-process:  78%|███████▊  | 469/600 [00:00<00:00, 652.59it/s]Pre-process:  89%|████████▉ | 535/600 [00:00<00:00, 639.01it/s]Pre-process: 100%|██████████| 600/600 [00:00<00:00, 636.30it/s]Pre-process: 100%|██████████| 600/600 [00:00<00:00, 636.28it/s]
Basis total: 43
train_set : test_set = %d : %d 540 60
-------- FOLD0 DATASET=ENZYMES, COMMIT_ID=5550c7a449f3b4116970d9d7caeb5ab686e3e08f
#Params: 1340678
Epoch: 001, Train Loss: 8.2651933, Train Acc: 0.2518519, Test Acc: 0.2333333
Epoch: 002, Train Loss: 2.8824412, Train Acc: 0.2370370, Test Acc: 0.3000000
Epoch: 003, Train Loss: 1.7711214, Train Acc: 0.3203704, Test Acc: 0.2666667
Epoch: 004, Train Loss: 1.7597783, Train Acc: 0.2796296, Test Acc: 0.2500000
Epoch: 005, Train Loss: 1.6722297, Train Acc: 0.3425926, Test Acc: 0.3166667
Epoch: 006, Train Loss: 1.6892168, Train Acc: 0.3092593, Test Acc: 0.3000000
Epoch: 007, Train Loss: 1.5687312, Train Acc: 0.3333333, Test Acc: 0.2833333
Epoch: 008, Train Loss: 1.4899188, Train Acc: 0.3777778, Test Acc: 0.2833333
Epoch: 009, Train Loss: 1.4292968, Train Acc: 0.4962963, Test Acc: 0.4333333
Epoch: 010, Train Loss: 1.3965428, Train Acc: 0.5111111, Test Acc: 0.4166667
Epoch: 011, Train Loss: 1.3225876, Train Acc: 0.5277778, Test Acc: 0.3500000
Epoch: 012, Train Loss: 1.2579836, Train Acc: 0.5907407, Test Acc: 0.4666667
Epoch: 013, Train Loss: 1.3286707, Train Acc: 0.4537037, Test Acc: 0.3500000
Epoch: 014, Train Loss: 1.2893032, Train Acc: 0.4944444, Test Acc: 0.4166667
Epoch: 015, Train Loss: 1.2428805, Train Acc: 0.5537037, Test Acc: 0.4500000
Epoch: 016, Train Loss: 1.1993454, Train Acc: 0.5666667, Test Acc: 0.4500000
Epoch: 017, Train Loss: 1.2547811, Train Acc: 0.5388889, Test Acc: 0.4333333
Epoch: 018, Train Loss: 1.0498254, Train Acc: 0.6314815, Test Acc: 0.4833333
Epoch: 019, Train Loss: 1.0133107, Train Acc: 0.6425926, Test Acc: 0.4166667
Epoch: 020, Train Loss: 1.1975773, Train Acc: 0.6111111, Test Acc: 0.4500000
Epoch: 021, Train Loss: 1.2284362, Train Acc: 0.4907407, Test Acc: 0.3666667
Epoch: 022, Train Loss: 0.9843654, Train Acc: 0.6222222, Test Acc: 0.4500000
Epoch: 023, Train Loss: 0.8336992, Train Acc: 0.7592593, Test Acc: 0.5500000
Epoch: 024, Train Loss: 0.8107257, Train Acc: 0.7685185, Test Acc: 0.6333333
Epoch: 025, Train Loss: 0.8708410, Train Acc: 0.7314815, Test Acc: 0.5500000
Epoch: 026, Train Loss: 0.8768106, Train Acc: 0.7018519, Test Acc: 0.5500000
Epoch: 027, Train Loss: 0.6765772, Train Acc: 0.8074074, Test Acc: 0.5833333
Epoch: 028, Train Loss: 0.8113230, Train Acc: 0.7259259, Test Acc: 0.5333333
Epoch: 029, Train Loss: 0.6935991, Train Acc: 0.7759259, Test Acc: 0.4666667
Epoch: 030, Train Loss: 0.7106778, Train Acc: 0.7518519, Test Acc: 0.5166667
Epoch: 031, Train Loss: 0.5406986, Train Acc: 0.8500000, Test Acc: 0.5333333
Epoch: 032, Train Loss: 0.6711742, Train Acc: 0.7370370, Test Acc: 0.4833333
Epoch: 033, Train Loss: 0.5384558, Train Acc: 0.8370370, Test Acc: 0.5833333
Epoch: 034, Train Loss: 0.5737861, Train Acc: 0.7962963, Test Acc: 0.4833333
Epoch: 035, Train Loss: 0.4847154, Train Acc: 0.8574074, Test Acc: 0.5500000
Epoch: 036, Train Loss: 0.5163147, Train Acc: 0.8333333, Test Acc: 0.6000000
Epoch: 037, Train Loss: 0.8160502, Train Acc: 0.6777778, Test Acc: 0.4833333
Epoch: 038, Train Loss: 0.2858368, Train Acc: 0.9462963, Test Acc: 0.7000000
Epoch: 039, Train Loss: 0.3655878, Train Acc: 0.8777778, Test Acc: 0.5833333
Epoch: 040, Train Loss: 0.2298901, Train Acc: 0.9611111, Test Acc: 0.6333333
Epoch: 041, Train Loss: 0.4915175, Train Acc: 0.8425926, Test Acc: 0.4833333
Epoch: 042, Train Loss: 0.3366374, Train Acc: 0.9018519, Test Acc: 0.5833333
Epoch: 043, Train Loss: 0.3613070, Train Acc: 0.8759259, Test Acc: 0.5833333
Epoch: 044, Train Loss: 0.2327061, Train Acc: 0.9351852, Test Acc: 0.5333333
Epoch: 045, Train Loss: 0.2515145, Train Acc: 0.9203704, Test Acc: 0.5666667
Epoch: 046, Train Loss: 0.2687379, Train Acc: 0.9148148, Test Acc: 0.5500000
Epoch: 047, Train Loss: 0.2393181, Train Acc: 0.9185185, Test Acc: 0.6166667
Epoch: 048, Train Loss: 0.3698572, Train Acc: 0.8703704, Test Acc: 0.5833333
Epoch: 049, Train Loss: 0.1812614, Train Acc: 0.9444444, Test Acc: 0.5000000
Epoch: 050, Train Loss: 0.1586969, Train Acc: 0.9574074, Test Acc: 0.5500000
Epoch: 051, Train Loss: 0.1123055, Train Acc: 0.9833333, Test Acc: 0.6333333
Epoch: 052, Train Loss: 0.0428426, Train Acc: 0.9981481, Test Acc: 0.6666667
Epoch: 053, Train Loss: 0.0354321, Train Acc: 1.0000000, Test Acc: 0.6666667
Epoch: 054, Train Loss: 0.0220446, Train Acc: 1.0000000, Test Acc: 0.6666667
Epoch: 055, Train Loss: 0.0221883, Train Acc: 1.0000000, Test Acc: 0.6666667
Epoch: 056, Train Loss: 0.0152341, Train Acc: 1.0000000, Test Acc: 0.6666667
Epoch: 057, Train Loss: 0.0138580, Train Acc: 1.0000000, Test Acc: 0.6833333
Epoch: 058, Train Loss: 0.0121349, Train Acc: 1.0000000, Test Acc: 0.6833333
Epoch: 059, Train Loss: 0.0100103, Train Acc: 1.0000000, Test Acc: 0.6833333
Epoch: 060, Train Loss: 0.0099412, Train Acc: 1.0000000, Test Acc: 0.6666667
Epoch: 061, Train Loss: 0.0085249, Train Acc: 1.0000000, Test Acc: 0.6833333
Epoch: 062, Train Loss: 0.0084191, Train Acc: 1.0000000, Test Acc: 0.6833333
Epoch: 063, Train Loss: 0.0079204, Train Acc: 1.0000000, Test Acc: 0.6833333
Epoch: 064, Train Loss: 0.0080558, Train Acc: 1.0000000, Test Acc: 0.6666667
Epoch: 065, Train Loss: 0.0062721, Train Acc: 1.0000000, Test Acc: 0.6833333
Epoch: 066, Train Loss: 0.0059979, Train Acc: 1.0000000, Test Acc: 0.6833333
Epoch: 067, Train Loss: 0.0061105, Train Acc: 1.0000000, Test Acc: 0.6833333
Epoch: 068, Train Loss: 0.0058761, Train Acc: 1.0000000, Test Acc: 0.6833333
Epoch: 069, Train Loss: 0.0055881, Train Acc: 1.0000000, Test Acc: 0.6833333
Epoch: 070, Train Loss: 0.0052247, Train Acc: 1.0000000, Test Acc: 0.6833333
Epoch: 071, Train Loss: 0.0047139, Train Acc: 1.0000000, Test Acc: 0.6833333
Epoch: 072, Train Loss: 0.0047577, Train Acc: 1.0000000, Test Acc: 0.6833333
Epoch: 073, Train Loss: 0.0051021, Train Acc: 1.0000000, Test Acc: 0.6833333
Epoch: 074, Train Loss: 0.0055687, Train Acc: 1.0000000, Test Acc: 0.6833333
Epoch: 075, Train Loss: 0.0043119, Train Acc: 1.0000000, Test Acc: 0.6666667
Epoch: 076, Train Loss: 0.0043478, Train Acc: 1.0000000, Test Acc: 0.6833333
Epoch: 077, Train Loss: 0.0038428, Train Acc: 1.0000000, Test Acc: 0.6833333
Epoch: 078, Train Loss: 0.0038206, Train Acc: 1.0000000, Test Acc: 0.6833333
Epoch: 079, Train Loss: 0.0037574, Train Acc: 1.0000000, Test Acc: 0.6833333
Epoch: 080, Train Loss: 0.0037433, Train Acc: 1.0000000, Test Acc: 0.6833333
Epoch: 081, Train Loss: 0.0038846, Train Acc: 1.0000000, Test Acc: 0.6833333
Epoch: 082, Train Loss: 0.0037717, Train Acc: 1.0000000, Test Acc: 0.6500000
Epoch: 083, Train Loss: 0.0030937, Train Acc: 1.0000000, Test Acc: 0.6833333
Epoch: 084, Train Loss: 0.0029188, Train Acc: 1.0000000, Test Acc: 0.6833333
Epoch: 085, Train Loss: 0.0028637, Train Acc: 1.0000000, Test Acc: 0.6666667
Epoch: 086, Train Loss: 0.0028349, Train Acc: 1.0000000, Test Acc: 0.6666667
Epoch: 087, Train Loss: 0.0027508, Train Acc: 1.0000000, Test Acc: 0.6833333
Epoch: 088, Train Loss: 0.0026965, Train Acc: 1.0000000, Test Acc: 0.6833333
Epoch: 089, Train Loss: 0.0024892, Train Acc: 1.0000000, Test Acc: 0.6833333
Epoch: 090, Train Loss: 0.0025049, Train Acc: 1.0000000, Test Acc: 0.6833333
Epoch: 091, Train Loss: 0.0026039, Train Acc: 1.0000000, Test Acc: 0.6666667
Epoch: 092, Train Loss: 0.0028057, Train Acc: 1.0000000, Test Acc: 0.6833333
Epoch: 093, Train Loss: 0.0022044, Train Acc: 1.0000000, Test Acc: 0.6833333
Epoch: 094, Train Loss: 0.0021076, Train Acc: 1.0000000, Test Acc: 0.6833333
Epoch: 095, Train Loss: 0.0020925, Train Acc: 1.0000000, Test Acc: 0.6833333
Epoch: 096, Train Loss: 0.0021650, Train Acc: 1.0000000, Test Acc: 0.6833333
Epoch: 097, Train Loss: 0.0019108, Train Acc: 1.0000000, Test Acc: 0.6833333
Epoch: 098, Train Loss: 0.0019366, Train Acc: 1.0000000, Test Acc: 0.6833333
Epoch: 099, Train Loss: 0.0017857, Train Acc: 1.0000000, Test Acc: 0.6833333
Epoch: 100, Train Loss: 0.0017246, Train Acc: 1.0000000, Test Acc: 0.6833333
Epoch: 101, Train Loss: 0.0017587, Train Acc: 1.0000000, Test Acc: 0.6833333
Epoch: 102, Train Loss: 0.0016693, Train Acc: 1.0000000, Test Acc: 0.6833333
Epoch: 103, Train Loss: 0.0016739, Train Acc: 1.0000000, Test Acc: 0.6666667
Epoch: 104, Train Loss: 0.0016131, Train Acc: 1.0000000, Test Acc: 0.6833333
Epoch: 105, Train Loss: 0.0016642, Train Acc: 1.0000000, Test Acc: 0.6666667
Epoch: 106, Train Loss: 0.0016048, Train Acc: 1.0000000, Test Acc: 0.6833333
Epoch: 107, Train Loss: 0.0015102, Train Acc: 1.0000000, Test Acc: 0.6833333
Epoch: 108, Train Loss: 0.0016145, Train Acc: 1.0000000, Test Acc: 0.6666667
Epoch: 109, Train Loss: 0.0017099, Train Acc: 1.0000000, Test Acc: 0.6666667
Epoch: 110, Train Loss: 0.0014520, Train Acc: 1.0000000, Test Acc: 0.6666667
Epoch: 111, Train Loss: 0.0014419, Train Acc: 1.0000000, Test Acc: 0.6666667
Epoch: 112, Train Loss: 0.0015657, Train Acc: 1.0000000, Test Acc: 0.6833333
Epoch: 113, Train Loss: 0.0013689, Train Acc: 1.0000000, Test Acc: 0.6833333
Epoch: 114, Train Loss: 0.0013492, Train Acc: 1.0000000, Test Acc: 0.6666667
Epoch: 115, Train Loss: 0.0013213, Train Acc: 1.0000000, Test Acc: 0.6833333
Epoch: 116, Train Loss: 0.0013254, Train Acc: 1.0000000, Test Acc: 0.6666667
Epoch: 117, Train Loss: 0.0013236, Train Acc: 1.0000000, Test Acc: 0.6666667
Epoch: 118, Train Loss: 0.0012719, Train Acc: 1.0000000, Test Acc: 0.6666667
Epoch: 119, Train Loss: 0.0011777, Train Acc: 1.0000000, Test Acc: 0.6666667
Epoch: 120, Train Loss: 0.0012059, Train Acc: 1.0000000, Test Acc: 0.6666667
Epoch: 121, Train Loss: 0.0011731, Train Acc: 1.0000000, Test Acc: 0.6833333
Epoch: 122, Train Loss: 0.0011924, Train Acc: 1.0000000, Test Acc: 0.6833333
Epoch: 123, Train Loss: 0.0011374, Train Acc: 1.0000000, Test Acc: 0.6666667
Epoch: 124, Train Loss: 0.0011444, Train Acc: 1.0000000, Test Acc: 0.6666667
Epoch: 125, Train Loss: 0.0011583, Train Acc: 1.0000000, Test Acc: 0.6666667
Epoch: 126, Train Loss: 0.0011227, Train Acc: 1.0000000, Test Acc: 0.6666667
Epoch: 127, Train Loss: 0.0010916, Train Acc: 1.0000000, Test Acc: 0.6500000
Epoch: 128, Train Loss: 0.0010977, Train Acc: 1.0000000, Test Acc: 0.6666667
Epoch: 129, Train Loss: 0.0014406, Train Acc: 1.0000000, Test Acc: 0.7000000
Epoch: 130, Train Loss: 0.0011597, Train Acc: 1.0000000, Test Acc: 0.6666667
Epoch: 131, Train Loss: 0.0011462, Train Acc: 1.0000000, Test Acc: 0.6833333
Epoch: 132, Train Loss: 0.0011493, Train Acc: 1.0000000, Test Acc: 0.6833333
Epoch: 133, Train Loss: 0.0010475, Train Acc: 1.0000000, Test Acc: 0.6833333
Epoch: 134, Train Loss: 0.0011157, Train Acc: 1.0000000, Test Acc: 0.6666667
Epoch: 135, Train Loss: 0.0010412, Train Acc: 1.0000000, Test Acc: 0.6833333
Epoch: 136, Train Loss: 0.0010134, Train Acc: 1.0000000, Test Acc: 0.6833333
Epoch: 137, Train Loss: 0.0009638, Train Acc: 1.0000000, Test Acc: 0.6833333
Epoch: 138, Train Loss: 0.0009160, Train Acc: 1.0000000, Test Acc: 0.6666667
Epoch: 139, Train Loss: 0.0009469, Train Acc: 1.0000000, Test Acc: 0.6666667
Epoch: 140, Train Loss: 0.0009234, Train Acc: 1.0000000, Test Acc: 0.6666667
Epoch: 141, Train Loss: 0.0010168, Train Acc: 1.0000000, Test Acc: 0.6500000
Epoch: 142, Train Loss: 0.0010030, Train Acc: 1.0000000, Test Acc: 0.6666667
Epoch: 143, Train Loss: 0.0025102, Train Acc: 1.0000000, Test Acc: 0.7000000
Epoch: 144, Train Loss: 0.0014366, Train Acc: 1.0000000, Test Acc: 0.6833333
Epoch: 145, Train Loss: 0.0012292, Train Acc: 1.0000000, Test Acc: 0.6833333
Epoch: 146, Train Loss: 0.0011194, Train Acc: 1.0000000, Test Acc: 0.6666667
Epoch: 147, Train Loss: 0.0009651, Train Acc: 1.0000000, Test Acc: 0.6833333
Epoch: 148, Train Loss: 0.0008997, Train Acc: 1.0000000, Test Acc: 0.6833333
Epoch: 149, Train Loss: 0.0008491, Train Acc: 1.0000000, Test Acc: 0.6833333
Epoch: 150, Train Loss: 0.0008384, Train Acc: 1.0000000, Test Acc: 0.6833333
Epoch: 151, Train Loss: 0.0008335, Train Acc: 1.0000000, Test Acc: 0.6666667
Epoch: 152, Train Loss: 0.0008252, Train Acc: 1.0000000, Test Acc: 0.6666667
Epoch: 153, Train Loss: 0.0007881, Train Acc: 1.0000000, Test Acc: 0.6666667
Epoch: 154, Train Loss: 0.0009437, Train Acc: 1.0000000, Test Acc: 0.6833333
Epoch: 155, Train Loss: 0.0008333, Train Acc: 1.0000000, Test Acc: 0.6833333
Epoch: 156, Train Loss: 0.0007762, Train Acc: 1.0000000, Test Acc: 0.6833333
Epoch: 157, Train Loss: 0.0007525, Train Acc: 1.0000000, Test Acc: 0.6666667
Epoch: 158, Train Loss: 0.0007176, Train Acc: 1.0000000, Test Acc: 0.6666667
Epoch: 159, Train Loss: 0.0007939, Train Acc: 1.0000000, Test Acc: 0.6666667
Epoch: 160, Train Loss: 0.0008447, Train Acc: 1.0000000, Test Acc: 0.6666667
Epoch: 161, Train Loss: 0.0007776, Train Acc: 1.0000000, Test Acc: 0.6666667
Epoch: 162, Train Loss: 0.0007255, Train Acc: 1.0000000, Test Acc: 0.6666667
Epoch: 163, Train Loss: 0.0007310, Train Acc: 1.0000000, Test Acc: 0.6666667
Epoch: 164, Train Loss: 0.0006873, Train Acc: 1.0000000, Test Acc: 0.6666667
Epoch: 165, Train Loss: 0.0006717, Train Acc: 1.0000000, Test Acc: 0.6666667
Epoch: 166, Train Loss: 0.0006589, Train Acc: 1.0000000, Test Acc: 0.6666667
Epoch: 167, Train Loss: 0.0006833, Train Acc: 1.0000000, Test Acc: 0.6666667
Epoch: 168, Train Loss: 0.0006622, Train Acc: 1.0000000, Test Acc: 0.6666667
Epoch: 169, Train Loss: 0.0006332, Train Acc: 1.0000000, Test Acc: 0.6666667
Epoch: 170, Train Loss: 0.0006436, Train Acc: 1.0000000, Test Acc: 0.6666667
Epoch: 171, Train Loss: 0.0006333, Train Acc: 1.0000000, Test Acc: 0.6666667
Epoch: 172, Train Loss: 0.0006158, Train Acc: 1.0000000, Test Acc: 0.6666667
Epoch: 173, Train Loss: 0.0006456, Train Acc: 1.0000000, Test Acc: 0.6666667
Epoch: 174, Train Loss: 0.0006597, Train Acc: 1.0000000, Test Acc: 0.6666667
Epoch: 175, Train Loss: 0.0006484, Train Acc: 1.0000000, Test Acc: 0.6666667
Epoch: 176, Train Loss: 0.0006053, Train Acc: 1.0000000, Test Acc: 0.6666667
Epoch: 177, Train Loss: 0.0005939, Train Acc: 1.0000000, Test Acc: 0.6666667
Epoch: 178, Train Loss: 0.0005942, Train Acc: 1.0000000, Test Acc: 0.6666667
Epoch: 179, Train Loss: 0.0005855, Train Acc: 1.0000000, Test Acc: 0.6666667
Epoch: 180, Train Loss: 0.0006440, Train Acc: 1.0000000, Test Acc: 0.6666667
Epoch: 181, Train Loss: 0.0006256, Train Acc: 1.0000000, Test Acc: 0.6666667
Epoch: 182, Train Loss: 0.0006135, Train Acc: 1.0000000, Test Acc: 0.6666667
Epoch: 183, Train Loss: 0.0005904, Train Acc: 1.0000000, Test Acc: 0.6666667
Epoch: 184, Train Loss: 0.0006002, Train Acc: 1.0000000, Test Acc: 0.6666667
Epoch: 185, Train Loss: 0.0005773, Train Acc: 1.0000000, Test Acc: 0.6666667
Epoch: 186, Train Loss: 0.0005774, Train Acc: 1.0000000, Test Acc: 0.6666667
Epoch: 187, Train Loss: 0.0005404, Train Acc: 1.0000000, Test Acc: 0.6666667
Epoch: 188, Train Loss: 0.0005441, Train Acc: 1.0000000, Test Acc: 0.6666667
Epoch: 189, Train Loss: 0.0005610, Train Acc: 1.0000000, Test Acc: 0.6500000
Epoch: 190, Train Loss: 0.0005293, Train Acc: 1.0000000, Test Acc: 0.6500000
Epoch: 191, Train Loss: 0.0005299, Train Acc: 1.0000000, Test Acc: 0.6500000
Epoch: 192, Train Loss: 0.0005616, Train Acc: 1.0000000, Test Acc: 0.6666667
Epoch: 193, Train Loss: 0.0005206, Train Acc: 1.0000000, Test Acc: 0.6666667
Epoch: 194, Train Loss: 0.0004988, Train Acc: 1.0000000, Test Acc: 0.6666667
Epoch: 195, Train Loss: 0.0005204, Train Acc: 1.0000000, Test Acc: 0.6500000
Epoch: 196, Train Loss: 0.0005066, Train Acc: 1.0000000, Test Acc: 0.6500000
Epoch: 197, Train Loss: 0.0004959, Train Acc: 1.0000000, Test Acc: 0.6666667
Epoch: 198, Train Loss: 0.0005055, Train Acc: 1.0000000, Test Acc: 0.6666667
Epoch: 199, Train Loss: 0.0004934, Train Acc: 1.0000000, Test Acc: 0.6666667
Epoch: 200, Train Loss: 0.0004892, Train Acc: 1.0000000, Test Acc: 0.6500000
--------
Best Test Acc:   0.7_0.0, Epoch: 37
Best Train Loss: 0.0004891500208975265_0.0
Best Train Acc:  1.0_0.0
FOLD1, ENZYMES, 1672752923/5550c7a_GSOE[-0.15, -0.2, -0.25, -0.3, -0.35, -0.4]P[[1, 6], [1, 6], [1, 6], [1, 8], [1, 8], [1, 8]]I1_ReLU_X_6_256_0_0.001_50_0.6_B64S0W8, BT=0.7_0.0, BE=37, ID=5550c7a449f3b4116970d9d7caeb5ab686e3e08f
train_set : test_set = %d : %d 540 60
-------- FOLD1 DATASET=ENZYMES, COMMIT_ID=5550c7a449f3b4116970d9d7caeb5ab686e3e08f
#Params: 1340678
Epoch: 001, Train Loss: 9.0806532, Train Acc: 0.1851852, Test Acc: 0.2166667
Epoch: 002, Train Loss: 3.3384913, Train Acc: 0.2314815, Test Acc: 0.1500000
Epoch: 003, Train Loss: 2.0747787, Train Acc: 0.2092593, Test Acc: 0.2333333
Epoch: 004, Train Loss: 1.6002060, Train Acc: 0.3537037, Test Acc: 0.2833333
Epoch: 005, Train Loss: 1.6016717, Train Acc: 0.3148148, Test Acc: 0.2333333
Epoch: 006, Train Loss: 1.5354612, Train Acc: 0.3796296, Test Acc: 0.2500000
Epoch: 007, Train Loss: 1.5454253, Train Acc: 0.3703704, Test Acc: 0.3666667
Epoch: 008, Train Loss: 1.5556851, Train Acc: 0.4296296, Test Acc: 0.4000000
Epoch: 009, Train Loss: 1.3856741, Train Acc: 0.4907407, Test Acc: 0.3666667
Epoch: 010, Train Loss: 1.4693603, Train Acc: 0.4444444, Test Acc: 0.4000000
Epoch: 011, Train Loss: 1.2789630, Train Acc: 0.5759259, Test Acc: 0.5000000
Epoch: 012, Train Loss: 1.1927227, Train Acc: 0.6018519, Test Acc: 0.4166667
Epoch: 013, Train Loss: 1.2808725, Train Acc: 0.5370370, Test Acc: 0.4000000
Epoch: 014, Train Loss: 1.2055121, Train Acc: 0.5240741, Test Acc: 0.4333333
Epoch: 015, Train Loss: 1.1703657, Train Acc: 0.5888889, Test Acc: 0.5000000
Epoch: 016, Train Loss: 1.1032476, Train Acc: 0.6166667, Test Acc: 0.5833333
Epoch: 017, Train Loss: 1.1185437, Train Acc: 0.5537037, Test Acc: 0.5666667
Epoch: 018, Train Loss: 1.0497530, Train Acc: 0.6240741, Test Acc: 0.5333333
Epoch: 019, Train Loss: 1.0154661, Train Acc: 0.6370370, Test Acc: 0.5833333
Epoch: 020, Train Loss: 1.0616476, Train Acc: 0.6111111, Test Acc: 0.5833333
Epoch: 021, Train Loss: 1.0075680, Train Acc: 0.6685185, Test Acc: 0.6333333
Epoch: 022, Train Loss: 0.8719484, Train Acc: 0.7148148, Test Acc: 0.5166667
Epoch: 023, Train Loss: 0.8124551, Train Acc: 0.7574074, Test Acc: 0.6000000
Epoch: 024, Train Loss: 0.8481341, Train Acc: 0.7277778, Test Acc: 0.5833333
Epoch: 025, Train Loss: 0.8010118, Train Acc: 0.7425926, Test Acc: 0.6333333
Epoch: 026, Train Loss: 1.0044802, Train Acc: 0.5944444, Test Acc: 0.4166667
Epoch: 027, Train Loss: 0.6939717, Train Acc: 0.7796296, Test Acc: 0.6000000
Epoch: 028, Train Loss: 0.8723226, Train Acc: 0.6740741, Test Acc: 0.5000000
Epoch: 029, Train Loss: 0.8275520, Train Acc: 0.6592593, Test Acc: 0.5000000
Epoch: 030, Train Loss: 0.9393073, Train Acc: 0.6037037, Test Acc: 0.5333333
Epoch: 031, Train Loss: 0.6231011, Train Acc: 0.7870370, Test Acc: 0.5333333
Epoch: 032, Train Loss: 0.4419461, Train Acc: 0.9185185, Test Acc: 0.7000000
Epoch: 033, Train Loss: 0.4568303, Train Acc: 0.8722222, Test Acc: 0.7333333
Epoch: 034, Train Loss: 0.3926658, Train Acc: 0.8888889, Test Acc: 0.7500000
Epoch: 035, Train Loss: 0.6349530, Train Acc: 0.7462963, Test Acc: 0.5833333
Epoch: 036, Train Loss: 0.9298931, Train Acc: 0.6407407, Test Acc: 0.5500000
Epoch: 037, Train Loss: 0.4976534, Train Acc: 0.8240741, Test Acc: 0.6500000
Epoch: 038, Train Loss: 0.4354315, Train Acc: 0.8407407, Test Acc: 0.5500000
Epoch: 039, Train Loss: 0.2626781, Train Acc: 0.9462963, Test Acc: 0.6833333
Epoch: 040, Train Loss: 0.2119434, Train Acc: 0.9685185, Test Acc: 0.7500000
Epoch: 041, Train Loss: 0.2444134, Train Acc: 0.9425926, Test Acc: 0.7500000
Epoch: 042, Train Loss: 0.1781842, Train Acc: 0.9685185, Test Acc: 0.7166667
Epoch: 043, Train Loss: 0.1520872, Train Acc: 0.9777778, Test Acc: 0.7666667
Epoch: 044, Train Loss: 0.1023954, Train Acc: 0.9944444, Test Acc: 0.7833333
Epoch: 045, Train Loss: 0.6049663, Train Acc: 0.8037037, Test Acc: 0.6166667
Epoch: 046, Train Loss: 0.1861950, Train Acc: 0.9537037, Test Acc: 0.7000000
Epoch: 047, Train Loss: 0.2393693, Train Acc: 0.9259259, Test Acc: 0.7000000
Epoch: 048, Train Loss: 0.1801826, Train Acc: 0.9574074, Test Acc: 0.7666667
Epoch: 049, Train Loss: 0.2329841, Train Acc: 0.9314815, Test Acc: 0.6166667
Epoch: 050, Train Loss: 0.2155314, Train Acc: 0.9388889, Test Acc: 0.7166667
Epoch: 051, Train Loss: 0.1921961, Train Acc: 0.9574074, Test Acc: 0.6833333
Epoch: 052, Train Loss: 0.1864103, Train Acc: 0.9500000, Test Acc: 0.7000000
Epoch: 053, Train Loss: 0.0676923, Train Acc: 0.9981481, Test Acc: 0.8000000
Epoch: 054, Train Loss: 0.0331642, Train Acc: 1.0000000, Test Acc: 0.8000000
Epoch: 055, Train Loss: 0.0358222, Train Acc: 0.9981481, Test Acc: 0.7500000
Epoch: 056, Train Loss: 0.0232820, Train Acc: 1.0000000, Test Acc: 0.8000000
Epoch: 057, Train Loss: 0.0204387, Train Acc: 1.0000000, Test Acc: 0.8000000
Epoch: 058, Train Loss: 0.0142021, Train Acc: 1.0000000, Test Acc: 0.8000000
Epoch: 059, Train Loss: 0.0124595, Train Acc: 1.0000000, Test Acc: 0.8000000
Epoch: 060, Train Loss: 0.0114129, Train Acc: 1.0000000, Test Acc: 0.7666667
Epoch: 061, Train Loss: 0.0114685, Train Acc: 1.0000000, Test Acc: 0.8000000
Epoch: 062, Train Loss: 0.0122758, Train Acc: 1.0000000, Test Acc: 0.8166667
Epoch: 063, Train Loss: 0.0182935, Train Acc: 0.9981481, Test Acc: 0.7333333
Epoch: 064, Train Loss: 0.0124719, Train Acc: 1.0000000, Test Acc: 0.7166667
Epoch: 065, Train Loss: 0.0139492, Train Acc: 1.0000000, Test Acc: 0.7833333
Epoch: 066, Train Loss: 0.0093003, Train Acc: 1.0000000, Test Acc: 0.7833333
Epoch: 067, Train Loss: 0.0079431, Train Acc: 1.0000000, Test Acc: 0.7833333
Epoch: 068, Train Loss: 0.0066702, Train Acc: 1.0000000, Test Acc: 0.7666667
Epoch: 069, Train Loss: 0.0066441, Train Acc: 1.0000000, Test Acc: 0.7666667
Epoch: 070, Train Loss: 0.0062153, Train Acc: 1.0000000, Test Acc: 0.7833333
Epoch: 071, Train Loss: 0.0058850, Train Acc: 1.0000000, Test Acc: 0.8000000
Epoch: 072, Train Loss: 0.0054599, Train Acc: 1.0000000, Test Acc: 0.7833333
Epoch: 073, Train Loss: 0.0051457, Train Acc: 1.0000000, Test Acc: 0.7833333
Epoch: 074, Train Loss: 0.0050163, Train Acc: 1.0000000, Test Acc: 0.7666667
Epoch: 075, Train Loss: 0.0046390, Train Acc: 1.0000000, Test Acc: 0.7833333
Epoch: 076, Train Loss: 0.0045342, Train Acc: 1.0000000, Test Acc: 0.7833333
Epoch: 077, Train Loss: 0.0042222, Train Acc: 1.0000000, Test Acc: 0.7666667
Epoch: 078, Train Loss: 0.0042375, Train Acc: 1.0000000, Test Acc: 0.7666667
Epoch: 079, Train Loss: 0.0044907, Train Acc: 1.0000000, Test Acc: 0.8000000
Epoch: 080, Train Loss: 0.0040326, Train Acc: 1.0000000, Test Acc: 0.8000000
Epoch: 081, Train Loss: 0.0042788, Train Acc: 1.0000000, Test Acc: 0.8000000
Epoch: 082, Train Loss: 0.0036598, Train Acc: 1.0000000, Test Acc: 0.7666667
Epoch: 083, Train Loss: 0.0036193, Train Acc: 1.0000000, Test Acc: 0.7833333
Epoch: 084, Train Loss: 0.0035491, Train Acc: 1.0000000, Test Acc: 0.7833333
Epoch: 085, Train Loss: 0.0033731, Train Acc: 1.0000000, Test Acc: 0.7666667
Epoch: 086, Train Loss: 0.0032294, Train Acc: 1.0000000, Test Acc: 0.7666667
Epoch: 087, Train Loss: 0.0030197, Train Acc: 1.0000000, Test Acc: 0.7833333
Epoch: 088, Train Loss: 0.0031165, Train Acc: 1.0000000, Test Acc: 0.7833333
Epoch: 089, Train Loss: 0.0029143, Train Acc: 1.0000000, Test Acc: 0.7666667
Epoch: 090, Train Loss: 0.0026705, Train Acc: 1.0000000, Test Acc: 0.7833333
Epoch: 091, Train Loss: 0.0026460, Train Acc: 1.0000000, Test Acc: 0.7833333
Epoch: 092, Train Loss: 0.0030289, Train Acc: 1.0000000, Test Acc: 0.7833333
Epoch: 093, Train Loss: 0.0026991, Train Acc: 1.0000000, Test Acc: 0.7833333
Epoch: 094, Train Loss: 0.0024506, Train Acc: 1.0000000, Test Acc: 0.7833333
Epoch: 095, Train Loss: 0.0024006, Train Acc: 1.0000000, Test Acc: 0.7666667
Epoch: 096, Train Loss: 0.0024476, Train Acc: 1.0000000, Test Acc: 0.7666667
Epoch: 097, Train Loss: 0.0023178, Train Acc: 1.0000000, Test Acc: 0.7833333
Epoch: 098, Train Loss: 0.0021905, Train Acc: 1.0000000, Test Acc: 0.7833333
Epoch: 099, Train Loss: 0.0020470, Train Acc: 1.0000000, Test Acc: 0.7833333
Epoch: 100, Train Loss: 0.0020421, Train Acc: 1.0000000, Test Acc: 0.7666667
Epoch: 101, Train Loss: 0.0021083, Train Acc: 1.0000000, Test Acc: 0.7666667
Epoch: 102, Train Loss: 0.0020708, Train Acc: 1.0000000, Test Acc: 0.7666667
Epoch: 103, Train Loss: 0.0019902, Train Acc: 1.0000000, Test Acc: 0.7833333
Epoch: 104, Train Loss: 0.0019933, Train Acc: 1.0000000, Test Acc: 0.7833333
Epoch: 105, Train Loss: 0.0019532, Train Acc: 1.0000000, Test Acc: 0.7833333
Epoch: 106, Train Loss: 0.0019058, Train Acc: 1.0000000, Test Acc: 0.7833333
Epoch: 107, Train Loss: 0.0018898, Train Acc: 1.0000000, Test Acc: 0.7833333
Epoch: 108, Train Loss: 0.0018289, Train Acc: 1.0000000, Test Acc: 0.7666667
Epoch: 109, Train Loss: 0.0017586, Train Acc: 1.0000000, Test Acc: 0.7666667
Epoch: 110, Train Loss: 0.0018806, Train Acc: 1.0000000, Test Acc: 0.7833333
Epoch: 111, Train Loss: 0.0018008, Train Acc: 1.0000000, Test Acc: 0.7833333
Epoch: 112, Train Loss: 0.0017295, Train Acc: 1.0000000, Test Acc: 0.7833333
Epoch: 113, Train Loss: 0.0017898, Train Acc: 1.0000000, Test Acc: 0.7833333
Epoch: 114, Train Loss: 0.0017251, Train Acc: 1.0000000, Test Acc: 0.7833333
Epoch: 115, Train Loss: 0.0016300, Train Acc: 1.0000000, Test Acc: 0.7833333
Epoch: 116, Train Loss: 0.0015729, Train Acc: 1.0000000, Test Acc: 0.7833333
Epoch: 117, Train Loss: 0.0016171, Train Acc: 1.0000000, Test Acc: 0.7666667
Epoch: 118, Train Loss: 0.0016187, Train Acc: 1.0000000, Test Acc: 0.7666667
Epoch: 119, Train Loss: 0.0015450, Train Acc: 1.0000000, Test Acc: 0.7833333
Epoch: 120, Train Loss: 0.0015626, Train Acc: 1.0000000, Test Acc: 0.7833333
Epoch: 121, Train Loss: 0.0015340, Train Acc: 1.0000000, Test Acc: 0.7833333
Epoch: 122, Train Loss: 0.0016164, Train Acc: 1.0000000, Test Acc: 0.7833333
Epoch: 123, Train Loss: 0.0014796, Train Acc: 1.0000000, Test Acc: 0.7833333
Epoch: 124, Train Loss: 0.0015153, Train Acc: 1.0000000, Test Acc: 0.7833333
Epoch: 125, Train Loss: 0.0014818, Train Acc: 1.0000000, Test Acc: 0.7833333
Epoch: 126, Train Loss: 0.0013712, Train Acc: 1.0000000, Test Acc: 0.7833333
Epoch: 127, Train Loss: 0.0013946, Train Acc: 1.0000000, Test Acc: 0.7833333
Epoch: 128, Train Loss: 0.0013389, Train Acc: 1.0000000, Test Acc: 0.7833333
Epoch: 129, Train Loss: 0.0012913, Train Acc: 1.0000000, Test Acc: 0.7833333
Epoch: 130, Train Loss: 0.0012390, Train Acc: 1.0000000, Test Acc: 0.7833333
Epoch: 131, Train Loss: 0.0012932, Train Acc: 1.0000000, Test Acc: 0.7833333
Epoch: 132, Train Loss: 0.0012678, Train Acc: 1.0000000, Test Acc: 0.7833333
Epoch: 133, Train Loss: 0.0011934, Train Acc: 1.0000000, Test Acc: 0.7833333
Epoch: 134, Train Loss: 0.0011872, Train Acc: 1.0000000, Test Acc: 0.7833333
Epoch: 135, Train Loss: 0.0011709, Train Acc: 1.0000000, Test Acc: 0.7833333
Epoch: 136, Train Loss: 0.0013813, Train Acc: 1.0000000, Test Acc: 0.7833333
Epoch: 137, Train Loss: 0.0012319, Train Acc: 1.0000000, Test Acc: 0.7833333
Epoch: 138, Train Loss: 0.0012014, Train Acc: 1.0000000, Test Acc: 0.7833333
Epoch: 139, Train Loss: 0.0011584, Train Acc: 1.0000000, Test Acc: 0.7833333
Epoch: 140, Train Loss: 0.0011765, Train Acc: 1.0000000, Test Acc: 0.7833333
Epoch: 141, Train Loss: 0.0012343, Train Acc: 1.0000000, Test Acc: 0.7833333
Epoch: 142, Train Loss: 0.0011330, Train Acc: 1.0000000, Test Acc: 0.7833333
Epoch: 143, Train Loss: 0.0011778, Train Acc: 1.0000000, Test Acc: 0.7833333
Epoch: 144, Train Loss: 0.0011753, Train Acc: 1.0000000, Test Acc: 0.7833333
Epoch: 145, Train Loss: 0.0011112, Train Acc: 1.0000000, Test Acc: 0.7833333
Epoch: 146, Train Loss: 0.0010846, Train Acc: 1.0000000, Test Acc: 0.7833333
Epoch: 147, Train Loss: 0.0010724, Train Acc: 1.0000000, Test Acc: 0.7833333
Epoch: 148, Train Loss: 0.0010059, Train Acc: 1.0000000, Test Acc: 0.7833333
Epoch: 149, Train Loss: 0.0009885, Train Acc: 1.0000000, Test Acc: 0.7833333
Epoch: 150, Train Loss: 0.0009866, Train Acc: 1.0000000, Test Acc: 0.7833333
Epoch: 151, Train Loss: 0.0009749, Train Acc: 1.0000000, Test Acc: 0.7833333
Epoch: 152, Train Loss: 0.0009787, Train Acc: 1.0000000, Test Acc: 0.7833333
Epoch: 153, Train Loss: 0.0010038, Train Acc: 1.0000000, Test Acc: 0.7833333
Epoch: 154, Train Loss: 0.0010689, Train Acc: 1.0000000, Test Acc: 0.7833333
Epoch: 155, Train Loss: 0.0010246, Train Acc: 1.0000000, Test Acc: 0.7833333
Epoch: 156, Train Loss: 0.0009759, Train Acc: 1.0000000, Test Acc: 0.7833333
Epoch: 157, Train Loss: 0.0009370, Train Acc: 1.0000000, Test Acc: 0.7833333
Epoch: 158, Train Loss: 0.0010637, Train Acc: 1.0000000, Test Acc: 0.7833333
Epoch: 159, Train Loss: 0.0009674, Train Acc: 1.0000000, Test Acc: 0.7833333
Epoch: 160, Train Loss: 0.0009382, Train Acc: 1.0000000, Test Acc: 0.7833333
Epoch: 161, Train Loss: 0.0009805, Train Acc: 1.0000000, Test Acc: 0.7833333
Epoch: 162, Train Loss: 0.0010015, Train Acc: 1.0000000, Test Acc: 0.7833333
Epoch: 163, Train Loss: 0.0010404, Train Acc: 1.0000000, Test Acc: 0.7833333
Epoch: 164, Train Loss: 0.0009444, Train Acc: 1.0000000, Test Acc: 0.7666667
Epoch: 165, Train Loss: 0.0009232, Train Acc: 1.0000000, Test Acc: 0.7666667
Epoch: 166, Train Loss: 0.0009068, Train Acc: 1.0000000, Test Acc: 0.7666667
Epoch: 167, Train Loss: 0.0009952, Train Acc: 1.0000000, Test Acc: 0.7833333
Epoch: 168, Train Loss: 0.0009221, Train Acc: 1.0000000, Test Acc: 0.7833333
Epoch: 169, Train Loss: 0.0009098, Train Acc: 1.0000000, Test Acc: 0.7666667
Epoch: 170, Train Loss: 0.0008753, Train Acc: 1.0000000, Test Acc: 0.7833333
Epoch: 171, Train Loss: 0.0008367, Train Acc: 1.0000000, Test Acc: 0.7833333
Epoch: 172, Train Loss: 0.0008490, Train Acc: 1.0000000, Test Acc: 0.7833333
Epoch: 173, Train Loss: 0.0008042, Train Acc: 1.0000000, Test Acc: 0.7833333
Epoch: 174, Train Loss: 0.0007781, Train Acc: 1.0000000, Test Acc: 0.7833333
Epoch: 175, Train Loss: 0.0007772, Train Acc: 1.0000000, Test Acc: 0.7833333
Epoch: 176, Train Loss: 0.0008154, Train Acc: 1.0000000, Test Acc: 0.7833333
Epoch: 177, Train Loss: 0.0008286, Train Acc: 1.0000000, Test Acc: 0.7833333
Epoch: 178, Train Loss: 0.0008364, Train Acc: 1.0000000, Test Acc: 0.7833333
Epoch: 179, Train Loss: 0.0007808, Train Acc: 1.0000000, Test Acc: 0.7833333
Epoch: 180, Train Loss: 0.0007817, Train Acc: 1.0000000, Test Acc: 0.7833333
Epoch: 181, Train Loss: 0.0007936, Train Acc: 1.0000000, Test Acc: 0.7666667
Epoch: 182, Train Loss: 0.0007711, Train Acc: 1.0000000, Test Acc: 0.7833333
Epoch: 183, Train Loss: 0.0007873, Train Acc: 1.0000000, Test Acc: 0.7833333
Epoch: 184, Train Loss: 0.0007936, Train Acc: 1.0000000, Test Acc: 0.7833333
Epoch: 185, Train Loss: 0.0007343, Train Acc: 1.0000000, Test Acc: 0.7833333
Epoch: 186, Train Loss: 0.0007433, Train Acc: 1.0000000, Test Acc: 0.7833333
Epoch: 187, Train Loss: 0.0007468, Train Acc: 1.0000000, Test Acc: 0.7666667
Epoch: 188, Train Loss: 0.0007789, Train Acc: 1.0000000, Test Acc: 0.7666667
Epoch: 189, Train Loss: 0.0007305, Train Acc: 1.0000000, Test Acc: 0.7666667
Epoch: 190, Train Loss: 0.0007514, Train Acc: 1.0000000, Test Acc: 0.7833333
Epoch: 191, Train Loss: 0.0007187, Train Acc: 1.0000000, Test Acc: 0.7833333
Epoch: 192, Train Loss: 0.0006941, Train Acc: 1.0000000, Test Acc: 0.7833333
Epoch: 193, Train Loss: 0.0007091, Train Acc: 1.0000000, Test Acc: 0.7833333
Epoch: 194, Train Loss: 0.0007123, Train Acc: 1.0000000, Test Acc: 0.7666667
Epoch: 195, Train Loss: 0.0007026, Train Acc: 1.0000000, Test Acc: 0.7833333
Epoch: 196, Train Loss: 0.0006827, Train Acc: 1.0000000, Test Acc: 0.7833333
Epoch: 197, Train Loss: 0.0006711, Train Acc: 1.0000000, Test Acc: 0.7833333
Epoch: 198, Train Loss: 0.0006634, Train Acc: 1.0000000, Test Acc: 0.7833333
Epoch: 199, Train Loss: 0.0006583, Train Acc: 1.0000000, Test Acc: 0.7833333
Epoch: 200, Train Loss: 0.0007641, Train Acc: 1.0000000, Test Acc: 0.7833333
--------
Best Test Acc:   0.75_0.06666666666666665, Epoch: 61
Best Train Loss: 0.0005758376559242607_8.244859011567854e-05
Best Train Acc:  1.0_0.0
FOLD2, ENZYMES, 1672752923/5550c7a_GSOE[-0.15, -0.2, -0.25, -0.3, -0.35, -0.4]P[[1, 6], [1, 6], [1, 6], [1, 8], [1, 8], [1, 8]]I1_ReLU_X_6_256_0_0.001_50_0.6_B64S0W8, BT=0.75_0.06666666666666665, BE=61, ID=5550c7a449f3b4116970d9d7caeb5ab686e3e08f
train_set : test_set = %d : %d 540 60
-------- FOLD2 DATASET=ENZYMES, COMMIT_ID=5550c7a449f3b4116970d9d7caeb5ab686e3e08f
#Params: 1340678
Epoch: 001, Train Loss: 5.7401075, Train Acc: 0.1870370, Test Acc: 0.2000000
Epoch: 002, Train Loss: 2.6549714, Train Acc: 0.2814815, Test Acc: 0.2500000
Epoch: 003, Train Loss: 1.6933883, Train Acc: 0.2592593, Test Acc: 0.2166667
Epoch: 004, Train Loss: 1.5995510, Train Acc: 0.3796296, Test Acc: 0.2666667
Epoch: 005, Train Loss: 1.6967005, Train Acc: 0.3444444, Test Acc: 0.3333333
Epoch: 006, Train Loss: 1.7503787, Train Acc: 0.3370370, Test Acc: 0.2333333
Epoch: 007, Train Loss: 1.4112744, Train Acc: 0.4777778, Test Acc: 0.4000000
Epoch: 008, Train Loss: 1.5847408, Train Acc: 0.3814815, Test Acc: 0.3666667
Epoch: 009, Train Loss: 1.3842674, Train Acc: 0.4444444, Test Acc: 0.3666667
Epoch: 010, Train Loss: 1.6760177, Train Acc: 0.3870370, Test Acc: 0.2666667
Epoch: 011, Train Loss: 1.4136222, Train Acc: 0.4648148, Test Acc: 0.3166667
Epoch: 012, Train Loss: 1.2931899, Train Acc: 0.5740741, Test Acc: 0.3500000
Epoch: 013, Train Loss: 1.2190725, Train Acc: 0.5907407, Test Acc: 0.3666667
Epoch: 014, Train Loss: 1.2582091, Train Acc: 0.4925926, Test Acc: 0.3666667
Epoch: 015, Train Loss: 1.3390640, Train Acc: 0.5222222, Test Acc: 0.3666667
Epoch: 016, Train Loss: 1.1479215, Train Acc: 0.5370370, Test Acc: 0.3166667
Epoch: 017, Train Loss: 1.2117079, Train Acc: 0.5703704, Test Acc: 0.3666667
Epoch: 018, Train Loss: 1.3627962, Train Acc: 0.4518519, Test Acc: 0.3000000
Epoch: 019, Train Loss: 0.9223526, Train Acc: 0.7148148, Test Acc: 0.4166667
Epoch: 020, Train Loss: 1.0397019, Train Acc: 0.6370370, Test Acc: 0.3500000
Epoch: 021, Train Loss: 0.7912334, Train Acc: 0.7555556, Test Acc: 0.4833333
Epoch: 022, Train Loss: 0.7154362, Train Acc: 0.8092593, Test Acc: 0.4500000
Epoch: 023, Train Loss: 0.7798652, Train Acc: 0.7277778, Test Acc: 0.4500000
Epoch: 024, Train Loss: 0.7182401, Train Acc: 0.7888889, Test Acc: 0.5000000
Epoch: 025, Train Loss: 0.8926670, Train Acc: 0.6777778, Test Acc: 0.4000000
Epoch: 026, Train Loss: 0.6845719, Train Acc: 0.7500000, Test Acc: 0.4833333
Epoch: 027, Train Loss: 0.7657463, Train Acc: 0.7611111, Test Acc: 0.4666667
Epoch: 028, Train Loss: 1.0062822, Train Acc: 0.7277778, Test Acc: 0.4000000
Epoch: 029, Train Loss: 0.5329323, Train Acc: 0.8351852, Test Acc: 0.4500000
Epoch: 030, Train Loss: 0.5402614, Train Acc: 0.8222222, Test Acc: 0.4333333
Epoch: 031, Train Loss: 0.6566089, Train Acc: 0.7888889, Test Acc: 0.4166667
Epoch: 032, Train Loss: 1.0581474, Train Acc: 0.5981481, Test Acc: 0.4500000
Epoch: 033, Train Loss: 0.3073954, Train Acc: 0.9314815, Test Acc: 0.4833333
Epoch: 034, Train Loss: 0.3199139, Train Acc: 0.9148148, Test Acc: 0.4833333
Epoch: 035, Train Loss: 0.5520999, Train Acc: 0.8333333, Test Acc: 0.5000000
Epoch: 036, Train Loss: 0.3408392, Train Acc: 0.8925926, Test Acc: 0.4833333
Epoch: 037, Train Loss: 0.3242731, Train Acc: 0.8962963, Test Acc: 0.3833333
Epoch: 038, Train Loss: 0.2949791, Train Acc: 0.9129630, Test Acc: 0.4166667
Epoch: 039, Train Loss: 0.3180510, Train Acc: 0.8870370, Test Acc: 0.5500000
Epoch: 040, Train Loss: 0.2608367, Train Acc: 0.9185185, Test Acc: 0.5333333
Epoch: 041, Train Loss: 0.2613169, Train Acc: 0.9129630, Test Acc: 0.5000000
Epoch: 042, Train Loss: 0.2857161, Train Acc: 0.9277778, Test Acc: 0.4500000
Epoch: 043, Train Loss: 0.1335325, Train Acc: 0.9814815, Test Acc: 0.5000000
Epoch: 044, Train Loss: 0.1733290, Train Acc: 0.9500000, Test Acc: 0.4666667
Epoch: 045, Train Loss: 0.0654516, Train Acc: 0.9981481, Test Acc: 0.5166667
Epoch: 046, Train Loss: 0.0687611, Train Acc: 0.9962963, Test Acc: 0.5666667
Epoch: 047, Train Loss: 0.0421451, Train Acc: 0.9981481, Test Acc: 0.5166667
Epoch: 048, Train Loss: 0.0516965, Train Acc: 0.9981481, Test Acc: 0.5166667
Epoch: 049, Train Loss: 0.1332426, Train Acc: 0.9666667, Test Acc: 0.5000000
Epoch: 050, Train Loss: 0.1314574, Train Acc: 0.9666667, Test Acc: 0.4833333
Epoch: 051, Train Loss: 0.0610377, Train Acc: 0.9907407, Test Acc: 0.5166667
Epoch: 052, Train Loss: 0.0310244, Train Acc: 0.9962963, Test Acc: 0.5166667
Epoch: 053, Train Loss: 0.0171812, Train Acc: 1.0000000, Test Acc: 0.5333333
Epoch: 054, Train Loss: 0.0163695, Train Acc: 1.0000000, Test Acc: 0.5833333
Epoch: 055, Train Loss: 0.0150654, Train Acc: 1.0000000, Test Acc: 0.5333333
Epoch: 056, Train Loss: 0.0095988, Train Acc: 1.0000000, Test Acc: 0.5166667
Epoch: 057, Train Loss: 0.0087261, Train Acc: 1.0000000, Test Acc: 0.5666667
Epoch: 058, Train Loss: 0.0080193, Train Acc: 1.0000000, Test Acc: 0.5333333
Epoch: 059, Train Loss: 0.0077355, Train Acc: 1.0000000, Test Acc: 0.5333333
Epoch: 060, Train Loss: 0.0071377, Train Acc: 1.0000000, Test Acc: 0.5333333
Epoch: 061, Train Loss: 0.0062483, Train Acc: 1.0000000, Test Acc: 0.5500000
Epoch: 062, Train Loss: 0.0056776, Train Acc: 1.0000000, Test Acc: 0.5500000
Epoch: 063, Train Loss: 0.0055267, Train Acc: 1.0000000, Test Acc: 0.5166667
Epoch: 064, Train Loss: 0.0052467, Train Acc: 1.0000000, Test Acc: 0.5166667
Epoch: 065, Train Loss: 0.0049707, Train Acc: 1.0000000, Test Acc: 0.5166667
Epoch: 066, Train Loss: 0.0049605, Train Acc: 1.0000000, Test Acc: 0.5333333
Epoch: 067, Train Loss: 0.0047009, Train Acc: 1.0000000, Test Acc: 0.5166667
Epoch: 068, Train Loss: 0.0046825, Train Acc: 1.0000000, Test Acc: 0.5166667
Epoch: 069, Train Loss: 0.0044799, Train Acc: 1.0000000, Test Acc: 0.5166667
Epoch: 070, Train Loss: 0.0043644, Train Acc: 1.0000000, Test Acc: 0.5166667
Epoch: 071, Train Loss: 0.0040672, Train Acc: 1.0000000, Test Acc: 0.5166667
Epoch: 072, Train Loss: 0.0040120, Train Acc: 1.0000000, Test Acc: 0.5166667
Epoch: 073, Train Loss: 0.0040520, Train Acc: 1.0000000, Test Acc: 0.5166667
Epoch: 074, Train Loss: 0.0037678, Train Acc: 1.0000000, Test Acc: 0.5166667
Epoch: 075, Train Loss: 0.0035962, Train Acc: 1.0000000, Test Acc: 0.5166667
Epoch: 076, Train Loss: 0.0037131, Train Acc: 1.0000000, Test Acc: 0.5166667
Epoch: 077, Train Loss: 0.0033469, Train Acc: 1.0000000, Test Acc: 0.5166667
Epoch: 078, Train Loss: 0.0035030, Train Acc: 1.0000000, Test Acc: 0.5166667
Epoch: 079, Train Loss: 0.0048602, Train Acc: 1.0000000, Test Acc: 0.5333333
Epoch: 080, Train Loss: 0.0031157, Train Acc: 1.0000000, Test Acc: 0.5166667
Epoch: 081, Train Loss: 0.0028830, Train Acc: 1.0000000, Test Acc: 0.5166667
Epoch: 082, Train Loss: 0.0028879, Train Acc: 1.0000000, Test Acc: 0.5166667
Epoch: 083, Train Loss: 0.0028109, Train Acc: 1.0000000, Test Acc: 0.5166667
Epoch: 084, Train Loss: 0.0026792, Train Acc: 1.0000000, Test Acc: 0.5166667
Epoch: 085, Train Loss: 0.0025859, Train Acc: 1.0000000, Test Acc: 0.5166667
Epoch: 086, Train Loss: 0.0028985, Train Acc: 1.0000000, Test Acc: 0.5166667
Epoch: 087, Train Loss: 0.0026537, Train Acc: 1.0000000, Test Acc: 0.5166667
Epoch: 088, Train Loss: 0.0024730, Train Acc: 1.0000000, Test Acc: 0.5000000
Epoch: 089, Train Loss: 0.0023355, Train Acc: 1.0000000, Test Acc: 0.5166667
Epoch: 090, Train Loss: 0.0022741, Train Acc: 1.0000000, Test Acc: 0.5166667
Epoch: 091, Train Loss: 0.0022228, Train Acc: 1.0000000, Test Acc: 0.5166667
Epoch: 092, Train Loss: 0.0021282, Train Acc: 1.0000000, Test Acc: 0.5333333
Epoch: 093, Train Loss: 0.0023313, Train Acc: 1.0000000, Test Acc: 0.5333333
Epoch: 094, Train Loss: 0.0023355, Train Acc: 1.0000000, Test Acc: 0.5500000
Epoch: 095, Train Loss: 0.0021338, Train Acc: 1.0000000, Test Acc: 0.5166667
Epoch: 096, Train Loss: 0.0020335, Train Acc: 1.0000000, Test Acc: 0.5166667
Epoch: 097, Train Loss: 0.0018934, Train Acc: 1.0000000, Test Acc: 0.5166667
Epoch: 098, Train Loss: 0.0018496, Train Acc: 1.0000000, Test Acc: 0.5166667
Epoch: 099, Train Loss: 0.0018242, Train Acc: 1.0000000, Test Acc: 0.5166667
Epoch: 100, Train Loss: 0.0017344, Train Acc: 1.0000000, Test Acc: 0.5166667
Epoch: 101, Train Loss: 0.0017604, Train Acc: 1.0000000, Test Acc: 0.5166667
Epoch: 102, Train Loss: 0.0016982, Train Acc: 1.0000000, Test Acc: 0.5166667
Epoch: 103, Train Loss: 0.0016243, Train Acc: 1.0000000, Test Acc: 0.5166667
Epoch: 104, Train Loss: 0.0015939, Train Acc: 1.0000000, Test Acc: 0.5166667
Epoch: 105, Train Loss: 0.0015909, Train Acc: 1.0000000, Test Acc: 0.5166667
Epoch: 106, Train Loss: 0.0014991, Train Acc: 1.0000000, Test Acc: 0.5166667
Epoch: 107, Train Loss: 0.0015738, Train Acc: 1.0000000, Test Acc: 0.5166667
Epoch: 108, Train Loss: 0.0016175, Train Acc: 1.0000000, Test Acc: 0.5333333
Epoch: 109, Train Loss: 0.0015133, Train Acc: 1.0000000, Test Acc: 0.5333333
Epoch: 110, Train Loss: 0.0015771, Train Acc: 1.0000000, Test Acc: 0.5500000
Epoch: 111, Train Loss: 0.0014799, Train Acc: 1.0000000, Test Acc: 0.5166667
Epoch: 112, Train Loss: 0.0014549, Train Acc: 1.0000000, Test Acc: 0.5166667
Epoch: 113, Train Loss: 0.0014011, Train Acc: 1.0000000, Test Acc: 0.5166667
Epoch: 114, Train Loss: 0.0014161, Train Acc: 1.0000000, Test Acc: 0.5166667
Epoch: 115, Train Loss: 0.0013639, Train Acc: 1.0000000, Test Acc: 0.5166667
Epoch: 116, Train Loss: 0.0013327, Train Acc: 1.0000000, Test Acc: 0.5166667
Epoch: 117, Train Loss: 0.0013115, Train Acc: 1.0000000, Test Acc: 0.5166667
Epoch: 118, Train Loss: 0.0013258, Train Acc: 1.0000000, Test Acc: 0.5166667
Epoch: 119, Train Loss: 0.0012881, Train Acc: 1.0000000, Test Acc: 0.5166667
Epoch: 120, Train Loss: 0.0013047, Train Acc: 1.0000000, Test Acc: 0.5166667
Epoch: 121, Train Loss: 0.0013072, Train Acc: 1.0000000, Test Acc: 0.5166667
Epoch: 122, Train Loss: 0.0012457, Train Acc: 1.0000000, Test Acc: 0.5166667
Epoch: 123, Train Loss: 0.0012860, Train Acc: 1.0000000, Test Acc: 0.5166667
Epoch: 124, Train Loss: 0.0012076, Train Acc: 1.0000000, Test Acc: 0.5166667
Epoch: 125, Train Loss: 0.0011849, Train Acc: 1.0000000, Test Acc: 0.5333333
Epoch: 126, Train Loss: 0.0012155, Train Acc: 1.0000000, Test Acc: 0.5166667
Epoch: 127, Train Loss: 0.0012909, Train Acc: 1.0000000, Test Acc: 0.5166667
Epoch: 128, Train Loss: 0.0012213, Train Acc: 1.0000000, Test Acc: 0.5166667
Epoch: 129, Train Loss: 0.0012519, Train Acc: 1.0000000, Test Acc: 0.5166667
Epoch: 130, Train Loss: 0.0011740, Train Acc: 1.0000000, Test Acc: 0.5166667
Epoch: 131, Train Loss: 0.0011789, Train Acc: 1.0000000, Test Acc: 0.5166667
Epoch: 132, Train Loss: 0.0010916, Train Acc: 1.0000000, Test Acc: 0.5166667
Epoch: 133, Train Loss: 0.0010395, Train Acc: 1.0000000, Test Acc: 0.5166667
Epoch: 134, Train Loss: 0.0010949, Train Acc: 1.0000000, Test Acc: 0.5166667
Epoch: 135, Train Loss: 0.0010810, Train Acc: 1.0000000, Test Acc: 0.5166667
Epoch: 136, Train Loss: 0.0010533, Train Acc: 1.0000000, Test Acc: 0.5333333
Epoch: 137, Train Loss: 0.0011278, Train Acc: 1.0000000, Test Acc: 0.5166667
Epoch: 138, Train Loss: 0.0011354, Train Acc: 1.0000000, Test Acc: 0.5166667
Epoch: 139, Train Loss: 0.0010643, Train Acc: 1.0000000, Test Acc: 0.5166667
Epoch: 140, Train Loss: 0.0010520, Train Acc: 1.0000000, Test Acc: 0.5333333
Epoch: 141, Train Loss: 0.0010055, Train Acc: 1.0000000, Test Acc: 0.5333333
Epoch: 142, Train Loss: 0.0016290, Train Acc: 1.0000000, Test Acc: 0.5333333
Epoch: 143, Train Loss: 0.0011593, Train Acc: 1.0000000, Test Acc: 0.5000000
Epoch: 144, Train Loss: 0.0011516, Train Acc: 1.0000000, Test Acc: 0.5166667
Epoch: 145, Train Loss: 0.0010394, Train Acc: 1.0000000, Test Acc: 0.5166667
Epoch: 146, Train Loss: 0.0009868, Train Acc: 1.0000000, Test Acc: 0.5166667
Epoch: 147, Train Loss: 0.0009400, Train Acc: 1.0000000, Test Acc: 0.5166667
Epoch: 148, Train Loss: 0.0008968, Train Acc: 1.0000000, Test Acc: 0.5333333
Epoch: 149, Train Loss: 0.0008620, Train Acc: 1.0000000, Test Acc: 0.5333333
Epoch: 150, Train Loss: 0.0009721, Train Acc: 1.0000000, Test Acc: 0.5166667
Epoch: 151, Train Loss: 0.0009274, Train Acc: 1.0000000, Test Acc: 0.5333333
Epoch: 152, Train Loss: 0.0008984, Train Acc: 1.0000000, Test Acc: 0.5166667
Epoch: 153, Train Loss: 0.0008915, Train Acc: 1.0000000, Test Acc: 0.5333333
Epoch: 154, Train Loss: 0.0008763, Train Acc: 1.0000000, Test Acc: 0.5333333
Epoch: 155, Train Loss: 0.0008475, Train Acc: 1.0000000, Test Acc: 0.5166667
Epoch: 156, Train Loss: 0.0008383, Train Acc: 1.0000000, Test Acc: 0.5333333
Epoch: 157, Train Loss: 0.0008162, Train Acc: 1.0000000, Test Acc: 0.5166667
Epoch: 158, Train Loss: 0.0008629, Train Acc: 1.0000000, Test Acc: 0.5166667
Epoch: 159, Train Loss: 0.0008392, Train Acc: 1.0000000, Test Acc: 0.5166667
Epoch: 160, Train Loss: 0.0008406, Train Acc: 1.0000000, Test Acc: 0.5166667
Epoch: 161, Train Loss: 0.0008165, Train Acc: 1.0000000, Test Acc: 0.5333333
Epoch: 162, Train Loss: 0.0008331, Train Acc: 1.0000000, Test Acc: 0.5166667
Epoch: 163, Train Loss: 0.0007964, Train Acc: 1.0000000, Test Acc: 0.5166667
Epoch: 164, Train Loss: 0.0008228, Train Acc: 1.0000000, Test Acc: 0.5166667
Epoch: 165, Train Loss: 0.0008241, Train Acc: 1.0000000, Test Acc: 0.5166667
Epoch: 166, Train Loss: 0.0007994, Train Acc: 1.0000000, Test Acc: 0.5333333
Epoch: 167, Train Loss: 0.0007934, Train Acc: 1.0000000, Test Acc: 0.5166667
Epoch: 168, Train Loss: 0.0007965, Train Acc: 1.0000000, Test Acc: 0.5166667
Epoch: 169, Train Loss: 0.0007681, Train Acc: 1.0000000, Test Acc: 0.5166667
Epoch: 170, Train Loss: 0.0007638, Train Acc: 1.0000000, Test Acc: 0.5166667
Epoch: 171, Train Loss: 0.0007393, Train Acc: 1.0000000, Test Acc: 0.5166667
Epoch: 172, Train Loss: 0.0007298, Train Acc: 1.0000000, Test Acc: 0.5166667
Epoch: 173, Train Loss: 0.0007498, Train Acc: 1.0000000, Test Acc: 0.5166667
Epoch: 174, Train Loss: 0.0007507, Train Acc: 1.0000000, Test Acc: 0.5166667
Epoch: 175, Train Loss: 0.0007331, Train Acc: 1.0000000, Test Acc: 0.5166667
Epoch: 176, Train Loss: 0.0007216, Train Acc: 1.0000000, Test Acc: 0.5166667
Epoch: 177, Train Loss: 0.0007319, Train Acc: 1.0000000, Test Acc: 0.5166667
Epoch: 178, Train Loss: 0.0007306, Train Acc: 1.0000000, Test Acc: 0.5166667
Epoch: 179, Train Loss: 0.0007298, Train Acc: 1.0000000, Test Acc: 0.5166667
Epoch: 180, Train Loss: 0.0007122, Train Acc: 1.0000000, Test Acc: 0.5166667
Epoch: 181, Train Loss: 0.0007359, Train Acc: 1.0000000, Test Acc: 0.5166667
Epoch: 182, Train Loss: 0.0007272, Train Acc: 1.0000000, Test Acc: 0.5166667
Epoch: 183, Train Loss: 0.0007145, Train Acc: 1.0000000, Test Acc: 0.5166667
Epoch: 184, Train Loss: 0.0006976, Train Acc: 1.0000000, Test Acc: 0.5000000
Epoch: 185, Train Loss: 0.0006733, Train Acc: 1.0000000, Test Acc: 0.5166667
Epoch: 186, Train Loss: 0.0006908, Train Acc: 1.0000000, Test Acc: 0.5166667
Epoch: 187, Train Loss: 0.0006731, Train Acc: 1.0000000, Test Acc: 0.5166667
Epoch: 188, Train Loss: 0.0006870, Train Acc: 1.0000000, Test Acc: 0.5000000
Epoch: 189, Train Loss: 0.0006546, Train Acc: 1.0000000, Test Acc: 0.5000000
Epoch: 190, Train Loss: 0.0006324, Train Acc: 1.0000000, Test Acc: 0.5166667
Epoch: 191, Train Loss: 0.0006404, Train Acc: 1.0000000, Test Acc: 0.5000000
Epoch: 192, Train Loss: 0.0006450, Train Acc: 1.0000000, Test Acc: 0.5166667
Epoch: 193, Train Loss: 0.0006725, Train Acc: 1.0000000, Test Acc: 0.5166667
Epoch: 194, Train Loss: 0.0006554, Train Acc: 1.0000000, Test Acc: 0.5166667
Epoch: 195, Train Loss: 0.0006412, Train Acc: 1.0000000, Test Acc: 0.5166667
Epoch: 196, Train Loss: 0.0006408, Train Acc: 1.0000000, Test Acc: 0.5166667
Epoch: 197, Train Loss: 0.0006230, Train Acc: 1.0000000, Test Acc: 0.5166667
Epoch: 198, Train Loss: 0.0006502, Train Acc: 1.0000000, Test Acc: 0.5166667
Epoch: 199, Train Loss: 0.0006293, Train Acc: 1.0000000, Test Acc: 0.5000000
Epoch: 200, Train Loss: 0.0006295, Train Acc: 1.0000000, Test Acc: 0.5166667
--------
Best Test Acc:   0.6833333333333335_0.08923543557893895, Epoch: 53
Best Train Loss: 0.0005936425981215306_7.187404683197558e-05
Best Train Acc:  1.0_0.0
FOLD3, ENZYMES, 1672752923/5550c7a_GSOE[-0.15, -0.2, -0.25, -0.3, -0.35, -0.4]P[[1, 6], [1, 6], [1, 6], [1, 8], [1, 8], [1, 8]]I1_ReLU_X_6_256_0_0.001_50_0.6_B64S0W8, BT=0.6833333333333335_0.08923543557893895, BE=53, ID=5550c7a449f3b4116970d9d7caeb5ab686e3e08f
train_set : test_set = %d : %d 540 60
-------- FOLD3 DATASET=ENZYMES, COMMIT_ID=5550c7a449f3b4116970d9d7caeb5ab686e3e08f
#Params: 1340678
Epoch: 001, Train Loss: 7.3297752, Train Acc: 0.1666667, Test Acc: 0.1833333
Epoch: 002, Train Loss: 3.4438474, Train Acc: 0.2222222, Test Acc: 0.2000000
Epoch: 003, Train Loss: 1.8859842, Train Acc: 0.2592593, Test Acc: 0.2666667
Epoch: 004, Train Loss: 1.6851600, Train Acc: 0.3555556, Test Acc: 0.3500000
Epoch: 005, Train Loss: 1.6756963, Train Acc: 0.2574074, Test Acc: 0.2333333
Epoch: 006, Train Loss: 1.5153591, Train Acc: 0.3851852, Test Acc: 0.2833333
Epoch: 007, Train Loss: 1.5464957, Train Acc: 0.3611111, Test Acc: 0.2666667
Epoch: 008, Train Loss: 1.4593479, Train Acc: 0.3944444, Test Acc: 0.2500000
Epoch: 009, Train Loss: 1.4525459, Train Acc: 0.4259259, Test Acc: 0.3500000
Epoch: 010, Train Loss: 1.5599395, Train Acc: 0.3222222, Test Acc: 0.2833333
Epoch: 011, Train Loss: 1.3830808, Train Acc: 0.4777778, Test Acc: 0.4333333
Epoch: 012, Train Loss: 1.4940085, Train Acc: 0.3962963, Test Acc: 0.3666667
Epoch: 013, Train Loss: 1.4324317, Train Acc: 0.3814815, Test Acc: 0.3500000
Epoch: 014, Train Loss: 1.3815183, Train Acc: 0.5000000, Test Acc: 0.4500000
Epoch: 015, Train Loss: 1.1535474, Train Acc: 0.6055556, Test Acc: 0.5666667
Epoch: 016, Train Loss: 1.2425016, Train Acc: 0.5370370, Test Acc: 0.4166667
Epoch: 017, Train Loss: 1.0868980, Train Acc: 0.6555556, Test Acc: 0.6166667
Epoch: 018, Train Loss: 1.2825809, Train Acc: 0.4666667, Test Acc: 0.4500000
Epoch: 019, Train Loss: 1.3107795, Train Acc: 0.4500000, Test Acc: 0.3500000
Epoch: 020, Train Loss: 1.1452096, Train Acc: 0.5351852, Test Acc: 0.5000000
Epoch: 021, Train Loss: 1.0127628, Train Acc: 0.6111111, Test Acc: 0.5166667
Epoch: 022, Train Loss: 0.8573982, Train Acc: 0.7407407, Test Acc: 0.6666667
Epoch: 023, Train Loss: 0.9435746, Train Acc: 0.6574074, Test Acc: 0.5500000
Epoch: 024, Train Loss: 0.7294645, Train Acc: 0.7888889, Test Acc: 0.7000000
Epoch: 025, Train Loss: 1.0114554, Train Acc: 0.6111111, Test Acc: 0.5500000
Epoch: 026, Train Loss: 0.7988965, Train Acc: 0.7222222, Test Acc: 0.6333333
Epoch: 027, Train Loss: 0.8823793, Train Acc: 0.6685185, Test Acc: 0.5333333
Epoch: 028, Train Loss: 0.8359180, Train Acc: 0.6462963, Test Acc: 0.5333333
Epoch: 029, Train Loss: 0.5545209, Train Acc: 0.8555556, Test Acc: 0.7000000
Epoch: 030, Train Loss: 0.7435133, Train Acc: 0.7148148, Test Acc: 0.5833333
Epoch: 031, Train Loss: 0.4680625, Train Acc: 0.8870370, Test Acc: 0.8000000
Epoch: 032, Train Loss: 0.4812917, Train Acc: 0.8722222, Test Acc: 0.7000000
Epoch: 033, Train Loss: 0.3679645, Train Acc: 0.9166667, Test Acc: 0.7500000
Epoch: 034, Train Loss: 0.4128010, Train Acc: 0.8703704, Test Acc: 0.7000000
Epoch: 035, Train Loss: 0.3062597, Train Acc: 0.9388889, Test Acc: 0.8000000
Epoch: 036, Train Loss: 0.3603164, Train Acc: 0.9074074, Test Acc: 0.7000000
Epoch: 037, Train Loss: 0.4619141, Train Acc: 0.8314815, Test Acc: 0.6166667
Epoch: 038, Train Loss: 0.5128633, Train Acc: 0.8462963, Test Acc: 0.6500000
Epoch: 039, Train Loss: 0.3598107, Train Acc: 0.8981481, Test Acc: 0.7500000
Epoch: 040, Train Loss: 0.3068507, Train Acc: 0.9092593, Test Acc: 0.7333333
Epoch: 041, Train Loss: 0.3048549, Train Acc: 0.9000000, Test Acc: 0.6666667
Epoch: 042, Train Loss: 0.5414783, Train Acc: 0.8018519, Test Acc: 0.6500000
Epoch: 043, Train Loss: 0.4442631, Train Acc: 0.8222222, Test Acc: 0.6500000
Epoch: 044, Train Loss: 0.6142463, Train Acc: 0.7759259, Test Acc: 0.6000000
Epoch: 045, Train Loss: 0.3037815, Train Acc: 0.8851852, Test Acc: 0.6833333
Epoch: 046, Train Loss: 0.1968039, Train Acc: 0.9444444, Test Acc: 0.7000000
Epoch: 047, Train Loss: 0.2146517, Train Acc: 0.9462963, Test Acc: 0.7000000
Epoch: 048, Train Loss: 0.2220722, Train Acc: 0.9462963, Test Acc: 0.6833333
Epoch: 049, Train Loss: 0.1967352, Train Acc: 0.9518519, Test Acc: 0.8000000
Epoch: 050, Train Loss: 0.0808868, Train Acc: 0.9944444, Test Acc: 0.7666667
Epoch: 051, Train Loss: 0.0496417, Train Acc: 0.9981481, Test Acc: 0.8333333
Epoch: 052, Train Loss: 0.0373088, Train Acc: 1.0000000, Test Acc: 0.7666667
Epoch: 053, Train Loss: 0.0435699, Train Acc: 1.0000000, Test Acc: 0.8000000
Epoch: 054, Train Loss: 0.0296062, Train Acc: 1.0000000, Test Acc: 0.7833333
Epoch: 055, Train Loss: 0.0199736, Train Acc: 1.0000000, Test Acc: 0.7833333
Epoch: 056, Train Loss: 0.0179855, Train Acc: 1.0000000, Test Acc: 0.8166667
Epoch: 057, Train Loss: 0.0160108, Train Acc: 1.0000000, Test Acc: 0.8000000
Epoch: 058, Train Loss: 0.0153193, Train Acc: 1.0000000, Test Acc: 0.8000000
Epoch: 059, Train Loss: 0.0123998, Train Acc: 1.0000000, Test Acc: 0.8166667
Epoch: 060, Train Loss: 0.0120362, Train Acc: 1.0000000, Test Acc: 0.8333333
Epoch: 061, Train Loss: 0.0112591, Train Acc: 1.0000000, Test Acc: 0.8000000
Epoch: 062, Train Loss: 0.0106355, Train Acc: 1.0000000, Test Acc: 0.8166667
Epoch: 063, Train Loss: 0.0094929, Train Acc: 1.0000000, Test Acc: 0.8000000
Epoch: 064, Train Loss: 0.0093565, Train Acc: 1.0000000, Test Acc: 0.8000000
Epoch: 065, Train Loss: 0.0089391, Train Acc: 1.0000000, Test Acc: 0.8166667
Epoch: 066, Train Loss: 0.0084337, Train Acc: 1.0000000, Test Acc: 0.8166667
Epoch: 067, Train Loss: 0.0079321, Train Acc: 1.0000000, Test Acc: 0.8166667
Epoch: 068, Train Loss: 0.0073387, Train Acc: 1.0000000, Test Acc: 0.8333333
Epoch: 069, Train Loss: 0.0073257, Train Acc: 1.0000000, Test Acc: 0.8333333
Epoch: 070, Train Loss: 0.0081551, Train Acc: 1.0000000, Test Acc: 0.8000000
Epoch: 071, Train Loss: 0.0078669, Train Acc: 1.0000000, Test Acc: 0.8333333
Epoch: 072, Train Loss: 0.0068641, Train Acc: 1.0000000, Test Acc: 0.8333333
Epoch: 073, Train Loss: 0.0061456, Train Acc: 1.0000000, Test Acc: 0.8333333
Epoch: 074, Train Loss: 0.0055057, Train Acc: 1.0000000, Test Acc: 0.8333333
Epoch: 075, Train Loss: 0.0051693, Train Acc: 1.0000000, Test Acc: 0.8333333
Epoch: 076, Train Loss: 0.0050283, Train Acc: 1.0000000, Test Acc: 0.8333333
Epoch: 077, Train Loss: 0.0049625, Train Acc: 1.0000000, Test Acc: 0.8333333
Epoch: 078, Train Loss: 0.0049525, Train Acc: 1.0000000, Test Acc: 0.8166667
Epoch: 079, Train Loss: 0.0045695, Train Acc: 1.0000000, Test Acc: 0.8333333
Epoch: 080, Train Loss: 0.0046283, Train Acc: 1.0000000, Test Acc: 0.8333333
Epoch: 081, Train Loss: 0.0042162, Train Acc: 1.0000000, Test Acc: 0.8333333
Epoch: 082, Train Loss: 0.0041055, Train Acc: 1.0000000, Test Acc: 0.8333333
Epoch: 083, Train Loss: 0.0040342, Train Acc: 1.0000000, Test Acc: 0.8333333
Epoch: 084, Train Loss: 0.0038881, Train Acc: 1.0000000, Test Acc: 0.8333333
Epoch: 085, Train Loss: 0.0039256, Train Acc: 1.0000000, Test Acc: 0.8333333
Epoch: 086, Train Loss: 0.0038726, Train Acc: 1.0000000, Test Acc: 0.8333333
Epoch: 087, Train Loss: 0.0036943, Train Acc: 1.0000000, Test Acc: 0.8333333
Epoch: 088, Train Loss: 0.0032964, Train Acc: 1.0000000, Test Acc: 0.8333333
Epoch: 089, Train Loss: 0.0032267, Train Acc: 1.0000000, Test Acc: 0.8333333
Epoch: 090, Train Loss: 0.0034046, Train Acc: 1.0000000, Test Acc: 0.8333333
Epoch: 091, Train Loss: 0.0033426, Train Acc: 1.0000000, Test Acc: 0.8333333
Epoch: 092, Train Loss: 0.0031053, Train Acc: 1.0000000, Test Acc: 0.8333333
Epoch: 093, Train Loss: 0.0028901, Train Acc: 1.0000000, Test Acc: 0.8333333
Epoch: 094, Train Loss: 0.0027816, Train Acc: 1.0000000, Test Acc: 0.8333333
Epoch: 095, Train Loss: 0.0026588, Train Acc: 1.0000000, Test Acc: 0.8333333
Epoch: 096, Train Loss: 0.0027183, Train Acc: 1.0000000, Test Acc: 0.8333333
Epoch: 097, Train Loss: 0.0026476, Train Acc: 1.0000000, Test Acc: 0.8333333
Epoch: 098, Train Loss: 0.0026109, Train Acc: 1.0000000, Test Acc: 0.8333333
Epoch: 099, Train Loss: 0.0025051, Train Acc: 1.0000000, Test Acc: 0.8333333
Epoch: 100, Train Loss: 0.0025342, Train Acc: 1.0000000, Test Acc: 0.8333333
Epoch: 101, Train Loss: 0.0022854, Train Acc: 1.0000000, Test Acc: 0.8333333
Epoch: 102, Train Loss: 0.0022853, Train Acc: 1.0000000, Test Acc: 0.8333333
Epoch: 103, Train Loss: 0.0022289, Train Acc: 1.0000000, Test Acc: 0.8333333
Epoch: 104, Train Loss: 0.0021306, Train Acc: 1.0000000, Test Acc: 0.8333333
Epoch: 105, Train Loss: 0.0021645, Train Acc: 1.0000000, Test Acc: 0.8333333
Epoch: 106, Train Loss: 0.0021040, Train Acc: 1.0000000, Test Acc: 0.8333333
Epoch: 107, Train Loss: 0.0020266, Train Acc: 1.0000000, Test Acc: 0.8333333
Epoch: 108, Train Loss: 0.0020095, Train Acc: 1.0000000, Test Acc: 0.8333333
Epoch: 109, Train Loss: 0.0020155, Train Acc: 1.0000000, Test Acc: 0.8333333
Epoch: 110, Train Loss: 0.0020223, Train Acc: 1.0000000, Test Acc: 0.8333333
Epoch: 111, Train Loss: 0.0037940, Train Acc: 1.0000000, Test Acc: 0.8500000
Epoch: 112, Train Loss: 0.0024370, Train Acc: 1.0000000, Test Acc: 0.8166667
Epoch: 113, Train Loss: 0.0023102, Train Acc: 1.0000000, Test Acc: 0.8333333
Epoch: 114, Train Loss: 0.0021138, Train Acc: 1.0000000, Test Acc: 0.8333333
Epoch: 115, Train Loss: 0.0020643, Train Acc: 1.0000000, Test Acc: 0.8333333
Epoch: 116, Train Loss: 0.0019180, Train Acc: 1.0000000, Test Acc: 0.8333333
Epoch: 117, Train Loss: 0.0018458, Train Acc: 1.0000000, Test Acc: 0.8333333
Epoch: 118, Train Loss: 0.0017754, Train Acc: 1.0000000, Test Acc: 0.8333333
Epoch: 119, Train Loss: 0.0017645, Train Acc: 1.0000000, Test Acc: 0.8333333
Epoch: 120, Train Loss: 0.0017360, Train Acc: 1.0000000, Test Acc: 0.8333333
Epoch: 121, Train Loss: 0.0016793, Train Acc: 1.0000000, Test Acc: 0.8333333
Epoch: 122, Train Loss: 0.0016450, Train Acc: 1.0000000, Test Acc: 0.8333333
Epoch: 123, Train Loss: 0.0015759, Train Acc: 1.0000000, Test Acc: 0.8333333
Epoch: 124, Train Loss: 0.0015978, Train Acc: 1.0000000, Test Acc: 0.8333333
Epoch: 125, Train Loss: 0.0015371, Train Acc: 1.0000000, Test Acc: 0.8333333
Epoch: 126, Train Loss: 0.0015673, Train Acc: 1.0000000, Test Acc: 0.8333333
Epoch: 127, Train Loss: 0.0016537, Train Acc: 1.0000000, Test Acc: 0.8333333
Epoch: 128, Train Loss: 0.0015304, Train Acc: 1.0000000, Test Acc: 0.8333333
Epoch: 129, Train Loss: 0.0014781, Train Acc: 1.0000000, Test Acc: 0.8333333
Epoch: 130, Train Loss: 0.0014355, Train Acc: 1.0000000, Test Acc: 0.8333333
Epoch: 131, Train Loss: 0.0019183, Train Acc: 1.0000000, Test Acc: 0.8166667
Epoch: 132, Train Loss: 0.0017751, Train Acc: 1.0000000, Test Acc: 0.8166667
Epoch: 133, Train Loss: 0.0017298, Train Acc: 1.0000000, Test Acc: 0.8166667
Epoch: 134, Train Loss: 0.0015833, Train Acc: 1.0000000, Test Acc: 0.8166667
Epoch: 135, Train Loss: 0.0014349, Train Acc: 1.0000000, Test Acc: 0.8333333
Epoch: 136, Train Loss: 0.0014437, Train Acc: 1.0000000, Test Acc: 0.8333333
Epoch: 137, Train Loss: 0.0014322, Train Acc: 1.0000000, Test Acc: 0.8333333
Epoch: 138, Train Loss: 0.0013612, Train Acc: 1.0000000, Test Acc: 0.8333333
Epoch: 139, Train Loss: 0.0013055, Train Acc: 1.0000000, Test Acc: 0.8333333
Epoch: 140, Train Loss: 0.0012697, Train Acc: 1.0000000, Test Acc: 0.8333333
Epoch: 141, Train Loss: 0.0013172, Train Acc: 1.0000000, Test Acc: 0.8333333
Epoch: 142, Train Loss: 0.0012791, Train Acc: 1.0000000, Test Acc: 0.8333333
Epoch: 143, Train Loss: 0.0012952, Train Acc: 1.0000000, Test Acc: 0.8333333
Epoch: 144, Train Loss: 0.0012380, Train Acc: 1.0000000, Test Acc: 0.8333333
Epoch: 145, Train Loss: 0.0011950, Train Acc: 1.0000000, Test Acc: 0.8333333
Epoch: 146, Train Loss: 0.0011836, Train Acc: 1.0000000, Test Acc: 0.8333333
Epoch: 147, Train Loss: 0.0011531, Train Acc: 1.0000000, Test Acc: 0.8333333
Epoch: 148, Train Loss: 0.0011421, Train Acc: 1.0000000, Test Acc: 0.8333333
Epoch: 149, Train Loss: 0.0011053, Train Acc: 1.0000000, Test Acc: 0.8333333
Epoch: 150, Train Loss: 0.0011087, Train Acc: 1.0000000, Test Acc: 0.8333333
Epoch: 151, Train Loss: 0.0011033, Train Acc: 1.0000000, Test Acc: 0.8333333
Epoch: 152, Train Loss: 0.0010462, Train Acc: 1.0000000, Test Acc: 0.8333333
Epoch: 153, Train Loss: 0.0010842, Train Acc: 1.0000000, Test Acc: 0.8333333
Epoch: 154, Train Loss: 0.0010875, Train Acc: 1.0000000, Test Acc: 0.8333333
Epoch: 155, Train Loss: 0.0011082, Train Acc: 1.0000000, Test Acc: 0.8333333
Epoch: 156, Train Loss: 0.0010721, Train Acc: 1.0000000, Test Acc: 0.8333333
Epoch: 157, Train Loss: 0.0010534, Train Acc: 1.0000000, Test Acc: 0.8333333
Epoch: 158, Train Loss: 0.0010437, Train Acc: 1.0000000, Test Acc: 0.8333333
Epoch: 159, Train Loss: 0.0010329, Train Acc: 1.0000000, Test Acc: 0.8333333
Epoch: 160, Train Loss: 0.0010030, Train Acc: 1.0000000, Test Acc: 0.8333333
Epoch: 161, Train Loss: 0.0009967, Train Acc: 1.0000000, Test Acc: 0.8333333
Epoch: 162, Train Loss: 0.0009628, Train Acc: 1.0000000, Test Acc: 0.8333333
Epoch: 163, Train Loss: 0.0009634, Train Acc: 1.0000000, Test Acc: 0.8333333
Epoch: 164, Train Loss: 0.0010347, Train Acc: 1.0000000, Test Acc: 0.8333333
Epoch: 165, Train Loss: 0.0010267, Train Acc: 1.0000000, Test Acc: 0.8333333
Epoch: 166, Train Loss: 0.0009480, Train Acc: 1.0000000, Test Acc: 0.8333333
Epoch: 167, Train Loss: 0.0009485, Train Acc: 1.0000000, Test Acc: 0.8333333
Epoch: 168, Train Loss: 0.0009271, Train Acc: 1.0000000, Test Acc: 0.8333333
Epoch: 169, Train Loss: 0.0009366, Train Acc: 1.0000000, Test Acc: 0.8333333
Epoch: 170, Train Loss: 0.0009452, Train Acc: 1.0000000, Test Acc: 0.8333333
Epoch: 171, Train Loss: 0.0009469, Train Acc: 1.0000000, Test Acc: 0.8333333
Epoch: 172, Train Loss: 0.0009103, Train Acc: 1.0000000, Test Acc: 0.8333333
Epoch: 173, Train Loss: 0.0008779, Train Acc: 1.0000000, Test Acc: 0.8333333
Epoch: 174, Train Loss: 0.0008859, Train Acc: 1.0000000, Test Acc: 0.8333333
Epoch: 175, Train Loss: 0.0008632, Train Acc: 1.0000000, Test Acc: 0.8333333
Epoch: 176, Train Loss: 0.0009732, Train Acc: 1.0000000, Test Acc: 0.8333333
Epoch: 177, Train Loss: 0.0008975, Train Acc: 1.0000000, Test Acc: 0.8333333
Epoch: 178, Train Loss: 0.0008685, Train Acc: 1.0000000, Test Acc: 0.8333333
Epoch: 179, Train Loss: 0.0008738, Train Acc: 1.0000000, Test Acc: 0.8333333
Epoch: 180, Train Loss: 0.0008366, Train Acc: 1.0000000, Test Acc: 0.8333333
Epoch: 181, Train Loss: 0.0008614, Train Acc: 1.0000000, Test Acc: 0.8333333
Epoch: 182, Train Loss: 0.0008347, Train Acc: 1.0000000, Test Acc: 0.8333333
Epoch: 183, Train Loss: 0.0008442, Train Acc: 1.0000000, Test Acc: 0.8333333
Epoch: 184, Train Loss: 0.0008786, Train Acc: 1.0000000, Test Acc: 0.8333333
Epoch: 185, Train Loss: 0.0010099, Train Acc: 1.0000000, Test Acc: 0.8333333
Epoch: 186, Train Loss: 0.0009039, Train Acc: 1.0000000, Test Acc: 0.8333333
Epoch: 187, Train Loss: 0.0008930, Train Acc: 1.0000000, Test Acc: 0.8333333
Epoch: 188, Train Loss: 0.0008798, Train Acc: 1.0000000, Test Acc: 0.8333333
Epoch: 189, Train Loss: 0.0008596, Train Acc: 1.0000000, Test Acc: 0.8333333
Epoch: 190, Train Loss: 0.0008290, Train Acc: 1.0000000, Test Acc: 0.8333333
Epoch: 191, Train Loss: 0.0007933, Train Acc: 1.0000000, Test Acc: 0.8333333
Epoch: 192, Train Loss: 0.0007645, Train Acc: 1.0000000, Test Acc: 0.8333333
Epoch: 193, Train Loss: 0.0007745, Train Acc: 1.0000000, Test Acc: 0.8333333
Epoch: 194, Train Loss: 0.0007645, Train Acc: 1.0000000, Test Acc: 0.8333333
Epoch: 195, Train Loss: 0.0007454, Train Acc: 1.0000000, Test Acc: 0.8333333
Epoch: 196, Train Loss: 0.0007617, Train Acc: 1.0000000, Test Acc: 0.8333333
Epoch: 197, Train Loss: 0.0008549, Train Acc: 1.0000000, Test Acc: 0.8333333
Epoch: 198, Train Loss: 0.0007818, Train Acc: 1.0000000, Test Acc: 0.8333333
Epoch: 199, Train Loss: 0.0007476, Train Acc: 1.0000000, Test Acc: 0.8333333
Epoch: 200, Train Loss: 0.0007419, Train Acc: 1.0000000, Test Acc: 0.8333333
--------
Best Test Acc:   0.7166666666666666_0.1105541596785133, Epoch: 61
Best Train Loss: 0.0006321363820461557_9.121251645750681e-05
Best Train Acc:  1.0_0.0
FOLD4, ENZYMES, 1672752923/5550c7a_GSOE[-0.15, -0.2, -0.25, -0.3, -0.35, -0.4]P[[1, 6], [1, 6], [1, 6], [1, 8], [1, 8], [1, 8]]I1_ReLU_X_6_256_0_0.001_50_0.6_B64S0W8, BT=0.7166666666666666_0.1105541596785133, BE=61, ID=5550c7a449f3b4116970d9d7caeb5ab686e3e08f
train_set : test_set = %d : %d 540 60
-------- FOLD4 DATASET=ENZYMES, COMMIT_ID=5550c7a449f3b4116970d9d7caeb5ab686e3e08f
#Params: 1340678
Epoch: 001, Train Loss: 7.8242278, Train Acc: 0.2240741, Test Acc: 0.2000000
Epoch: 002, Train Loss: 2.4780631, Train Acc: 0.2574074, Test Acc: 0.2000000
Epoch: 003, Train Loss: 1.7635618, Train Acc: 0.3018519, Test Acc: 0.2333333
Epoch: 004, Train Loss: 1.5838757, Train Acc: 0.3907407, Test Acc: 0.3333333
Epoch: 005, Train Loss: 1.5200972, Train Acc: 0.4092593, Test Acc: 0.3666667
Epoch: 006, Train Loss: 1.4879368, Train Acc: 0.3796296, Test Acc: 0.3333333
Epoch: 007, Train Loss: 1.4944394, Train Acc: 0.3962963, Test Acc: 0.3000000
Epoch: 008, Train Loss: 1.4272777, Train Acc: 0.4555556, Test Acc: 0.3166667
Epoch: 009, Train Loss: 1.3461487, Train Acc: 0.5222222, Test Acc: 0.3666667
Epoch: 010, Train Loss: 1.3073059, Train Acc: 0.5462963, Test Acc: 0.4333333
Epoch: 011, Train Loss: 1.2850946, Train Acc: 0.5240741, Test Acc: 0.3666667
Epoch: 012, Train Loss: 1.2268497, Train Acc: 0.5648148, Test Acc: 0.4166667
Epoch: 013, Train Loss: 1.3824933, Train Acc: 0.4666667, Test Acc: 0.3833333
Epoch: 014, Train Loss: 1.2655882, Train Acc: 0.5222222, Test Acc: 0.3333333
Epoch: 015, Train Loss: 1.1602629, Train Acc: 0.5907407, Test Acc: 0.4333333
Epoch: 016, Train Loss: 1.0553021, Train Acc: 0.6685185, Test Acc: 0.4666667
Epoch: 017, Train Loss: 1.2278264, Train Acc: 0.5629630, Test Acc: 0.3666667
Epoch: 018, Train Loss: 1.0728241, Train Acc: 0.6462963, Test Acc: 0.4833333
Epoch: 019, Train Loss: 1.0126642, Train Acc: 0.6333333, Test Acc: 0.3833333
Epoch: 020, Train Loss: 0.9309190, Train Acc: 0.6814815, Test Acc: 0.4333333
Epoch: 021, Train Loss: 1.2585665, Train Acc: 0.5888889, Test Acc: 0.4166667
Epoch: 022, Train Loss: 1.0128086, Train Acc: 0.5888889, Test Acc: 0.4166667
Epoch: 023, Train Loss: 0.8316032, Train Acc: 0.7185185, Test Acc: 0.4000000
Epoch: 024, Train Loss: 0.8915967, Train Acc: 0.6666667, Test Acc: 0.4666667
Epoch: 025, Train Loss: 0.6323985, Train Acc: 0.8518519, Test Acc: 0.5666667
Epoch: 026, Train Loss: 0.6563127, Train Acc: 0.7888889, Test Acc: 0.5000000
Epoch: 027, Train Loss: 0.5374533, Train Acc: 0.8648148, Test Acc: 0.5166667
Epoch: 028, Train Loss: 0.6810195, Train Acc: 0.7592593, Test Acc: 0.6000000
Epoch: 029, Train Loss: 0.4294953, Train Acc: 0.8907407, Test Acc: 0.5000000
Epoch: 030, Train Loss: 0.4198822, Train Acc: 0.8796296, Test Acc: 0.5833333
Epoch: 031, Train Loss: 0.3672057, Train Acc: 0.9000000, Test Acc: 0.6000000
Epoch: 032, Train Loss: 0.3651431, Train Acc: 0.9296296, Test Acc: 0.5833333
Epoch: 033, Train Loss: 0.3613769, Train Acc: 0.9018519, Test Acc: 0.5500000
Epoch: 034, Train Loss: 0.2824342, Train Acc: 0.9481481, Test Acc: 0.6333333
Epoch: 035, Train Loss: 0.5297794, Train Acc: 0.8407407, Test Acc: 0.6166667
Epoch: 036, Train Loss: 0.3624254, Train Acc: 0.8925926, Test Acc: 0.5833333
Epoch: 037, Train Loss: 0.5818212, Train Acc: 0.7888889, Test Acc: 0.6000000
Epoch: 038, Train Loss: 0.3855387, Train Acc: 0.8592593, Test Acc: 0.5000000
Epoch: 039, Train Loss: 1.4515174, Train Acc: 0.4907407, Test Acc: 0.4166667
Epoch: 040, Train Loss: 0.2105269, Train Acc: 0.9648148, Test Acc: 0.6500000
Epoch: 041, Train Loss: 0.2624422, Train Acc: 0.9277778, Test Acc: 0.6000000
Epoch: 042, Train Loss: 0.7015263, Train Acc: 0.7333333, Test Acc: 0.3833333
Epoch: 043, Train Loss: 0.1079977, Train Acc: 0.9944444, Test Acc: 0.6666667
Epoch: 044, Train Loss: 0.1648461, Train Acc: 0.9722222, Test Acc: 0.5666667
Epoch: 045, Train Loss: 0.1936917, Train Acc: 0.9407407, Test Acc: 0.5833333
Epoch: 046, Train Loss: 0.1862608, Train Acc: 0.9407407, Test Acc: 0.5500000
Epoch: 047, Train Loss: 0.1030440, Train Acc: 0.9870370, Test Acc: 0.6500000
Epoch: 048, Train Loss: 0.0644062, Train Acc: 0.9907407, Test Acc: 0.6333333
Epoch: 049, Train Loss: 0.0683702, Train Acc: 0.9907407, Test Acc: 0.6833333
Epoch: 050, Train Loss: 0.0290762, Train Acc: 1.0000000, Test Acc: 0.6166667
Epoch: 051, Train Loss: 0.0232279, Train Acc: 1.0000000, Test Acc: 0.6666667
Epoch: 052, Train Loss: 0.0200407, Train Acc: 1.0000000, Test Acc: 0.6833333
Epoch: 053, Train Loss: 0.0142150, Train Acc: 1.0000000, Test Acc: 0.6666667
Epoch: 054, Train Loss: 0.0122393, Train Acc: 1.0000000, Test Acc: 0.6666667
Epoch: 055, Train Loss: 0.0120563, Train Acc: 1.0000000, Test Acc: 0.6833333
Epoch: 056, Train Loss: 0.0096287, Train Acc: 1.0000000, Test Acc: 0.6833333
Epoch: 057, Train Loss: 0.0084817, Train Acc: 1.0000000, Test Acc: 0.6833333
Epoch: 058, Train Loss: 0.0077898, Train Acc: 1.0000000, Test Acc: 0.6666667
Epoch: 059, Train Loss: 0.0071666, Train Acc: 1.0000000, Test Acc: 0.6833333
Epoch: 060, Train Loss: 0.0067640, Train Acc: 1.0000000, Test Acc: 0.6666667
Epoch: 061, Train Loss: 0.0061038, Train Acc: 1.0000000, Test Acc: 0.6833333
Epoch: 062, Train Loss: 0.0060393, Train Acc: 1.0000000, Test Acc: 0.6833333
Epoch: 063, Train Loss: 0.0055005, Train Acc: 1.0000000, Test Acc: 0.6833333
Epoch: 064, Train Loss: 0.0053370, Train Acc: 1.0000000, Test Acc: 0.6833333
Epoch: 065, Train Loss: 0.0053980, Train Acc: 1.0000000, Test Acc: 0.6833333
Epoch: 066, Train Loss: 0.0047280, Train Acc: 1.0000000, Test Acc: 0.6833333
Epoch: 067, Train Loss: 0.0045370, Train Acc: 1.0000000, Test Acc: 0.6833333
Epoch: 068, Train Loss: 0.0044519, Train Acc: 1.0000000, Test Acc: 0.6833333
Epoch: 069, Train Loss: 0.0042917, Train Acc: 1.0000000, Test Acc: 0.6833333
Epoch: 070, Train Loss: 0.0041724, Train Acc: 1.0000000, Test Acc: 0.6833333
Epoch: 071, Train Loss: 0.0040058, Train Acc: 1.0000000, Test Acc: 0.6833333
Epoch: 072, Train Loss: 0.0040256, Train Acc: 1.0000000, Test Acc: 0.6833333
Epoch: 073, Train Loss: 0.0037095, Train Acc: 1.0000000, Test Acc: 0.6833333
Epoch: 074, Train Loss: 0.0036261, Train Acc: 1.0000000, Test Acc: 0.6833333
Epoch: 075, Train Loss: 0.0033847, Train Acc: 1.0000000, Test Acc: 0.6833333
Epoch: 076, Train Loss: 0.0033792, Train Acc: 1.0000000, Test Acc: 0.6833333
Epoch: 077, Train Loss: 0.0031797, Train Acc: 1.0000000, Test Acc: 0.6833333
Epoch: 078, Train Loss: 0.0031861, Train Acc: 1.0000000, Test Acc: 0.6833333
Epoch: 079, Train Loss: 0.0031867, Train Acc: 1.0000000, Test Acc: 0.7000000
Epoch: 080, Train Loss: 0.0031562, Train Acc: 1.0000000, Test Acc: 0.7000000
Epoch: 081, Train Loss: 0.0027855, Train Acc: 1.0000000, Test Acc: 0.6833333
Epoch: 082, Train Loss: 0.0027444, Train Acc: 1.0000000, Test Acc: 0.6833333
Epoch: 083, Train Loss: 0.0026712, Train Acc: 1.0000000, Test Acc: 0.6833333
Epoch: 084, Train Loss: 0.0024530, Train Acc: 1.0000000, Test Acc: 0.6833333
Epoch: 085, Train Loss: 0.0023899, Train Acc: 1.0000000, Test Acc: 0.6833333
Epoch: 086, Train Loss: 0.0024942, Train Acc: 1.0000000, Test Acc: 0.6666667
Epoch: 087, Train Loss: 0.0024724, Train Acc: 1.0000000, Test Acc: 0.6666667
Epoch: 088, Train Loss: 0.0024045, Train Acc: 1.0000000, Test Acc: 0.6666667
Epoch: 089, Train Loss: 0.0023482, Train Acc: 1.0000000, Test Acc: 0.6833333
Epoch: 090, Train Loss: 0.0022141, Train Acc: 1.0000000, Test Acc: 0.6666667
Epoch: 091, Train Loss: 0.0022106, Train Acc: 1.0000000, Test Acc: 0.6666667
Epoch: 092, Train Loss: 0.0021384, Train Acc: 1.0000000, Test Acc: 0.6666667
Epoch: 093, Train Loss: 0.0020837, Train Acc: 1.0000000, Test Acc: 0.6833333
Epoch: 094, Train Loss: 0.0018959, Train Acc: 1.0000000, Test Acc: 0.6666667
Epoch: 095, Train Loss: 0.0018994, Train Acc: 1.0000000, Test Acc: 0.6666667
Epoch: 096, Train Loss: 0.0019141, Train Acc: 1.0000000, Test Acc: 0.6666667
Epoch: 097, Train Loss: 0.0019227, Train Acc: 1.0000000, Test Acc: 0.6833333
Epoch: 098, Train Loss: 0.0019086, Train Acc: 1.0000000, Test Acc: 0.6833333
Epoch: 099, Train Loss: 0.0018694, Train Acc: 1.0000000, Test Acc: 0.6833333
Epoch: 100, Train Loss: 0.0017846, Train Acc: 1.0000000, Test Acc: 0.6833333
Epoch: 101, Train Loss: 0.0017794, Train Acc: 1.0000000, Test Acc: 0.6833333
Epoch: 102, Train Loss: 0.0017137, Train Acc: 1.0000000, Test Acc: 0.6833333
Epoch: 103, Train Loss: 0.0017135, Train Acc: 1.0000000, Test Acc: 0.6666667
Epoch: 104, Train Loss: 0.0015429, Train Acc: 1.0000000, Test Acc: 0.6833333
Epoch: 105, Train Loss: 0.0016023, Train Acc: 1.0000000, Test Acc: 0.6666667
Epoch: 106, Train Loss: 0.0015864, Train Acc: 1.0000000, Test Acc: 0.6833333
Epoch: 107, Train Loss: 0.0014449, Train Acc: 1.0000000, Test Acc: 0.6833333
Epoch: 108, Train Loss: 0.0014277, Train Acc: 1.0000000, Test Acc: 0.6833333
Epoch: 109, Train Loss: 0.0014522, Train Acc: 1.0000000, Test Acc: 0.6833333
Epoch: 110, Train Loss: 0.0015066, Train Acc: 1.0000000, Test Acc: 0.6833333
Epoch: 111, Train Loss: 0.0014211, Train Acc: 1.0000000, Test Acc: 0.6833333
Epoch: 112, Train Loss: 0.0013693, Train Acc: 1.0000000, Test Acc: 0.6833333
Epoch: 113, Train Loss: 0.0013202, Train Acc: 1.0000000, Test Acc: 0.6833333
Epoch: 114, Train Loss: 0.0013350, Train Acc: 1.0000000, Test Acc: 0.6833333
Epoch: 115, Train Loss: 0.0012915, Train Acc: 1.0000000, Test Acc: 0.6833333
Epoch: 116, Train Loss: 0.0013786, Train Acc: 1.0000000, Test Acc: 0.6833333
Epoch: 117, Train Loss: 0.0012468, Train Acc: 1.0000000, Test Acc: 0.6833333
Epoch: 118, Train Loss: 0.0012694, Train Acc: 1.0000000, Test Acc: 0.6833333
Epoch: 119, Train Loss: 0.0013555, Train Acc: 1.0000000, Test Acc: 0.6666667
Epoch: 120, Train Loss: 0.0012694, Train Acc: 1.0000000, Test Acc: 0.6666667
Epoch: 121, Train Loss: 0.0012633, Train Acc: 1.0000000, Test Acc: 0.6666667
Epoch: 122, Train Loss: 0.0012317, Train Acc: 1.0000000, Test Acc: 0.6833333
Epoch: 123, Train Loss: 0.0011784, Train Acc: 1.0000000, Test Acc: 0.6666667
Epoch: 124, Train Loss: 0.0013118, Train Acc: 1.0000000, Test Acc: 0.6666667
Epoch: 125, Train Loss: 0.0011611, Train Acc: 1.0000000, Test Acc: 0.6833333
Epoch: 126, Train Loss: 0.0011632, Train Acc: 1.0000000, Test Acc: 0.6833333
Epoch: 127, Train Loss: 0.0011696, Train Acc: 1.0000000, Test Acc: 0.6833333
Epoch: 128, Train Loss: 0.0011261, Train Acc: 1.0000000, Test Acc: 0.6833333
Epoch: 129, Train Loss: 0.0011217, Train Acc: 1.0000000, Test Acc: 0.6666667
Epoch: 130, Train Loss: 0.0010641, Train Acc: 1.0000000, Test Acc: 0.6833333
Epoch: 131, Train Loss: 0.0011582, Train Acc: 1.0000000, Test Acc: 0.6833333
Epoch: 132, Train Loss: 0.0011699, Train Acc: 1.0000000, Test Acc: 0.6833333
Epoch: 133, Train Loss: 0.0010856, Train Acc: 1.0000000, Test Acc: 0.6833333
Epoch: 134, Train Loss: 0.0010430, Train Acc: 1.0000000, Test Acc: 0.6833333
Epoch: 135, Train Loss: 0.0010550, Train Acc: 1.0000000, Test Acc: 0.6833333
Epoch: 136, Train Loss: 0.0010034, Train Acc: 1.0000000, Test Acc: 0.6833333
Epoch: 137, Train Loss: 0.0009719, Train Acc: 1.0000000, Test Acc: 0.6833333
Epoch: 138, Train Loss: 0.0009606, Train Acc: 1.0000000, Test Acc: 0.6666667
Epoch: 139, Train Loss: 0.0009874, Train Acc: 1.0000000, Test Acc: 0.6666667
Epoch: 140, Train Loss: 0.0009472, Train Acc: 1.0000000, Test Acc: 0.6666667
Epoch: 141, Train Loss: 0.0009272, Train Acc: 1.0000000, Test Acc: 0.6833333
Epoch: 142, Train Loss: 0.0009111, Train Acc: 1.0000000, Test Acc: 0.6833333
Epoch: 143, Train Loss: 0.0008902, Train Acc: 1.0000000, Test Acc: 0.6833333
Epoch: 144, Train Loss: 0.0008772, Train Acc: 1.0000000, Test Acc: 0.6833333
Epoch: 145, Train Loss: 0.0009116, Train Acc: 1.0000000, Test Acc: 0.6833333
Epoch: 146, Train Loss: 0.0008923, Train Acc: 1.0000000, Test Acc: 0.6833333
Epoch: 147, Train Loss: 0.0008790, Train Acc: 1.0000000, Test Acc: 0.6833333
Epoch: 148, Train Loss: 0.0008679, Train Acc: 1.0000000, Test Acc: 0.6833333
Epoch: 149, Train Loss: 0.0008236, Train Acc: 1.0000000, Test Acc: 0.6833333
Epoch: 150, Train Loss: 0.0009041, Train Acc: 1.0000000, Test Acc: 0.6833333
Epoch: 151, Train Loss: 0.0008088, Train Acc: 1.0000000, Test Acc: 0.6833333
Epoch: 152, Train Loss: 0.0008615, Train Acc: 1.0000000, Test Acc: 0.6666667
Epoch: 153, Train Loss: 0.0008707, Train Acc: 1.0000000, Test Acc: 0.6666667
Epoch: 154, Train Loss: 0.0008361, Train Acc: 1.0000000, Test Acc: 0.6666667
Epoch: 155, Train Loss: 0.0008190, Train Acc: 1.0000000, Test Acc: 0.6666667
Epoch: 156, Train Loss: 0.0009220, Train Acc: 1.0000000, Test Acc: 0.6833333
Epoch: 157, Train Loss: 0.0008669, Train Acc: 1.0000000, Test Acc: 0.7000000
Epoch: 158, Train Loss: 0.0008135, Train Acc: 1.0000000, Test Acc: 0.6833333
Epoch: 159, Train Loss: 0.0007796, Train Acc: 1.0000000, Test Acc: 0.6833333
Epoch: 160, Train Loss: 0.0007805, Train Acc: 1.0000000, Test Acc: 0.6833333
Epoch: 161, Train Loss: 0.0007721, Train Acc: 1.0000000, Test Acc: 0.6833333
Epoch: 162, Train Loss: 0.0007717, Train Acc: 1.0000000, Test Acc: 0.6833333
Epoch: 163, Train Loss: 0.0007906, Train Acc: 1.0000000, Test Acc: 0.6833333
Epoch: 164, Train Loss: 0.0007640, Train Acc: 1.0000000, Test Acc: 0.6666667
Epoch: 165, Train Loss: 0.0007407, Train Acc: 1.0000000, Test Acc: 0.6833333
Epoch: 166, Train Loss: 0.0007274, Train Acc: 1.0000000, Test Acc: 0.6833333
Epoch: 167, Train Loss: 0.0007488, Train Acc: 1.0000000, Test Acc: 0.6833333
Epoch: 168, Train Loss: 0.0007174, Train Acc: 1.0000000, Test Acc: 0.6833333
Epoch: 169, Train Loss: 0.0007155, Train Acc: 1.0000000, Test Acc: 0.6833333
Epoch: 170, Train Loss: 0.0007385, Train Acc: 1.0000000, Test Acc: 0.6833333
Epoch: 171, Train Loss: 0.0007311, Train Acc: 1.0000000, Test Acc: 0.6833333
Epoch: 172, Train Loss: 0.0007182, Train Acc: 1.0000000, Test Acc: 0.6833333
Epoch: 173, Train Loss: 0.0006903, Train Acc: 1.0000000, Test Acc: 0.6833333
Epoch: 174, Train Loss: 0.0006730, Train Acc: 1.0000000, Test Acc: 0.6833333
Epoch: 175, Train Loss: 0.0007648, Train Acc: 1.0000000, Test Acc: 0.6833333
Epoch: 176, Train Loss: 0.0007236, Train Acc: 1.0000000, Test Acc: 0.6833333
Epoch: 177, Train Loss: 0.0006869, Train Acc: 1.0000000, Test Acc: 0.6833333
Epoch: 178, Train Loss: 0.0007755, Train Acc: 1.0000000, Test Acc: 0.6666667
Epoch: 179, Train Loss: 0.0007288, Train Acc: 1.0000000, Test Acc: 0.6833333
Epoch: 180, Train Loss: 0.0007048, Train Acc: 1.0000000, Test Acc: 0.6833333
Epoch: 181, Train Loss: 0.0006856, Train Acc: 1.0000000, Test Acc: 0.7000000
Epoch: 182, Train Loss: 0.0006780, Train Acc: 1.0000000, Test Acc: 0.7000000
Epoch: 183, Train Loss: 0.0006471, Train Acc: 1.0000000, Test Acc: 0.6833333
Epoch: 184, Train Loss: 0.0006465, Train Acc: 1.0000000, Test Acc: 0.6833333
Epoch: 185, Train Loss: 0.0006364, Train Acc: 1.0000000, Test Acc: 0.6833333
Epoch: 186, Train Loss: 0.0006412, Train Acc: 1.0000000, Test Acc: 0.6833333
Epoch: 187, Train Loss: 0.0006647, Train Acc: 1.0000000, Test Acc: 0.6833333
Epoch: 188, Train Loss: 0.0006667, Train Acc: 1.0000000, Test Acc: 0.6833333
Epoch: 189, Train Loss: 0.0006719, Train Acc: 1.0000000, Test Acc: 0.6833333
Epoch: 190, Train Loss: 0.0006506, Train Acc: 1.0000000, Test Acc: 0.6833333
Epoch: 191, Train Loss: 0.0007026, Train Acc: 1.0000000, Test Acc: 0.7000000
Epoch: 192, Train Loss: 0.0007158, Train Acc: 1.0000000, Test Acc: 0.6833333
Epoch: 193, Train Loss: 0.0007237, Train Acc: 1.0000000, Test Acc: 0.6666667
Epoch: 194, Train Loss: 0.0007260, Train Acc: 1.0000000, Test Acc: 0.6833333
Epoch: 195, Train Loss: 0.0006751, Train Acc: 1.0000000, Test Acc: 0.6833333
Epoch: 196, Train Loss: 0.0006707, Train Acc: 1.0000000, Test Acc: 0.6833333
Epoch: 197, Train Loss: 0.0006442, Train Acc: 1.0000000, Test Acc: 0.7000000
Epoch: 198, Train Loss: 0.0005988, Train Acc: 1.0000000, Test Acc: 0.7000000
Epoch: 199, Train Loss: 0.0005842, Train Acc: 1.0000000, Test Acc: 0.6833333
Epoch: 200, Train Loss: 0.0005816, Train Acc: 1.0000000, Test Acc: 0.6833333
--------
Best Test Acc:   0.71_0.09977753031397174, Epoch: 61
Best Train Loss: 0.0006225551006867103_8.380323583707369e-05
Best Train Acc:  1.0_0.0
FOLD5, ENZYMES, 1672752923/5550c7a_GSOE[-0.15, -0.2, -0.25, -0.3, -0.35, -0.4]P[[1, 6], [1, 6], [1, 6], [1, 8], [1, 8], [1, 8]]I1_ReLU_X_6_256_0_0.001_50_0.6_B64S0W8, BT=0.71_0.09977753031397174, BE=61, ID=5550c7a449f3b4116970d9d7caeb5ab686e3e08f
train_set : test_set = %d : %d 540 60
-------- FOLD5 DATASET=ENZYMES, COMMIT_ID=5550c7a449f3b4116970d9d7caeb5ab686e3e08f
#Params: 1340678
Epoch: 001, Train Loss: 5.8903314, Train Acc: 0.2055556, Test Acc: 0.2166667
Epoch: 002, Train Loss: 2.5049109, Train Acc: 0.2185185, Test Acc: 0.2666667
Epoch: 003, Train Loss: 1.9301000, Train Acc: 0.2092593, Test Acc: 0.2500000
Epoch: 004, Train Loss: 1.6793060, Train Acc: 0.3481481, Test Acc: 0.2833333
Epoch: 005, Train Loss: 1.6254003, Train Acc: 0.3444444, Test Acc: 0.2833333
Epoch: 006, Train Loss: 1.4784643, Train Acc: 0.4000000, Test Acc: 0.3333333
Epoch: 007, Train Loss: 1.5611363, Train Acc: 0.3537037, Test Acc: 0.2833333
Epoch: 008, Train Loss: 1.4438482, Train Acc: 0.4296296, Test Acc: 0.4166667
Epoch: 009, Train Loss: 1.4910822, Train Acc: 0.3944444, Test Acc: 0.4000000
Epoch: 010, Train Loss: 1.6006586, Train Acc: 0.4166667, Test Acc: 0.4166667
Epoch: 011, Train Loss: 1.4415416, Train Acc: 0.4259259, Test Acc: 0.3333333
Epoch: 012, Train Loss: 1.4432560, Train Acc: 0.4629630, Test Acc: 0.4833333
Epoch: 013, Train Loss: 1.2180989, Train Acc: 0.5759259, Test Acc: 0.4500000
Epoch: 014, Train Loss: 1.4552351, Train Acc: 0.4092593, Test Acc: 0.3333333
Epoch: 015, Train Loss: 1.2313177, Train Acc: 0.5370370, Test Acc: 0.4833333
Epoch: 016, Train Loss: 1.1202284, Train Acc: 0.5944444, Test Acc: 0.5000000
Epoch: 017, Train Loss: 1.1000568, Train Acc: 0.5981481, Test Acc: 0.4500000
Epoch: 018, Train Loss: 1.2099710, Train Acc: 0.5314815, Test Acc: 0.4500000
Epoch: 019, Train Loss: 1.0101528, Train Acc: 0.6277778, Test Acc: 0.4166667
Epoch: 020, Train Loss: 1.0919423, Train Acc: 0.5796296, Test Acc: 0.5000000
Epoch: 021, Train Loss: 0.9880719, Train Acc: 0.6833333, Test Acc: 0.5333333
Epoch: 022, Train Loss: 1.0882748, Train Acc: 0.6000000, Test Acc: 0.4000000
Epoch: 023, Train Loss: 0.9560445, Train Acc: 0.6166667, Test Acc: 0.4666667
Epoch: 024, Train Loss: 0.9480097, Train Acc: 0.6703704, Test Acc: 0.5166667
Epoch: 025, Train Loss: 0.6514615, Train Acc: 0.8314815, Test Acc: 0.6166667
Epoch: 026, Train Loss: 0.6555854, Train Acc: 0.7981481, Test Acc: 0.5500000
Epoch: 027, Train Loss: 0.9144465, Train Acc: 0.6314815, Test Acc: 0.4500000
Epoch: 028, Train Loss: 0.6701603, Train Acc: 0.7722222, Test Acc: 0.4666667
Epoch: 029, Train Loss: 0.6540790, Train Acc: 0.7685185, Test Acc: 0.5333333
Epoch: 030, Train Loss: 0.6375888, Train Acc: 0.7740741, Test Acc: 0.5333333
Epoch: 031, Train Loss: 0.7389116, Train Acc: 0.7111111, Test Acc: 0.5500000
Epoch: 032, Train Loss: 0.3708233, Train Acc: 0.9240741, Test Acc: 0.6000000
Epoch: 033, Train Loss: 0.9120801, Train Acc: 0.6277778, Test Acc: 0.4166667
Epoch: 034, Train Loss: 0.8816416, Train Acc: 0.6092593, Test Acc: 0.5166667
Epoch: 035, Train Loss: 0.5030758, Train Acc: 0.8296296, Test Acc: 0.6000000
Epoch: 036, Train Loss: 0.4133126, Train Acc: 0.8685185, Test Acc: 0.5333333
Epoch: 037, Train Loss: 0.5200713, Train Acc: 0.8185185, Test Acc: 0.5500000
Epoch: 038, Train Loss: 0.3623316, Train Acc: 0.8814815, Test Acc: 0.5666667
Epoch: 039, Train Loss: 0.3200318, Train Acc: 0.9240741, Test Acc: 0.6000000
Epoch: 040, Train Loss: 0.4395260, Train Acc: 0.8629630, Test Acc: 0.5500000
Epoch: 041, Train Loss: 0.2264214, Train Acc: 0.9500000, Test Acc: 0.6000000
Epoch: 042, Train Loss: 0.1867421, Train Acc: 0.9740741, Test Acc: 0.5500000
Epoch: 043, Train Loss: 0.1333014, Train Acc: 0.9851852, Test Acc: 0.6166667
Epoch: 044, Train Loss: 0.1238982, Train Acc: 0.9888889, Test Acc: 0.6833333
Epoch: 045, Train Loss: 0.1238151, Train Acc: 0.9870370, Test Acc: 0.6666667
Epoch: 046, Train Loss: 0.1246602, Train Acc: 0.9870370, Test Acc: 0.6500000
Epoch: 047, Train Loss: 0.1891005, Train Acc: 0.9462963, Test Acc: 0.6500000
Epoch: 048, Train Loss: 0.1846264, Train Acc: 0.9629630, Test Acc: 0.5500000
Epoch: 049, Train Loss: 0.2151074, Train Acc: 0.9388889, Test Acc: 0.6166667
Epoch: 050, Train Loss: 0.2405484, Train Acc: 0.9240741, Test Acc: 0.5666667
Epoch: 051, Train Loss: 0.0683079, Train Acc: 0.9962963, Test Acc: 0.6500000
Epoch: 052, Train Loss: 0.0475145, Train Acc: 1.0000000, Test Acc: 0.7000000
Epoch: 053, Train Loss: 0.0803592, Train Acc: 0.9925926, Test Acc: 0.6166667
Epoch: 054, Train Loss: 0.0378800, Train Acc: 1.0000000, Test Acc: 0.6166667
Epoch: 055, Train Loss: 0.0222907, Train Acc: 1.0000000, Test Acc: 0.6333333
Epoch: 056, Train Loss: 0.0186675, Train Acc: 1.0000000, Test Acc: 0.6500000
Epoch: 057, Train Loss: 0.0157957, Train Acc: 1.0000000, Test Acc: 0.6666667
Epoch: 058, Train Loss: 0.0157621, Train Acc: 1.0000000, Test Acc: 0.6500000
Epoch: 059, Train Loss: 0.0121345, Train Acc: 1.0000000, Test Acc: 0.6833333
Epoch: 060, Train Loss: 0.0106162, Train Acc: 1.0000000, Test Acc: 0.6833333
Epoch: 061, Train Loss: 0.0095983, Train Acc: 1.0000000, Test Acc: 0.6833333
Epoch: 062, Train Loss: 0.0087728, Train Acc: 1.0000000, Test Acc: 0.6333333
Epoch: 063, Train Loss: 0.0082223, Train Acc: 1.0000000, Test Acc: 0.6666667
