{'dataset_name': 'ENZYMES', 'basis': 'GSO', 'epsilon': [-0.1, -0.15, -0.2, -0.25, -0.3, -0.35, -0.4], 'power': [[4, 4], [4, 4], [4, 4], [4, 4], [4, 4], [4, 4], [4, 4]], 'seeds': [0], 'num_folds': 10, 'num_workers': 8, 'hyperparams': {'batch_size': 64, 'epochs': 201, 'learning_rate': 0.001, 'step_size': 50, 'decay_rate': 0.6}, 'architecture': {'nonlinear': 'ReLU', 'layers': 6, 'hidden': 256, 'pooling': 'X', 'dropout': 0}, 'commit_id': '5550c7a449f3b4116970d9d7caeb5ab686e3e08f', 'time_stamp': '1672758409', 'directory': '../../../../results_spectral_rotation/Try_A100/tu/ENZYMES/board/'}
{'dataset_name': 'ENZYMES', 'basis': 'GSO', 'epsilon': [-0.1, -0.15, -0.2, -0.25, -0.3, -0.35, -0.4], 'power': [[4, 4], [4, 4], [4, 4], [4, 4], [4, 4], [4, 4], [4, 4]], 'seeds': [0], 'num_folds': 10, 'num_workers': 8, 'hyperparams': {'batch_size': 64, 'epochs': 201, 'learning_rate': 0.001, 'step_size': 50, 'decay_rate': 0.6}, 'architecture': {'nonlinear': 'ReLU', 'layers': 6, 'hidden': 256, 'pooling': 'X', 'dropout': 0}, 'commit_id': '5550c7a449f3b4116970d9d7caeb5ab686e3e08f', 'time_stamp': 1672758410, 'directory': '../../../../results_spectral_rotation/Try_A100/tu/ENZYMES/board/', 'seed': 0}
Pre-process:   0%|          | 0/600 [00:00<?, ?it/s]Pre-process:  13%|█▎        | 77/600 [00:00<00:00, 763.72it/s]Pre-process:  26%|██▌       | 157/600 [00:00<00:00, 783.66it/s]Pre-process:  39%|███▉      | 236/600 [00:00<00:00, 783.99it/s]Pre-process:  52%|█████▎    | 315/600 [00:00<00:00, 758.37it/s]Pre-process:  66%|██████▌   | 397/600 [00:00<00:00, 777.61it/s]Pre-process:  80%|███████▉  | 479/600 [00:00<00:00, 791.10it/s]Pre-process:  93%|█████████▎| 559/600 [00:00<00:00, 781.33it/s]Pre-process: 100%|██████████| 600/600 [00:00<00:00, 778.34it/s]
Basis total: 8
train_set : test_set = %d : %d 540 60
-------- FOLD0 DATASET=ENZYMES, COMMIT_ID=5550c7a449f3b4116970d9d7caeb5ab686e3e08f
#Params: 1331718
Epoch: 001, Train Loss: 40035.0775174, Train Acc: 0.1703704, Test Acc: 0.1666667
Epoch: 002, Train Loss: 27028.5175528, Train Acc: 0.1777778, Test Acc: 0.1500000
Epoch: 003, Train Loss: 26955.0909071, Train Acc: 0.1962963, Test Acc: 0.2000000
Epoch: 004, Train Loss: 5303.7186415, Train Acc: 0.2092593, Test Acc: 0.2000000
Epoch: 005, Train Loss: 4374.7671785, Train Acc: 0.2518519, Test Acc: 0.1166667
Epoch: 006, Train Loss: 4146.5098434, Train Acc: 0.2814815, Test Acc: 0.2166667
Epoch: 007, Train Loss: 1147.7900467, Train Acc: 0.3240741, Test Acc: 0.2666667
Epoch: 008, Train Loss: 954.9777963, Train Acc: 0.3259259, Test Acc: 0.2500000
Epoch: 009, Train Loss: 2689.9615553, Train Acc: 0.3388889, Test Acc: 0.2166667
Epoch: 010, Train Loss: 544.1687342, Train Acc: 0.3462963, Test Acc: 0.2166667
Epoch: 011, Train Loss: 1604.0493435, Train Acc: 0.3074074, Test Acc: 0.1333333
Epoch: 012, Train Loss: 1020.4070152, Train Acc: 0.2907407, Test Acc: 0.2000000
Epoch: 013, Train Loss: 693.8990035, Train Acc: 0.3314815, Test Acc: 0.1666667
Epoch: 014, Train Loss: 404.4075716, Train Acc: 0.3592593, Test Acc: 0.2166667
Epoch: 015, Train Loss: 261.4769893, Train Acc: 0.3814815, Test Acc: 0.3166667
Epoch: 016, Train Loss: 657.6133341, Train Acc: 0.3703704, Test Acc: 0.1833333
Epoch: 017, Train Loss: 452.0090341, Train Acc: 0.3814815, Test Acc: 0.2500000
Epoch: 018, Train Loss: 166.2500242, Train Acc: 0.4277778, Test Acc: 0.2166667
Epoch: 019, Train Loss: 190.6856951, Train Acc: 0.4407407, Test Acc: 0.2500000
Epoch: 020, Train Loss: 174.7739137, Train Acc: 0.4333333, Test Acc: 0.2833333
Epoch: 021, Train Loss: 339.2168249, Train Acc: 0.4314815, Test Acc: 0.1833333
Epoch: 022, Train Loss: 139.7402902, Train Acc: 0.4500000, Test Acc: 0.2000000
Epoch: 023, Train Loss: 96.9788541, Train Acc: 0.4777778, Test Acc: 0.3166667
Epoch: 024, Train Loss: 84.0005555, Train Acc: 0.4833333, Test Acc: 0.3333333
Epoch: 025, Train Loss: 70.4617234, Train Acc: 0.5259259, Test Acc: 0.2666667
Epoch: 026, Train Loss: 76.7656185, Train Acc: 0.4870370, Test Acc: 0.2166667
Epoch: 027, Train Loss: 716.3669767, Train Acc: 0.5425926, Test Acc: 0.2333333
Epoch: 028, Train Loss: 1431.8403947, Train Acc: 0.5537037, Test Acc: 0.2500000
Epoch: 029, Train Loss: 397.5565760, Train Acc: 0.5259259, Test Acc: 0.3000000
Epoch: 030, Train Loss: 230.7617159, Train Acc: 0.4796296, Test Acc: 0.2166667
Epoch: 031, Train Loss: 150.9807427, Train Acc: 0.4888889, Test Acc: 0.2166667
Epoch: 032, Train Loss: 95.1075774, Train Acc: 0.5481481, Test Acc: 0.3333333
Epoch: 033, Train Loss: 79.2206445, Train Acc: 0.5425926, Test Acc: 0.2833333
Epoch: 034, Train Loss: 83.5893940, Train Acc: 0.5277778, Test Acc: 0.2666667
Epoch: 035, Train Loss: 82.7898794, Train Acc: 0.4962963, Test Acc: 0.2833333
Epoch: 036, Train Loss: 61.0671491, Train Acc: 0.5333333, Test Acc: 0.2500000
Epoch: 037, Train Loss: 52.1504589, Train Acc: 0.5462963, Test Acc: 0.3000000
Epoch: 038, Train Loss: 44.8337353, Train Acc: 0.6037037, Test Acc: 0.3166667
Epoch: 039, Train Loss: 33.5774373, Train Acc: 0.6240741, Test Acc: 0.3666667
Epoch: 040, Train Loss: 38.2217281, Train Acc: 0.6129630, Test Acc: 0.3000000
Epoch: 041, Train Loss: 29.7274852, Train Acc: 0.6351852, Test Acc: 0.3500000
Epoch: 042, Train Loss: 27.4280651, Train Acc: 0.6314815, Test Acc: 0.3166667
Epoch: 043, Train Loss: 29.1951848, Train Acc: 0.6537037, Test Acc: 0.3166667
Epoch: 044, Train Loss: 26.6506521, Train Acc: 0.6574074, Test Acc: 0.3500000
Epoch: 045, Train Loss: 24.9835119, Train Acc: 0.6629630, Test Acc: 0.3833333
Epoch: 046, Train Loss: 20.3973814, Train Acc: 0.6944444, Test Acc: 0.3666667
Epoch: 047, Train Loss: 20.6744486, Train Acc: 0.7129630, Test Acc: 0.3333333
Epoch: 048, Train Loss: 17.5737731, Train Acc: 0.7037037, Test Acc: 0.4166667
Epoch: 049, Train Loss: 18.9657349, Train Acc: 0.6907407, Test Acc: 0.3666667
Epoch: 050, Train Loss: 35.8723840, Train Acc: 0.6314815, Test Acc: 0.3000000
Epoch: 051, Train Loss: 21.9090049, Train Acc: 0.6611111, Test Acc: 0.3666667
Epoch: 052, Train Loss: 17.1325694, Train Acc: 0.7018519, Test Acc: 0.3333333
Epoch: 053, Train Loss: 15.6434550, Train Acc: 0.7092593, Test Acc: 0.3166667
Epoch: 054, Train Loss: 15.3604102, Train Acc: 0.7222222, Test Acc: 0.3500000
Epoch: 055, Train Loss: 40.0194009, Train Acc: 0.6370370, Test Acc: 0.3833333
Epoch: 056, Train Loss: 28.8535056, Train Acc: 0.6518519, Test Acc: 0.3500000
Epoch: 057, Train Loss: 25.1494673, Train Acc: 0.6796296, Test Acc: 0.3833333
Epoch: 058, Train Loss: 15.0757643, Train Acc: 0.7314815, Test Acc: 0.3833333
Epoch: 059, Train Loss: 13.3080671, Train Acc: 0.7481481, Test Acc: 0.4333333
Epoch: 060, Train Loss: 12.4293333, Train Acc: 0.7537037, Test Acc: 0.3500000
Epoch: 061, Train Loss: 11.5562065, Train Acc: 0.7907407, Test Acc: 0.3666667
Epoch: 062, Train Loss: 11.6953266, Train Acc: 0.7814815, Test Acc: 0.4333333
Epoch: 063, Train Loss: 10.1517364, Train Acc: 0.7685185, Test Acc: 0.4500000
Epoch: 064, Train Loss: 9.9817866, Train Acc: 0.7851852, Test Acc: 0.4500000
Epoch: 065, Train Loss: 8.7444274, Train Acc: 0.8092593, Test Acc: 0.4666667
Epoch: 066, Train Loss: 7.6420335, Train Acc: 0.7925926, Test Acc: 0.4333333
Epoch: 067, Train Loss: 7.3976593, Train Acc: 0.8000000, Test Acc: 0.4333333
Epoch: 068, Train Loss: 7.1017421, Train Acc: 0.8018519, Test Acc: 0.4666667
Epoch: 069, Train Loss: 7.3363183, Train Acc: 0.8092593, Test Acc: 0.4333333
Epoch: 070, Train Loss: 12.4223223, Train Acc: 0.8018519, Test Acc: 0.4666667
Epoch: 071, Train Loss: 15.2646563, Train Acc: 0.7203704, Test Acc: 0.4166667
Epoch: 072, Train Loss: 9.6875025, Train Acc: 0.7925926, Test Acc: 0.4666667
Epoch: 073, Train Loss: 8.3231816, Train Acc: 0.7981481, Test Acc: 0.4666667
Epoch: 074, Train Loss: 6.2469087, Train Acc: 0.8148148, Test Acc: 0.4500000
Epoch: 075, Train Loss: 6.8714615, Train Acc: 0.8148148, Test Acc: 0.4166667
Epoch: 076, Train Loss: 5.6032635, Train Acc: 0.8351852, Test Acc: 0.4166667
Epoch: 077, Train Loss: 7.4799794, Train Acc: 0.7925926, Test Acc: 0.4333333
Epoch: 078, Train Loss: 7.0316616, Train Acc: 0.8092593, Test Acc: 0.4166667
Epoch: 079, Train Loss: 5.8177978, Train Acc: 0.8407407, Test Acc: 0.4166667
Epoch: 080, Train Loss: 5.3151638, Train Acc: 0.8388889, Test Acc: 0.4000000
Epoch: 081, Train Loss: 5.0920857, Train Acc: 0.8388889, Test Acc: 0.4166667
Epoch: 082, Train Loss: 5.8035468, Train Acc: 0.8222222, Test Acc: 0.3666667
Epoch: 083, Train Loss: 5.5969975, Train Acc: 0.8388889, Test Acc: 0.4333333
Epoch: 084, Train Loss: 4.7729468, Train Acc: 0.8444444, Test Acc: 0.4166667
Epoch: 085, Train Loss: 3.8173569, Train Acc: 0.8703704, Test Acc: 0.4500000
Epoch: 086, Train Loss: 7.1367562, Train Acc: 0.8333333, Test Acc: 0.3833333
Epoch: 087, Train Loss: 5.6919327, Train Acc: 0.8370370, Test Acc: 0.4333333
Epoch: 088, Train Loss: 5.1658436, Train Acc: 0.8185185, Test Acc: 0.4666667
Epoch: 089, Train Loss: 6.3302628, Train Acc: 0.8166667, Test Acc: 0.4000000
Epoch: 090, Train Loss: 5.2994365, Train Acc: 0.8407407, Test Acc: 0.3833333
Epoch: 091, Train Loss: 5.0817361, Train Acc: 0.8481481, Test Acc: 0.4500000
Epoch: 092, Train Loss: 5.3845124, Train Acc: 0.8111111, Test Acc: 0.4500000
Epoch: 093, Train Loss: 4.6407510, Train Acc: 0.8481481, Test Acc: 0.4166667
Epoch: 094, Train Loss: 2.9114432, Train Acc: 0.8851852, Test Acc: 0.4666667
Epoch: 095, Train Loss: 3.5070642, Train Acc: 0.8555556, Test Acc: 0.4333333
Epoch: 096, Train Loss: 2.7727751, Train Acc: 0.8851852, Test Acc: 0.4500000
Epoch: 097, Train Loss: 2.7315267, Train Acc: 0.8722222, Test Acc: 0.4500000
Epoch: 098, Train Loss: 4.5572476, Train Acc: 0.8648148, Test Acc: 0.5000000
Epoch: 099, Train Loss: 2.9668254, Train Acc: 0.8777778, Test Acc: 0.4833333
Epoch: 100, Train Loss: 4.0053682, Train Acc: 0.8703704, Test Acc: 0.4500000
Epoch: 101, Train Loss: 2.8362207, Train Acc: 0.8907407, Test Acc: 0.4333333
Epoch: 102, Train Loss: 2.2503223, Train Acc: 0.9037037, Test Acc: 0.4500000
Epoch: 103, Train Loss: 1.7313895, Train Acc: 0.9148148, Test Acc: 0.4333333
Epoch: 104, Train Loss: 2.0176680, Train Acc: 0.9055556, Test Acc: 0.4333333
Epoch: 105, Train Loss: 1.9398803, Train Acc: 0.9055556, Test Acc: 0.4500000
Epoch: 106, Train Loss: 1.4302246, Train Acc: 0.9277778, Test Acc: 0.4500000
Epoch: 107, Train Loss: 1.5515953, Train Acc: 0.9259259, Test Acc: 0.4333333
Epoch: 108, Train Loss: 1.3511005, Train Acc: 0.9333333, Test Acc: 0.4166667
Epoch: 109, Train Loss: 1.3036429, Train Acc: 0.9240741, Test Acc: 0.4500000
Epoch: 110, Train Loss: 1.3923588, Train Acc: 0.9166667, Test Acc: 0.4333333
Epoch: 111, Train Loss: 1.4637932, Train Acc: 0.9259259, Test Acc: 0.4500000
Epoch: 112, Train Loss: 1.6982058, Train Acc: 0.9129630, Test Acc: 0.4500000
Epoch: 113, Train Loss: 2.3789247, Train Acc: 0.8796296, Test Acc: 0.4500000
Epoch: 114, Train Loss: 3.5554951, Train Acc: 0.8722222, Test Acc: 0.4333333
Epoch: 115, Train Loss: 2.7051626, Train Acc: 0.8925926, Test Acc: 0.4333333
Epoch: 116, Train Loss: 1.9686433, Train Acc: 0.9000000, Test Acc: 0.4333333
Epoch: 117, Train Loss: 1.7083688, Train Acc: 0.9148148, Test Acc: 0.4500000
Epoch: 118, Train Loss: 1.4883587, Train Acc: 0.9185185, Test Acc: 0.4000000
Epoch: 119, Train Loss: 1.1439680, Train Acc: 0.9277778, Test Acc: 0.4000000
Epoch: 120, Train Loss: 1.0652454, Train Acc: 0.9351852, Test Acc: 0.4333333
Epoch: 121, Train Loss: 1.2055977, Train Acc: 0.9277778, Test Acc: 0.4500000
Epoch: 122, Train Loss: 1.1000771, Train Acc: 0.9388889, Test Acc: 0.4666667
Epoch: 123, Train Loss: 4.4299245, Train Acc: 0.8703704, Test Acc: 0.3833333
Epoch: 124, Train Loss: 3.2533681, Train Acc: 0.8851852, Test Acc: 0.4166667
Epoch: 125, Train Loss: 2.2847590, Train Acc: 0.9092593, Test Acc: 0.4166667
Epoch: 126, Train Loss: 2.5631532, Train Acc: 0.9018519, Test Acc: 0.4000000
Epoch: 127, Train Loss: 1.4289760, Train Acc: 0.9351852, Test Acc: 0.4500000
Epoch: 128, Train Loss: 1.3867785, Train Acc: 0.9148148, Test Acc: 0.4000000
Epoch: 129, Train Loss: 0.9978228, Train Acc: 0.9333333, Test Acc: 0.4333333
Epoch: 130, Train Loss: 1.0499681, Train Acc: 0.9277778, Test Acc: 0.4500000
Epoch: 131, Train Loss: 1.3035300, Train Acc: 0.9129630, Test Acc: 0.4000000
Epoch: 132, Train Loss: 1.0270312, Train Acc: 0.9259259, Test Acc: 0.4166667
Epoch: 133, Train Loss: 1.0823403, Train Acc: 0.9314815, Test Acc: 0.4166667
Epoch: 134, Train Loss: 0.9698224, Train Acc: 0.9333333, Test Acc: 0.4166667
Epoch: 135, Train Loss: 1.2312849, Train Acc: 0.9314815, Test Acc: 0.4500000
Epoch: 136, Train Loss: 1.1999015, Train Acc: 0.9296296, Test Acc: 0.4333333
Epoch: 137, Train Loss: 2.5137531, Train Acc: 0.8944444, Test Acc: 0.4500000
Epoch: 138, Train Loss: 2.0342030, Train Acc: 0.9018519, Test Acc: 0.4666667
Epoch: 139, Train Loss: 1.2501504, Train Acc: 0.9222222, Test Acc: 0.4166667
Epoch: 140, Train Loss: 14.9073218, Train Acc: 0.8666667, Test Acc: 0.3666667
Epoch: 141, Train Loss: 36.6613226, Train Acc: 0.7314815, Test Acc: 0.3166667
Epoch: 142, Train Loss: 18.9742393, Train Acc: 0.7462963, Test Acc: 0.3666667
Epoch: 143, Train Loss: 16.6298027, Train Acc: 0.7462963, Test Acc: 0.4000000
Epoch: 144, Train Loss: 11.5264555, Train Acc: 0.7555556, Test Acc: 0.3666667
Epoch: 145, Train Loss: 6.7310592, Train Acc: 0.8407407, Test Acc: 0.4333333
Epoch: 146, Train Loss: 3.2298652, Train Acc: 0.8888889, Test Acc: 0.4500000
Epoch: 147, Train Loss: 3.3121469, Train Acc: 0.8722222, Test Acc: 0.4500000
Epoch: 148, Train Loss: 2.7862024, Train Acc: 0.8833333, Test Acc: 0.4833333
Epoch: 149, Train Loss: 2.4775803, Train Acc: 0.8944444, Test Acc: 0.4666667
Epoch: 150, Train Loss: 1.6180997, Train Acc: 0.9055556, Test Acc: 0.5000000
Epoch: 151, Train Loss: 1.2784964, Train Acc: 0.9092593, Test Acc: 0.4500000
Epoch: 152, Train Loss: 1.2306474, Train Acc: 0.9240741, Test Acc: 0.4666667
Epoch: 153, Train Loss: 1.0934838, Train Acc: 0.9314815, Test Acc: 0.5000000
Epoch: 154, Train Loss: 0.8864256, Train Acc: 0.9370370, Test Acc: 0.4666667
Epoch: 155, Train Loss: 0.9435695, Train Acc: 0.9370370, Test Acc: 0.4833333
Epoch: 156, Train Loss: 1.0337663, Train Acc: 0.9388889, Test Acc: 0.4500000
Epoch: 157, Train Loss: 0.7898057, Train Acc: 0.9500000, Test Acc: 0.4333333
Epoch: 158, Train Loss: 0.5312510, Train Acc: 0.9537037, Test Acc: 0.4333333
Epoch: 159, Train Loss: 0.5025332, Train Acc: 0.9574074, Test Acc: 0.4333333
Epoch: 160, Train Loss: 0.6340509, Train Acc: 0.9629630, Test Acc: 0.4500000
Epoch: 161, Train Loss: 3.5476071, Train Acc: 0.8888889, Test Acc: 0.4000000
Epoch: 162, Train Loss: 1.3871617, Train Acc: 0.9314815, Test Acc: 0.4666667
Epoch: 163, Train Loss: 1.3048218, Train Acc: 0.9277778, Test Acc: 0.4500000
Epoch: 164, Train Loss: 1.1145675, Train Acc: 0.9351852, Test Acc: 0.4666667
Epoch: 165, Train Loss: 0.8730335, Train Acc: 0.9462963, Test Acc: 0.4333333
Epoch: 166, Train Loss: 0.6337148, Train Acc: 0.9574074, Test Acc: 0.4666667
Epoch: 167, Train Loss: 0.6716187, Train Acc: 0.9407407, Test Acc: 0.4333333
Epoch: 168, Train Loss: 0.5090669, Train Acc: 0.9629630, Test Acc: 0.4500000
Epoch: 169, Train Loss: 0.5363903, Train Acc: 0.9611111, Test Acc: 0.4666667
Epoch: 170, Train Loss: 0.5519913, Train Acc: 0.9666667, Test Acc: 0.4833333
Epoch: 171, Train Loss: 0.7185449, Train Acc: 0.9555556, Test Acc: 0.4333333
Epoch: 172, Train Loss: 0.6475301, Train Acc: 0.9518519, Test Acc: 0.4166667
Epoch: 173, Train Loss: 0.7303978, Train Acc: 0.9555556, Test Acc: 0.4166667
Epoch: 174, Train Loss: 0.4658699, Train Acc: 0.9629630, Test Acc: 0.4500000
Epoch: 175, Train Loss: 0.4601691, Train Acc: 0.9685185, Test Acc: 0.4833333
Epoch: 176, Train Loss: 0.5355270, Train Acc: 0.9666667, Test Acc: 0.4833333
Epoch: 177, Train Loss: 0.6884944, Train Acc: 0.9574074, Test Acc: 0.4666667
Epoch: 178, Train Loss: 0.5982303, Train Acc: 0.9537037, Test Acc: 0.4833333
Epoch: 179, Train Loss: 0.5318946, Train Acc: 0.9611111, Test Acc: 0.4833333
Epoch: 180, Train Loss: 0.4105074, Train Acc: 0.9555556, Test Acc: 0.4500000
Epoch: 181, Train Loss: 0.5246406, Train Acc: 0.9555556, Test Acc: 0.4666667
Epoch: 182, Train Loss: 0.6553582, Train Acc: 0.9555556, Test Acc: 0.4666667
Epoch: 183, Train Loss: 0.5996347, Train Acc: 0.9500000, Test Acc: 0.4833333
Epoch: 184, Train Loss: 0.5421676, Train Acc: 0.9537037, Test Acc: 0.4500000
Epoch: 185, Train Loss: 0.3450130, Train Acc: 0.9703704, Test Acc: 0.4333333
Epoch: 186, Train Loss: 0.6361195, Train Acc: 0.9555556, Test Acc: 0.4500000
Epoch: 187, Train Loss: 6.8928906, Train Acc: 0.8888889, Test Acc: 0.4666667
Epoch: 188, Train Loss: 4.2262028, Train Acc: 0.9074074, Test Acc: 0.4833333
Epoch: 189, Train Loss: 2.6805070, Train Acc: 0.9259259, Test Acc: 0.4500000
Epoch: 190, Train Loss: 1.5496630, Train Acc: 0.9370370, Test Acc: 0.4166667
Epoch: 191, Train Loss: 0.8226938, Train Acc: 0.9481481, Test Acc: 0.4333333
Epoch: 192, Train Loss: 1.3668899, Train Acc: 0.9351852, Test Acc: 0.4166667
Epoch: 193, Train Loss: 0.3995655, Train Acc: 0.9666667, Test Acc: 0.4666667
Epoch: 194, Train Loss: 0.7184627, Train Acc: 0.9537037, Test Acc: 0.4500000
Epoch: 195, Train Loss: 0.9571590, Train Acc: 0.9407407, Test Acc: 0.4333333
Epoch: 196, Train Loss: 0.4135050, Train Acc: 0.9537037, Test Acc: 0.4500000
Epoch: 197, Train Loss: 0.6041302, Train Acc: 0.9537037, Test Acc: 0.4333333
Epoch: 198, Train Loss: 0.5545435, Train Acc: 0.9407407, Test Acc: 0.4333333
Epoch: 199, Train Loss: 0.2886922, Train Acc: 0.9666667, Test Acc: 0.4500000
Epoch: 200, Train Loss: 0.3518848, Train Acc: 0.9629630, Test Acc: 0.4500000
--------
Best Test Acc:   0.5_0.0, Epoch: 97
Best Train Loss: 0.2886921689509311_0.0
Best Train Acc:  0.9703703703703703_0.0
FOLD1, ENZYMES, 1672758410/5550c7a_GSOE[-0.1, -0.15, -0.2, -0.25, -0.3, -0.35, -0.4]P[[4, 4], [4, 4], [4, 4], [4, 4], [4, 4], [4, 4], [4, 4]]I1_ReLU_X_6_256_0_0.001_50_0.6_B64S0W8, BT=0.5_0.0, BE=97, ID=5550c7a449f3b4116970d9d7caeb5ab686e3e08f
train_set : test_set = %d : %d 540 60
-------- FOLD1 DATASET=ENZYMES, COMMIT_ID=5550c7a449f3b4116970d9d7caeb5ab686e3e08f
#Params: 1331718
Epoch: 001, Train Loss: 72326.9663773, Train Acc: 0.1666667, Test Acc: 0.1666667
Epoch: 002, Train Loss: 12555.3141493, Train Acc: 0.1907407, Test Acc: 0.1500000
Epoch: 003, Train Loss: 11492.5338795, Train Acc: 0.2462963, Test Acc: 0.1833333
Epoch: 004, Train Loss: 17895.8997486, Train Acc: 0.1814815, Test Acc: 0.2166667
Epoch: 005, Train Loss: 7008.1197917, Train Acc: 0.2500000, Test Acc: 0.1500000
Epoch: 006, Train Loss: 2026.1145282, Train Acc: 0.2203704, Test Acc: 0.2000000
Epoch: 007, Train Loss: 5500.7719763, Train Acc: 0.2629630, Test Acc: 0.2500000
Epoch: 008, Train Loss: 1304.7731133, Train Acc: 0.2777778, Test Acc: 0.3166667
Epoch: 009, Train Loss: 3111.6219645, Train Acc: 0.2388889, Test Acc: 0.2166667
Epoch: 010, Train Loss: 6631.2157236, Train Acc: 0.3148148, Test Acc: 0.3000000
Epoch: 011, Train Loss: 3586.9271462, Train Acc: 0.2796296, Test Acc: 0.1666667
Epoch: 012, Train Loss: 1023.4438205, Train Acc: 0.2759259, Test Acc: 0.1833333
Epoch: 013, Train Loss: 684.1040133, Train Acc: 0.3037037, Test Acc: 0.1500000
Epoch: 014, Train Loss: 462.3738132, Train Acc: 0.3481481, Test Acc: 0.1833333
Epoch: 015, Train Loss: 468.4745942, Train Acc: 0.3481481, Test Acc: 0.1666667
Epoch: 016, Train Loss: 214.7920461, Train Acc: 0.3685185, Test Acc: 0.2833333
Epoch: 017, Train Loss: 487.5778009, Train Acc: 0.4000000, Test Acc: 0.2833333
Epoch: 018, Train Loss: 198.1222475, Train Acc: 0.4055556, Test Acc: 0.3166667
Epoch: 019, Train Loss: 380.5297459, Train Acc: 0.3907407, Test Acc: 0.2000000
Epoch: 020, Train Loss: 284.4996443, Train Acc: 0.4296296, Test Acc: 0.3500000
Epoch: 021, Train Loss: 99.8227036, Train Acc: 0.3944444, Test Acc: 0.3166667
Epoch: 022, Train Loss: 162.2498744, Train Acc: 0.4166667, Test Acc: 0.2666667
Epoch: 023, Train Loss: 181.9796373, Train Acc: 0.4166667, Test Acc: 0.2333333
Epoch: 024, Train Loss: 92.5562544, Train Acc: 0.4129630, Test Acc: 0.3166667
Epoch: 025, Train Loss: 84.1879365, Train Acc: 0.4574074, Test Acc: 0.3166667
Epoch: 026, Train Loss: 84.1183583, Train Acc: 0.4574074, Test Acc: 0.3666667
Epoch: 027, Train Loss: 44.0061989, Train Acc: 0.4870370, Test Acc: 0.3333333
Epoch: 028, Train Loss: 56.2187554, Train Acc: 0.4685185, Test Acc: 0.3333333
Epoch: 029, Train Loss: 40.3976924, Train Acc: 0.4907407, Test Acc: 0.3666667
Epoch: 030, Train Loss: 48.5197705, Train Acc: 0.4685185, Test Acc: 0.4333333
Epoch: 031, Train Loss: 50.6468883, Train Acc: 0.4870370, Test Acc: 0.3833333
Epoch: 032, Train Loss: 37.7353015, Train Acc: 0.5037037, Test Acc: 0.4500000
Epoch: 033, Train Loss: 35.4832325, Train Acc: 0.4703704, Test Acc: 0.3666667
Epoch: 034, Train Loss: 57.9831756, Train Acc: 0.5314815, Test Acc: 0.4666667
Epoch: 035, Train Loss: 32.3421788, Train Acc: 0.5259259, Test Acc: 0.4500000
Epoch: 036, Train Loss: 26.9157994, Train Acc: 0.5518519, Test Acc: 0.4333333
Epoch: 037, Train Loss: 25.0458880, Train Acc: 0.5611111, Test Acc: 0.4666667
Epoch: 038, Train Loss: 27.1843896, Train Acc: 0.5703704, Test Acc: 0.4833333
Epoch: 039, Train Loss: 26.7367140, Train Acc: 0.5648148, Test Acc: 0.4000000
Epoch: 040, Train Loss: 23.7518558, Train Acc: 0.5685185, Test Acc: 0.4666667
Epoch: 041, Train Loss: 20.8059533, Train Acc: 0.5814815, Test Acc: 0.4666667
Epoch: 042, Train Loss: 20.9302706, Train Acc: 0.5722222, Test Acc: 0.3666667
Epoch: 043, Train Loss: 19.4872967, Train Acc: 0.6166667, Test Acc: 0.4333333
Epoch: 044, Train Loss: 20.7060976, Train Acc: 0.5944444, Test Acc: 0.4333333
Epoch: 045, Train Loss: 16.3785029, Train Acc: 0.6407407, Test Acc: 0.4833333
Epoch: 046, Train Loss: 16.4781215, Train Acc: 0.6092593, Test Acc: 0.4500000
Epoch: 047, Train Loss: 15.0116918, Train Acc: 0.6277778, Test Acc: 0.4833333
Epoch: 048, Train Loss: 13.8562846, Train Acc: 0.6425926, Test Acc: 0.4000000
Epoch: 049, Train Loss: 10.9341625, Train Acc: 0.6722222, Test Acc: 0.5000000
Epoch: 050, Train Loss: 11.3729600, Train Acc: 0.6740741, Test Acc: 0.4333333
Epoch: 051, Train Loss: 10.4940806, Train Acc: 0.6833333, Test Acc: 0.4666667
Epoch: 052, Train Loss: 10.0250198, Train Acc: 0.6833333, Test Acc: 0.5000000
Epoch: 053, Train Loss: 11.1043566, Train Acc: 0.6759259, Test Acc: 0.4833333
Epoch: 054, Train Loss: 9.5047359, Train Acc: 0.6888889, Test Acc: 0.5166667
Epoch: 055, Train Loss: 9.5353978, Train Acc: 0.6851852, Test Acc: 0.4666667
Epoch: 056, Train Loss: 9.2618420, Train Acc: 0.6907407, Test Acc: 0.4000000
Epoch: 057, Train Loss: 8.4878987, Train Acc: 0.6962963, Test Acc: 0.4666667
Epoch: 058, Train Loss: 7.3679205, Train Acc: 0.7407407, Test Acc: 0.5333333
Epoch: 059, Train Loss: 7.6326165, Train Acc: 0.7203704, Test Acc: 0.4833333
Epoch: 060, Train Loss: 8.3375199, Train Acc: 0.7129630, Test Acc: 0.4833333
Epoch: 061, Train Loss: 7.6581245, Train Acc: 0.7240741, Test Acc: 0.4666667
Epoch: 062, Train Loss: 7.7791278, Train Acc: 0.7277778, Test Acc: 0.4500000
Epoch: 063, Train Loss: 6.6681945, Train Acc: 0.7425926, Test Acc: 0.4500000
Epoch: 064, Train Loss: 7.2412512, Train Acc: 0.7314815, Test Acc: 0.4666667
Epoch: 065, Train Loss: 9.7277781, Train Acc: 0.6925926, Test Acc: 0.4666667
Epoch: 066, Train Loss: 8.7312731, Train Acc: 0.7000000, Test Acc: 0.4833333
Epoch: 067, Train Loss: 7.4343332, Train Acc: 0.7314815, Test Acc: 0.4166667
Epoch: 068, Train Loss: 6.8560325, Train Acc: 0.7462963, Test Acc: 0.5333333
Epoch: 069, Train Loss: 8.4751177, Train Acc: 0.7185185, Test Acc: 0.5000000
Epoch: 070, Train Loss: 8.8137264, Train Acc: 0.7074074, Test Acc: 0.5000000
Epoch: 071, Train Loss: 6.8144938, Train Acc: 0.7296296, Test Acc: 0.5333333
Epoch: 072, Train Loss: 6.9717275, Train Acc: 0.7592593, Test Acc: 0.4500000
Epoch: 073, Train Loss: 6.5997645, Train Acc: 0.7351852, Test Acc: 0.4333333
Epoch: 074, Train Loss: 9.0265046, Train Acc: 0.7055556, Test Acc: 0.5500000
Epoch: 075, Train Loss: 7.7581819, Train Acc: 0.7277778, Test Acc: 0.5500000
Epoch: 076, Train Loss: 6.7541496, Train Acc: 0.7388889, Test Acc: 0.5166667
Epoch: 077, Train Loss: 5.7330766, Train Acc: 0.7555556, Test Acc: 0.5166667
Epoch: 078, Train Loss: 5.5551742, Train Acc: 0.7611111, Test Acc: 0.5000000
Epoch: 079, Train Loss: 5.7488260, Train Acc: 0.7648148, Test Acc: 0.4333333
Epoch: 080, Train Loss: 4.7970202, Train Acc: 0.7703704, Test Acc: 0.5000000
Epoch: 081, Train Loss: 4.4510902, Train Acc: 0.7833333, Test Acc: 0.5000000
Epoch: 082, Train Loss: 5.5137067, Train Acc: 0.7907407, Test Acc: 0.4666667
Epoch: 083, Train Loss: 5.4146302, Train Acc: 0.7592593, Test Acc: 0.5166667
Epoch: 084, Train Loss: 6.1247150, Train Acc: 0.7685185, Test Acc: 0.5333333
Epoch: 085, Train Loss: 6.1440897, Train Acc: 0.7629630, Test Acc: 0.4833333
Epoch: 086, Train Loss: 6.5145621, Train Acc: 0.7814815, Test Acc: 0.5333333
Epoch: 087, Train Loss: 5.4224622, Train Acc: 0.7944444, Test Acc: 0.5166667
Epoch: 088, Train Loss: 3.9271570, Train Acc: 0.8074074, Test Acc: 0.4500000
Epoch: 089, Train Loss: 5.2370720, Train Acc: 0.7796296, Test Acc: 0.4500000
Epoch: 090, Train Loss: 3.8208992, Train Acc: 0.8092593, Test Acc: 0.4833333
Epoch: 091, Train Loss: 3.2945524, Train Acc: 0.8055556, Test Acc: 0.4500000
Epoch: 092, Train Loss: 4.7646151, Train Acc: 0.8018519, Test Acc: 0.4500000
Epoch: 093, Train Loss: 4.5927653, Train Acc: 0.7962963, Test Acc: 0.4833333
Epoch: 094, Train Loss: 3.2290991, Train Acc: 0.8203704, Test Acc: 0.4333333
Epoch: 095, Train Loss: 3.5448959, Train Acc: 0.8166667, Test Acc: 0.5166667
Epoch: 096, Train Loss: 5.2300211, Train Acc: 0.8092593, Test Acc: 0.4500000
Epoch: 097, Train Loss: 4.5201339, Train Acc: 0.8074074, Test Acc: 0.5000000
Epoch: 098, Train Loss: 3.8234229, Train Acc: 0.8092593, Test Acc: 0.4833333
Epoch: 099, Train Loss: 4.4779951, Train Acc: 0.7611111, Test Acc: 0.4666667
Epoch: 100, Train Loss: 5.5975055, Train Acc: 0.7907407, Test Acc: 0.5166667
Epoch: 101, Train Loss: 3.7301688, Train Acc: 0.8166667, Test Acc: 0.5000000
Epoch: 102, Train Loss: 2.9422013, Train Acc: 0.8222222, Test Acc: 0.5333333
Epoch: 103, Train Loss: 2.5829749, Train Acc: 0.8333333, Test Acc: 0.5333333
Epoch: 104, Train Loss: 2.2950271, Train Acc: 0.8296296, Test Acc: 0.4666667
Epoch: 105, Train Loss: 2.4149881, Train Acc: 0.8314815, Test Acc: 0.4833333
Epoch: 106, Train Loss: 2.4039920, Train Acc: 0.8537037, Test Acc: 0.4833333
Epoch: 107, Train Loss: 2.2958995, Train Acc: 0.8518519, Test Acc: 0.5000000
Epoch: 108, Train Loss: 2.3092226, Train Acc: 0.8462963, Test Acc: 0.5000000
Epoch: 109, Train Loss: 2.3797705, Train Acc: 0.8351852, Test Acc: 0.5166667
Epoch: 110, Train Loss: 3.4803249, Train Acc: 0.8111111, Test Acc: 0.5000000
Epoch: 111, Train Loss: 3.3042532, Train Acc: 0.8388889, Test Acc: 0.5000000
Epoch: 112, Train Loss: 2.8402966, Train Acc: 0.8240741, Test Acc: 0.5166667
Epoch: 113, Train Loss: 2.7187184, Train Acc: 0.8185185, Test Acc: 0.5333333
Epoch: 114, Train Loss: 2.3236297, Train Acc: 0.8462963, Test Acc: 0.4833333
Epoch: 115, Train Loss: 2.3177015, Train Acc: 0.8333333, Test Acc: 0.4666667
Epoch: 116, Train Loss: 2.1237153, Train Acc: 0.8574074, Test Acc: 0.5000000
Epoch: 117, Train Loss: 2.0312349, Train Acc: 0.8666667, Test Acc: 0.4833333
Epoch: 118, Train Loss: 2.0383554, Train Acc: 0.8592593, Test Acc: 0.5333333
Epoch: 119, Train Loss: 2.0429274, Train Acc: 0.8648148, Test Acc: 0.4833333
Epoch: 120, Train Loss: 2.1126014, Train Acc: 0.8555556, Test Acc: 0.4833333
Epoch: 121, Train Loss: 5.1107164, Train Acc: 0.7796296, Test Acc: 0.4833333
Epoch: 122, Train Loss: 4.4033614, Train Acc: 0.7851852, Test Acc: 0.4333333
Epoch: 123, Train Loss: 3.6725779, Train Acc: 0.8000000, Test Acc: 0.5166667
Epoch: 124, Train Loss: 2.8314748, Train Acc: 0.8425926, Test Acc: 0.5166667
Epoch: 125, Train Loss: 2.1613274, Train Acc: 0.8629630, Test Acc: 0.5000000
Epoch: 126, Train Loss: 2.8841444, Train Acc: 0.8203704, Test Acc: 0.5166667
Epoch: 127, Train Loss: 3.9306971, Train Acc: 0.8129630, Test Acc: 0.5166667
Epoch: 128, Train Loss: 2.6375833, Train Acc: 0.8388889, Test Acc: 0.5000000
Epoch: 129, Train Loss: 3.4621532, Train Acc: 0.8185185, Test Acc: 0.4833333
Epoch: 130, Train Loss: 2.0574026, Train Acc: 0.8500000, Test Acc: 0.5000000
Epoch: 131, Train Loss: 1.7305863, Train Acc: 0.8537037, Test Acc: 0.5166667
Epoch: 132, Train Loss: 1.5798705, Train Acc: 0.8814815, Test Acc: 0.4833333
Epoch: 133, Train Loss: 1.5924334, Train Acc: 0.8777778, Test Acc: 0.5166667
Epoch: 134, Train Loss: 1.5116357, Train Acc: 0.8833333, Test Acc: 0.5333333
Epoch: 135, Train Loss: 1.7398022, Train Acc: 0.8814815, Test Acc: 0.4833333
Epoch: 136, Train Loss: 2.0510022, Train Acc: 0.8425926, Test Acc: 0.5500000
Epoch: 137, Train Loss: 2.4997432, Train Acc: 0.8370370, Test Acc: 0.5166667
Epoch: 138, Train Loss: 3.5224303, Train Acc: 0.8148148, Test Acc: 0.4666667
Epoch: 139, Train Loss: 2.4413792, Train Acc: 0.8388889, Test Acc: 0.4833333
Epoch: 140, Train Loss: 1.8344607, Train Acc: 0.8777778, Test Acc: 0.5333333
Epoch: 141, Train Loss: 2.1688028, Train Acc: 0.8444444, Test Acc: 0.5500000
Epoch: 142, Train Loss: 2.9926958, Train Acc: 0.8500000, Test Acc: 0.5333333
Epoch: 143, Train Loss: 15.1411539, Train Acc: 0.7000000, Test Acc: 0.4166667
Epoch: 144, Train Loss: 9.3327724, Train Acc: 0.7222222, Test Acc: 0.4166667
Epoch: 145, Train Loss: 17.4903882, Train Acc: 0.6962963, Test Acc: 0.3833333
Epoch: 146, Train Loss: 6.5220113, Train Acc: 0.7555556, Test Acc: 0.4833333
Epoch: 147, Train Loss: 6.1212856, Train Acc: 0.7425926, Test Acc: 0.5333333
Epoch: 148, Train Loss: 3.6241064, Train Acc: 0.8037037, Test Acc: 0.5166667
Epoch: 149, Train Loss: 2.3478397, Train Acc: 0.8407407, Test Acc: 0.5166667
Epoch: 150, Train Loss: 3.0709834, Train Acc: 0.8000000, Test Acc: 0.5166667
Epoch: 151, Train Loss: 3.3606579, Train Acc: 0.8111111, Test Acc: 0.5166667
Epoch: 152, Train Loss: 2.3287732, Train Acc: 0.8537037, Test Acc: 0.5500000
Epoch: 153, Train Loss: 2.0582972, Train Acc: 0.8388889, Test Acc: 0.5666667
Epoch: 154, Train Loss: 5.5142285, Train Acc: 0.8055556, Test Acc: 0.4833333
Epoch: 155, Train Loss: 2.0073761, Train Acc: 0.8611111, Test Acc: 0.5166667
Epoch: 156, Train Loss: 4.7117665, Train Acc: 0.8074074, Test Acc: 0.4333333
Epoch: 157, Train Loss: 2.9156393, Train Acc: 0.8444444, Test Acc: 0.4833333
Epoch: 158, Train Loss: 1.7490673, Train Acc: 0.8629630, Test Acc: 0.4666667
Epoch: 159, Train Loss: 1.7347198, Train Acc: 0.8722222, Test Acc: 0.5166667
Epoch: 160, Train Loss: 1.7930871, Train Acc: 0.8666667, Test Acc: 0.5000000
Epoch: 161, Train Loss: 1.6754962, Train Acc: 0.8814815, Test Acc: 0.5333333
Epoch: 162, Train Loss: 2.1050360, Train Acc: 0.8629630, Test Acc: 0.4666667
Epoch: 163, Train Loss: 1.5743797, Train Acc: 0.8685185, Test Acc: 0.5500000
Epoch: 164, Train Loss: 1.3602116, Train Acc: 0.8833333, Test Acc: 0.5500000
Epoch: 165, Train Loss: 1.3667556, Train Acc: 0.8685185, Test Acc: 0.5166667
Epoch: 166, Train Loss: 1.1059869, Train Acc: 0.8888889, Test Acc: 0.5166667
Epoch: 167, Train Loss: 1.0681505, Train Acc: 0.9000000, Test Acc: 0.5000000
Epoch: 168, Train Loss: 1.2640030, Train Acc: 0.8703704, Test Acc: 0.5333333
Epoch: 169, Train Loss: 1.5858070, Train Acc: 0.8777778, Test Acc: 0.5333333
Epoch: 170, Train Loss: 1.0779173, Train Acc: 0.8981481, Test Acc: 0.5166667
Epoch: 171, Train Loss: 1.0141296, Train Acc: 0.9018519, Test Acc: 0.5500000
Epoch: 172, Train Loss: 0.8838447, Train Acc: 0.9074074, Test Acc: 0.5333333
Epoch: 173, Train Loss: 0.8771274, Train Acc: 0.9240741, Test Acc: 0.5166667
Epoch: 174, Train Loss: 0.8478053, Train Acc: 0.9148148, Test Acc: 0.4666667
Epoch: 175, Train Loss: 0.8934660, Train Acc: 0.9055556, Test Acc: 0.5166667
Epoch: 176, Train Loss: 0.8858651, Train Acc: 0.9129630, Test Acc: 0.5166667
Epoch: 177, Train Loss: 0.8661471, Train Acc: 0.9185185, Test Acc: 0.5000000
Epoch: 178, Train Loss: 0.8761169, Train Acc: 0.9074074, Test Acc: 0.5500000
Epoch: 179, Train Loss: 0.9946639, Train Acc: 0.8944444, Test Acc: 0.5333333
Epoch: 180, Train Loss: 0.9636423, Train Acc: 0.8962963, Test Acc: 0.4833333
Epoch: 181, Train Loss: 0.9182993, Train Acc: 0.9148148, Test Acc: 0.5000000
Epoch: 182, Train Loss: 1.3670389, Train Acc: 0.8796296, Test Acc: 0.5166667
Epoch: 183, Train Loss: 1.0916748, Train Acc: 0.9092593, Test Acc: 0.4666667
Epoch: 184, Train Loss: 0.9430516, Train Acc: 0.9129630, Test Acc: 0.5000000
Epoch: 185, Train Loss: 0.8680178, Train Acc: 0.9074074, Test Acc: 0.5166667
Epoch: 186, Train Loss: 0.6714691, Train Acc: 0.9277778, Test Acc: 0.4333333
Epoch: 187, Train Loss: 0.7887982, Train Acc: 0.9148148, Test Acc: 0.4666667
Epoch: 188, Train Loss: 0.6929143, Train Acc: 0.9148148, Test Acc: 0.4833333
Epoch: 189, Train Loss: 0.6292367, Train Acc: 0.9185185, Test Acc: 0.5000000
Epoch: 190, Train Loss: 0.5831272, Train Acc: 0.9222222, Test Acc: 0.4833333
Epoch: 191, Train Loss: 0.6482563, Train Acc: 0.9240741, Test Acc: 0.5000000
Epoch: 192, Train Loss: 0.6682144, Train Acc: 0.9296296, Test Acc: 0.5000000
Epoch: 193, Train Loss: 0.7340910, Train Acc: 0.9240741, Test Acc: 0.4666667
Epoch: 194, Train Loss: 0.8151342, Train Acc: 0.9240741, Test Acc: 0.4833333
Epoch: 195, Train Loss: 1.1871469, Train Acc: 0.8888889, Test Acc: 0.5166667
Epoch: 196, Train Loss: 0.9908370, Train Acc: 0.8925926, Test Acc: 0.5333333
Epoch: 197, Train Loss: 0.8899400, Train Acc: 0.9037037, Test Acc: 0.5000000
Epoch: 198, Train Loss: 0.5558907, Train Acc: 0.9333333, Test Acc: 0.5166667
Epoch: 199, Train Loss: 0.4763775, Train Acc: 0.9407407, Test Acc: 0.5000000
Epoch: 200, Train Loss: 0.6458905, Train Acc: 0.9148148, Test Acc: 0.5333333
--------
Best Test Acc:   0.5333333333333333_0.033333333333333326, Epoch: 152
Best Train Loss: 0.3825348338823662_0.09384266493143512
Best Train Acc:  0.9537037037037037_0.012962962962962954
FOLD2, ENZYMES, 1672758410/5550c7a_GSOE[-0.1, -0.15, -0.2, -0.25, -0.3, -0.35, -0.4]P[[4, 4], [4, 4], [4, 4], [4, 4], [4, 4], [4, 4], [4, 4]]I1_ReLU_X_6_256_0_0.001_50_0.6_B64S0W8, BT=0.5333333333333333_0.033333333333333326, BE=152, ID=5550c7a449f3b4116970d9d7caeb5ab686e3e08f
train_set : test_set = %d : %d 540 60
-------- FOLD2 DATASET=ENZYMES, COMMIT_ID=5550c7a449f3b4116970d9d7caeb5ab686e3e08f
#Params: 1331718
Epoch: 001, Train Loss: 17059.0732133, Train Acc: 0.1777778, Test Acc: 0.2166667
Epoch: 002, Train Loss: 12840.7250760, Train Acc: 0.1962963, Test Acc: 0.2000000
Epoch: 003, Train Loss: 18558.5806785, Train Acc: 0.1944444, Test Acc: 0.2833333
Epoch: 004, Train Loss: 3900.8716978, Train Acc: 0.2240741, Test Acc: 0.1833333
Epoch: 005, Train Loss: 2475.1149631, Train Acc: 0.2129630, Test Acc: 0.1000000
Epoch: 006, Train Loss: 1172.9208740, Train Acc: 0.2518519, Test Acc: 0.2833333
Epoch: 007, Train Loss: 1038.9283863, Train Acc: 0.2814815, Test Acc: 0.2333333
Epoch: 008, Train Loss: 615.8579300, Train Acc: 0.3611111, Test Acc: 0.2166667
Epoch: 009, Train Loss: 2932.5972444, Train Acc: 0.3388889, Test Acc: 0.2666667
Epoch: 010, Train Loss: 561.9932706, Train Acc: 0.3425926, Test Acc: 0.3000000
Epoch: 011, Train Loss: 1543.1804580, Train Acc: 0.3648148, Test Acc: 0.2833333
Epoch: 012, Train Loss: 981.4734881, Train Acc: 0.3888889, Test Acc: 0.3166667
Epoch: 013, Train Loss: 328.1004085, Train Acc: 0.3592593, Test Acc: 0.2833333
Epoch: 014, Train Loss: 144.6569694, Train Acc: 0.4555556, Test Acc: 0.2833333
Epoch: 015, Train Loss: 391.2229883, Train Acc: 0.4018519, Test Acc: 0.3000000
Epoch: 016, Train Loss: 182.5348021, Train Acc: 0.4537037, Test Acc: 0.2666667
Epoch: 017, Train Loss: 446.8638456, Train Acc: 0.3925926, Test Acc: 0.2000000
Epoch: 018, Train Loss: 566.7565753, Train Acc: 0.3925926, Test Acc: 0.3000000
Epoch: 019, Train Loss: 266.7387457, Train Acc: 0.4222222, Test Acc: 0.2666667
Epoch: 020, Train Loss: 165.6077346, Train Acc: 0.4722222, Test Acc: 0.2500000
Epoch: 021, Train Loss: 160.4752836, Train Acc: 0.4555556, Test Acc: 0.2333333
Epoch: 022, Train Loss: 346.8371387, Train Acc: 0.4907407, Test Acc: 0.3000000
Epoch: 023, Train Loss: 571.9303124, Train Acc: 0.4740741, Test Acc: 0.4166667
Epoch: 024, Train Loss: 216.5055207, Train Acc: 0.4888889, Test Acc: 0.3333333
Epoch: 025, Train Loss: 82.7289710, Train Acc: 0.5111111, Test Acc: 0.3833333
Epoch: 026, Train Loss: 146.0960211, Train Acc: 0.5129630, Test Acc: 0.3333333
Epoch: 027, Train Loss: 233.5504027, Train Acc: 0.5185185, Test Acc: 0.3666667
Epoch: 028, Train Loss: 61.9937587, Train Acc: 0.5314815, Test Acc: 0.3500000
Epoch: 029, Train Loss: 68.3879530, Train Acc: 0.5351852, Test Acc: 0.3333333
Epoch: 030, Train Loss: 102.9565160, Train Acc: 0.5555556, Test Acc: 0.2500000
Epoch: 031, Train Loss: 69.4923469, Train Acc: 0.5759259, Test Acc: 0.2833333
Epoch: 032, Train Loss: 56.0047718, Train Acc: 0.5851852, Test Acc: 0.2666667
Epoch: 033, Train Loss: 73.5951599, Train Acc: 0.5555556, Test Acc: 0.2833333
Epoch: 034, Train Loss: 41.0351283, Train Acc: 0.6074074, Test Acc: 0.3166667
Epoch: 035, Train Loss: 43.0608455, Train Acc: 0.5870370, Test Acc: 0.3833333
Epoch: 036, Train Loss: 31.7932548, Train Acc: 0.5814815, Test Acc: 0.3500000
Epoch: 037, Train Loss: 26.1359233, Train Acc: 0.6129630, Test Acc: 0.3166667
Epoch: 038, Train Loss: 21.8956660, Train Acc: 0.6611111, Test Acc: 0.3166667
Epoch: 039, Train Loss: 45.4369031, Train Acc: 0.5981481, Test Acc: 0.2500000
Epoch: 040, Train Loss: 65.2993103, Train Acc: 0.5907407, Test Acc: 0.3666667
Epoch: 041, Train Loss: 50.0261335, Train Acc: 0.6870370, Test Acc: 0.2833333
Epoch: 042, Train Loss: 27.5679896, Train Acc: 0.6444444, Test Acc: 0.3833333
Epoch: 043, Train Loss: 22.9506078, Train Acc: 0.6518519, Test Acc: 0.3500000
Epoch: 044, Train Loss: 18.6827212, Train Acc: 0.6462963, Test Acc: 0.2833333
Epoch: 045, Train Loss: 12.9267025, Train Acc: 0.7148148, Test Acc: 0.3833333
Epoch: 046, Train Loss: 12.6054731, Train Acc: 0.7111111, Test Acc: 0.3166667
Epoch: 047, Train Loss: 17.8577861, Train Acc: 0.6962963, Test Acc: 0.3833333
Epoch: 048, Train Loss: 14.6338022, Train Acc: 0.6962963, Test Acc: 0.4166667
Epoch: 049, Train Loss: 32.2697194, Train Acc: 0.6277778, Test Acc: 0.3333333
Epoch: 050, Train Loss: 65.1985064, Train Acc: 0.5648148, Test Acc: 0.3166667
Epoch: 051, Train Loss: 27.3981873, Train Acc: 0.6518519, Test Acc: 0.4166667
Epoch: 052, Train Loss: 18.5853011, Train Acc: 0.6962963, Test Acc: 0.4000000
Epoch: 053, Train Loss: 14.8077900, Train Acc: 0.7092593, Test Acc: 0.4166667
Epoch: 054, Train Loss: 15.0125059, Train Acc: 0.6870370, Test Acc: 0.4000000
Epoch: 055, Train Loss: 12.9350609, Train Acc: 0.7388889, Test Acc: 0.4166667
Epoch: 056, Train Loss: 8.9744052, Train Acc: 0.7814815, Test Acc: 0.4000000
Epoch: 057, Train Loss: 9.9202261, Train Acc: 0.7703704, Test Acc: 0.4000000
Epoch: 058, Train Loss: 8.4828778, Train Acc: 0.7777778, Test Acc: 0.4166667
Epoch: 059, Train Loss: 7.6946190, Train Acc: 0.7888889, Test Acc: 0.3833333
Epoch: 060, Train Loss: 7.4500073, Train Acc: 0.7666667, Test Acc: 0.4000000
Epoch: 061, Train Loss: 6.0999913, Train Acc: 0.7907407, Test Acc: 0.3666667
Epoch: 062, Train Loss: 6.4873980, Train Acc: 0.7759259, Test Acc: 0.4000000
Epoch: 063, Train Loss: 5.5197184, Train Acc: 0.7888889, Test Acc: 0.3500000
Epoch: 064, Train Loss: 4.8945612, Train Acc: 0.8203704, Test Acc: 0.3833333
Epoch: 065, Train Loss: 4.5866993, Train Acc: 0.8314815, Test Acc: 0.3833333
Epoch: 066, Train Loss: 4.6979142, Train Acc: 0.8240741, Test Acc: 0.3833333
Epoch: 067, Train Loss: 5.2109127, Train Acc: 0.8092593, Test Acc: 0.3666667
Epoch: 068, Train Loss: 4.1369986, Train Acc: 0.8314815, Test Acc: 0.3833333
Epoch: 069, Train Loss: 4.1296095, Train Acc: 0.8425926, Test Acc: 0.3333333
Epoch: 070, Train Loss: 3.7529339, Train Acc: 0.8203704, Test Acc: 0.3666667
Epoch: 071, Train Loss: 3.3519448, Train Acc: 0.8444444, Test Acc: 0.4000000
Epoch: 072, Train Loss: 2.9894019, Train Acc: 0.8500000, Test Acc: 0.3833333
Epoch: 073, Train Loss: 3.1942255, Train Acc: 0.8500000, Test Acc: 0.4000000
Epoch: 074, Train Loss: 2.6866457, Train Acc: 0.8685185, Test Acc: 0.4000000
Epoch: 075, Train Loss: 3.1214766, Train Acc: 0.8518519, Test Acc: 0.4000000
Epoch: 076, Train Loss: 3.0842999, Train Acc: 0.8462963, Test Acc: 0.3833333
Epoch: 077, Train Loss: 4.0666408, Train Acc: 0.8388889, Test Acc: 0.3833333
Epoch: 078, Train Loss: 4.0737110, Train Acc: 0.8481481, Test Acc: 0.4000000
Epoch: 079, Train Loss: 3.0652375, Train Acc: 0.8518519, Test Acc: 0.4000000
Epoch: 080, Train Loss: 2.5028632, Train Acc: 0.8759259, Test Acc: 0.4000000
Epoch: 081, Train Loss: 2.7805275, Train Acc: 0.8722222, Test Acc: 0.3833333
Epoch: 082, Train Loss: 5.3177025, Train Acc: 0.7907407, Test Acc: 0.3666667
Epoch: 083, Train Loss: 3.4172303, Train Acc: 0.8370370, Test Acc: 0.3833333
Epoch: 084, Train Loss: 4.7253004, Train Acc: 0.8314815, Test Acc: 0.4166667
Epoch: 085, Train Loss: 3.3069972, Train Acc: 0.8407407, Test Acc: 0.3833333
Epoch: 086, Train Loss: 3.4281258, Train Acc: 0.8518519, Test Acc: 0.4000000
Epoch: 087, Train Loss: 17.7209700, Train Acc: 0.7000000, Test Acc: 0.3500000
Epoch: 088, Train Loss: 15.1578249, Train Acc: 0.7388889, Test Acc: 0.4000000
Epoch: 089, Train Loss: 8.5467416, Train Acc: 0.7537037, Test Acc: 0.3666667
Epoch: 090, Train Loss: 5.2039695, Train Acc: 0.8092593, Test Acc: 0.3833333
Epoch: 091, Train Loss: 3.8067179, Train Acc: 0.8407407, Test Acc: 0.4000000
Epoch: 092, Train Loss: 4.3734835, Train Acc: 0.8277778, Test Acc: 0.4166667
Epoch: 093, Train Loss: 2.9128315, Train Acc: 0.8481481, Test Acc: 0.4333333
Epoch: 094, Train Loss: 2.1236122, Train Acc: 0.8962963, Test Acc: 0.4166667
Epoch: 095, Train Loss: 3.1745226, Train Acc: 0.8648148, Test Acc: 0.4500000
Epoch: 096, Train Loss: 2.3492846, Train Acc: 0.8648148, Test Acc: 0.4000000
Epoch: 097, Train Loss: 2.3618879, Train Acc: 0.8814815, Test Acc: 0.3833333
Epoch: 098, Train Loss: 2.3806734, Train Acc: 0.8777778, Test Acc: 0.4000000
Epoch: 099, Train Loss: 1.6398968, Train Acc: 0.9018519, Test Acc: 0.4166667
Epoch: 100, Train Loss: 1.5788593, Train Acc: 0.9018519, Test Acc: 0.4000000
Epoch: 101, Train Loss: 2.8712521, Train Acc: 0.8925926, Test Acc: 0.3666667
Epoch: 102, Train Loss: 5.7395346, Train Acc: 0.8537037, Test Acc: 0.3666667
Epoch: 103, Train Loss: 49.2979846, Train Acc: 0.6907407, Test Acc: 0.3333333
Epoch: 104, Train Loss: 29.7732920, Train Acc: 0.6722222, Test Acc: 0.3500000
Epoch: 105, Train Loss: 16.0886303, Train Acc: 0.7185185, Test Acc: 0.3333333
Epoch: 106, Train Loss: 9.5786359, Train Acc: 0.7777778, Test Acc: 0.3666667
Epoch: 107, Train Loss: 6.6372486, Train Acc: 0.8055556, Test Acc: 0.3666667
Epoch: 108, Train Loss: 4.0646013, Train Acc: 0.8333333, Test Acc: 0.3666667
Epoch: 109, Train Loss: 3.7167811, Train Acc: 0.8388889, Test Acc: 0.4333333
Epoch: 110, Train Loss: 2.5229234, Train Acc: 0.8685185, Test Acc: 0.4333333
Epoch: 111, Train Loss: 4.8626421, Train Acc: 0.8037037, Test Acc: 0.4500000
Epoch: 112, Train Loss: 3.8275254, Train Acc: 0.8444444, Test Acc: 0.4333333
Epoch: 113, Train Loss: 5.8107791, Train Acc: 0.8148148, Test Acc: 0.3666667
Epoch: 114, Train Loss: 4.0734527, Train Acc: 0.8259259, Test Acc: 0.4000000
Epoch: 115, Train Loss: 2.8345049, Train Acc: 0.8611111, Test Acc: 0.4166667
Epoch: 116, Train Loss: 1.8490083, Train Acc: 0.8870370, Test Acc: 0.4333333
Epoch: 117, Train Loss: 1.7092885, Train Acc: 0.8925926, Test Acc: 0.4500000
Epoch: 118, Train Loss: 1.5988703, Train Acc: 0.8907407, Test Acc: 0.4000000
Epoch: 119, Train Loss: 3.5781903, Train Acc: 0.8277778, Test Acc: 0.3833333
Epoch: 120, Train Loss: 2.7551977, Train Acc: 0.8537037, Test Acc: 0.3666667
Epoch: 121, Train Loss: 2.0463218, Train Acc: 0.8833333, Test Acc: 0.4166667
Epoch: 122, Train Loss: 1.3715980, Train Acc: 0.9148148, Test Acc: 0.3833333
Epoch: 123, Train Loss: 1.3383381, Train Acc: 0.9037037, Test Acc: 0.3833333
Epoch: 124, Train Loss: 1.1569893, Train Acc: 0.9092593, Test Acc: 0.3833333
Epoch: 125, Train Loss: 1.5219783, Train Acc: 0.9074074, Test Acc: 0.3666667
Epoch: 126, Train Loss: 1.3860131, Train Acc: 0.9000000, Test Acc: 0.4166667
Epoch: 127, Train Loss: 1.3617764, Train Acc: 0.8981481, Test Acc: 0.3833333
Epoch: 128, Train Loss: 1.1507150, Train Acc: 0.9148148, Test Acc: 0.4000000
Epoch: 129, Train Loss: 0.9158439, Train Acc: 0.9222222, Test Acc: 0.3833333
Epoch: 130, Train Loss: 0.7401715, Train Acc: 0.9333333, Test Acc: 0.3833333
Epoch: 131, Train Loss: 0.6723344, Train Acc: 0.9407407, Test Acc: 0.3833333
Epoch: 132, Train Loss: 1.0170594, Train Acc: 0.9240741, Test Acc: 0.3833333
Epoch: 133, Train Loss: 0.7162606, Train Acc: 0.9333333, Test Acc: 0.3666667
Epoch: 134, Train Loss: 0.7645580, Train Acc: 0.9407407, Test Acc: 0.3833333
Epoch: 135, Train Loss: 0.7463958, Train Acc: 0.9407407, Test Acc: 0.3666667
Epoch: 136, Train Loss: 1.7645879, Train Acc: 0.8907407, Test Acc: 0.3666667
Epoch: 137, Train Loss: 597.7677140, Train Acc: 0.5870370, Test Acc: 0.2333333
Epoch: 138, Train Loss: 32.3326676, Train Acc: 0.5611111, Test Acc: 0.2500000
Epoch: 139, Train Loss: 38.3966937, Train Acc: 0.6222222, Test Acc: 0.2833333
Epoch: 140, Train Loss: 27.3396179, Train Acc: 0.6370370, Test Acc: 0.3000000
Epoch: 141, Train Loss: 93.2242973, Train Acc: 0.6333333, Test Acc: 0.2833333
Epoch: 142, Train Loss: 677.8804170, Train Acc: 0.6685185, Test Acc: 0.2333333
Epoch: 143, Train Loss: 12.3590264, Train Acc: 0.6962963, Test Acc: 0.3166667
Epoch: 144, Train Loss: 30.7468922, Train Acc: 0.7222222, Test Acc: 0.3166667
Epoch: 145, Train Loss: 8.2837341, Train Acc: 0.7333333, Test Acc: 0.3000000
Epoch: 146, Train Loss: 8.8771312, Train Acc: 0.7370370, Test Acc: 0.3500000
Epoch: 147, Train Loss: 6.1675324, Train Acc: 0.7722222, Test Acc: 0.3166667
Epoch: 148, Train Loss: 6.2438106, Train Acc: 0.7759259, Test Acc: 0.3333333
Epoch: 149, Train Loss: 5.0038992, Train Acc: 0.7851852, Test Acc: 0.3166667
Epoch: 150, Train Loss: 3.5084716, Train Acc: 0.8185185, Test Acc: 0.3333333
Epoch: 151, Train Loss: 3.1649522, Train Acc: 0.8370370, Test Acc: 0.3333333
Epoch: 152, Train Loss: 2.7751927, Train Acc: 0.8518519, Test Acc: 0.3500000
Epoch: 153, Train Loss: 3.1479716, Train Acc: 0.8351852, Test Acc: 0.3500000
Epoch: 154, Train Loss: 2.9615020, Train Acc: 0.8444444, Test Acc: 0.3333333
Epoch: 155, Train Loss: 2.5426967, Train Acc: 0.8629630, Test Acc: 0.3333333
Epoch: 156, Train Loss: 2.1003460, Train Acc: 0.8685185, Test Acc: 0.3500000
Epoch: 157, Train Loss: 2.3792077, Train Acc: 0.8537037, Test Acc: 0.3500000
Epoch: 158, Train Loss: 1.8390587, Train Acc: 0.8796296, Test Acc: 0.3333333
Epoch: 159, Train Loss: 1.8096254, Train Acc: 0.8833333, Test Acc: 0.3500000
Epoch: 160, Train Loss: 2.4880991, Train Acc: 0.8611111, Test Acc: 0.3333333
Epoch: 161, Train Loss: 2.2977289, Train Acc: 0.8648148, Test Acc: 0.3666667
Epoch: 162, Train Loss: 2.0991220, Train Acc: 0.8777778, Test Acc: 0.3833333
Epoch: 163, Train Loss: 1.6402316, Train Acc: 0.8907407, Test Acc: 0.3833333
Epoch: 164, Train Loss: 1.6999054, Train Acc: 0.8870370, Test Acc: 0.3666667
Epoch: 165, Train Loss: 2.0231139, Train Acc: 0.8851852, Test Acc: 0.3833333
Epoch: 166, Train Loss: 2.9808830, Train Acc: 0.8962963, Test Acc: 0.4166667
Epoch: 167, Train Loss: 7.9956090, Train Acc: 0.8962963, Test Acc: 0.4166667
Epoch: 168, Train Loss: 4.7433807, Train Acc: 0.9074074, Test Acc: 0.4166667
Epoch: 169, Train Loss: 1.2309929, Train Acc: 0.9129630, Test Acc: 0.4166667
Epoch: 170, Train Loss: 1.3003277, Train Acc: 0.9037037, Test Acc: 0.3833333
Epoch: 171, Train Loss: 1.3843998, Train Acc: 0.8981481, Test Acc: 0.3833333
Epoch: 172, Train Loss: 1.1302492, Train Acc: 0.9129630, Test Acc: 0.3833333
Epoch: 173, Train Loss: 1.0898985, Train Acc: 0.9129630, Test Acc: 0.3833333
Epoch: 174, Train Loss: 1.0627519, Train Acc: 0.9148148, Test Acc: 0.4000000
Epoch: 175, Train Loss: 0.9364535, Train Acc: 0.9314815, Test Acc: 0.3833333
Epoch: 176, Train Loss: 0.9218548, Train Acc: 0.9222222, Test Acc: 0.4000000
Epoch: 177, Train Loss: 0.8846593, Train Acc: 0.9240741, Test Acc: 0.4000000
Epoch: 178, Train Loss: 0.8988917, Train Acc: 0.9351852, Test Acc: 0.4000000
Epoch: 179, Train Loss: 0.8956875, Train Acc: 0.9351852, Test Acc: 0.3833333
Epoch: 180, Train Loss: 0.9885099, Train Acc: 0.9166667, Test Acc: 0.3500000
Epoch: 181, Train Loss: 1.4631477, Train Acc: 0.9018519, Test Acc: 0.3666667
Epoch: 182, Train Loss: 0.8574416, Train Acc: 0.9296296, Test Acc: 0.4000000
Epoch: 183, Train Loss: 1.0450937, Train Acc: 0.9314815, Test Acc: 0.3666667
Epoch: 184, Train Loss: 1.1244980, Train Acc: 0.9333333, Test Acc: 0.3166667
Epoch: 185, Train Loss: 1.0115435, Train Acc: 0.9111111, Test Acc: 0.3500000
Epoch: 186, Train Loss: 0.8189641, Train Acc: 0.9388889, Test Acc: 0.4000000
Epoch: 187, Train Loss: 0.7572771, Train Acc: 0.9444444, Test Acc: 0.3500000
Epoch: 188, Train Loss: 0.9824576, Train Acc: 0.9240741, Test Acc: 0.3666667
Epoch: 189, Train Loss: 0.8911259, Train Acc: 0.9240741, Test Acc: 0.3500000
Epoch: 190, Train Loss: 0.8009035, Train Acc: 0.9296296, Test Acc: 0.3833333
Epoch: 191, Train Loss: 0.8469771, Train Acc: 0.9296296, Test Acc: 0.3833333
Epoch: 192, Train Loss: 0.8866954, Train Acc: 0.9222222, Test Acc: 0.3500000
Epoch: 193, Train Loss: 0.8320961, Train Acc: 0.9314815, Test Acc: 0.3500000
Epoch: 194, Train Loss: 0.8411864, Train Acc: 0.9314815, Test Acc: 0.3666667
Epoch: 195, Train Loss: 0.7472714, Train Acc: 0.9351852, Test Acc: 0.3000000
Epoch: 196, Train Loss: 0.6076340, Train Acc: 0.9388889, Test Acc: 0.3500000
Epoch: 197, Train Loss: 0.5974528, Train Acc: 0.9370370, Test Acc: 0.3500000
Epoch: 198, Train Loss: 0.8343701, Train Acc: 0.9259259, Test Acc: 0.3333333
Epoch: 199, Train Loss: 0.8368383, Train Acc: 0.9259259, Test Acc: 0.3500000
Epoch: 200, Train Loss: 1.2982472, Train Acc: 0.9000000, Test Acc: 0.3666667
--------
Best Test Acc:   0.47777777777777786_0.061363116762151455, Epoch: 177
Best Train Loss: 0.5339693267556643_0.22745499577837744
Best Train Acc:  0.9444444444444445_0.016837261354303527
FOLD3, ENZYMES, 1672758410/5550c7a_GSOE[-0.1, -0.15, -0.2, -0.25, -0.3, -0.35, -0.4]P[[4, 4], [4, 4], [4, 4], [4, 4], [4, 4], [4, 4], [4, 4]]I1_ReLU_X_6_256_0_0.001_50_0.6_B64S0W8, BT=0.47777777777777786_0.061363116762151455, BE=177, ID=5550c7a449f3b4116970d9d7caeb5ab686e3e08f
train_set : test_set = %d : %d 540 60
-------- FOLD3 DATASET=ENZYMES, COMMIT_ID=5550c7a449f3b4116970d9d7caeb5ab686e3e08f
#Params: 1331718
Epoch: 001, Train Loss: 41167.9708912, Train Acc: 0.1648148, Test Acc: 0.0833333
Epoch: 002, Train Loss: 48632.8555122, Train Acc: 0.1722222, Test Acc: 0.1000000
Epoch: 003, Train Loss: 10239.9952872, Train Acc: 0.2185185, Test Acc: 0.2333333
Epoch: 004, Train Loss: 8356.7400354, Train Acc: 0.2537037, Test Acc: 0.1833333
Epoch: 005, Train Loss: 5135.1931315, Train Acc: 0.2648148, Test Acc: 0.3333333
Epoch: 006, Train Loss: 10837.7717014, Train Acc: 0.2703704, Test Acc: 0.3333333
Epoch: 007, Train Loss: 11792.1363046, Train Acc: 0.2703704, Test Acc: 0.2666667
Epoch: 008, Train Loss: 1539.4925194, Train Acc: 0.2870370, Test Acc: 0.2500000
Epoch: 009, Train Loss: 1315.3595848, Train Acc: 0.3092593, Test Acc: 0.2166667
Epoch: 010, Train Loss: 589.5526851, Train Acc: 0.3203704, Test Acc: 0.2333333
Epoch: 011, Train Loss: 970.0280131, Train Acc: 0.3166667, Test Acc: 0.2666667
Epoch: 012, Train Loss: 437.1423041, Train Acc: 0.3444444, Test Acc: 0.2166667
Epoch: 013, Train Loss: 369.2651299, Train Acc: 0.3259259, Test Acc: 0.2666667
Epoch: 014, Train Loss: 1096.4141608, Train Acc: 0.3685185, Test Acc: 0.2833333
Epoch: 015, Train Loss: 619.8215288, Train Acc: 0.3703704, Test Acc: 0.2500000
Epoch: 016, Train Loss: 373.5081120, Train Acc: 0.3500000, Test Acc: 0.2833333
Epoch: 017, Train Loss: 209.1482250, Train Acc: 0.4259259, Test Acc: 0.2666667
Epoch: 018, Train Loss: 305.7502268, Train Acc: 0.3962963, Test Acc: 0.2666667
Epoch: 019, Train Loss: 234.3040265, Train Acc: 0.4111111, Test Acc: 0.2666667
Epoch: 020, Train Loss: 300.8765033, Train Acc: 0.3444444, Test Acc: 0.2000000
Epoch: 021, Train Loss: 216.1352388, Train Acc: 0.3666667, Test Acc: 0.2166667
Epoch: 022, Train Loss: 165.4969620, Train Acc: 0.3796296, Test Acc: 0.1500000
Epoch: 023, Train Loss: 176.8909889, Train Acc: 0.3833333, Test Acc: 0.2000000
Epoch: 024, Train Loss: 109.8681689, Train Acc: 0.4555556, Test Acc: 0.2666667
Epoch: 025, Train Loss: 105.1881237, Train Acc: 0.4648148, Test Acc: 0.3166667
Epoch: 026, Train Loss: 93.9808731, Train Acc: 0.4796296, Test Acc: 0.3166667
Epoch: 027, Train Loss: 71.8582507, Train Acc: 0.5111111, Test Acc: 0.3166667
Epoch: 028, Train Loss: 74.2718952, Train Acc: 0.5055556, Test Acc: 0.3333333
Epoch: 029, Train Loss: 68.3153586, Train Acc: 0.5037037, Test Acc: 0.2333333
Epoch: 030, Train Loss: 66.8136618, Train Acc: 0.5296296, Test Acc: 0.3500000
Epoch: 031, Train Loss: 69.3967423, Train Acc: 0.5259259, Test Acc: 0.3166667
Epoch: 032, Train Loss: 47.3762574, Train Acc: 0.5537037, Test Acc: 0.3166667
Epoch: 033, Train Loss: 48.3672413, Train Acc: 0.5796296, Test Acc: 0.4000000
Epoch: 034, Train Loss: 97.7930474, Train Acc: 0.5425926, Test Acc: 0.3500000
Epoch: 035, Train Loss: 62.2992698, Train Acc: 0.5740741, Test Acc: 0.3166667
Epoch: 036, Train Loss: 53.8478021, Train Acc: 0.5518519, Test Acc: 0.3166667
Epoch: 037, Train Loss: 101.1741754, Train Acc: 0.5277778, Test Acc: 0.3500000
Epoch: 038, Train Loss: 77.8459124, Train Acc: 0.5407407, Test Acc: 0.3000000
Epoch: 039, Train Loss: 52.1070817, Train Acc: 0.5444444, Test Acc: 0.3000000
Epoch: 040, Train Loss: 39.0382510, Train Acc: 0.6018519, Test Acc: 0.3666667
Epoch: 041, Train Loss: 32.7624510, Train Acc: 0.6185185, Test Acc: 0.3666667
Epoch: 042, Train Loss: 75.2549740, Train Acc: 0.5907407, Test Acc: 0.2833333
Epoch: 043, Train Loss: 25.8263818, Train Acc: 0.6500000, Test Acc: 0.3166667
Epoch: 044, Train Loss: 41.3719389, Train Acc: 0.5666667, Test Acc: 0.3166667
Epoch: 045, Train Loss: 65.9775449, Train Acc: 0.5870370, Test Acc: 0.2333333
Epoch: 046, Train Loss: 34.6149171, Train Acc: 0.6018519, Test Acc: 0.3333333
Epoch: 047, Train Loss: 30.8717907, Train Acc: 0.6185185, Test Acc: 0.3500000
Epoch: 048, Train Loss: 26.2977925, Train Acc: 0.6666667, Test Acc: 0.3500000
Epoch: 049, Train Loss: 27.5727158, Train Acc: 0.6444444, Test Acc: 0.3500000
Epoch: 050, Train Loss: 19.4502767, Train Acc: 0.6796296, Test Acc: 0.3333333
Epoch: 051, Train Loss: 18.1525763, Train Acc: 0.6740741, Test Acc: 0.3166667
Epoch: 052, Train Loss: 18.1466391, Train Acc: 0.6796296, Test Acc: 0.3000000
Epoch: 053, Train Loss: 16.8478959, Train Acc: 0.6611111, Test Acc: 0.2833333
Epoch: 054, Train Loss: 16.3702277, Train Acc: 0.6962963, Test Acc: 0.2666667
Epoch: 055, Train Loss: 14.1070330, Train Acc: 0.7240741, Test Acc: 0.3166667
Epoch: 056, Train Loss: 14.9587152, Train Acc: 0.6962963, Test Acc: 0.3166667
Epoch: 057, Train Loss: 12.9054112, Train Acc: 0.7148148, Test Acc: 0.2833333
Epoch: 058, Train Loss: 19.3893043, Train Acc: 0.7092593, Test Acc: 0.3166667
Epoch: 059, Train Loss: 22.1090256, Train Acc: 0.7351852, Test Acc: 0.3000000
Epoch: 060, Train Loss: 32.6275148, Train Acc: 0.6796296, Test Acc: 0.3000000
Epoch: 061, Train Loss: 13.1256807, Train Acc: 0.7129630, Test Acc: 0.2166667
Epoch: 062, Train Loss: 12.3531035, Train Acc: 0.7277778, Test Acc: 0.2833333
Epoch: 063, Train Loss: 10.0618999, Train Acc: 0.7388889, Test Acc: 0.2833333
Epoch: 064, Train Loss: 9.8234896, Train Acc: 0.7222222, Test Acc: 0.2666667
Epoch: 065, Train Loss: 9.0172818, Train Acc: 0.7555556, Test Acc: 0.2666667
Epoch: 066, Train Loss: 9.1699463, Train Acc: 0.7425926, Test Acc: 0.2833333
Epoch: 067, Train Loss: 18.4436729, Train Acc: 0.7203704, Test Acc: 0.3333333
Epoch: 068, Train Loss: 29.7694040, Train Acc: 0.6740741, Test Acc: 0.2666667
Epoch: 069, Train Loss: 20.4455909, Train Acc: 0.6962963, Test Acc: 0.3166667
Epoch: 070, Train Loss: 16.5637143, Train Acc: 0.7185185, Test Acc: 0.3500000
Epoch: 071, Train Loss: 12.0133130, Train Acc: 0.7222222, Test Acc: 0.3333333
Epoch: 072, Train Loss: 12.8511361, Train Acc: 0.7055556, Test Acc: 0.3000000
Epoch: 073, Train Loss: 14.9086921, Train Acc: 0.7407407, Test Acc: 0.2833333
Epoch: 074, Train Loss: 13.4163247, Train Acc: 0.7444444, Test Acc: 0.2666667
Epoch: 075, Train Loss: 9.3102797, Train Acc: 0.7518519, Test Acc: 0.3333333
Epoch: 076, Train Loss: 13.6422037, Train Acc: 0.7333333, Test Acc: 0.3166667
Epoch: 077, Train Loss: 7.9161604, Train Acc: 0.7814815, Test Acc: 0.3500000
Epoch: 078, Train Loss: 6.8259582, Train Acc: 0.8000000, Test Acc: 0.2833333
Epoch: 079, Train Loss: 12.4438508, Train Acc: 0.7666667, Test Acc: 0.3166667
Epoch: 080, Train Loss: 12.2278389, Train Acc: 0.7648148, Test Acc: 0.3666667
Epoch: 081, Train Loss: 8.8503362, Train Acc: 0.7777778, Test Acc: 0.3333333
Epoch: 082, Train Loss: 8.1641243, Train Acc: 0.7666667, Test Acc: 0.3333333
Epoch: 083, Train Loss: 10.8090031, Train Acc: 0.7388889, Test Acc: 0.2833333
Epoch: 084, Train Loss: 8.0776480, Train Acc: 0.7740741, Test Acc: 0.3500000
Epoch: 085, Train Loss: 8.5867124, Train Acc: 0.7870370, Test Acc: 0.2833333
Epoch: 086, Train Loss: 6.8363275, Train Acc: 0.7851852, Test Acc: 0.3166667
Epoch: 087, Train Loss: 7.1898337, Train Acc: 0.7925926, Test Acc: 0.3333333
Epoch: 088, Train Loss: 6.3880604, Train Acc: 0.7777778, Test Acc: 0.2833333
Epoch: 089, Train Loss: 5.6798006, Train Acc: 0.8055556, Test Acc: 0.3500000
Epoch: 090, Train Loss: 6.7984376, Train Acc: 0.7833333, Test Acc: 0.3166667
Epoch: 091, Train Loss: 5.4001885, Train Acc: 0.8000000, Test Acc: 0.3333333
Epoch: 092, Train Loss: 6.3844161, Train Acc: 0.7796296, Test Acc: 0.3666667
Epoch: 093, Train Loss: 7.0264967, Train Acc: 0.8018519, Test Acc: 0.4166667
Epoch: 094, Train Loss: 5.9462985, Train Acc: 0.8055556, Test Acc: 0.4000000
Epoch: 095, Train Loss: 4.6013064, Train Acc: 0.8129630, Test Acc: 0.3333333
Epoch: 096, Train Loss: 4.8911029, Train Acc: 0.8092593, Test Acc: 0.3833333
Epoch: 097, Train Loss: 5.2136844, Train Acc: 0.8185185, Test Acc: 0.3166667
Epoch: 098, Train Loss: 4.6084094, Train Acc: 0.8370370, Test Acc: 0.3333333
Epoch: 099, Train Loss: 10.3152490, Train Acc: 0.7537037, Test Acc: 0.3333333
Epoch: 100, Train Loss: 6.1417801, Train Acc: 0.8018519, Test Acc: 0.3000000
Epoch: 101, Train Loss: 3.8478775, Train Acc: 0.8203704, Test Acc: 0.3166667
Epoch: 102, Train Loss: 3.8645418, Train Acc: 0.8351852, Test Acc: 0.3333333
Epoch: 103, Train Loss: 3.4481331, Train Acc: 0.8333333, Test Acc: 0.3000000
Epoch: 104, Train Loss: 2.9929534, Train Acc: 0.8425926, Test Acc: 0.3166667
Epoch: 105, Train Loss: 3.6706023, Train Acc: 0.8351852, Test Acc: 0.2833333
Epoch: 106, Train Loss: 3.1425135, Train Acc: 0.8574074, Test Acc: 0.3000000
Epoch: 107, Train Loss: 3.0218828, Train Acc: 0.8629630, Test Acc: 0.3166667
Epoch: 108, Train Loss: 2.8577688, Train Acc: 0.8537037, Test Acc: 0.3333333
Epoch: 109, Train Loss: 3.0405115, Train Acc: 0.8444444, Test Acc: 0.3166667
Epoch: 110, Train Loss: 2.5492589, Train Acc: 0.8648148, Test Acc: 0.3666667
Epoch: 111, Train Loss: 2.7845978, Train Acc: 0.8629630, Test Acc: 0.3333333
Epoch: 112, Train Loss: 3.3081234, Train Acc: 0.8407407, Test Acc: 0.3000000
Epoch: 113, Train Loss: 2.7311864, Train Acc: 0.8629630, Test Acc: 0.3000000
Epoch: 114, Train Loss: 2.3512506, Train Acc: 0.8740741, Test Acc: 0.3666667
Epoch: 115, Train Loss: 3.1308714, Train Acc: 0.8611111, Test Acc: 0.3166667
Epoch: 116, Train Loss: 3.2588257, Train Acc: 0.8629630, Test Acc: 0.3666667
Epoch: 117, Train Loss: 6.3093824, Train Acc: 0.7944444, Test Acc: 0.3666667
Epoch: 118, Train Loss: 6.6398485, Train Acc: 0.8074074, Test Acc: 0.3166667
Epoch: 119, Train Loss: 4.4485576, Train Acc: 0.8444444, Test Acc: 0.3500000
Epoch: 120, Train Loss: 3.9725411, Train Acc: 0.8500000, Test Acc: 0.3333333
Epoch: 121, Train Loss: 5.4831850, Train Acc: 0.8111111, Test Acc: 0.3000000
Epoch: 122, Train Loss: 4.3611178, Train Acc: 0.8462963, Test Acc: 0.3333333
Epoch: 123, Train Loss: 4.1397270, Train Acc: 0.8351852, Test Acc: 0.3500000
Epoch: 124, Train Loss: 3.0280788, Train Acc: 0.8629630, Test Acc: 0.3166667
Epoch: 125, Train Loss: 3.2070951, Train Acc: 0.8518519, Test Acc: 0.3166667
Epoch: 126, Train Loss: 3.1639082, Train Acc: 0.8481481, Test Acc: 0.2666667
Epoch: 127, Train Loss: 3.0312508, Train Acc: 0.8574074, Test Acc: 0.2666667
Epoch: 128, Train Loss: 2.6977355, Train Acc: 0.8648148, Test Acc: 0.2833333
Epoch: 129, Train Loss: 3.8866426, Train Acc: 0.8481481, Test Acc: 0.3500000
Epoch: 130, Train Loss: 21.6054086, Train Acc: 0.7092593, Test Acc: 0.3666667
Epoch: 131, Train Loss: 11.5402319, Train Acc: 0.7888889, Test Acc: 0.4000000
Epoch: 132, Train Loss: 6.9585962, Train Acc: 0.7888889, Test Acc: 0.3833333
Epoch: 133, Train Loss: 5.2688138, Train Acc: 0.8129630, Test Acc: 0.3333333
Epoch: 134, Train Loss: 4.9337605, Train Acc: 0.8222222, Test Acc: 0.3500000
Epoch: 135, Train Loss: 3.4418564, Train Acc: 0.8277778, Test Acc: 0.3500000
Epoch: 136, Train Loss: 3.5415745, Train Acc: 0.8462963, Test Acc: 0.3833333
Epoch: 137, Train Loss: 2.9349415, Train Acc: 0.8629630, Test Acc: 0.3833333
Epoch: 138, Train Loss: 4.2300622, Train Acc: 0.8444444, Test Acc: 0.3833333
Epoch: 139, Train Loss: 3.0598128, Train Acc: 0.8648148, Test Acc: 0.3666667
Epoch: 140, Train Loss: 2.9201582, Train Acc: 0.8648148, Test Acc: 0.3333333
Epoch: 141, Train Loss: 2.4427208, Train Acc: 0.8759259, Test Acc: 0.3166667
Epoch: 142, Train Loss: 2.7901905, Train Acc: 0.8574074, Test Acc: 0.3500000
Epoch: 143, Train Loss: 2.5295775, Train Acc: 0.8555556, Test Acc: 0.3000000
Epoch: 144, Train Loss: 3.0776492, Train Acc: 0.8481481, Test Acc: 0.3500000
Epoch: 145, Train Loss: 3.6284136, Train Acc: 0.8296296, Test Acc: 0.4000000
Epoch: 146, Train Loss: 2.7053846, Train Acc: 0.8629630, Test Acc: 0.3833333
Epoch: 147, Train Loss: 2.6860347, Train Acc: 0.8796296, Test Acc: 0.3166667
Epoch: 148, Train Loss: 8.5570673, Train Acc: 0.7851852, Test Acc: 0.3000000
Epoch: 149, Train Loss: 6.3087548, Train Acc: 0.7814815, Test Acc: 0.3166667
Epoch: 150, Train Loss: 3.9442078, Train Acc: 0.8148148, Test Acc: 0.3333333
Epoch: 151, Train Loss: 3.7574260, Train Acc: 0.8444444, Test Acc: 0.3833333
Epoch: 152, Train Loss: 2.9701970, Train Acc: 0.8462963, Test Acc: 0.3500000
Epoch: 153, Train Loss: 2.4453472, Train Acc: 0.8648148, Test Acc: 0.3333333
Epoch: 154, Train Loss: 2.1795856, Train Acc: 0.8759259, Test Acc: 0.3333333
Epoch: 155, Train Loss: 2.0563898, Train Acc: 0.8722222, Test Acc: 0.2833333
Epoch: 156, Train Loss: 1.8197761, Train Acc: 0.8833333, Test Acc: 0.3000000
Epoch: 157, Train Loss: 1.7264966, Train Acc: 0.8851852, Test Acc: 0.3333333
Epoch: 158, Train Loss: 1.8542055, Train Acc: 0.8722222, Test Acc: 0.3000000
Epoch: 159, Train Loss: 1.8116258, Train Acc: 0.8814815, Test Acc: 0.3166667
Epoch: 160, Train Loss: 1.6930265, Train Acc: 0.8888889, Test Acc: 0.3333333
Epoch: 161, Train Loss: 1.7100168, Train Acc: 0.8870370, Test Acc: 0.3333333
Epoch: 162, Train Loss: 1.5332802, Train Acc: 0.9055556, Test Acc: 0.3166667
Epoch: 163, Train Loss: 1.4637780, Train Acc: 0.9074074, Test Acc: 0.3666667
Epoch: 164, Train Loss: 1.3975437, Train Acc: 0.9129630, Test Acc: 0.3833333
Epoch: 165, Train Loss: 1.4950637, Train Acc: 0.8981481, Test Acc: 0.3500000
Epoch: 166, Train Loss: 1.7229070, Train Acc: 0.8814815, Test Acc: 0.3000000
Epoch: 167, Train Loss: 1.3214113, Train Acc: 0.9000000, Test Acc: 0.3000000
Epoch: 168, Train Loss: 1.7214542, Train Acc: 0.8925926, Test Acc: 0.3500000
Epoch: 169, Train Loss: 1.5688127, Train Acc: 0.8944444, Test Acc: 0.3500000
Epoch: 170, Train Loss: 1.2833788, Train Acc: 0.9055556, Test Acc: 0.3166667
Epoch: 171, Train Loss: 1.5407209, Train Acc: 0.8870370, Test Acc: 0.3000000
Epoch: 172, Train Loss: 1.4556450, Train Acc: 0.9111111, Test Acc: 0.3166667
Epoch: 173, Train Loss: 1.7384714, Train Acc: 0.8944444, Test Acc: 0.3333333
Epoch: 174, Train Loss: 2.0916429, Train Acc: 0.8777778, Test Acc: 0.3500000
Epoch: 175, Train Loss: 1.7565093, Train Acc: 0.8925926, Test Acc: 0.3666667
Epoch: 176, Train Loss: 1.8332877, Train Acc: 0.8944444, Test Acc: 0.3500000
Epoch: 177, Train Loss: 1.6356386, Train Acc: 0.8851852, Test Acc: 0.3666667
Epoch: 178, Train Loss: 1.7642281, Train Acc: 0.8722222, Test Acc: 0.3500000
Epoch: 179, Train Loss: 1.6712979, Train Acc: 0.8888889, Test Acc: 0.3833333
Epoch: 180, Train Loss: 1.6615805, Train Acc: 0.8851852, Test Acc: 0.3500000
Epoch: 181, Train Loss: 1.1377825, Train Acc: 0.9129630, Test Acc: 0.3333333
Epoch: 182, Train Loss: 2.8802202, Train Acc: 0.8629630, Test Acc: 0.3333333
Epoch: 183, Train Loss: 3.2088209, Train Acc: 0.8407407, Test Acc: 0.3500000
Epoch: 184, Train Loss: 2.1346727, Train Acc: 0.8833333, Test Acc: 0.3666667
Epoch: 185, Train Loss: 1.5734549, Train Acc: 0.8962963, Test Acc: 0.3333333
Epoch: 186, Train Loss: 1.7571770, Train Acc: 0.8981481, Test Acc: 0.3000000
Epoch: 187, Train Loss: 1.6006989, Train Acc: 0.9055556, Test Acc: 0.3333333
Epoch: 188, Train Loss: 1.5018882, Train Acc: 0.9037037, Test Acc: 0.3833333
Epoch: 189, Train Loss: 1.2065125, Train Acc: 0.9092593, Test Acc: 0.3166667
Epoch: 190, Train Loss: 1.3058358, Train Acc: 0.9055556, Test Acc: 0.3666667
Epoch: 191, Train Loss: 1.2452492, Train Acc: 0.9129630, Test Acc: 0.4000000
Epoch: 192, Train Loss: 1.0837587, Train Acc: 0.9074074, Test Acc: 0.3833333
Epoch: 193, Train Loss: 1.4425269, Train Acc: 0.8981481, Test Acc: 0.4000000
Epoch: 194, Train Loss: 1.5910576, Train Acc: 0.9018519, Test Acc: 0.3833333
Epoch: 195, Train Loss: 3.0050173, Train Acc: 0.8592593, Test Acc: 0.3500000
Epoch: 196, Train Loss: 2.4172229, Train Acc: 0.8722222, Test Acc: 0.3833333
Epoch: 197, Train Loss: 7.5933976, Train Acc: 0.8425926, Test Acc: 0.3666667
Epoch: 198, Train Loss: 5.6088328, Train Acc: 0.8425926, Test Acc: 0.3666667
Epoch: 199, Train Loss: 4.6208623, Train Acc: 0.8611111, Test Acc: 0.3833333
Epoch: 200, Train Loss: 2.7001286, Train Acc: 0.8703704, Test Acc: 0.3833333
--------
Best Test Acc:   0.4458333333333334_0.07671646933134156, Epoch: 177
Best Train Loss: 0.8520698641951808_0.3767352050665949
Best Train Acc:  0.9300925925925927_0.024475814607196864
FOLD4, ENZYMES, 1672758410/5550c7a_GSOE[-0.1, -0.15, -0.2, -0.25, -0.3, -0.35, -0.4]P[[4, 4], [4, 4], [4, 4], [4, 4], [4, 4], [4, 4], [4, 4]]I1_ReLU_X_6_256_0_0.001_50_0.6_B64S0W8, BT=0.4458333333333334_0.07671646933134156, BE=177, ID=5550c7a449f3b4116970d9d7caeb5ab686e3e08f
train_set : test_set = %d : %d 540 60
-------- FOLD4 DATASET=ENZYMES, COMMIT_ID=5550c7a449f3b4116970d9d7caeb5ab686e3e08f
#Params: 1331718
Epoch: 001, Train Loss: 18259.1427011, Train Acc: 0.1925926, Test Acc: 0.2166667
Epoch: 002, Train Loss: 51709.9514468, Train Acc: 0.1648148, Test Acc: 0.1833333
Epoch: 003, Train Loss: 12714.4592014, Train Acc: 0.1888889, Test Acc: 0.2333333
Epoch: 004, Train Loss: 12192.0028393, Train Acc: 0.2666667, Test Acc: 0.2666667
Epoch: 005, Train Loss: 17035.8790392, Train Acc: 0.2592593, Test Acc: 0.2833333
Epoch: 006, Train Loss: 4206.0789506, Train Acc: 0.2759259, Test Acc: 0.2166667
Epoch: 007, Train Loss: 2866.3405065, Train Acc: 0.3092593, Test Acc: 0.2666667
Epoch: 008, Train Loss: 2238.7807147, Train Acc: 0.3259259, Test Acc: 0.3000000
Epoch: 009, Train Loss: 1172.3827515, Train Acc: 0.3333333, Test Acc: 0.3333333
Epoch: 010, Train Loss: 1623.7857458, Train Acc: 0.3462963, Test Acc: 0.4000000
Epoch: 011, Train Loss: 2230.4005838, Train Acc: 0.3777778, Test Acc: 0.2833333
Epoch: 012, Train Loss: 367.3611586, Train Acc: 0.3703704, Test Acc: 0.1833333
Epoch: 013, Train Loss: 639.4242007, Train Acc: 0.3777778, Test Acc: 0.2166667
Epoch: 014, Train Loss: 458.7463553, Train Acc: 0.3351852, Test Acc: 0.1500000
Epoch: 015, Train Loss: 604.2630294, Train Acc: 0.3648148, Test Acc: 0.2000000
Epoch: 016, Train Loss: 615.7709399, Train Acc: 0.3314815, Test Acc: 0.2166667
Epoch: 017, Train Loss: 1513.9086694, Train Acc: 0.3407407, Test Acc: 0.2166667
Epoch: 018, Train Loss: 661.0420298, Train Acc: 0.3611111, Test Acc: 0.2833333
Epoch: 019, Train Loss: 209.8234336, Train Acc: 0.4129630, Test Acc: 0.2500000
Epoch: 020, Train Loss: 1708.2896376, Train Acc: 0.2944444, Test Acc: 0.1833333
Epoch: 021, Train Loss: 502.4113808, Train Acc: 0.3055556, Test Acc: 0.2333333
Epoch: 022, Train Loss: 559.4977609, Train Acc: 0.3555556, Test Acc: 0.2333333
Epoch: 023, Train Loss: 191.7801272, Train Acc: 0.3648148, Test Acc: 0.1833333
Epoch: 024, Train Loss: 268.2863099, Train Acc: 0.3666667, Test Acc: 0.2500000
Epoch: 025, Train Loss: 369.0020229, Train Acc: 0.3407407, Test Acc: 0.2000000
Epoch: 026, Train Loss: 219.6748873, Train Acc: 0.4074074, Test Acc: 0.2166667
Epoch: 027, Train Loss: 166.1180452, Train Acc: 0.3685185, Test Acc: 0.1833333
Epoch: 028, Train Loss: 243.5774387, Train Acc: 0.3703704, Test Acc: 0.1833333
Epoch: 029, Train Loss: 106.2113074, Train Acc: 0.3759259, Test Acc: 0.1333333
Epoch: 030, Train Loss: 168.1098687, Train Acc: 0.3685185, Test Acc: 0.1666667
Epoch: 031, Train Loss: 110.8489284, Train Acc: 0.4592593, Test Acc: 0.2333333
Epoch: 032, Train Loss: 58.5370257, Train Acc: 0.4462963, Test Acc: 0.3166667
Epoch: 033, Train Loss: 53.4166885, Train Acc: 0.4759259, Test Acc: 0.2500000
Epoch: 034, Train Loss: 43.2652814, Train Acc: 0.4870370, Test Acc: 0.2500000
Epoch: 035, Train Loss: 46.3179134, Train Acc: 0.4925926, Test Acc: 0.3500000
Epoch: 036, Train Loss: 63.1290127, Train Acc: 0.4629630, Test Acc: 0.2166667
Epoch: 037, Train Loss: 40.2774677, Train Acc: 0.5314815, Test Acc: 0.3000000
Epoch: 038, Train Loss: 28.5805621, Train Acc: 0.5481481, Test Acc: 0.2833333
Epoch: 039, Train Loss: 28.0096862, Train Acc: 0.5759259, Test Acc: 0.3166667
Epoch: 040, Train Loss: 24.1016530, Train Acc: 0.5796296, Test Acc: 0.3000000
Epoch: 041, Train Loss: 33.8031782, Train Acc: 0.5111111, Test Acc: 0.2833333
Epoch: 042, Train Loss: 34.5701177, Train Acc: 0.5370370, Test Acc: 0.3333333
Epoch: 043, Train Loss: 27.2258549, Train Acc: 0.5648148, Test Acc: 0.3000000
Epoch: 044, Train Loss: 74.1673413, Train Acc: 0.5481481, Test Acc: 0.2666667
Epoch: 045, Train Loss: 259.5021378, Train Acc: 0.5444444, Test Acc: 0.3333333
Epoch: 046, Train Loss: 212.4797975, Train Acc: 0.5685185, Test Acc: 0.3500000
Epoch: 047, Train Loss: 68.6934592, Train Acc: 0.5481481, Test Acc: 0.3166667
Epoch: 048, Train Loss: 34.2439054, Train Acc: 0.5537037, Test Acc: 0.3333333
Epoch: 049, Train Loss: 23.6016529, Train Acc: 0.5851852, Test Acc: 0.3166667
Epoch: 050, Train Loss: 17.8592547, Train Acc: 0.6240741, Test Acc: 0.4166667
Epoch: 051, Train Loss: 40.9839151, Train Acc: 0.5314815, Test Acc: 0.3666667
Epoch: 052, Train Loss: 29.6441958, Train Acc: 0.5796296, Test Acc: 0.3500000
Epoch: 053, Train Loss: 19.4965058, Train Acc: 0.5944444, Test Acc: 0.4000000
Epoch: 054, Train Loss: 19.4995973, Train Acc: 0.5833333, Test Acc: 0.3833333
Epoch: 055, Train Loss: 16.6846040, Train Acc: 0.5907407, Test Acc: 0.4000000
Epoch: 056, Train Loss: 14.4203197, Train Acc: 0.6277778, Test Acc: 0.3833333
Epoch: 057, Train Loss: 12.7487145, Train Acc: 0.6555556, Test Acc: 0.4000000
Epoch: 058, Train Loss: 15.1982638, Train Acc: 0.6092593, Test Acc: 0.4166667
Epoch: 059, Train Loss: 21.4536083, Train Acc: 0.5833333, Test Acc: 0.3500000
Epoch: 060, Train Loss: 24.5270804, Train Acc: 0.5888889, Test Acc: 0.4000000
Epoch: 061, Train Loss: 24.8951338, Train Acc: 0.6185185, Test Acc: 0.4000000
Epoch: 062, Train Loss: 11.0247482, Train Acc: 0.6722222, Test Acc: 0.4166667
Epoch: 063, Train Loss: 10.8260209, Train Acc: 0.6685185, Test Acc: 0.4000000
Epoch: 064, Train Loss: 31.9211426, Train Acc: 0.6370370, Test Acc: 0.3833333
Epoch: 065, Train Loss: 10.1214399, Train Acc: 0.6629630, Test Acc: 0.3833333
Epoch: 066, Train Loss: 9.0226020, Train Acc: 0.6888889, Test Acc: 0.3833333
Epoch: 067, Train Loss: 8.2007653, Train Acc: 0.7166667, Test Acc: 0.4166667
Epoch: 068, Train Loss: 6.8773556, Train Acc: 0.7444444, Test Acc: 0.4500000
Epoch: 069, Train Loss: 7.2138327, Train Acc: 0.7314815, Test Acc: 0.4500000
Epoch: 070, Train Loss: 7.4853284, Train Acc: 0.7166667, Test Acc: 0.4166667
Epoch: 071, Train Loss: 6.3886736, Train Acc: 0.7351852, Test Acc: 0.4500000
Epoch: 072, Train Loss: 12.7486165, Train Acc: 0.6685185, Test Acc: 0.3666667
Epoch: 073, Train Loss: 31.0187612, Train Acc: 0.6722222, Test Acc: 0.3833333
Epoch: 074, Train Loss: 24.6138491, Train Acc: 0.6888889, Test Acc: 0.3500000
Epoch: 075, Train Loss: 53.9127166, Train Acc: 0.6722222, Test Acc: 0.3333333
Epoch: 076, Train Loss: 13.0451329, Train Acc: 0.6592593, Test Acc: 0.3833333
Epoch: 077, Train Loss: 15.4468071, Train Acc: 0.6592593, Test Acc: 0.3500000
Epoch: 078, Train Loss: 12.6976181, Train Acc: 0.6685185, Test Acc: 0.3333333
Epoch: 079, Train Loss: 18.8120657, Train Acc: 0.6555556, Test Acc: 0.3833333
Epoch: 080, Train Loss: 21.6804328, Train Acc: 0.6888889, Test Acc: 0.4000000
Epoch: 081, Train Loss: 12.6781530, Train Acc: 0.6703704, Test Acc: 0.3333333
Epoch: 082, Train Loss: 33.6471762, Train Acc: 0.6555556, Test Acc: 0.4000000
Epoch: 083, Train Loss: 60.3995843, Train Acc: 0.6685185, Test Acc: 0.4166667
Epoch: 084, Train Loss: 58.6156873, Train Acc: 0.7203704, Test Acc: 0.5000000
Epoch: 085, Train Loss: 13.0805626, Train Acc: 0.7203704, Test Acc: 0.4000000
Epoch: 086, Train Loss: 10.4830357, Train Acc: 0.6703704, Test Acc: 0.4166667
Epoch: 087, Train Loss: 9.8687497, Train Acc: 0.6833333, Test Acc: 0.3333333
Epoch: 088, Train Loss: 6.9178359, Train Acc: 0.7111111, Test Acc: 0.4000000
Epoch: 089, Train Loss: 5.3024631, Train Acc: 0.7648148, Test Acc: 0.4166667
Epoch: 090, Train Loss: 5.2366549, Train Acc: 0.7351852, Test Acc: 0.3666667
Epoch: 091, Train Loss: 5.4511905, Train Acc: 0.7425926, Test Acc: 0.4166667
Epoch: 092, Train Loss: 6.7069370, Train Acc: 0.7037037, Test Acc: 0.3500000
Epoch: 093, Train Loss: 5.2552878, Train Acc: 0.7629630, Test Acc: 0.3500000
Epoch: 094, Train Loss: 4.6672787, Train Acc: 0.7759259, Test Acc: 0.4000000
Epoch: 095, Train Loss: 3.9657402, Train Acc: 0.7888889, Test Acc: 0.4166667
Epoch: 096, Train Loss: 3.0165518, Train Acc: 0.8111111, Test Acc: 0.4166667
Epoch: 097, Train Loss: 3.7707924, Train Acc: 0.8111111, Test Acc: 0.3833333
Epoch: 098, Train Loss: 4.0810959, Train Acc: 0.8111111, Test Acc: 0.4333333
Epoch: 099, Train Loss: 4.4138349, Train Acc: 0.7888889, Test Acc: 0.3666667
Epoch: 100, Train Loss: 3.1033149, Train Acc: 0.8055556, Test Acc: 0.4333333
Epoch: 101, Train Loss: 2.7889368, Train Acc: 0.8185185, Test Acc: 0.3666667
Epoch: 102, Train Loss: 2.9175994, Train Acc: 0.8148148, Test Acc: 0.3833333
Epoch: 103, Train Loss: 2.8164488, Train Acc: 0.8185185, Test Acc: 0.3833333
Epoch: 104, Train Loss: 2.5447643, Train Acc: 0.8185185, Test Acc: 0.4333333
Epoch: 105, Train Loss: 2.7956484, Train Acc: 0.8037037, Test Acc: 0.4166667
Epoch: 106, Train Loss: 2.9158692, Train Acc: 0.8166667, Test Acc: 0.4000000
Epoch: 107, Train Loss: 3.0644905, Train Acc: 0.8277778, Test Acc: 0.4000000
Epoch: 108, Train Loss: 2.7919272, Train Acc: 0.8240741, Test Acc: 0.4333333
Epoch: 109, Train Loss: 2.5878894, Train Acc: 0.8296296, Test Acc: 0.4500000
Epoch: 110, Train Loss: 2.1858791, Train Acc: 0.8407407, Test Acc: 0.4000000
Epoch: 111, Train Loss: 2.2521590, Train Acc: 0.8555556, Test Acc: 0.4000000
Epoch: 112, Train Loss: 2.1637407, Train Acc: 0.8555556, Test Acc: 0.4000000
Epoch: 113, Train Loss: 2.0215281, Train Acc: 0.8500000, Test Acc: 0.4000000
Epoch: 114, Train Loss: 1.8654051, Train Acc: 0.8518519, Test Acc: 0.4000000
Epoch: 115, Train Loss: 1.8369711, Train Acc: 0.8722222, Test Acc: 0.4000000
Epoch: 116, Train Loss: 2.1542398, Train Acc: 0.8574074, Test Acc: 0.4333333
Epoch: 117, Train Loss: 2.6304879, Train Acc: 0.8388889, Test Acc: 0.4500000
Epoch: 118, Train Loss: 2.5350831, Train Acc: 0.8388889, Test Acc: 0.4000000
Epoch: 119, Train Loss: 2.3085663, Train Acc: 0.8462963, Test Acc: 0.4500000
Epoch: 120, Train Loss: 3.0311930, Train Acc: 0.8055556, Test Acc: 0.4166667
Epoch: 121, Train Loss: 1.9956431, Train Acc: 0.8425926, Test Acc: 0.4166667
Epoch: 122, Train Loss: 2.1272345, Train Acc: 0.8370370, Test Acc: 0.4333333
Epoch: 123, Train Loss: 1.9871122, Train Acc: 0.8500000, Test Acc: 0.4500000
Epoch: 124, Train Loss: 2.0205512, Train Acc: 0.8370370, Test Acc: 0.4333333
Epoch: 125, Train Loss: 1.9344918, Train Acc: 0.8611111, Test Acc: 0.4166667
Epoch: 126, Train Loss: 2.1863268, Train Acc: 0.8407407, Test Acc: 0.4166667
Epoch: 127, Train Loss: 1.6132143, Train Acc: 0.8666667, Test Acc: 0.4166667
Epoch: 128, Train Loss: 1.6484317, Train Acc: 0.8500000, Test Acc: 0.4166667
Epoch: 129, Train Loss: 1.9204510, Train Acc: 0.8555556, Test Acc: 0.4166667
Epoch: 130, Train Loss: 1.9092764, Train Acc: 0.8444444, Test Acc: 0.3833333
Epoch: 131, Train Loss: 1.9166627, Train Acc: 0.8462963, Test Acc: 0.4333333
Epoch: 132, Train Loss: 1.8959210, Train Acc: 0.8537037, Test Acc: 0.4166667
Epoch: 133, Train Loss: 1.8408191, Train Acc: 0.8407407, Test Acc: 0.4000000
Epoch: 134, Train Loss: 1.4075930, Train Acc: 0.8722222, Test Acc: 0.4500000
Epoch: 135, Train Loss: 1.3659271, Train Acc: 0.8666667, Test Acc: 0.4333333
Epoch: 136, Train Loss: 1.1946225, Train Acc: 0.8907407, Test Acc: 0.4166667
Epoch: 137, Train Loss: 1.2311042, Train Acc: 0.8703704, Test Acc: 0.4333333
Epoch: 138, Train Loss: 1.2895718, Train Acc: 0.8685185, Test Acc: 0.4166667
Epoch: 139, Train Loss: 1.2983482, Train Acc: 0.8555556, Test Acc: 0.4166667
Epoch: 140, Train Loss: 1.4856896, Train Acc: 0.8611111, Test Acc: 0.4333333
Epoch: 141, Train Loss: 1.2722460, Train Acc: 0.8722222, Test Acc: 0.4166667
Epoch: 142, Train Loss: 0.9926013, Train Acc: 0.8907407, Test Acc: 0.4000000
Epoch: 143, Train Loss: 0.9343771, Train Acc: 0.8925926, Test Acc: 0.3666667
Epoch: 144, Train Loss: 0.8275288, Train Acc: 0.9074074, Test Acc: 0.4000000
Epoch: 145, Train Loss: 1.6152220, Train Acc: 0.8555556, Test Acc: 0.3500000
Epoch: 146, Train Loss: 9.3232366, Train Acc: 0.7185185, Test Acc: 0.3833333
Epoch: 147, Train Loss: 4.2407033, Train Acc: 0.8000000, Test Acc: 0.3833333
Epoch: 148, Train Loss: 4.2823928, Train Acc: 0.7981481, Test Acc: 0.4333333
Epoch: 149, Train Loss: 2.5030652, Train Acc: 0.8333333, Test Acc: 0.3833333
Epoch: 150, Train Loss: 1.6898978, Train Acc: 0.8703704, Test Acc: 0.4333333
Epoch: 151, Train Loss: 1.6872816, Train Acc: 0.8814815, Test Acc: 0.4166667
Epoch: 152, Train Loss: 1.7003871, Train Acc: 0.8611111, Test Acc: 0.4166667
Epoch: 153, Train Loss: 1.5718569, Train Acc: 0.8666667, Test Acc: 0.4166667
Epoch: 154, Train Loss: 1.5719040, Train Acc: 0.8814815, Test Acc: 0.4166667
Epoch: 155, Train Loss: 2.0559206, Train Acc: 0.8574074, Test Acc: 0.4500000
Epoch: 156, Train Loss: 1.4639636, Train Acc: 0.8629630, Test Acc: 0.4000000
Epoch: 157, Train Loss: 1.2864530, Train Acc: 0.8796296, Test Acc: 0.3833333
Epoch: 158, Train Loss: 1.1566123, Train Acc: 0.8925926, Test Acc: 0.4000000
Epoch: 159, Train Loss: 0.9777297, Train Acc: 0.8981481, Test Acc: 0.4000000
Epoch: 160, Train Loss: 1.0764854, Train Acc: 0.9000000, Test Acc: 0.4166667
Epoch: 161, Train Loss: 1.4239621, Train Acc: 0.8851852, Test Acc: 0.4166667
Epoch: 162, Train Loss: 1.1548676, Train Acc: 0.9000000, Test Acc: 0.4500000
Epoch: 163, Train Loss: 1.1163212, Train Acc: 0.8962963, Test Acc: 0.4166667
Epoch: 164, Train Loss: 0.9070336, Train Acc: 0.9037037, Test Acc: 0.4000000
Epoch: 165, Train Loss: 0.8111539, Train Acc: 0.9166667, Test Acc: 0.4333333
Epoch: 166, Train Loss: 0.7589891, Train Acc: 0.9185185, Test Acc: 0.4000000
Epoch: 167, Train Loss: 0.6940641, Train Acc: 0.9000000, Test Acc: 0.4166667
Epoch: 168, Train Loss: 0.8613940, Train Acc: 0.9018519, Test Acc: 0.4500000
Epoch: 169, Train Loss: 0.8081153, Train Acc: 0.9055556, Test Acc: 0.4333333
Epoch: 170, Train Loss: 0.7748772, Train Acc: 0.9074074, Test Acc: 0.4333333
Epoch: 171, Train Loss: 0.7055558, Train Acc: 0.9092593, Test Acc: 0.4666667
Epoch: 172, Train Loss: 0.9715325, Train Acc: 0.8962963, Test Acc: 0.4666667
Epoch: 173, Train Loss: 1.0669762, Train Acc: 0.8907407, Test Acc: 0.4500000
Epoch: 174, Train Loss: 0.9136734, Train Acc: 0.9000000, Test Acc: 0.4500000
Epoch: 175, Train Loss: 0.7520289, Train Acc: 0.9111111, Test Acc: 0.4833333
Epoch: 176, Train Loss: 0.7459963, Train Acc: 0.9148148, Test Acc: 0.4666667
Epoch: 177, Train Loss: 0.8882001, Train Acc: 0.9000000, Test Acc: 0.4333333
Epoch: 178, Train Loss: 0.7081245, Train Acc: 0.9074074, Test Acc: 0.4166667
Epoch: 179, Train Loss: 0.7592221, Train Acc: 0.9074074, Test Acc: 0.4500000
Epoch: 180, Train Loss: 0.6498578, Train Acc: 0.9148148, Test Acc: 0.4666667
Epoch: 181, Train Loss: 0.6999170, Train Acc: 0.9148148, Test Acc: 0.4500000
Epoch: 182, Train Loss: 0.8680346, Train Acc: 0.8981481, Test Acc: 0.4500000
Epoch: 183, Train Loss: 0.7224363, Train Acc: 0.9148148, Test Acc: 0.4666667
Epoch: 184, Train Loss: 0.7682773, Train Acc: 0.9222222, Test Acc: 0.4500000
Epoch: 185, Train Loss: 0.6924413, Train Acc: 0.9185185, Test Acc: 0.4833333
Epoch: 186, Train Loss: 0.7153121, Train Acc: 0.9074074, Test Acc: 0.4166667
Epoch: 187, Train Loss: 0.7443462, Train Acc: 0.9111111, Test Acc: 0.3833333
Epoch: 188, Train Loss: 0.7513345, Train Acc: 0.9055556, Test Acc: 0.4500000
Epoch: 189, Train Loss: 1.3808872, Train Acc: 0.8722222, Test Acc: 0.4666667
Epoch: 190, Train Loss: 0.8472387, Train Acc: 0.9111111, Test Acc: 0.4333333
Epoch: 191, Train Loss: 0.6127736, Train Acc: 0.9203704, Test Acc: 0.4166667
Epoch: 192, Train Loss: 0.6188646, Train Acc: 0.9203704, Test Acc: 0.4166667
Epoch: 193, Train Loss: 0.7337963, Train Acc: 0.9055556, Test Acc: 0.4000000
Epoch: 194, Train Loss: 0.7657824, Train Acc: 0.9148148, Test Acc: 0.4500000
Epoch: 195, Train Loss: 1.0055911, Train Acc: 0.8925926, Test Acc: 0.4000000
Epoch: 196, Train Loss: 1.1164413, Train Acc: 0.8888889, Test Acc: 0.4166667
Epoch: 197, Train Loss: 1.0341868, Train Acc: 0.8962963, Test Acc: 0.4333333
Epoch: 198, Train Loss: 0.7353163, Train Acc: 0.9074074, Test Acc: 0.4500000
Epoch: 199, Train Loss: 0.7456588, Train Acc: 0.9092593, Test Acc: 0.4666667
Epoch: 200, Train Loss: 0.6439385, Train Acc: 0.9185185, Test Acc: 0.4500000
--------
Best Test Acc:   0.44666666666666666_0.06000000000000001, Epoch: 174
Best Train Loss: 0.8284151439043624_0.34026712294519856
Best Train Acc:  0.9270370370370371_0.011863420280034797
FOLD5, ENZYMES, 1672758410/5550c7a_GSOE[-0.1, -0.15, -0.2, -0.25, -0.3, -0.35, -0.4]P[[4, 4], [4, 4], [4, 4], [4, 4], [4, 4], [4, 4], [4, 4]]I1_ReLU_X_6_256_0_0.001_50_0.6_B64S0W8, BT=0.44666666666666666_0.06000000000000001, BE=174, ID=5550c7a449f3b4116970d9d7caeb5ab686e3e08f
train_set : test_set = %d : %d 540 60
-------- FOLD5 DATASET=ENZYMES, COMMIT_ID=5550c7a449f3b4116970d9d7caeb5ab686e3e08f
#Params: 1331718
Epoch: 001, Train Loss: 30319.7048828, Train Acc: 0.1592593, Test Acc: 0.1500000
Epoch: 002, Train Loss: 28696.0409433, Train Acc: 0.1574074, Test Acc: 0.1500000
Epoch: 003, Train Loss: 14124.3629774, Train Acc: 0.1555556, Test Acc: 0.1166667
Epoch: 004, Train Loss: 10104.9563947, Train Acc: 0.2111111, Test Acc: 0.1500000
Epoch: 005, Train Loss: 9819.3164786, Train Acc: 0.1925926, Test Acc: 0.2000000
Epoch: 006, Train Loss: 1039.3045125, Train Acc: 0.2740741, Test Acc: 0.2666667
Epoch: 007, Train Loss: 7052.4551758, Train Acc: 0.2703704, Test Acc: 0.1833333
Epoch: 008, Train Loss: 1843.8038999, Train Acc: 0.2648148, Test Acc: 0.1833333
Epoch: 009, Train Loss: 1023.4825937, Train Acc: 0.2759259, Test Acc: 0.1666667
Epoch: 010, Train Loss: 1433.5297173, Train Acc: 0.2648148, Test Acc: 0.1833333
Epoch: 011, Train Loss: 701.3309479, Train Acc: 0.3129630, Test Acc: 0.2500000
Epoch: 012, Train Loss: 556.8815895, Train Acc: 0.2962963, Test Acc: 0.1666667
Epoch: 013, Train Loss: 588.2048910, Train Acc: 0.3129630, Test Acc: 0.2333333
Epoch: 014, Train Loss: 296.5828101, Train Acc: 0.3333333, Test Acc: 0.2166667
Epoch: 015, Train Loss: 325.1748396, Train Acc: 0.2962963, Test Acc: 0.3000000
Epoch: 016, Train Loss: 394.4571470, Train Acc: 0.3277778, Test Acc: 0.3666667
Epoch: 017, Train Loss: 365.6021005, Train Acc: 0.3296296, Test Acc: 0.2833333
Epoch: 018, Train Loss: 274.7759970, Train Acc: 0.3444444, Test Acc: 0.2833333
Epoch: 019, Train Loss: 187.4441759, Train Acc: 0.3648148, Test Acc: 0.2500000
Epoch: 020, Train Loss: 371.8830569, Train Acc: 0.3462963, Test Acc: 0.3166667
Epoch: 021, Train Loss: 312.8947587, Train Acc: 0.3648148, Test Acc: 0.2333333
Epoch: 022, Train Loss: 105.5229768, Train Acc: 0.3851852, Test Acc: 0.3500000
Epoch: 023, Train Loss: 123.7183065, Train Acc: 0.3870370, Test Acc: 0.3666667
Epoch: 024, Train Loss: 70.5756981, Train Acc: 0.4055556, Test Acc: 0.3833333
Epoch: 025, Train Loss: 82.4146831, Train Acc: 0.4444444, Test Acc: 0.3166667
Epoch: 026, Train Loss: 253.6756118, Train Acc: 0.3962963, Test Acc: 0.2833333
Epoch: 027, Train Loss: 167.2517417, Train Acc: 0.3870370, Test Acc: 0.3333333
Epoch: 028, Train Loss: 59.2407529, Train Acc: 0.4037037, Test Acc: 0.3166667
Epoch: 029, Train Loss: 107.7693734, Train Acc: 0.4166667, Test Acc: 0.3000000
Epoch: 030, Train Loss: 107.1775231, Train Acc: 0.4277778, Test Acc: 0.2666667
Epoch: 031, Train Loss: 76.9730981, Train Acc: 0.4629630, Test Acc: 0.3500000
Epoch: 032, Train Loss: 48.7625790, Train Acc: 0.4740741, Test Acc: 0.3166667
Epoch: 033, Train Loss: 51.6743234, Train Acc: 0.4888889, Test Acc: 0.4166667
Epoch: 034, Train Loss: 47.5072696, Train Acc: 0.4537037, Test Acc: 0.4500000
Epoch: 035, Train Loss: 47.3048037, Train Acc: 0.5222222, Test Acc: 0.4000000
Epoch: 036, Train Loss: 33.7459877, Train Acc: 0.5148148, Test Acc: 0.4500000
Epoch: 037, Train Loss: 28.3560681, Train Acc: 0.5111111, Test Acc: 0.3833333
Epoch: 038, Train Loss: 20.3565288, Train Acc: 0.5555556, Test Acc: 0.3833333
Epoch: 039, Train Loss: 122.7649949, Train Acc: 0.5129630, Test Acc: 0.4000000
Epoch: 040, Train Loss: 87.7597848, Train Acc: 0.5222222, Test Acc: 0.4333333
Epoch: 041, Train Loss: 78.5930963, Train Acc: 0.4907407, Test Acc: 0.4500000
Epoch: 042, Train Loss: 67.0310848, Train Acc: 0.3907407, Test Acc: 0.3500000
Epoch: 043, Train Loss: 69.9624650, Train Acc: 0.3814815, Test Acc: 0.3000000
Epoch: 044, Train Loss: 41.5260436, Train Acc: 0.4333333, Test Acc: 0.3166667
Epoch: 045, Train Loss: 29.4919930, Train Acc: 0.4944444, Test Acc: 0.3833333
Epoch: 046, Train Loss: 27.1596604, Train Acc: 0.4962963, Test Acc: 0.3833333
Epoch: 047, Train Loss: 21.5759405, Train Acc: 0.5314815, Test Acc: 0.4500000
Epoch: 048, Train Loss: 24.8114612, Train Acc: 0.5148148, Test Acc: 0.3166667
Epoch: 049, Train Loss: 21.6268282, Train Acc: 0.5351852, Test Acc: 0.2666667
Epoch: 050, Train Loss: 19.3388764, Train Acc: 0.5388889, Test Acc: 0.3333333
Epoch: 051, Train Loss: 14.8320179, Train Acc: 0.5870370, Test Acc: 0.3500000
Epoch: 052, Train Loss: 14.8730090, Train Acc: 0.5870370, Test Acc: 0.4000000
Epoch: 053, Train Loss: 11.7659770, Train Acc: 0.6240741, Test Acc: 0.4000000
Epoch: 054, Train Loss: 10.0557917, Train Acc: 0.6240741, Test Acc: 0.4333333
Epoch: 055, Train Loss: 8.9890082, Train Acc: 0.6518519, Test Acc: 0.4000000
Epoch: 056, Train Loss: 8.1476355, Train Acc: 0.6592593, Test Acc: 0.4333333
Epoch: 057, Train Loss: 7.5035377, Train Acc: 0.6481481, Test Acc: 0.4333333
Epoch: 058, Train Loss: 7.3022545, Train Acc: 0.6611111, Test Acc: 0.4666667
Epoch: 059, Train Loss: 6.8518241, Train Acc: 0.6851852, Test Acc: 0.4000000
Epoch: 060, Train Loss: 6.5308522, Train Acc: 0.6907407, Test Acc: 0.4166667
Epoch: 061, Train Loss: 7.2748073, Train Acc: 0.6629630, Test Acc: 0.4166667
Epoch: 062, Train Loss: 7.5231478, Train Acc: 0.6796296, Test Acc: 0.4166667
Epoch: 063, Train Loss: 6.4934568, Train Acc: 0.6833333, Test Acc: 0.4000000
Epoch: 064, Train Loss: 6.2636216, Train Acc: 0.6962963, Test Acc: 0.3666667
Epoch: 065, Train Loss: 6.7794652, Train Acc: 0.6722222, Test Acc: 0.4166667
Epoch: 066, Train Loss: 5.9498666, Train Acc: 0.7166667, Test Acc: 0.3833333
Epoch: 067, Train Loss: 5.9868620, Train Acc: 0.6833333, Test Acc: 0.4166667
Epoch: 068, Train Loss: 5.5324344, Train Acc: 0.6962963, Test Acc: 0.4000000
Epoch: 069, Train Loss: 5.3113732, Train Acc: 0.7259259, Test Acc: 0.4000000
Epoch: 070, Train Loss: 5.0288321, Train Acc: 0.7185185, Test Acc: 0.4500000
Epoch: 071, Train Loss: 4.2400352, Train Acc: 0.7425926, Test Acc: 0.4000000
Epoch: 072, Train Loss: 4.8969622, Train Acc: 0.7351852, Test Acc: 0.4333333
Epoch: 073, Train Loss: 4.5451596, Train Acc: 0.7240741, Test Acc: 0.4500000
Epoch: 074, Train Loss: 4.6095873, Train Acc: 0.7333333, Test Acc: 0.4000000
Epoch: 075, Train Loss: 5.1177474, Train Acc: 0.7055556, Test Acc: 0.3666667
Epoch: 076, Train Loss: 4.1739876, Train Acc: 0.7407407, Test Acc: 0.3833333
Epoch: 077, Train Loss: 3.5563467, Train Acc: 0.7407407, Test Acc: 0.3666667
Epoch: 078, Train Loss: 3.2845505, Train Acc: 0.7740741, Test Acc: 0.3833333
Epoch: 079, Train Loss: 4.2832747, Train Acc: 0.7407407, Test Acc: 0.3833333
Epoch: 080, Train Loss: 3.7497239, Train Acc: 0.7648148, Test Acc: 0.3833333
Epoch: 081, Train Loss: 4.4254001, Train Acc: 0.7388889, Test Acc: 0.4000000
Epoch: 082, Train Loss: 3.6435547, Train Acc: 0.7537037, Test Acc: 0.3833333
Epoch: 083, Train Loss: 3.4100219, Train Acc: 0.7592593, Test Acc: 0.4000000
Epoch: 084, Train Loss: 2.9218720, Train Acc: 0.7851852, Test Acc: 0.4000000
Epoch: 085, Train Loss: 3.1281040, Train Acc: 0.7574074, Test Acc: 0.3500000
Epoch: 086, Train Loss: 2.9948410, Train Acc: 0.7759259, Test Acc: 0.4000000
Epoch: 087, Train Loss: 2.9579125, Train Acc: 0.7907407, Test Acc: 0.4000000
Epoch: 088, Train Loss: 2.7614389, Train Acc: 0.7888889, Test Acc: 0.4166667
Epoch: 089, Train Loss: 2.8273312, Train Acc: 0.7574074, Test Acc: 0.4666667
Epoch: 090, Train Loss: 3.1189956, Train Acc: 0.7648148, Test Acc: 0.4166667
Epoch: 091, Train Loss: 2.5280148, Train Acc: 0.8074074, Test Acc: 0.3833333
Epoch: 092, Train Loss: 2.4891030, Train Acc: 0.8000000, Test Acc: 0.3833333
Epoch: 093, Train Loss: 2.2967193, Train Acc: 0.8092593, Test Acc: 0.4333333
Epoch: 094, Train Loss: 2.1474967, Train Acc: 0.8203704, Test Acc: 0.4500000
Epoch: 095, Train Loss: 2.0497502, Train Acc: 0.8333333, Test Acc: 0.5000000
Epoch: 096, Train Loss: 2.2806935, Train Acc: 0.8092593, Test Acc: 0.3833333
Epoch: 097, Train Loss: 2.3937812, Train Acc: 0.8055556, Test Acc: 0.4000000
Epoch: 098, Train Loss: 2.5994174, Train Acc: 0.7833333, Test Acc: 0.4333333
Epoch: 099, Train Loss: 2.2437044, Train Acc: 0.8203704, Test Acc: 0.4333333
Epoch: 100, Train Loss: 2.1128780, Train Acc: 0.8055556, Test Acc: 0.4833333
Epoch: 101, Train Loss: 2.6673456, Train Acc: 0.7962963, Test Acc: 0.4333333
Epoch: 102, Train Loss: 2.2159011, Train Acc: 0.8259259, Test Acc: 0.4000000
Epoch: 103, Train Loss: 1.9416455, Train Acc: 0.8333333, Test Acc: 0.4000000
Epoch: 104, Train Loss: 1.7181162, Train Acc: 0.8351852, Test Acc: 0.4333333
Epoch: 105, Train Loss: 1.8242874, Train Acc: 0.8296296, Test Acc: 0.4000000
Epoch: 106, Train Loss: 1.5519485, Train Acc: 0.8518519, Test Acc: 0.4166667
Epoch: 107, Train Loss: 1.7317427, Train Acc: 0.8462963, Test Acc: 0.4500000
Epoch: 108, Train Loss: 1.7446535, Train Acc: 0.8314815, Test Acc: 0.4500000
Epoch: 109, Train Loss: 1.6115513, Train Acc: 0.8462963, Test Acc: 0.4666667
Epoch: 110, Train Loss: 1.4961423, Train Acc: 0.8444444, Test Acc: 0.3500000
Epoch: 111, Train Loss: 1.4211974, Train Acc: 0.8592593, Test Acc: 0.4166667
Epoch: 112, Train Loss: 1.2489956, Train Acc: 0.8648148, Test Acc: 0.4333333
Epoch: 113, Train Loss: 1.2175313, Train Acc: 0.8592593, Test Acc: 0.4166667
Epoch: 114, Train Loss: 1.5028893, Train Acc: 0.8574074, Test Acc: 0.3666667
Epoch: 115, Train Loss: 1.3789252, Train Acc: 0.8425926, Test Acc: 0.4000000
Epoch: 116, Train Loss: 1.2139877, Train Acc: 0.8518519, Test Acc: 0.4166667
Epoch: 117, Train Loss: 1.4982740, Train Acc: 0.8481481, Test Acc: 0.3833333
Epoch: 118, Train Loss: 1.1662415, Train Acc: 0.8796296, Test Acc: 0.3666667
Epoch: 119, Train Loss: 1.0657027, Train Acc: 0.8777778, Test Acc: 0.3833333
Epoch: 120, Train Loss: 1.0840721, Train Acc: 0.8703704, Test Acc: 0.4333333
Epoch: 121, Train Loss: 1.0736369, Train Acc: 0.8685185, Test Acc: 0.3833333
Epoch: 122, Train Loss: 1.0933836, Train Acc: 0.8759259, Test Acc: 0.4000000
Epoch: 123, Train Loss: 2.6897719, Train Acc: 0.8000000, Test Acc: 0.4500000
Epoch: 124, Train Loss: 1.6545456, Train Acc: 0.8351852, Test Acc: 0.4666667
Epoch: 125, Train Loss: 1.3940526, Train Acc: 0.8685185, Test Acc: 0.4166667
Epoch: 126, Train Loss: 1.2463677, Train Acc: 0.8666667, Test Acc: 0.4333333
Epoch: 127, Train Loss: 1.5944374, Train Acc: 0.8518519, Test Acc: 0.4000000
Epoch: 128, Train Loss: 1.3573383, Train Acc: 0.8537037, Test Acc: 0.3500000
Epoch: 129, Train Loss: 1.3022698, Train Acc: 0.8722222, Test Acc: 0.4166667
Epoch: 130, Train Loss: 1.3410042, Train Acc: 0.8648148, Test Acc: 0.4000000
Epoch: 131, Train Loss: 1.0488684, Train Acc: 0.8759259, Test Acc: 0.4166667
Epoch: 132, Train Loss: 1.2716598, Train Acc: 0.8462963, Test Acc: 0.4000000
Epoch: 133, Train Loss: 1.6493558, Train Acc: 0.8462963, Test Acc: 0.4000000
Epoch: 134, Train Loss: 1.4483727, Train Acc: 0.8444444, Test Acc: 0.4000000
Epoch: 135, Train Loss: 1.1015166, Train Acc: 0.8870370, Test Acc: 0.4833333
Epoch: 136, Train Loss: 1.1793568, Train Acc: 0.8666667, Test Acc: 0.4500000
Epoch: 137, Train Loss: 1.3107437, Train Acc: 0.8592593, Test Acc: 0.3500000
Epoch: 138, Train Loss: 0.9485138, Train Acc: 0.8814815, Test Acc: 0.4000000
Epoch: 139, Train Loss: 0.9026176, Train Acc: 0.8796296, Test Acc: 0.3166667
Epoch: 140, Train Loss: 0.8293237, Train Acc: 0.8925926, Test Acc: 0.3666667
Epoch: 141, Train Loss: 0.9256306, Train Acc: 0.8777778, Test Acc: 0.3833333
Epoch: 142, Train Loss: 0.8519529, Train Acc: 0.8851852, Test Acc: 0.3666667
Epoch: 143, Train Loss: 0.9572068, Train Acc: 0.8685185, Test Acc: 0.3833333
Epoch: 144, Train Loss: 0.6751536, Train Acc: 0.8981481, Test Acc: 0.4333333
Epoch: 145, Train Loss: 1.2220006, Train Acc: 0.8574074, Test Acc: 0.4000000
Epoch: 146, Train Loss: 1.1731978, Train Acc: 0.8666667, Test Acc: 0.4333333
Epoch: 147, Train Loss: 1.0817077, Train Acc: 0.8685185, Test Acc: 0.3666667
Epoch: 148, Train Loss: 0.7581760, Train Acc: 0.9092593, Test Acc: 0.3500000
Epoch: 149, Train Loss: 1.6040226, Train Acc: 0.8537037, Test Acc: 0.3833333
Epoch: 150, Train Loss: 2.2708997, Train Acc: 0.8425926, Test Acc: 0.3833333
Epoch: 151, Train Loss: 1.1821941, Train Acc: 0.8592593, Test Acc: 0.3666667
Epoch: 152, Train Loss: 1.0094246, Train Acc: 0.8759259, Test Acc: 0.4000000
Epoch: 153, Train Loss: 1.0650550, Train Acc: 0.8703704, Test Acc: 0.3666667
Epoch: 154, Train Loss: 0.8597385, Train Acc: 0.8925926, Test Acc: 0.3833333
Epoch: 155, Train Loss: 0.8443395, Train Acc: 0.8870370, Test Acc: 0.3666667
Epoch: 156, Train Loss: 0.7153232, Train Acc: 0.8962963, Test Acc: 0.3666667
Epoch: 157, Train Loss: 0.6653122, Train Acc: 0.9000000, Test Acc: 0.3500000
Epoch: 158, Train Loss: 0.8066716, Train Acc: 0.8833333, Test Acc: 0.3666667
Epoch: 159, Train Loss: 0.6062194, Train Acc: 0.8962963, Test Acc: 0.4000000
Epoch: 160, Train Loss: 0.5946791, Train Acc: 0.9000000, Test Acc: 0.3833333
Epoch: 161, Train Loss: 0.5948063, Train Acc: 0.9055556, Test Acc: 0.3833333
Epoch: 162, Train Loss: 0.6605933, Train Acc: 0.8944444, Test Acc: 0.4166667
Epoch: 163, Train Loss: 0.5579880, Train Acc: 0.9148148, Test Acc: 0.4333333
Epoch: 164, Train Loss: 0.5627006, Train Acc: 0.9148148, Test Acc: 0.3833333
Epoch: 165, Train Loss: 0.5708418, Train Acc: 0.9074074, Test Acc: 0.3666667
Epoch: 166, Train Loss: 0.6431066, Train Acc: 0.9000000, Test Acc: 0.3500000
Epoch: 167, Train Loss: 0.5963897, Train Acc: 0.9092593, Test Acc: 0.4000000
Epoch: 168, Train Loss: 0.5591506, Train Acc: 0.9129630, Test Acc: 0.3833333
Epoch: 169, Train Loss: 0.5452437, Train Acc: 0.9148148, Test Acc: 0.3666667
Epoch: 170, Train Loss: 0.5216887, Train Acc: 0.9222222, Test Acc: 0.3666667
Epoch: 171, Train Loss: 0.4589228, Train Acc: 0.9240741, Test Acc: 0.3666667
Epoch: 172, Train Loss: 0.5113091, Train Acc: 0.9037037, Test Acc: 0.3666667
Epoch: 173, Train Loss: 0.4343791, Train Acc: 0.9296296, Test Acc: 0.3833333
Epoch: 174, Train Loss: 0.3854244, Train Acc: 0.9370370, Test Acc: 0.3666667
Epoch: 175, Train Loss: 0.4271790, Train Acc: 0.9203704, Test Acc: 0.3666667
Epoch: 176, Train Loss: 0.4865332, Train Acc: 0.9166667, Test Acc: 0.3833333
Epoch: 177, Train Loss: 0.4054247, Train Acc: 0.9240741, Test Acc: 0.4000000
Epoch: 178, Train Loss: 0.4757158, Train Acc: 0.9222222, Test Acc: 0.3833333
Epoch: 179, Train Loss: 0.4166217, Train Acc: 0.9314815, Test Acc: 0.3833333
Epoch: 180, Train Loss: 0.6619088, Train Acc: 0.9018519, Test Acc: 0.3333333
Epoch: 181, Train Loss: 0.5042837, Train Acc: 0.9185185, Test Acc: 0.3833333
Epoch: 182, Train Loss: 0.4340732, Train Acc: 0.9240741, Test Acc: 0.4000000
Epoch: 183, Train Loss: 0.4652600, Train Acc: 0.9203704, Test Acc: 0.3666667
Epoch: 184, Train Loss: 0.4926122, Train Acc: 0.9203704, Test Acc: 0.3666667
Epoch: 185, Train Loss: 0.3913754, Train Acc: 0.9277778, Test Acc: 0.3666667
Epoch: 186, Train Loss: 0.3817087, Train Acc: 0.9203704, Test Acc: 0.3500000
Epoch: 187, Train Loss: 0.3904263, Train Acc: 0.9166667, Test Acc: 0.3833333
