{'dataset_name': 'ENZYMES', 'basis': 'GSO', 'epsilon': [-0.1, -0.15, -0.2, -0.25, -0.3, -0.35, -0.4], 'power': [[4, 4], [4, 4], [4, 4], [4, 4], [4, 4], [4, 4], [4, 4]], 'seeds': [0], 'num_folds': 10, 'num_workers': 8, 'hyperparams': {'batch_size': 64, 'epochs': 201, 'learning_rate': 0.001, 'step_size': 50, 'decay_rate': 0.6}, 'architecture': {'nonlinear': 'ReLU', 'layers': 6, 'hidden': 256, 'pooling': 'X', 'dropout': 0}, 'commit_id': '5550c7a449f3b4116970d9d7caeb5ab686e3e08f', 'time_stamp': '1672758748', 'directory': '../../../../results_spectral_rotation/Try_A100/tu/ENZYMES/board/'}
{'dataset_name': 'ENZYMES', 'basis': 'GSO', 'epsilon': [-0.1, -0.15, -0.2, -0.25, -0.3, -0.35, -0.4], 'power': [[4, 4], [4, 4], [4, 4], [4, 4], [4, 4], [4, 4], [4, 4]], 'seeds': [0], 'num_folds': 10, 'num_workers': 8, 'hyperparams': {'batch_size': 64, 'epochs': 201, 'learning_rate': 0.001, 'step_size': 50, 'decay_rate': 0.6}, 'architecture': {'nonlinear': 'ReLU', 'layers': 6, 'hidden': 256, 'pooling': 'X', 'dropout': 0}, 'commit_id': '5550c7a449f3b4116970d9d7caeb5ab686e3e08f', 'time_stamp': 1672758750, 'directory': '../../../../results_spectral_rotation/Try_A100/tu/ENZYMES/board/', 'seed': 0}
Pre-process:   0%|          | 0/600 [00:00<?, ?it/s]Pre-process:  13%|█▎        | 76/600 [00:00<00:00, 754.80it/s]Pre-process:  26%|██▌       | 156/600 [00:00<00:00, 777.38it/s]Pre-process:  39%|███▉      | 234/600 [00:00<00:00, 778.46it/s]Pre-process:  52%|█████▏    | 312/600 [00:00<00:00, 754.69it/s]Pre-process:  66%|██████▌   | 393/600 [00:00<00:00, 772.64it/s]Pre-process:  79%|███████▉  | 475/600 [00:00<00:00, 786.20it/s]Pre-process:  92%|█████████▏| 554/600 [00:00<00:00, 779.29it/s]Pre-process: 100%|██████████| 600/600 [00:00<00:00, 774.36it/s]
Basis total: 8
train_set : test_set = %d : %d 540 60
-------- FOLD0 DATASET=ENZYMES, COMMIT_ID=5550c7a449f3b4116970d9d7caeb5ab686e3e08f
#Params: 1331718
Epoch: 001, Train Loss: 7537.5192708, Train Acc: 0.2074074, Test Acc: 0.1666667
Epoch: 002, Train Loss: 289645.9029514, Train Acc: 0.2055556, Test Acc: 0.2166667
Epoch: 003, Train Loss: 317987.8697844, Train Acc: 0.2240741, Test Acc: 0.1500000
Epoch: 004, Train Loss: 505920.3654152, Train Acc: 0.2240741, Test Acc: 0.1000000
Epoch: 005, Train Loss: 631143.5539135, Train Acc: 0.2296296, Test Acc: 0.1833333
Epoch: 006, Train Loss: 34936.1484954, Train Acc: 0.2111111, Test Acc: 0.2000000
Epoch: 007, Train Loss: 157307.4223380, Train Acc: 0.1981481, Test Acc: 0.1833333
Epoch: 008, Train Loss: 79334.8574942, Train Acc: 0.2666667, Test Acc: 0.2166667
Epoch: 009, Train Loss: 29627.9740958, Train Acc: 0.2481481, Test Acc: 0.1833333
Epoch: 010, Train Loss: 8101.5177246, Train Acc: 0.2500000, Test Acc: 0.1666667
Epoch: 011, Train Loss: 46239.3018519, Train Acc: 0.2407407, Test Acc: 0.1000000
Epoch: 012, Train Loss: 9444.0132962, Train Acc: 0.2907407, Test Acc: 0.1833333
Epoch: 013, Train Loss: 4056.5981952, Train Acc: 0.2981481, Test Acc: 0.1666667
Epoch: 014, Train Loss: 7433.5269965, Train Acc: 0.2907407, Test Acc: 0.1666667
Epoch: 015, Train Loss: 11829.9007062, Train Acc: 0.2981481, Test Acc: 0.2500000
Epoch: 016, Train Loss: 14987.4214726, Train Acc: 0.3111111, Test Acc: 0.2500000
Epoch: 017, Train Loss: 4746.5127839, Train Acc: 0.3166667, Test Acc: 0.3166667
Epoch: 018, Train Loss: 10146.4333171, Train Acc: 0.3444444, Test Acc: 0.2000000
Epoch: 019, Train Loss: 9059.4311945, Train Acc: 0.3370370, Test Acc: 0.2000000
Epoch: 020, Train Loss: 14082.9553548, Train Acc: 0.3111111, Test Acc: 0.2000000
Epoch: 021, Train Loss: 27146.7029261, Train Acc: 0.2574074, Test Acc: 0.2333333
Epoch: 022, Train Loss: 19760.9488064, Train Acc: 0.2759259, Test Acc: 0.2333333
Epoch: 023, Train Loss: 12262.8880936, Train Acc: 0.2981481, Test Acc: 0.2000000
Epoch: 024, Train Loss: 12370.7347882, Train Acc: 0.3203704, Test Acc: 0.2333333
Epoch: 025, Train Loss: 9779.5105726, Train Acc: 0.3018519, Test Acc: 0.2666667
Epoch: 026, Train Loss: 8030.8731750, Train Acc: 0.2870370, Test Acc: 0.2500000
Epoch: 027, Train Loss: 17762.2842556, Train Acc: 0.2574074, Test Acc: 0.1166667
Epoch: 028, Train Loss: 12278.4339143, Train Acc: 0.2962963, Test Acc: 0.1666667
Epoch: 029, Train Loss: 4010.0859599, Train Acc: 0.2888889, Test Acc: 0.2333333
Epoch: 030, Train Loss: 9020.1864809, Train Acc: 0.3111111, Test Acc: 0.2166667
Epoch: 031, Train Loss: 3088.1805228, Train Acc: 0.3000000, Test Acc: 0.2333333
Epoch: 032, Train Loss: 2786.0233127, Train Acc: 0.2925926, Test Acc: 0.2500000
Epoch: 033, Train Loss: 6806.5732491, Train Acc: 0.3092593, Test Acc: 0.2500000
Epoch: 034, Train Loss: 5415.8316587, Train Acc: 0.3388889, Test Acc: 0.3333333
Epoch: 035, Train Loss: 11614.9463589, Train Acc: 0.3222222, Test Acc: 0.2000000
Epoch: 036, Train Loss: 5094.9340898, Train Acc: 0.3185185, Test Acc: 0.2333333
Epoch: 037, Train Loss: 3919.5779767, Train Acc: 0.3462963, Test Acc: 0.2333333
Epoch: 038, Train Loss: 3981.8631755, Train Acc: 0.3629630, Test Acc: 0.1333333
Epoch: 039, Train Loss: 1520.3984225, Train Acc: 0.3851852, Test Acc: 0.2333333
Epoch: 040, Train Loss: 770.4424457, Train Acc: 0.3962963, Test Acc: 0.2166667
Epoch: 041, Train Loss: 992.7919325, Train Acc: 0.3796296, Test Acc: 0.1666667
Epoch: 042, Train Loss: 692.7793441, Train Acc: 0.4037037, Test Acc: 0.2166667
Epoch: 043, Train Loss: 326.8153528, Train Acc: 0.4259259, Test Acc: 0.2166667
Epoch: 044, Train Loss: 765.1015804, Train Acc: 0.4370370, Test Acc: 0.2000000
Epoch: 045, Train Loss: 202.9914342, Train Acc: 0.4629630, Test Acc: 0.1833333
Epoch: 046, Train Loss: 207.2305462, Train Acc: 0.4370370, Test Acc: 0.2000000
Epoch: 047, Train Loss: 450.7343074, Train Acc: 0.4444444, Test Acc: 0.2000000
Epoch: 048, Train Loss: 101.4900886, Train Acc: 0.4611111, Test Acc: 0.1833333
Epoch: 049, Train Loss: 115.5020237, Train Acc: 0.4796296, Test Acc: 0.1666667
Epoch: 050, Train Loss: 102.0584041, Train Acc: 0.4796296, Test Acc: 0.1833333
Epoch: 051, Train Loss: 137.5145775, Train Acc: 0.4981481, Test Acc: 0.2000000
Epoch: 052, Train Loss: 77.5159048, Train Acc: 0.4888889, Test Acc: 0.1833333
Epoch: 053, Train Loss: 75.6023857, Train Acc: 0.4888889, Test Acc: 0.2000000
Epoch: 054, Train Loss: 65.0316564, Train Acc: 0.5222222, Test Acc: 0.2166667
Epoch: 055, Train Loss: 64.1603333, Train Acc: 0.5074074, Test Acc: 0.1833333
Epoch: 056, Train Loss: 67.0572561, Train Acc: 0.5148148, Test Acc: 0.1833333
Epoch: 057, Train Loss: 64.6271060, Train Acc: 0.5277778, Test Acc: 0.2000000
Epoch: 058, Train Loss: 60.0079839, Train Acc: 0.5277778, Test Acc: 0.1833333
Epoch: 059, Train Loss: 54.8477153, Train Acc: 0.5462963, Test Acc: 0.1833333
Epoch: 060, Train Loss: 52.1512454, Train Acc: 0.5518519, Test Acc: 0.1833333
Epoch: 061, Train Loss: 53.1418276, Train Acc: 0.5462963, Test Acc: 0.1833333
Epoch: 062, Train Loss: 49.8919782, Train Acc: 0.5462963, Test Acc: 0.2000000
Epoch: 063, Train Loss: 50.1136458, Train Acc: 0.5722222, Test Acc: 0.2000000
Epoch: 064, Train Loss: 48.1941564, Train Acc: 0.5666667, Test Acc: 0.2000000
Epoch: 065, Train Loss: 44.8552179, Train Acc: 0.5685185, Test Acc: 0.2000000
Epoch: 066, Train Loss: 43.8140740, Train Acc: 0.5870370, Test Acc: 0.2000000
Epoch: 067, Train Loss: 43.0750420, Train Acc: 0.5759259, Test Acc: 0.2000000
Epoch: 068, Train Loss: 43.6289378, Train Acc: 0.5851852, Test Acc: 0.2000000
Epoch: 069, Train Loss: 49.0053432, Train Acc: 0.5777778, Test Acc: 0.1833333
Epoch: 070, Train Loss: 43.9711099, Train Acc: 0.5703704, Test Acc: 0.2000000
Epoch: 071, Train Loss: 45.8491278, Train Acc: 0.5944444, Test Acc: 0.2000000
Epoch: 072, Train Loss: 39.1223564, Train Acc: 0.5907407, Test Acc: 0.2333333
Epoch: 073, Train Loss: 43.1113504, Train Acc: 0.5907407, Test Acc: 0.2166667
Epoch: 074, Train Loss: 39.5683045, Train Acc: 0.5944444, Test Acc: 0.1833333
Epoch: 075, Train Loss: 34.3389319, Train Acc: 0.6111111, Test Acc: 0.2000000
Epoch: 076, Train Loss: 32.4200753, Train Acc: 0.6240741, Test Acc: 0.2000000
Epoch: 077, Train Loss: 32.7679760, Train Acc: 0.6240741, Test Acc: 0.2166667
Epoch: 078, Train Loss: 30.9566936, Train Acc: 0.6259259, Test Acc: 0.2000000
Epoch: 079, Train Loss: 32.3563051, Train Acc: 0.6166667, Test Acc: 0.2166667
Epoch: 080, Train Loss: 30.7174421, Train Acc: 0.6277778, Test Acc: 0.2166667
Epoch: 081, Train Loss: 28.2031294, Train Acc: 0.6203704, Test Acc: 0.1833333
Epoch: 082, Train Loss: 32.8020748, Train Acc: 0.5962963, Test Acc: 0.2166667
Epoch: 083, Train Loss: 29.1495372, Train Acc: 0.6111111, Test Acc: 0.2166667
Epoch: 084, Train Loss: 26.8122786, Train Acc: 0.6277778, Test Acc: 0.2333333
Epoch: 085, Train Loss: 29.1578652, Train Acc: 0.6259259, Test Acc: 0.2333333
Epoch: 086, Train Loss: 31.9874593, Train Acc: 0.6111111, Test Acc: 0.1833333
Epoch: 087, Train Loss: 26.7898563, Train Acc: 0.6296296, Test Acc: 0.2333333
Epoch: 088, Train Loss: 26.0240150, Train Acc: 0.6277778, Test Acc: 0.2333333
Epoch: 089, Train Loss: 26.1766978, Train Acc: 0.6203704, Test Acc: 0.2333333
Epoch: 090, Train Loss: 23.3899363, Train Acc: 0.6425926, Test Acc: 0.2166667
Epoch: 091, Train Loss: 22.3568318, Train Acc: 0.6574074, Test Acc: 0.2166667
Epoch: 092, Train Loss: 21.3901631, Train Acc: 0.6574074, Test Acc: 0.2333333
Epoch: 093, Train Loss: 21.6784396, Train Acc: 0.6629630, Test Acc: 0.2166667
Epoch: 094, Train Loss: 21.4515954, Train Acc: 0.6703704, Test Acc: 0.2000000
Epoch: 095, Train Loss: 98.1826391, Train Acc: 0.6388889, Test Acc: 0.2166667
Epoch: 096, Train Loss: 96.2911490, Train Acc: 0.6537037, Test Acc: 0.2833333
Epoch: 097, Train Loss: 55.4868758, Train Acc: 0.6277778, Test Acc: 0.2666667
Epoch: 098, Train Loss: 1601.9795216, Train Acc: 0.5740741, Test Acc: 0.2166667
Epoch: 099, Train Loss: 858.3205981, Train Acc: 0.5907407, Test Acc: 0.2500000
Epoch: 100, Train Loss: 1188.1842497, Train Acc: 0.5500000, Test Acc: 0.2833333
Epoch: 101, Train Loss: 1708.9875799, Train Acc: 0.5740741, Test Acc: 0.2500000
Epoch: 102, Train Loss: 1098.2499070, Train Acc: 0.5759259, Test Acc: 0.2666667
Epoch: 103, Train Loss: 506.8211153, Train Acc: 0.5870370, Test Acc: 0.3166667
Epoch: 104, Train Loss: 359.6076915, Train Acc: 0.5777778, Test Acc: 0.3000000
Epoch: 105, Train Loss: 154.5844356, Train Acc: 0.5814815, Test Acc: 0.3666667
Epoch: 106, Train Loss: 114.9872426, Train Acc: 0.6166667, Test Acc: 0.3166667
Epoch: 107, Train Loss: 78.2457297, Train Acc: 0.6277778, Test Acc: 0.2833333
Epoch: 108, Train Loss: 61.8743537, Train Acc: 0.6185185, Test Acc: 0.3166667
Epoch: 109, Train Loss: 49.3415028, Train Acc: 0.6222222, Test Acc: 0.3333333
Epoch: 110, Train Loss: 39.8385252, Train Acc: 0.6333333, Test Acc: 0.3166667
Epoch: 111, Train Loss: 39.9814572, Train Acc: 0.6259259, Test Acc: 0.3166667
Epoch: 112, Train Loss: 35.7451247, Train Acc: 0.6481481, Test Acc: 0.3166667
Epoch: 113, Train Loss: 39.1373448, Train Acc: 0.6518519, Test Acc: 0.3500000
Epoch: 114, Train Loss: 34.1644973, Train Acc: 0.6462963, Test Acc: 0.3166667
Epoch: 115, Train Loss: 40.1841459, Train Acc: 0.6500000, Test Acc: 0.3333333
Epoch: 116, Train Loss: 39.7371007, Train Acc: 0.6425926, Test Acc: 0.3333333
Epoch: 117, Train Loss: 39.8134811, Train Acc: 0.6555556, Test Acc: 0.3000000
Epoch: 118, Train Loss: 29.2749095, Train Acc: 0.6777778, Test Acc: 0.2666667
Epoch: 119, Train Loss: 28.5055688, Train Acc: 0.6777778, Test Acc: 0.3166667
Epoch: 120, Train Loss: 27.4702940, Train Acc: 0.6740741, Test Acc: 0.3333333
Epoch: 121, Train Loss: 25.9758857, Train Acc: 0.6796296, Test Acc: 0.3500000
Epoch: 122, Train Loss: 24.3174977, Train Acc: 0.6648148, Test Acc: 0.3500000
Epoch: 123, Train Loss: 81.8746235, Train Acc: 0.6629630, Test Acc: 0.3666667
Epoch: 124, Train Loss: 25.3872492, Train Acc: 0.6685185, Test Acc: 0.3833333
Epoch: 125, Train Loss: 26.5065584, Train Acc: 0.6592593, Test Acc: 0.3666667
Epoch: 126, Train Loss: 30.2814142, Train Acc: 0.6388889, Test Acc: 0.3333333
Epoch: 127, Train Loss: 42.8768898, Train Acc: 0.6370370, Test Acc: 0.3333333
Epoch: 128, Train Loss: 42.9721791, Train Acc: 0.6685185, Test Acc: 0.3333333
Epoch: 129, Train Loss: 39.4764410, Train Acc: 0.6833333, Test Acc: 0.3333333
Epoch: 130, Train Loss: 26.0015707, Train Acc: 0.6851852, Test Acc: 0.3166667
Epoch: 131, Train Loss: 20.1825159, Train Acc: 0.6814815, Test Acc: 0.3666667
Epoch: 132, Train Loss: 18.5892294, Train Acc: 0.7129630, Test Acc: 0.3500000
Epoch: 133, Train Loss: 19.2795589, Train Acc: 0.6962963, Test Acc: 0.3333333
Epoch: 134, Train Loss: 19.5246716, Train Acc: 0.6944444, Test Acc: 0.3500000
Epoch: 135, Train Loss: 19.2988826, Train Acc: 0.6907407, Test Acc: 0.3666667
Epoch: 136, Train Loss: 16.5525661, Train Acc: 0.7129630, Test Acc: 0.3333333
Epoch: 137, Train Loss: 20.2462913, Train Acc: 0.6722222, Test Acc: 0.3666667
Epoch: 138, Train Loss: 19.5149833, Train Acc: 0.7092593, Test Acc: 0.4000000
Epoch: 139, Train Loss: 18.6283798, Train Acc: 0.7092593, Test Acc: 0.3833333
Epoch: 140, Train Loss: 18.8410716, Train Acc: 0.7018519, Test Acc: 0.3333333
Epoch: 141, Train Loss: 17.3544455, Train Acc: 0.7092593, Test Acc: 0.3166667
Epoch: 142, Train Loss: 16.7168018, Train Acc: 0.7203704, Test Acc: 0.3333333
Epoch: 143, Train Loss: 16.0163140, Train Acc: 0.7185185, Test Acc: 0.3333333
Epoch: 144, Train Loss: 14.7117652, Train Acc: 0.7333333, Test Acc: 0.3500000
Epoch: 145, Train Loss: 14.4642588, Train Acc: 0.7370370, Test Acc: 0.3333333
Epoch: 146, Train Loss: 13.8168728, Train Acc: 0.7388889, Test Acc: 0.3166667
Epoch: 147, Train Loss: 14.0228450, Train Acc: 0.7314815, Test Acc: 0.3333333
Epoch: 148, Train Loss: 13.1248911, Train Acc: 0.7388889, Test Acc: 0.3333333
Epoch: 149, Train Loss: 14.2113180, Train Acc: 0.7425926, Test Acc: 0.3500000
Epoch: 150, Train Loss: 14.7013014, Train Acc: 0.7314815, Test Acc: 0.3333333
Epoch: 151, Train Loss: 15.4021770, Train Acc: 0.7351852, Test Acc: 0.3500000
Epoch: 152, Train Loss: 15.7274076, Train Acc: 0.7259259, Test Acc: 0.3500000
Epoch: 153, Train Loss: 17.4353455, Train Acc: 0.7296296, Test Acc: 0.3833333
Epoch: 154, Train Loss: 15.2637540, Train Acc: 0.7314815, Test Acc: 0.3500000
Epoch: 155, Train Loss: 13.9528565, Train Acc: 0.7444444, Test Acc: 0.3666667
Epoch: 156, Train Loss: 13.7967679, Train Acc: 0.7481481, Test Acc: 0.4000000
Epoch: 157, Train Loss: 13.4140155, Train Acc: 0.7611111, Test Acc: 0.3666667
Epoch: 158, Train Loss: 13.1824265, Train Acc: 0.7648148, Test Acc: 0.3500000
Epoch: 159, Train Loss: 12.0106821, Train Acc: 0.7592593, Test Acc: 0.3333333
Epoch: 160, Train Loss: 11.2384282, Train Acc: 0.7425926, Test Acc: 0.3166667
Epoch: 161, Train Loss: 11.5027787, Train Acc: 0.7444444, Test Acc: 0.3333333
Epoch: 162, Train Loss: 10.7528897, Train Acc: 0.7555556, Test Acc: 0.3333333
Epoch: 163, Train Loss: 13.4200538, Train Acc: 0.7407407, Test Acc: 0.3166667
Epoch: 164, Train Loss: 11.3277320, Train Acc: 0.7537037, Test Acc: 0.3500000
Epoch: 165, Train Loss: 12.8377657, Train Acc: 0.7370370, Test Acc: 0.3000000
Epoch: 166, Train Loss: 12.0732057, Train Acc: 0.7537037, Test Acc: 0.3000000
Epoch: 167, Train Loss: 12.2483325, Train Acc: 0.7629630, Test Acc: 0.3333333
Epoch: 168, Train Loss: 12.0911003, Train Acc: 0.7592593, Test Acc: 0.3500000
Epoch: 169, Train Loss: 11.1221280, Train Acc: 0.7518519, Test Acc: 0.3500000
Epoch: 170, Train Loss: 10.8631191, Train Acc: 0.7574074, Test Acc: 0.3500000
Epoch: 171, Train Loss: 10.6451637, Train Acc: 0.7444444, Test Acc: 0.3500000
Epoch: 172, Train Loss: 11.3544327, Train Acc: 0.7518519, Test Acc: 0.3500000
Epoch: 173, Train Loss: 11.5906660, Train Acc: 0.7592593, Test Acc: 0.3500000
Epoch: 174, Train Loss: 11.8654064, Train Acc: 0.7592593, Test Acc: 0.3500000
Epoch: 175, Train Loss: 10.9984106, Train Acc: 0.7555556, Test Acc: 0.3500000
Epoch: 176, Train Loss: 10.8966098, Train Acc: 0.7555556, Test Acc: 0.3500000
Epoch: 177, Train Loss: 11.0288736, Train Acc: 0.7592593, Test Acc: 0.3333333
Epoch: 178, Train Loss: 10.8020974, Train Acc: 0.7574074, Test Acc: 0.3333333
Epoch: 179, Train Loss: 10.0105279, Train Acc: 0.7555556, Test Acc: 0.3333333
Epoch: 180, Train Loss: 11.3699468, Train Acc: 0.7444444, Test Acc: 0.3166667
Epoch: 181, Train Loss: 10.4450542, Train Acc: 0.7611111, Test Acc: 0.3333333
Epoch: 182, Train Loss: 10.6161573, Train Acc: 0.7666667, Test Acc: 0.3666667
Epoch: 183, Train Loss: 11.1433588, Train Acc: 0.7666667, Test Acc: 0.3333333
Epoch: 184, Train Loss: 10.6252068, Train Acc: 0.7592593, Test Acc: 0.3166667
Epoch: 185, Train Loss: 9.8956085, Train Acc: 0.7814815, Test Acc: 0.3333333
Epoch: 186, Train Loss: 12.6075314, Train Acc: 0.7518519, Test Acc: 0.3333333
Epoch: 187, Train Loss: 16.9454200, Train Acc: 0.7222222, Test Acc: 0.3333333
Epoch: 188, Train Loss: 14.8568964, Train Acc: 0.7462963, Test Acc: 0.3333333
Epoch: 189, Train Loss: 12.9293704, Train Acc: 0.7537037, Test Acc: 0.3166667
Epoch: 190, Train Loss: 11.8908213, Train Acc: 0.7574074, Test Acc: 0.3000000
Epoch: 191, Train Loss: 11.0269210, Train Acc: 0.7611111, Test Acc: 0.2833333
Epoch: 192, Train Loss: 11.5152804, Train Acc: 0.7740741, Test Acc: 0.3166667
Epoch: 193, Train Loss: 10.5042519, Train Acc: 0.7722222, Test Acc: 0.3500000
Epoch: 194, Train Loss: 8.8013755, Train Acc: 0.7685185, Test Acc: 0.3500000
Epoch: 195, Train Loss: 11.1389097, Train Acc: 0.7518519, Test Acc: 0.3000000
Epoch: 196, Train Loss: 11.1119452, Train Acc: 0.7611111, Test Acc: 0.3500000
Epoch: 197, Train Loss: 12.4576519, Train Acc: 0.7574074, Test Acc: 0.3166667
Epoch: 198, Train Loss: 11.2301633, Train Acc: 0.7537037, Test Acc: 0.3500000
Epoch: 199, Train Loss: 11.0728424, Train Acc: 0.7481481, Test Acc: 0.3333333
Epoch: 200, Train Loss: 10.1124497, Train Acc: 0.7611111, Test Acc: 0.3500000
--------
Best Test Acc:   0.4_0.0, Epoch: 137
Best Train Loss: 8.80137548799868_0.0
Best Train Acc:  0.7814814814814814_0.0
FOLD1, ENZYMES, 1672758750/5550c7a_GSOE[-0.1, -0.15, -0.2, -0.25, -0.3, -0.35, -0.4]P[[4, 4], [4, 4], [4, 4], [4, 4], [4, 4], [4, 4], [4, 4]]I1_ReLU_X_6_256_0_0.001_50_0.6_B64S0W8, BT=0.4_0.0, BE=137, ID=5550c7a449f3b4116970d9d7caeb5ab686e3e08f
train_set : test_set = %d : %d 540 60
-------- FOLD1 DATASET=ENZYMES, COMMIT_ID=5550c7a449f3b4116970d9d7caeb5ab686e3e08f
#Params: 1331718
Epoch: 001, Train Loss: 30953.9639576, Train Acc: 0.1685185, Test Acc: 0.1666667
Epoch: 002, Train Loss: 335970.0587963, Train Acc: 0.1907407, Test Acc: 0.2000000
Epoch: 003, Train Loss: 363669.4213542, Train Acc: 0.2148148, Test Acc: 0.2166667
Epoch: 004, Train Loss: 737480.3178819, Train Acc: 0.2111111, Test Acc: 0.1833333
Epoch: 005, Train Loss: 224867.7657335, Train Acc: 0.1629630, Test Acc: 0.1166667
Epoch: 006, Train Loss: 35483.1093388, Train Acc: 0.2055556, Test Acc: 0.1666667
Epoch: 007, Train Loss: 349021.9812500, Train Acc: 0.1870370, Test Acc: 0.2166667
Epoch: 008, Train Loss: 396249.9404857, Train Acc: 0.1796296, Test Acc: 0.1666667
Epoch: 009, Train Loss: 51603.7115234, Train Acc: 0.2351852, Test Acc: 0.2333333
Epoch: 010, Train Loss: 16789.4008274, Train Acc: 0.2037037, Test Acc: 0.1333333
Epoch: 011, Train Loss: 16778.9007035, Train Acc: 0.2444444, Test Acc: 0.1833333
Epoch: 012, Train Loss: 40644.9043041, Train Acc: 0.2555556, Test Acc: 0.2166667
Epoch: 013, Train Loss: 15850.7861360, Train Acc: 0.2870370, Test Acc: 0.2833333
Epoch: 014, Train Loss: 17087.2130100, Train Acc: 0.2666667, Test Acc: 0.2500000
Epoch: 015, Train Loss: 17075.7986455, Train Acc: 0.2888889, Test Acc: 0.2500000
Epoch: 016, Train Loss: 20047.1460732, Train Acc: 0.2962963, Test Acc: 0.2000000
Epoch: 017, Train Loss: 12477.5808395, Train Acc: 0.3166667, Test Acc: 0.2500000
Epoch: 018, Train Loss: 22669.2179434, Train Acc: 0.3351852, Test Acc: 0.2500000
Epoch: 019, Train Loss: 136714.5693866, Train Acc: 0.2666667, Test Acc: 0.2166667
Epoch: 020, Train Loss: 20950.4826045, Train Acc: 0.2759259, Test Acc: 0.2666667
Epoch: 021, Train Loss: 132389.2833984, Train Acc: 0.2814815, Test Acc: 0.2333333
Epoch: 022, Train Loss: 31161.0166355, Train Acc: 0.2851852, Test Acc: 0.2000000
Epoch: 023, Train Loss: 42676.5557314, Train Acc: 0.2685185, Test Acc: 0.2500000
Epoch: 024, Train Loss: 56598.4897280, Train Acc: 0.2759259, Test Acc: 0.3000000
Epoch: 025, Train Loss: 27638.4875868, Train Acc: 0.2777778, Test Acc: 0.3333333
Epoch: 026, Train Loss: 18693.4048055, Train Acc: 0.2462963, Test Acc: 0.2333333
Epoch: 027, Train Loss: 3156.0429968, Train Acc: 0.2759259, Test Acc: 0.3000000
Epoch: 028, Train Loss: 11736.7779116, Train Acc: 0.2722222, Test Acc: 0.2666667
Epoch: 029, Train Loss: 19933.9579965, Train Acc: 0.2740741, Test Acc: 0.2500000
Epoch: 030, Train Loss: 11283.4294205, Train Acc: 0.2777778, Test Acc: 0.2666667
Epoch: 031, Train Loss: 1529.1544714, Train Acc: 0.3000000, Test Acc: 0.2333333
Epoch: 032, Train Loss: 7083.4170880, Train Acc: 0.3203704, Test Acc: 0.2000000
Epoch: 033, Train Loss: 4532.9552359, Train Acc: 0.3333333, Test Acc: 0.2333333
Epoch: 034, Train Loss: 4483.4655798, Train Acc: 0.3592593, Test Acc: 0.2000000
Epoch: 035, Train Loss: 3672.2460326, Train Acc: 0.3666667, Test Acc: 0.2166667
Epoch: 036, Train Loss: 4444.1339329, Train Acc: 0.3777778, Test Acc: 0.2833333
Epoch: 037, Train Loss: 1565.6108435, Train Acc: 0.3907407, Test Acc: 0.2833333
Epoch: 038, Train Loss: 1574.9811198, Train Acc: 0.4111111, Test Acc: 0.3500000
Epoch: 039, Train Loss: 3034.3291043, Train Acc: 0.4018519, Test Acc: 0.3166667
Epoch: 040, Train Loss: 781.1599639, Train Acc: 0.3907407, Test Acc: 0.3166667
Epoch: 041, Train Loss: 605.8540023, Train Acc: 0.4333333, Test Acc: 0.2666667
Epoch: 042, Train Loss: 531.1357169, Train Acc: 0.4314815, Test Acc: 0.3166667
Epoch: 043, Train Loss: 379.9235229, Train Acc: 0.4500000, Test Acc: 0.2666667
Epoch: 044, Train Loss: 265.9794545, Train Acc: 0.4574074, Test Acc: 0.3166667
Epoch: 045, Train Loss: 413.9330789, Train Acc: 0.4759259, Test Acc: 0.2500000
