{'dataset_name': 'PROTEINS', 'basis': 'GSO', 'epsilon': [-0.3, -0.35, -0.4], 'power': [[1, 4], [1, 4], [1, 4]], 'seeds': [0], 'num_folds': 10, 'num_workers': 4, 'hyperparams': {'batch_size': 64, 'epochs': 451, 'learning_rate': 0.001, 'step_size': 30, 'decay_rate': 0.65, 'weight_decay': 0}, 'architecture': {'nonlinear': 'GELU', 'layers': 6, 'hidden': 128, 'pooling': 'S', 'dropout': 0}, 'commit_id': '5550c7a449f3b4116970d9d7caeb5ab686e3e08f', 'time_stamp': '1673106022', 'directory': '../../../../results_spectral_rotation/Try_A100/tu/PROTEINS/board/'}
{'dataset_name': 'PROTEINS', 'basis': 'GSO', 'epsilon': [-0.3, -0.35, -0.4], 'power': [[1, 4], [1, 4], [1, 4]], 'seeds': [0], 'num_folds': 10, 'num_workers': 4, 'hyperparams': {'batch_size': 64, 'epochs': 451, 'learning_rate': 0.001, 'step_size': 30, 'decay_rate': 0.65, 'weight_decay': 0}, 'architecture': {'nonlinear': 'GELU', 'layers': 6, 'hidden': 128, 'pooling': 'S', 'dropout': 0}, 'commit_id': '5550c7a449f3b4116970d9d7caeb5ab686e3e08f', 'time_stamp': 1673106023, 'directory': '../../../../results_spectral_rotation/Try_A100/tu/PROTEINS/board/', 'seed': 0}
Pre-process:   0%|          | 0/1113 [00:00<?, ?it/s]Pre-process:   2%|▏         | 21/1113 [00:00<00:06, 176.95it/s]Pre-process:   7%|▋         | 77/1113 [00:00<00:03, 270.67it/s]Pre-process:  13%|█▎        | 148/1113 [00:00<00:02, 425.96it/s]Pre-process:  19%|█▉        | 209/1113 [00:00<00:01, 486.96it/s]Pre-process:  24%|██▎       | 262/1113 [00:00<00:01, 438.08it/s]Pre-process:  28%|██▊       | 315/1113 [00:00<00:01, 461.74it/s]Pre-process:  36%|███▌      | 396/1113 [00:00<00:01, 561.95it/s]Pre-process:  43%|████▎     | 474/1113 [00:00<00:01, 625.57it/s]Pre-process:  49%|████▉     | 548/1113 [00:01<00:00, 658.38it/s]Pre-process:  56%|█████▌    | 622/1113 [00:01<00:00, 680.46it/s]Pre-process:  63%|██████▎   | 703/1113 [00:01<00:00, 716.78it/s]Pre-process:  71%|███████   | 792/1113 [00:01<00:00, 768.20it/s]Pre-process:  79%|███████▉  | 881/1113 [00:01<00:00, 803.18it/s]Pre-process:  88%|████████▊ | 975/1113 [00:01<00:00, 842.94it/s]Pre-process:  95%|█████████▌| 1062/1113 [00:01<00:00, 849.71it/s]Pre-process: 100%|██████████| 1113/1113 [00:01<00:00, 653.39it/s]
Basis total: 13
train_set : test_set = %d : %d 1001 112
-------- FOLD0 DATASET=PROTEINS, COMMIT_ID=5550c7a449f3b4116970d9d7caeb5ab686e3e08f
#Params: 332546
Epoch: 001, Train Loss: 4.1262167, Train Acc: 0.4305694, Test Acc: 0.4910714
Epoch: 002, Train Loss: 2.1308235, Train Acc: 0.6463536, Test Acc: 0.6607143
Epoch: 003, Train Loss: 3.5007589, Train Acc: 0.6453546, Test Acc: 0.6607143
Epoch: 004, Train Loss: 11.0426055, Train Acc: 0.4025974, Test Acc: 0.4017857
Epoch: 005, Train Loss: 2.2238741, Train Acc: 0.6583417, Test Acc: 0.6160714
Epoch: 006, Train Loss: 1.6545079, Train Acc: 0.6913087, Test Acc: 0.6785714
Epoch: 007, Train Loss: 1.0054445, Train Acc: 0.6613387, Test Acc: 0.5982143
Epoch: 008, Train Loss: 1.0685541, Train Acc: 0.6663337, Test Acc: 0.6607143
Epoch: 009, Train Loss: 0.9867984, Train Acc: 0.6293706, Test Acc: 0.6160714
Epoch: 010, Train Loss: 0.6399609, Train Acc: 0.7172827, Test Acc: 0.6339286
Epoch: 011, Train Loss: 0.8916911, Train Acc: 0.6953047, Test Acc: 0.6339286
Epoch: 012, Train Loss: 0.6042857, Train Acc: 0.7292707, Test Acc: 0.6339286
Epoch: 013, Train Loss: 0.7299808, Train Acc: 0.6893107, Test Acc: 0.6428571
Epoch: 014, Train Loss: 0.6950841, Train Acc: 0.6923077, Test Acc: 0.6517857
Epoch: 015, Train Loss: 0.8815388, Train Acc: 0.6403596, Test Acc: 0.6339286
Epoch: 016, Train Loss: 0.7126753, Train Acc: 0.7412587, Test Acc: 0.6517857
Epoch: 017, Train Loss: 0.5856836, Train Acc: 0.7462537, Test Acc: 0.6964286
Epoch: 018, Train Loss: 1.6312078, Train Acc: 0.4065934, Test Acc: 0.3928571
Epoch: 019, Train Loss: 1.0497240, Train Acc: 0.6783217, Test Acc: 0.6339286
Epoch: 020, Train Loss: 0.9009489, Train Acc: 0.6673327, Test Acc: 0.6607143
Epoch: 021, Train Loss: 1.1327280, Train Acc: 0.6703297, Test Acc: 0.6607143
Epoch: 022, Train Loss: 0.6182718, Train Acc: 0.7082917, Test Acc: 0.5892857
Epoch: 023, Train Loss: 0.8604403, Train Acc: 0.5794206, Test Acc: 0.5357143
Epoch: 024, Train Loss: 0.5739229, Train Acc: 0.7252747, Test Acc: 0.6160714
Epoch: 025, Train Loss: 1.4748282, Train Acc: 0.6223776, Test Acc: 0.6071429
Epoch: 026, Train Loss: 0.6889201, Train Acc: 0.7402597, Test Acc: 0.6875000
Epoch: 027, Train Loss: 0.8326696, Train Acc: 0.6543457, Test Acc: 0.6517857
Epoch: 028, Train Loss: 0.5910695, Train Acc: 0.7102897, Test Acc: 0.6250000
Epoch: 029, Train Loss: 0.6144306, Train Acc: 0.7382617, Test Acc: 0.6517857
Epoch: 030, Train Loss: 0.6124663, Train Acc: 0.7462537, Test Acc: 0.6696429
Epoch: 031, Train Loss: 0.5866392, Train Acc: 0.7492507, Test Acc: 0.6607143
Epoch: 032, Train Loss: 0.8153222, Train Acc: 0.6653347, Test Acc: 0.6517857
Epoch: 033, Train Loss: 0.9643123, Train Acc: 0.6343656, Test Acc: 0.6339286
Epoch: 034, Train Loss: 1.1675897, Train Acc: 0.4825175, Test Acc: 0.4553571
Epoch: 035, Train Loss: 0.5441345, Train Acc: 0.7372627, Test Acc: 0.6160714
Epoch: 036, Train Loss: 0.5280872, Train Acc: 0.7592408, Test Acc: 0.6339286
Epoch: 037, Train Loss: 0.5357582, Train Acc: 0.7362637, Test Acc: 0.6785714
Epoch: 038, Train Loss: 0.5385975, Train Acc: 0.7322677, Test Acc: 0.5803571
Epoch: 039, Train Loss: 0.7480095, Train Acc: 0.6813187, Test Acc: 0.6875000
Epoch: 040, Train Loss: 0.5386879, Train Acc: 0.7532468, Test Acc: 0.6785714
Epoch: 041, Train Loss: 0.6039266, Train Acc: 0.7322677, Test Acc: 0.6875000
Epoch: 042, Train Loss: 0.5965848, Train Acc: 0.7342657, Test Acc: 0.6696429
Epoch: 043, Train Loss: 0.5617160, Train Acc: 0.7432567, Test Acc: 0.6517857
Epoch: 044, Train Loss: 0.5660899, Train Acc: 0.7142857, Test Acc: 0.6339286
Epoch: 045, Train Loss: 0.5235836, Train Acc: 0.7652348, Test Acc: 0.6696429
Epoch: 046, Train Loss: 0.7128590, Train Acc: 0.6043956, Test Acc: 0.5625000
Epoch: 047, Train Loss: 0.6416935, Train Acc: 0.7242757, Test Acc: 0.6964286
Epoch: 048, Train Loss: 0.5295593, Train Acc: 0.7402597, Test Acc: 0.6071429
Epoch: 049, Train Loss: 0.6314299, Train Acc: 0.7172827, Test Acc: 0.6964286
Epoch: 050, Train Loss: 0.7060847, Train Acc: 0.6363636, Test Acc: 0.5535714
Epoch: 051, Train Loss: 0.6448815, Train Acc: 0.7272727, Test Acc: 0.6696429
Epoch: 052, Train Loss: 0.6758333, Train Acc: 0.7022977, Test Acc: 0.6607143
Epoch: 053, Train Loss: 0.6106353, Train Acc: 0.7182817, Test Acc: 0.7053571
Epoch: 054, Train Loss: 0.6101175, Train Acc: 0.6783217, Test Acc: 0.5892857
Epoch: 055, Train Loss: 0.5622723, Train Acc: 0.7272727, Test Acc: 0.6428571
Epoch: 056, Train Loss: 0.5931556, Train Acc: 0.7422577, Test Acc: 0.7053571
Epoch: 057, Train Loss: 0.8988381, Train Acc: 0.6583417, Test Acc: 0.6428571
Epoch: 058, Train Loss: 0.7418623, Train Acc: 0.6253746, Test Acc: 0.6071429
Epoch: 059, Train Loss: 0.6710648, Train Acc: 0.7062937, Test Acc: 0.6696429
Epoch: 060, Train Loss: 0.5228305, Train Acc: 0.7402597, Test Acc: 0.6339286
Epoch: 061, Train Loss: 0.8253656, Train Acc: 0.5684316, Test Acc: 0.5357143
Epoch: 062, Train Loss: 0.5274475, Train Acc: 0.7472527, Test Acc: 0.6517857
Epoch: 063, Train Loss: 0.5233040, Train Acc: 0.7582418, Test Acc: 0.6875000
Epoch: 064, Train Loss: 0.5230114, Train Acc: 0.7422577, Test Acc: 0.6339286
Epoch: 065, Train Loss: 0.5314570, Train Acc: 0.7592408, Test Acc: 0.7053571
Epoch: 066, Train Loss: 0.5310528, Train Acc: 0.7492507, Test Acc: 0.6964286
Epoch: 067, Train Loss: 0.5109495, Train Acc: 0.7592408, Test Acc: 0.6250000
Epoch: 068, Train Loss: 0.5295857, Train Acc: 0.7542458, Test Acc: 0.6964286
Epoch: 069, Train Loss: 0.5310607, Train Acc: 0.7552448, Test Acc: 0.6964286
Epoch: 070, Train Loss: 0.5170886, Train Acc: 0.7422577, Test Acc: 0.6339286
Epoch: 071, Train Loss: 0.5399306, Train Acc: 0.7552448, Test Acc: 0.6517857
Epoch: 072, Train Loss: 0.6237334, Train Acc: 0.6733267, Test Acc: 0.5982143
Epoch: 073, Train Loss: 0.5347012, Train Acc: 0.7452547, Test Acc: 0.7053571
Epoch: 074, Train Loss: 0.5042197, Train Acc: 0.7602398, Test Acc: 0.6785714
Epoch: 075, Train Loss: 0.5008319, Train Acc: 0.7702298, Test Acc: 0.6339286
Epoch: 076, Train Loss: 0.5634721, Train Acc: 0.7432567, Test Acc: 0.6964286
Epoch: 077, Train Loss: 0.5484220, Train Acc: 0.7212787, Test Acc: 0.6071429
Epoch: 078, Train Loss: 0.5271562, Train Acc: 0.7542458, Test Acc: 0.7142857
Epoch: 079, Train Loss: 0.5054643, Train Acc: 0.7712288, Test Acc: 0.6607143
Epoch: 080, Train Loss: 0.5139278, Train Acc: 0.7632368, Test Acc: 0.7053571
Epoch: 081, Train Loss: 0.5246017, Train Acc: 0.7572428, Test Acc: 0.7142857
Epoch: 082, Train Loss: 0.5091774, Train Acc: 0.7582418, Test Acc: 0.6696429
Epoch: 083, Train Loss: 0.4947816, Train Acc: 0.7682318, Test Acc: 0.6696429
Epoch: 084, Train Loss: 0.5024605, Train Acc: 0.7702298, Test Acc: 0.6964286
Epoch: 085, Train Loss: 0.5653344, Train Acc: 0.7452547, Test Acc: 0.7321429
Epoch: 086, Train Loss: 0.6430162, Train Acc: 0.6523477, Test Acc: 0.5535714
Epoch: 087, Train Loss: 0.5223799, Train Acc: 0.7442557, Test Acc: 0.6250000
Epoch: 088, Train Loss: 0.5406121, Train Acc: 0.7332667, Test Acc: 0.6071429
Epoch: 089, Train Loss: 0.5955879, Train Acc: 0.7402597, Test Acc: 0.6964286
Epoch: 090, Train Loss: 0.5581291, Train Acc: 0.7392607, Test Acc: 0.6339286
Epoch: 091, Train Loss: 0.5569661, Train Acc: 0.7552448, Test Acc: 0.7053571
Epoch: 092, Train Loss: 0.5444476, Train Acc: 0.7552448, Test Acc: 0.6964286
Epoch: 093, Train Loss: 0.5008825, Train Acc: 0.7542458, Test Acc: 0.6607143
Epoch: 094, Train Loss: 0.5172663, Train Acc: 0.7632368, Test Acc: 0.6785714
Epoch: 095, Train Loss: 0.5166053, Train Acc: 0.7632368, Test Acc: 0.7053571
Epoch: 096, Train Loss: 0.6292322, Train Acc: 0.7182817, Test Acc: 0.6785714
Epoch: 097, Train Loss: 0.5181932, Train Acc: 0.7672328, Test Acc: 0.7142857
Epoch: 098, Train Loss: 0.5136563, Train Acc: 0.7472527, Test Acc: 0.6339286
Epoch: 099, Train Loss: 0.5031326, Train Acc: 0.7642358, Test Acc: 0.6964286
Epoch: 100, Train Loss: 0.5058854, Train Acc: 0.7622378, Test Acc: 0.7142857
Epoch: 101, Train Loss: 0.5242924, Train Acc: 0.7422577, Test Acc: 0.6250000
Epoch: 102, Train Loss: 0.5369205, Train Acc: 0.7272727, Test Acc: 0.6250000
Epoch: 103, Train Loss: 0.5548327, Train Acc: 0.7162837, Test Acc: 0.6517857
Epoch: 104, Train Loss: 0.6316257, Train Acc: 0.6653347, Test Acc: 0.6160714
Epoch: 105, Train Loss: 0.5041653, Train Acc: 0.7742258, Test Acc: 0.6250000
Epoch: 106, Train Loss: 0.4906368, Train Acc: 0.7702298, Test Acc: 0.6785714
Epoch: 107, Train Loss: 0.5427292, Train Acc: 0.7262737, Test Acc: 0.6428571
Epoch: 108, Train Loss: 0.5212725, Train Acc: 0.7502498, Test Acc: 0.6696429
Epoch: 109, Train Loss: 0.5563088, Train Acc: 0.7152847, Test Acc: 0.6160714
Epoch: 110, Train Loss: 0.5422951, Train Acc: 0.7602398, Test Acc: 0.7142857
Epoch: 111, Train Loss: 0.5330092, Train Acc: 0.7692308, Test Acc: 0.6517857
Epoch: 112, Train Loss: 0.5924314, Train Acc: 0.6973027, Test Acc: 0.6339286
Epoch: 113, Train Loss: 0.5077431, Train Acc: 0.7682318, Test Acc: 0.6696429
Epoch: 114, Train Loss: 0.5402476, Train Acc: 0.7642358, Test Acc: 0.7053571
Epoch: 115, Train Loss: 0.5112669, Train Acc: 0.7732268, Test Acc: 0.6875000
Epoch: 116, Train Loss: 0.4914952, Train Acc: 0.7712288, Test Acc: 0.6964286
Epoch: 117, Train Loss: 0.5145753, Train Acc: 0.7442557, Test Acc: 0.6339286
Epoch: 118, Train Loss: 0.6278235, Train Acc: 0.6803197, Test Acc: 0.5982143
Epoch: 119, Train Loss: 0.4950238, Train Acc: 0.7722278, Test Acc: 0.6428571
Epoch: 120, Train Loss: 0.5574763, Train Acc: 0.7172827, Test Acc: 0.6250000
Epoch: 121, Train Loss: 0.4917492, Train Acc: 0.7652348, Test Acc: 0.6250000
Epoch: 122, Train Loss: 0.5675990, Train Acc: 0.7042957, Test Acc: 0.6160714
Epoch: 123, Train Loss: 0.4972336, Train Acc: 0.7742258, Test Acc: 0.6964286
Epoch: 124, Train Loss: 0.6303491, Train Acc: 0.7332667, Test Acc: 0.7053571
Epoch: 125, Train Loss: 0.5025451, Train Acc: 0.7582418, Test Acc: 0.6250000
Epoch: 126, Train Loss: 0.5217634, Train Acc: 0.7632368, Test Acc: 0.6964286
Epoch: 127, Train Loss: 0.5334568, Train Acc: 0.7292707, Test Acc: 0.6339286
Epoch: 128, Train Loss: 0.4893829, Train Acc: 0.7852148, Test Acc: 0.6517857
Epoch: 129, Train Loss: 0.4856115, Train Acc: 0.7752248, Test Acc: 0.6785714
Epoch: 130, Train Loss: 0.4975084, Train Acc: 0.7652348, Test Acc: 0.6339286
Epoch: 131, Train Loss: 0.5791533, Train Acc: 0.7502498, Test Acc: 0.7410714
Epoch: 132, Train Loss: 0.5165782, Train Acc: 0.7632368, Test Acc: 0.7232143
Epoch: 133, Train Loss: 0.5590338, Train Acc: 0.7172827, Test Acc: 0.6160714
Epoch: 134, Train Loss: 0.4949252, Train Acc: 0.7702298, Test Acc: 0.7232143
Epoch: 135, Train Loss: 0.5000323, Train Acc: 0.7712288, Test Acc: 0.7232143
Epoch: 136, Train Loss: 0.4866703, Train Acc: 0.7802198, Test Acc: 0.6785714
Epoch: 137, Train Loss: 0.5013715, Train Acc: 0.7522478, Test Acc: 0.6250000
Epoch: 138, Train Loss: 0.4851064, Train Acc: 0.7782218, Test Acc: 0.6428571
Epoch: 139, Train Loss: 0.5166291, Train Acc: 0.7582418, Test Acc: 0.7053571
Epoch: 140, Train Loss: 0.4787247, Train Acc: 0.7812188, Test Acc: 0.6607143
Epoch: 141, Train Loss: 0.4867676, Train Acc: 0.7792208, Test Acc: 0.6875000
Epoch: 142, Train Loss: 0.4823296, Train Acc: 0.7812188, Test Acc: 0.6250000
Epoch: 143, Train Loss: 0.4957854, Train Acc: 0.7682318, Test Acc: 0.6875000
Epoch: 144, Train Loss: 0.4895933, Train Acc: 0.7752248, Test Acc: 0.7053571
Epoch: 145, Train Loss: 0.4947520, Train Acc: 0.7592408, Test Acc: 0.6517857
Epoch: 146, Train Loss: 0.4821726, Train Acc: 0.7832168, Test Acc: 0.6875000
Epoch: 147, Train Loss: 0.5133001, Train Acc: 0.7732268, Test Acc: 0.7142857
Epoch: 148, Train Loss: 0.5229517, Train Acc: 0.7562438, Test Acc: 0.7142857
Epoch: 149, Train Loss: 0.5274171, Train Acc: 0.7292707, Test Acc: 0.6428571
Epoch: 150, Train Loss: 0.4962424, Train Acc: 0.7682318, Test Acc: 0.6964286
Epoch: 151, Train Loss: 0.4832979, Train Acc: 0.7832168, Test Acc: 0.6875000
Epoch: 152, Train Loss: 0.4854177, Train Acc: 0.7762238, Test Acc: 0.6875000
Epoch: 153, Train Loss: 0.5534614, Train Acc: 0.7142857, Test Acc: 0.6339286
Epoch: 154, Train Loss: 0.4739231, Train Acc: 0.7882118, Test Acc: 0.6785714
Epoch: 155, Train Loss: 0.5050547, Train Acc: 0.7532468, Test Acc: 0.6250000
Epoch: 156, Train Loss: 0.4766915, Train Acc: 0.7862138, Test Acc: 0.6428571
Epoch: 157, Train Loss: 0.4745930, Train Acc: 0.7832168, Test Acc: 0.6785714
Epoch: 158, Train Loss: 0.5387173, Train Acc: 0.7182817, Test Acc: 0.6428571
Epoch: 159, Train Loss: 0.5152324, Train Acc: 0.7672328, Test Acc: 0.7142857
Epoch: 160, Train Loss: 0.4747754, Train Acc: 0.7882118, Test Acc: 0.6607143
Epoch: 161, Train Loss: 0.4729409, Train Acc: 0.7902098, Test Acc: 0.6607143
Epoch: 162, Train Loss: 0.4752152, Train Acc: 0.7802198, Test Acc: 0.6785714
Epoch: 163, Train Loss: 0.4816392, Train Acc: 0.7742258, Test Acc: 0.6785714
Epoch: 164, Train Loss: 0.4879811, Train Acc: 0.7722278, Test Acc: 0.6517857
Epoch: 165, Train Loss: 0.4775443, Train Acc: 0.7772228, Test Acc: 0.6875000
Epoch: 166, Train Loss: 0.4831433, Train Acc: 0.7852148, Test Acc: 0.7142857
Epoch: 167, Train Loss: 0.4786711, Train Acc: 0.7812188, Test Acc: 0.6517857
Epoch: 168, Train Loss: 0.6031989, Train Acc: 0.7462537, Test Acc: 0.7232143
Epoch: 169, Train Loss: 0.4797804, Train Acc: 0.7812188, Test Acc: 0.6607143
Epoch: 170, Train Loss: 0.4920293, Train Acc: 0.7792208, Test Acc: 0.6696429
Epoch: 171, Train Loss: 0.5070860, Train Acc: 0.7632368, Test Acc: 0.7232143
Epoch: 172, Train Loss: 0.4718635, Train Acc: 0.7822178, Test Acc: 0.6785714
Epoch: 173, Train Loss: 0.4946821, Train Acc: 0.7662338, Test Acc: 0.6428571
Epoch: 174, Train Loss: 0.5070841, Train Acc: 0.7662338, Test Acc: 0.7410714
Epoch: 175, Train Loss: 0.5455734, Train Acc: 0.7152847, Test Acc: 0.6071429
Epoch: 176, Train Loss: 0.5293817, Train Acc: 0.7602398, Test Acc: 0.6964286
Epoch: 177, Train Loss: 0.4852053, Train Acc: 0.7742258, Test Acc: 0.6696429
Epoch: 178, Train Loss: 0.4760538, Train Acc: 0.7892108, Test Acc: 0.6428571
Epoch: 179, Train Loss: 0.5441343, Train Acc: 0.7672328, Test Acc: 0.6875000
Epoch: 180, Train Loss: 0.6235962, Train Acc: 0.6683317, Test Acc: 0.5714286
Epoch: 181, Train Loss: 0.4784647, Train Acc: 0.7822178, Test Acc: 0.6517857
Epoch: 182, Train Loss: 0.4784840, Train Acc: 0.7922078, Test Acc: 0.6785714
Epoch: 183, Train Loss: 0.4831303, Train Acc: 0.7692308, Test Acc: 0.6428571
Epoch: 184, Train Loss: 0.4715184, Train Acc: 0.7952048, Test Acc: 0.6607143
Epoch: 185, Train Loss: 0.4721102, Train Acc: 0.7932068, Test Acc: 0.6875000
Epoch: 186, Train Loss: 0.4983600, Train Acc: 0.7722278, Test Acc: 0.7410714
Epoch: 187, Train Loss: 0.4747668, Train Acc: 0.7872128, Test Acc: 0.6250000
Epoch: 188, Train Loss: 0.5134285, Train Acc: 0.7432567, Test Acc: 0.6250000
Epoch: 189, Train Loss: 0.4752420, Train Acc: 0.7822178, Test Acc: 0.6517857
Epoch: 190, Train Loss: 0.4795922, Train Acc: 0.7792208, Test Acc: 0.6964286
Epoch: 191, Train Loss: 0.4698575, Train Acc: 0.7952048, Test Acc: 0.6607143
Epoch: 192, Train Loss: 0.4911884, Train Acc: 0.7652348, Test Acc: 0.6428571
Epoch: 193, Train Loss: 0.4903795, Train Acc: 0.7822178, Test Acc: 0.7053571
Epoch: 194, Train Loss: 0.4885048, Train Acc: 0.7762238, Test Acc: 0.7321429
Epoch: 195, Train Loss: 0.5084984, Train Acc: 0.7452547, Test Acc: 0.6250000
Epoch: 196, Train Loss: 0.5210315, Train Acc: 0.7682318, Test Acc: 0.7321429
Epoch: 197, Train Loss: 0.5305780, Train Acc: 0.7632368, Test Acc: 0.7053571
Epoch: 198, Train Loss: 0.4835895, Train Acc: 0.7772228, Test Acc: 0.6339286
Epoch: 199, Train Loss: 0.4731472, Train Acc: 0.7842158, Test Acc: 0.6428571
Epoch: 200, Train Loss: 0.4727219, Train Acc: 0.7802198, Test Acc: 0.6785714
Epoch: 201, Train Loss: 0.4890226, Train Acc: 0.7752248, Test Acc: 0.6428571
Epoch: 202, Train Loss: 0.4825599, Train Acc: 0.7832168, Test Acc: 0.7053571
Epoch: 203, Train Loss: 0.4731416, Train Acc: 0.7912088, Test Acc: 0.6607143
Epoch: 204, Train Loss: 0.4742737, Train Acc: 0.7902098, Test Acc: 0.6696429
Epoch: 205, Train Loss: 0.4741993, Train Acc: 0.7882118, Test Acc: 0.6785714
Epoch: 206, Train Loss: 0.4816861, Train Acc: 0.7822178, Test Acc: 0.6785714
Epoch: 207, Train Loss: 0.4982102, Train Acc: 0.7772228, Test Acc: 0.7410714
Epoch: 208, Train Loss: 0.5054835, Train Acc: 0.7472527, Test Acc: 0.6339286
Epoch: 209, Train Loss: 0.4790068, Train Acc: 0.7842158, Test Acc: 0.6875000
Epoch: 210, Train Loss: 0.4681407, Train Acc: 0.7962038, Test Acc: 0.6607143
Epoch: 211, Train Loss: 0.4766452, Train Acc: 0.7832168, Test Acc: 0.6964286
Epoch: 212, Train Loss: 0.4640012, Train Acc: 0.7952048, Test Acc: 0.6696429
Epoch: 213, Train Loss: 0.4637390, Train Acc: 0.7982018, Test Acc: 0.6785714
Epoch: 214, Train Loss: 0.4674906, Train Acc: 0.7922078, Test Acc: 0.6875000
Epoch: 215, Train Loss: 0.4631201, Train Acc: 0.7972028, Test Acc: 0.6785714
Epoch: 216, Train Loss: 0.4631671, Train Acc: 0.7982018, Test Acc: 0.6785714
Epoch: 217, Train Loss: 0.4671768, Train Acc: 0.7902098, Test Acc: 0.6875000
Epoch: 218, Train Loss: 0.4937352, Train Acc: 0.7752248, Test Acc: 0.7321429
Epoch: 219, Train Loss: 0.4647011, Train Acc: 0.7932068, Test Acc: 0.6785714
Epoch: 220, Train Loss: 0.4624082, Train Acc: 0.7952048, Test Acc: 0.6696429
Epoch: 221, Train Loss: 0.4873273, Train Acc: 0.7792208, Test Acc: 0.7410714
Epoch: 222, Train Loss: 0.4650909, Train Acc: 0.7952048, Test Acc: 0.6785714
Epoch: 223, Train Loss: 0.4671948, Train Acc: 0.7972028, Test Acc: 0.6517857
Epoch: 224, Train Loss: 0.4668519, Train Acc: 0.7922078, Test Acc: 0.6517857
Epoch: 225, Train Loss: 0.4812998, Train Acc: 0.7832168, Test Acc: 0.6428571
Epoch: 226, Train Loss: 0.4759709, Train Acc: 0.7782218, Test Acc: 0.6517857
Epoch: 227, Train Loss: 0.5158735, Train Acc: 0.7422577, Test Acc: 0.6428571
Epoch: 228, Train Loss: 0.4610816, Train Acc: 0.7962038, Test Acc: 0.6696429
Epoch: 229, Train Loss: 0.4952884, Train Acc: 0.7762238, Test Acc: 0.7410714
Epoch: 230, Train Loss: 0.4693157, Train Acc: 0.7912088, Test Acc: 0.6339286
Epoch: 231, Train Loss: 0.4660537, Train Acc: 0.7942058, Test Acc: 0.6607143
Epoch: 232, Train Loss: 0.4685091, Train Acc: 0.7872128, Test Acc: 0.6964286
Epoch: 233, Train Loss: 0.4634064, Train Acc: 0.7962038, Test Acc: 0.6875000
Epoch: 234, Train Loss: 0.4635379, Train Acc: 0.7982018, Test Acc: 0.6607143
Epoch: 235, Train Loss: 0.4637948, Train Acc: 0.7952048, Test Acc: 0.6785714
Epoch: 236, Train Loss: 0.4598399, Train Acc: 0.8001998, Test Acc: 0.6785714
Epoch: 237, Train Loss: 0.4595635, Train Acc: 0.8041958, Test Acc: 0.6785714
Epoch: 238, Train Loss: 0.4738352, Train Acc: 0.7832168, Test Acc: 0.7232143
Epoch: 239, Train Loss: 0.4973578, Train Acc: 0.7792208, Test Acc: 0.7321429
Epoch: 240, Train Loss: 0.4860473, Train Acc: 0.7822178, Test Acc: 0.7410714
Epoch: 241, Train Loss: 0.4874743, Train Acc: 0.7732268, Test Acc: 0.7410714
Epoch: 242, Train Loss: 0.4625294, Train Acc: 0.7972028, Test Acc: 0.6785714
Epoch: 243, Train Loss: 0.4591977, Train Acc: 0.7982018, Test Acc: 0.6785714
Epoch: 244, Train Loss: 0.4771447, Train Acc: 0.7782218, Test Acc: 0.7321429
Epoch: 245, Train Loss: 0.5344465, Train Acc: 0.7642358, Test Acc: 0.7232143
Epoch: 246, Train Loss: 0.4739820, Train Acc: 0.7822178, Test Acc: 0.7232143
Epoch: 247, Train Loss: 0.4607693, Train Acc: 0.7962038, Test Acc: 0.6696429
Epoch: 248, Train Loss: 0.4588665, Train Acc: 0.7982018, Test Acc: 0.6696429
Epoch: 249, Train Loss: 0.4655608, Train Acc: 0.7912088, Test Acc: 0.6964286
Epoch: 250, Train Loss: 0.4583822, Train Acc: 0.8001998, Test Acc: 0.6696429
Epoch: 251, Train Loss: 0.4632415, Train Acc: 0.8001998, Test Acc: 0.6607143
Epoch: 252, Train Loss: 0.4870330, Train Acc: 0.7772228, Test Acc: 0.6428571
Epoch: 253, Train Loss: 0.4627670, Train Acc: 0.7952048, Test Acc: 0.6785714
Epoch: 254, Train Loss: 0.4696431, Train Acc: 0.7862138, Test Acc: 0.6875000
Epoch: 255, Train Loss: 0.4713787, Train Acc: 0.7882118, Test Acc: 0.6428571
Epoch: 256, Train Loss: 0.4622630, Train Acc: 0.7962038, Test Acc: 0.6875000
Epoch: 257, Train Loss: 0.4628899, Train Acc: 0.7932068, Test Acc: 0.6964286
Epoch: 258, Train Loss: 0.4646462, Train Acc: 0.7882118, Test Acc: 0.6964286
Epoch: 259, Train Loss: 0.4587150, Train Acc: 0.8011988, Test Acc: 0.6875000
Epoch: 260, Train Loss: 0.4587716, Train Acc: 0.8021978, Test Acc: 0.6875000
Epoch: 261, Train Loss: 0.4597014, Train Acc: 0.8041958, Test Acc: 0.6964286
Epoch: 262, Train Loss: 0.4626789, Train Acc: 0.7942058, Test Acc: 0.6875000
Epoch: 263, Train Loss: 0.4662295, Train Acc: 0.7872128, Test Acc: 0.6964286
Epoch: 264, Train Loss: 0.4595245, Train Acc: 0.8021978, Test Acc: 0.6875000
Epoch: 265, Train Loss: 0.4576652, Train Acc: 0.8031968, Test Acc: 0.6785714
Epoch: 266, Train Loss: 0.4608167, Train Acc: 0.7982018, Test Acc: 0.6696429
Epoch: 267, Train Loss: 0.4581906, Train Acc: 0.8021978, Test Acc: 0.6696429
Epoch: 268, Train Loss: 0.4677963, Train Acc: 0.7872128, Test Acc: 0.6875000
Epoch: 269, Train Loss: 0.4571977, Train Acc: 0.8051948, Test Acc: 0.6785714
Epoch: 270, Train Loss: 0.4563290, Train Acc: 0.8041958, Test Acc: 0.6785714
Epoch: 271, Train Loss: 0.4561695, Train Acc: 0.8061938, Test Acc: 0.6785714
Epoch: 272, Train Loss: 0.4618052, Train Acc: 0.7982018, Test Acc: 0.6875000
Epoch: 273, Train Loss: 0.4600083, Train Acc: 0.8001998, Test Acc: 0.6785714
Epoch: 274, Train Loss: 0.4789019, Train Acc: 0.7772228, Test Acc: 0.6607143
Epoch: 275, Train Loss: 0.4718412, Train Acc: 0.7862138, Test Acc: 0.6428571
Epoch: 276, Train Loss: 0.4562538, Train Acc: 0.7952048, Test Acc: 0.6696429
Epoch: 277, Train Loss: 0.4812921, Train Acc: 0.7842158, Test Acc: 0.7321429
Epoch: 278, Train Loss: 0.4599315, Train Acc: 0.8001998, Test Acc: 0.6607143
Epoch: 279, Train Loss: 0.4660735, Train Acc: 0.7882118, Test Acc: 0.7142857
Epoch: 280, Train Loss: 0.4660075, Train Acc: 0.7892108, Test Acc: 0.6964286
Epoch: 281, Train Loss: 0.4646243, Train Acc: 0.7902098, Test Acc: 0.6964286
Epoch: 282, Train Loss: 0.4562552, Train Acc: 0.8031968, Test Acc: 0.6875000
Epoch: 283, Train Loss: 0.4569673, Train Acc: 0.7992008, Test Acc: 0.6696429
Epoch: 284, Train Loss: 0.4553156, Train Acc: 0.7992008, Test Acc: 0.6785714
Epoch: 285, Train Loss: 0.4559106, Train Acc: 0.8041958, Test Acc: 0.6964286
Epoch: 286, Train Loss: 0.4567128, Train Acc: 0.8041958, Test Acc: 0.6875000
Epoch: 287, Train Loss: 0.4726028, Train Acc: 0.7852148, Test Acc: 0.6517857
Epoch: 288, Train Loss: 0.4550743, Train Acc: 0.8021978, Test Acc: 0.6785714
Epoch: 289, Train Loss: 0.4693451, Train Acc: 0.7842158, Test Acc: 0.7142857
Epoch: 290, Train Loss: 0.4564722, Train Acc: 0.8001998, Test Acc: 0.7053571
Epoch: 291, Train Loss: 0.4803984, Train Acc: 0.7802198, Test Acc: 0.7410714
Epoch: 292, Train Loss: 0.4743321, Train Acc: 0.7862138, Test Acc: 0.7321429
