{'dataset_name': 'PROTEINS', 'basis': 'GSO', 'epsilon': [-0.3, -0.35, -0.4], 'power': [[1, 1], [1, 1], [1, 1]], 'seeds': [0], 'num_folds': 10, 'num_workers': 4, 'hyperparams': {'batch_size': 64, 'epochs': 151, 'learning_rate': 0.001, 'step_size': 30, 'decay_rate': 0.65, 'weight_decay': 0}, 'architecture': {'nonlinear': 'GELU', 'layers': 6, 'hidden': 128, 'pooling': 'X', 'dropout': 0}, 'commit_id': '5550c7a449f3b4116970d9d7caeb5ab686e3e08f', 'time_stamp': '1673105666', 'directory': '../../../../results_spectral_rotation/Try_A100/tu/PROTEINS/board/'}
{'dataset_name': 'PROTEINS', 'basis': 'GSO', 'epsilon': [-0.3, -0.35, -0.4], 'power': [[1, 1], [1, 1], [1, 1]], 'seeds': [0], 'num_folds': 10, 'num_workers': 4, 'hyperparams': {'batch_size': 64, 'epochs': 151, 'learning_rate': 0.001, 'step_size': 30, 'decay_rate': 0.65, 'weight_decay': 0}, 'architecture': {'nonlinear': 'GELU', 'layers': 6, 'hidden': 128, 'pooling': 'X', 'dropout': 0}, 'commit_id': '5550c7a449f3b4116970d9d7caeb5ab686e3e08f', 'time_stamp': 1673105667, 'directory': '../../../../results_spectral_rotation/Try_A100/tu/PROTEINS/board/', 'seed': 0}
Pre-process:   0%|          | 0/1113 [00:00<?, ?it/s]Pre-process:   5%|▌         | 60/1113 [00:00<00:01, 598.63it/s]Pre-process:  11%|█         | 120/1113 [00:00<00:01, 591.78it/s]Pre-process:  18%|█▊        | 204/1113 [00:00<00:01, 703.67it/s]Pre-process:  25%|██▍       | 275/1113 [00:00<00:01, 694.64it/s]Pre-process:  32%|███▏      | 358/1113 [00:00<00:01, 741.99it/s]Pre-process:  41%|████      | 454/1113 [00:00<00:00, 814.63it/s]Pre-process:  49%|████▉     | 546/1113 [00:00<00:00, 846.93it/s]Pre-process:  57%|█████▋    | 638/1113 [00:00<00:00, 869.54it/s]Pre-process:  66%|██████▌   | 735/1113 [00:00<00:00, 900.00it/s]Pre-process:  75%|███████▌  | 835/1113 [00:01<00:00, 928.41it/s]Pre-process:  83%|████████▎ | 929/1113 [00:01<00:00, 930.40it/s]Pre-process:  92%|█████████▏| 1029/1113 [00:01<00:00, 951.39it/s]Pre-process: 100%|██████████| 1113/1113 [00:01<00:00, 861.78it/s]
Basis total: 4
train_set : test_set = %d : %d 1001 112
-------- FOLD0 DATASET=PROTEINS, COMMIT_ID=5550c7a449f3b4116970d9d7caeb5ab686e3e08f
#Params: 334978
Epoch: 001, Train Loss: 0.6868843, Train Acc: 0.6593407, Test Acc: 0.6428571
Epoch: 002, Train Loss: 0.6423985, Train Acc: 0.6943057, Test Acc: 0.6428571
Epoch: 003, Train Loss: 0.6154901, Train Acc: 0.7182817, Test Acc: 0.6339286
Epoch: 004, Train Loss: 0.6336407, Train Acc: 0.6893107, Test Acc: 0.6517857
Epoch: 005, Train Loss: 0.5674309, Train Acc: 0.7322677, Test Acc: 0.6517857
Epoch: 006, Train Loss: 0.6481894, Train Acc: 0.6853147, Test Acc: 0.6428571
Epoch: 007, Train Loss: 0.5801863, Train Acc: 0.7312687, Test Acc: 0.6517857
Epoch: 008, Train Loss: 0.5949371, Train Acc: 0.6923077, Test Acc: 0.6696429
Epoch: 009, Train Loss: 0.5623468, Train Acc: 0.7362637, Test Acc: 0.6696429
Epoch: 010, Train Loss: 0.5448172, Train Acc: 0.7342657, Test Acc: 0.6696429
Epoch: 011, Train Loss: 0.5696292, Train Acc: 0.7382617, Test Acc: 0.6785714
Epoch: 012, Train Loss: 0.6697975, Train Acc: 0.6063936, Test Acc: 0.5892857
Epoch: 013, Train Loss: 0.6227356, Train Acc: 0.7022977, Test Acc: 0.6696429
Epoch: 014, Train Loss: 0.5318685, Train Acc: 0.7402597, Test Acc: 0.7053571
Epoch: 015, Train Loss: 0.5809073, Train Acc: 0.7352647, Test Acc: 0.7053571
Epoch: 016, Train Loss: 0.5827144, Train Acc: 0.7372627, Test Acc: 0.6785714
Epoch: 017, Train Loss: 0.5226244, Train Acc: 0.7392607, Test Acc: 0.7053571
Epoch: 018, Train Loss: 0.5810400, Train Acc: 0.7332667, Test Acc: 0.6696429
Epoch: 019, Train Loss: 0.5665599, Train Acc: 0.7252747, Test Acc: 0.6607143
Epoch: 020, Train Loss: 0.6292797, Train Acc: 0.7142857, Test Acc: 0.6785714
Epoch: 021, Train Loss: 0.5633841, Train Acc: 0.7302697, Test Acc: 0.6607143
Epoch: 022, Train Loss: 0.6044020, Train Acc: 0.7122877, Test Acc: 0.6964286
Epoch: 023, Train Loss: 0.5509073, Train Acc: 0.7402597, Test Acc: 0.6785714
Epoch: 024, Train Loss: 0.5269246, Train Acc: 0.7462537, Test Acc: 0.7053571
Epoch: 025, Train Loss: 0.6725752, Train Acc: 0.7132867, Test Acc: 0.6696429
Epoch: 026, Train Loss: 0.5373551, Train Acc: 0.7492507, Test Acc: 0.7142857
Epoch: 027, Train Loss: 0.5176149, Train Acc: 0.7392607, Test Acc: 0.6964286
Epoch: 028, Train Loss: 0.5615676, Train Acc: 0.7432567, Test Acc: 0.7053571
Epoch: 029, Train Loss: 0.5585293, Train Acc: 0.7462537, Test Acc: 0.7142857
Epoch: 030, Train Loss: 0.5439694, Train Acc: 0.7422577, Test Acc: 0.6964286
Epoch: 031, Train Loss: 0.5406382, Train Acc: 0.7392607, Test Acc: 0.7232143
Epoch: 032, Train Loss: 0.5294299, Train Acc: 0.7392607, Test Acc: 0.6964286
Epoch: 033, Train Loss: 0.5198807, Train Acc: 0.7442557, Test Acc: 0.6964286
Epoch: 034, Train Loss: 0.5271644, Train Acc: 0.7392607, Test Acc: 0.6875000
Epoch: 035, Train Loss: 0.5135258, Train Acc: 0.7512488, Test Acc: 0.7232143
Epoch: 036, Train Loss: 0.5570633, Train Acc: 0.7182817, Test Acc: 0.6607143
Epoch: 037, Train Loss: 0.5184638, Train Acc: 0.7522478, Test Acc: 0.7410714
Epoch: 038, Train Loss: 0.5191577, Train Acc: 0.7402597, Test Acc: 0.6875000
Epoch: 039, Train Loss: 0.5253323, Train Acc: 0.7482517, Test Acc: 0.7232143
Epoch: 040, Train Loss: 0.5395849, Train Acc: 0.7472527, Test Acc: 0.7053571
Epoch: 041, Train Loss: 0.5005655, Train Acc: 0.7492507, Test Acc: 0.6964286
Epoch: 042, Train Loss: 0.5029939, Train Acc: 0.7382617, Test Acc: 0.6875000
Epoch: 043, Train Loss: 0.5115242, Train Acc: 0.7542458, Test Acc: 0.7321429
Epoch: 044, Train Loss: 0.4947770, Train Acc: 0.7512488, Test Acc: 0.6964286
Epoch: 045, Train Loss: 0.4986941, Train Acc: 0.7682318, Test Acc: 0.7767857
Epoch: 046, Train Loss: 0.4888210, Train Acc: 0.7522478, Test Acc: 0.7232143
Epoch: 047, Train Loss: 0.5154466, Train Acc: 0.7342657, Test Acc: 0.7232143
Epoch: 048, Train Loss: 0.5093339, Train Acc: 0.7552448, Test Acc: 0.7321429
Epoch: 049, Train Loss: 0.5648933, Train Acc: 0.7292707, Test Acc: 0.6964286
Epoch: 050, Train Loss: 0.5026207, Train Acc: 0.7472527, Test Acc: 0.7500000
Epoch: 051, Train Loss: 0.4995686, Train Acc: 0.7502498, Test Acc: 0.7142857
Epoch: 052, Train Loss: 0.4965351, Train Acc: 0.7582418, Test Acc: 0.7232143
Epoch: 053, Train Loss: 0.5387454, Train Acc: 0.7542458, Test Acc: 0.7053571
Epoch: 054, Train Loss: 0.4960307, Train Acc: 0.7542458, Test Acc: 0.6875000
Epoch: 055, Train Loss: 0.4940237, Train Acc: 0.7612388, Test Acc: 0.7410714
Epoch: 056, Train Loss: 0.5258537, Train Acc: 0.7502498, Test Acc: 0.6607143
Epoch: 057, Train Loss: 0.4873800, Train Acc: 0.7562438, Test Acc: 0.7321429
Epoch: 058, Train Loss: 0.5555053, Train Acc: 0.7232767, Test Acc: 0.6964286
Epoch: 059, Train Loss: 0.5140183, Train Acc: 0.7482517, Test Acc: 0.7232143
Epoch: 060, Train Loss: 0.5010505, Train Acc: 0.7662338, Test Acc: 0.6964286
Epoch: 061, Train Loss: 0.5100883, Train Acc: 0.7482517, Test Acc: 0.7142857
Epoch: 062, Train Loss: 0.5202288, Train Acc: 0.7442557, Test Acc: 0.7053571
Epoch: 063, Train Loss: 0.5459371, Train Acc: 0.7362637, Test Acc: 0.7053571
Epoch: 064, Train Loss: 0.4923926, Train Acc: 0.7602398, Test Acc: 0.7500000
Epoch: 065, Train Loss: 0.5112686, Train Acc: 0.7512488, Test Acc: 0.7232143
Epoch: 066, Train Loss: 0.5140165, Train Acc: 0.7382617, Test Acc: 0.7053571
Epoch: 067, Train Loss: 0.4898597, Train Acc: 0.7542458, Test Acc: 0.7053571
Epoch: 068, Train Loss: 0.4930131, Train Acc: 0.7532468, Test Acc: 0.7410714
Epoch: 069, Train Loss: 0.4671778, Train Acc: 0.7762238, Test Acc: 0.7500000
Epoch: 070, Train Loss: 0.4821817, Train Acc: 0.7692308, Test Acc: 0.7678571
Epoch: 071, Train Loss: 0.4814420, Train Acc: 0.7692308, Test Acc: 0.7410714
Epoch: 072, Train Loss: 0.5286557, Train Acc: 0.7362637, Test Acc: 0.6964286
Epoch: 073, Train Loss: 0.4790497, Train Acc: 0.7692308, Test Acc: 0.7321429
Epoch: 074, Train Loss: 0.4593430, Train Acc: 0.7842158, Test Acc: 0.7410714
Epoch: 075, Train Loss: 0.5196672, Train Acc: 0.7452547, Test Acc: 0.7232143
Epoch: 076, Train Loss: 0.4670726, Train Acc: 0.7822178, Test Acc: 0.7767857
Epoch: 077, Train Loss: 0.4955113, Train Acc: 0.7652348, Test Acc: 0.7321429
Epoch: 078, Train Loss: 0.4757338, Train Acc: 0.7722278, Test Acc: 0.7678571
Epoch: 079, Train Loss: 0.4900750, Train Acc: 0.7662338, Test Acc: 0.7410714
Epoch: 080, Train Loss: 0.4739886, Train Acc: 0.7702298, Test Acc: 0.7500000
Epoch: 081, Train Loss: 0.4829354, Train Acc: 0.7662338, Test Acc: 0.7410714
Epoch: 082, Train Loss: 0.4770067, Train Acc: 0.7692308, Test Acc: 0.7500000
Epoch: 083, Train Loss: 0.4970616, Train Acc: 0.7482517, Test Acc: 0.7142857
Epoch: 084, Train Loss: 0.4777756, Train Acc: 0.7692308, Test Acc: 0.7142857
Epoch: 085, Train Loss: 0.4721653, Train Acc: 0.7712288, Test Acc: 0.7678571
Epoch: 086, Train Loss: 0.4619302, Train Acc: 0.7842158, Test Acc: 0.7589286
Epoch: 087, Train Loss: 0.5323756, Train Acc: 0.7492507, Test Acc: 0.7232143
Epoch: 088, Train Loss: 0.4900668, Train Acc: 0.7602398, Test Acc: 0.7321429
Epoch: 089, Train Loss: 0.5797438, Train Acc: 0.7382617, Test Acc: 0.7053571
Epoch: 090, Train Loss: 0.4428039, Train Acc: 0.7782218, Test Acc: 0.7410714
Epoch: 091, Train Loss: 0.4441276, Train Acc: 0.7942058, Test Acc: 0.7500000
Epoch: 092, Train Loss: 0.4061656, Train Acc: 0.8061938, Test Acc: 0.7500000
Epoch: 093, Train Loss: 0.4717770, Train Acc: 0.7792208, Test Acc: 0.7232143
Epoch: 094, Train Loss: 0.4637002, Train Acc: 0.7782218, Test Acc: 0.7410714
Epoch: 095, Train Loss: 0.5020140, Train Acc: 0.7582418, Test Acc: 0.7321429
Epoch: 096, Train Loss: 0.4723515, Train Acc: 0.7902098, Test Acc: 0.7232143
Epoch: 097, Train Loss: 0.4233102, Train Acc: 0.7962038, Test Acc: 0.7589286
Epoch: 098, Train Loss: 0.5380515, Train Acc: 0.7642358, Test Acc: 0.7142857
Epoch: 099, Train Loss: 0.7211393, Train Acc: 0.7092907, Test Acc: 0.6607143
Epoch: 100, Train Loss: 0.5212906, Train Acc: 0.7592408, Test Acc: 0.6875000
Epoch: 101, Train Loss: 0.4910164, Train Acc: 0.7752248, Test Acc: 0.7500000
Epoch: 102, Train Loss: 0.4949416, Train Acc: 0.7652348, Test Acc: 0.7142857
Epoch: 103, Train Loss: 0.4914239, Train Acc: 0.7802198, Test Acc: 0.7232143
Epoch: 104, Train Loss: 0.5121404, Train Acc: 0.7522478, Test Acc: 0.7142857
Epoch: 105, Train Loss: 0.4690867, Train Acc: 0.7842158, Test Acc: 0.7321429
Epoch: 106, Train Loss: 0.4493525, Train Acc: 0.7852148, Test Acc: 0.7321429
Epoch: 107, Train Loss: 0.4469675, Train Acc: 0.7972028, Test Acc: 0.7321429
Epoch: 108, Train Loss: 0.4588297, Train Acc: 0.7802198, Test Acc: 0.7321429
Epoch: 109, Train Loss: 0.4828405, Train Acc: 0.7832168, Test Acc: 0.7053571
Epoch: 110, Train Loss: 0.4406153, Train Acc: 0.7942058, Test Acc: 0.7321429
Epoch: 111, Train Loss: 0.5005239, Train Acc: 0.7672328, Test Acc: 0.7410714
Epoch: 112, Train Loss: 0.5115460, Train Acc: 0.7672328, Test Acc: 0.7321429
Epoch: 113, Train Loss: 0.5332836, Train Acc: 0.7752248, Test Acc: 0.7232143
Epoch: 114, Train Loss: 0.4425754, Train Acc: 0.7962038, Test Acc: 0.7321429
Epoch: 115, Train Loss: 0.5121382, Train Acc: 0.7532468, Test Acc: 0.7232143
Epoch: 116, Train Loss: 0.4340435, Train Acc: 0.8001998, Test Acc: 0.7410714
Epoch: 117, Train Loss: 0.5625440, Train Acc: 0.7712288, Test Acc: 0.7142857
Epoch: 118, Train Loss: 0.5934067, Train Acc: 0.7452547, Test Acc: 0.6785714
Epoch: 119, Train Loss: 0.4208004, Train Acc: 0.8091908, Test Acc: 0.7500000
Epoch: 120, Train Loss: 0.4621941, Train Acc: 0.8081918, Test Acc: 0.7053571
Epoch: 121, Train Loss: 0.5258995, Train Acc: 0.7682318, Test Acc: 0.7053571
Epoch: 122, Train Loss: 0.3798256, Train Acc: 0.8181818, Test Acc: 0.7321429
Epoch: 123, Train Loss: 0.4245210, Train Acc: 0.8021978, Test Acc: 0.7410714
Epoch: 124, Train Loss: 0.3625308, Train Acc: 0.8341658, Test Acc: 0.7410714
Epoch: 125, Train Loss: 0.3594835, Train Acc: 0.8371628, Test Acc: 0.7321429
Epoch: 126, Train Loss: 0.4384024, Train Acc: 0.7852148, Test Acc: 0.7321429
Epoch: 127, Train Loss: 0.5265041, Train Acc: 0.7742258, Test Acc: 0.7142857
Epoch: 128, Train Loss: 0.4459202, Train Acc: 0.7882118, Test Acc: 0.7232143
Epoch: 129, Train Loss: 0.4355685, Train Acc: 0.7922078, Test Acc: 0.7410714
Epoch: 130, Train Loss: 0.5558967, Train Acc: 0.7652348, Test Acc: 0.6875000
Epoch: 131, Train Loss: 0.4610206, Train Acc: 0.8051948, Test Acc: 0.7232143
Epoch: 132, Train Loss: 0.5326733, Train Acc: 0.7642358, Test Acc: 0.7321429
Epoch: 133, Train Loss: 0.5618151, Train Acc: 0.7642358, Test Acc: 0.7321429
Epoch: 134, Train Loss: 0.5801721, Train Acc: 0.7512488, Test Acc: 0.6875000
Epoch: 135, Train Loss: 0.4858458, Train Acc: 0.7942058, Test Acc: 0.7053571
Epoch: 136, Train Loss: 0.4895314, Train Acc: 0.7942058, Test Acc: 0.7053571
Epoch: 137, Train Loss: 0.3941798, Train Acc: 0.8261738, Test Acc: 0.7232143
Epoch: 138, Train Loss: 0.5575417, Train Acc: 0.7632368, Test Acc: 0.7053571
Epoch: 139, Train Loss: 0.4613507, Train Acc: 0.7922078, Test Acc: 0.7232143
Epoch: 140, Train Loss: 0.4522934, Train Acc: 0.7982018, Test Acc: 0.7053571
Epoch: 141, Train Loss: 0.4757517, Train Acc: 0.8121878, Test Acc: 0.7053571
Epoch: 142, Train Loss: 0.4315522, Train Acc: 0.8001998, Test Acc: 0.7321429
Epoch: 143, Train Loss: 0.3398179, Train Acc: 0.8451548, Test Acc: 0.7321429
Epoch: 144, Train Loss: 0.4668662, Train Acc: 0.7812188, Test Acc: 0.7142857
Epoch: 145, Train Loss: 0.4403297, Train Acc: 0.7952048, Test Acc: 0.7142857
Epoch: 146, Train Loss: 0.3860867, Train Acc: 0.8201798, Test Acc: 0.7410714
Epoch: 147, Train Loss: 0.3822357, Train Acc: 0.8281718, Test Acc: 0.7589286
Epoch: 148, Train Loss: 0.3786445, Train Acc: 0.8231768, Test Acc: 0.7053571
Epoch: 149, Train Loss: 0.3847756, Train Acc: 0.8321678, Test Acc: 0.6875000
Epoch: 150, Train Loss: 0.4191167, Train Acc: 0.7962038, Test Acc: 0.7142857
--------
Best Test Acc:   0.7767857142857143_0.0, Epoch: 44
Best Train Loss: 0.33981785145434706_0.0
Best Train Acc:  0.8451548451548452_0.0
FOLD1, PROTEINS, 1673105667/5550c7a_GSOE[-0.3, -0.35, -0.4]P[[1, 1], [1, 1], [1, 1]]I1_GELU_X_6_128_0_0.001_30_0.65_0_B64S0W4, BT=0.7767857142857143_0.0, BE=44, ID=5550c7a449f3b4116970d9d7caeb5ab686e3e08f
train_set : test_set = %d : %d 1001 112
-------- FOLD1 DATASET=PROTEINS, COMMIT_ID=5550c7a449f3b4116970d9d7caeb5ab686e3e08f
#Params: 334978
Epoch: 001, Train Loss: 0.6322515, Train Acc: 0.6513487, Test Acc: 0.6428571
Epoch: 002, Train Loss: 1.1478143, Train Acc: 0.4055944, Test Acc: 0.4017857
Epoch: 003, Train Loss: 0.6156885, Train Acc: 0.7062937, Test Acc: 0.6696429
Epoch: 004, Train Loss: 0.6082773, Train Acc: 0.7002997, Test Acc: 0.7232143
Epoch: 005, Train Loss: 0.5885633, Train Acc: 0.7172827, Test Acc: 0.6964286
Epoch: 006, Train Loss: 0.6462308, Train Acc: 0.6883117, Test Acc: 0.6607143
Epoch: 007, Train Loss: 0.7148594, Train Acc: 0.6713287, Test Acc: 0.6607143
Epoch: 008, Train Loss: 0.5878357, Train Acc: 0.7112887, Test Acc: 0.6875000
Epoch: 009, Train Loss: 0.5343167, Train Acc: 0.7322677, Test Acc: 0.7142857
Epoch: 010, Train Loss: 0.6172861, Train Acc: 0.6743257, Test Acc: 0.6696429
Epoch: 011, Train Loss: 0.6503052, Train Acc: 0.7252747, Test Acc: 0.7053571
Epoch: 012, Train Loss: 0.5563594, Train Acc: 0.7302697, Test Acc: 0.6964286
Epoch: 013, Train Loss: 0.6742315, Train Acc: 0.6693307, Test Acc: 0.6428571
Epoch: 014, Train Loss: 0.5998836, Train Acc: 0.7272727, Test Acc: 0.7142857
Epoch: 015, Train Loss: 0.5869210, Train Acc: 0.7382617, Test Acc: 0.6964286
Epoch: 016, Train Loss: 0.5442069, Train Acc: 0.7292707, Test Acc: 0.7232143
Epoch: 017, Train Loss: 0.6794593, Train Acc: 0.7052947, Test Acc: 0.6428571
Epoch: 018, Train Loss: 0.5314773, Train Acc: 0.7292707, Test Acc: 0.6607143
Epoch: 019, Train Loss: 0.7695866, Train Acc: 0.6603397, Test Acc: 0.6517857
Epoch: 020, Train Loss: 0.6825335, Train Acc: 0.7162837, Test Acc: 0.6964286
Epoch: 021, Train Loss: 0.6185276, Train Acc: 0.7242757, Test Acc: 0.6696429
Epoch: 022, Train Loss: 0.5205079, Train Acc: 0.7412587, Test Acc: 0.7142857
Epoch: 023, Train Loss: 0.6249228, Train Acc: 0.7282717, Test Acc: 0.6696429
Epoch: 024, Train Loss: 0.5683017, Train Acc: 0.7532468, Test Acc: 0.7232143
Epoch: 025, Train Loss: 0.5210977, Train Acc: 0.7432567, Test Acc: 0.7142857
Epoch: 026, Train Loss: 0.5883046, Train Acc: 0.7692308, Test Acc: 0.6785714
Epoch: 027, Train Loss: 0.7035552, Train Acc: 0.7152847, Test Acc: 0.6607143
Epoch: 028, Train Loss: 0.5505705, Train Acc: 0.7672328, Test Acc: 0.6785714
Epoch: 029, Train Loss: 0.5594612, Train Acc: 0.7322677, Test Acc: 0.7500000
Epoch: 030, Train Loss: 0.5484882, Train Acc: 0.7632368, Test Acc: 0.7500000
Epoch: 031, Train Loss: 0.5622002, Train Acc: 0.7582418, Test Acc: 0.6875000
Epoch: 032, Train Loss: 0.5635516, Train Acc: 0.7832168, Test Acc: 0.7142857
Epoch: 033, Train Loss: 0.5641480, Train Acc: 0.6923077, Test Acc: 0.6785714
Epoch: 034, Train Loss: 0.5145929, Train Acc: 0.7552448, Test Acc: 0.6964286
Epoch: 035, Train Loss: 0.5696393, Train Acc: 0.7742258, Test Acc: 0.7053571
Epoch: 036, Train Loss: 0.5442458, Train Acc: 0.7512488, Test Acc: 0.7500000
Epoch: 037, Train Loss: 0.4495975, Train Acc: 0.7942058, Test Acc: 0.7321429
Epoch: 038, Train Loss: 0.4670852, Train Acc: 0.7832168, Test Acc: 0.7142857
Epoch: 039, Train Loss: 0.5634212, Train Acc: 0.7932068, Test Acc: 0.7142857
Epoch: 040, Train Loss: 0.5424627, Train Acc: 0.7862138, Test Acc: 0.7053571
Epoch: 041, Train Loss: 0.5253316, Train Acc: 0.7352647, Test Acc: 0.7321429
Epoch: 042, Train Loss: 0.5134035, Train Acc: 0.7372627, Test Acc: 0.6785714
Epoch: 043, Train Loss: 0.4589873, Train Acc: 0.7982018, Test Acc: 0.7321429
Epoch: 044, Train Loss: 0.5242848, Train Acc: 0.8041958, Test Acc: 0.7678571
Epoch: 045, Train Loss: 0.5157546, Train Acc: 0.8121878, Test Acc: 0.7589286
Epoch: 046, Train Loss: 0.5913583, Train Acc: 0.7562438, Test Acc: 0.6875000
Epoch: 047, Train Loss: 0.4410504, Train Acc: 0.8031968, Test Acc: 0.7142857
Epoch: 048, Train Loss: 0.4509592, Train Acc: 0.8021978, Test Acc: 0.7232143
Epoch: 049, Train Loss: 0.5944829, Train Acc: 0.7522478, Test Acc: 0.7410714
Epoch: 050, Train Loss: 0.5781992, Train Acc: 0.7322677, Test Acc: 0.6517857
Epoch: 051, Train Loss: 0.4644012, Train Acc: 0.7852148, Test Acc: 0.7142857
Epoch: 052, Train Loss: 0.5035875, Train Acc: 0.8091908, Test Acc: 0.7946429
Epoch: 053, Train Loss: 0.4794545, Train Acc: 0.7782218, Test Acc: 0.7232143
Epoch: 054, Train Loss: 0.4314429, Train Acc: 0.8091908, Test Acc: 0.7053571
Epoch: 055, Train Loss: 0.5772865, Train Acc: 0.7462537, Test Acc: 0.6517857
Epoch: 056, Train Loss: 0.5860216, Train Acc: 0.7092907, Test Acc: 0.6607143
Epoch: 057, Train Loss: 0.5455830, Train Acc: 0.7352647, Test Acc: 0.6875000
Epoch: 058, Train Loss: 0.4903751, Train Acc: 0.7742258, Test Acc: 0.7232143
Epoch: 059, Train Loss: 0.6110865, Train Acc: 0.7202797, Test Acc: 0.6696429
Epoch: 060, Train Loss: 0.4865116, Train Acc: 0.8111888, Test Acc: 0.7678571
Epoch: 061, Train Loss: 0.4301668, Train Acc: 0.8311688, Test Acc: 0.7321429
Epoch: 062, Train Loss: 0.4068236, Train Acc: 0.8171828, Test Acc: 0.7321429
Epoch: 063, Train Loss: 0.4301853, Train Acc: 0.8061938, Test Acc: 0.7500000
Epoch: 064, Train Loss: 0.4312502, Train Acc: 0.8201798, Test Acc: 0.7589286
Epoch: 065, Train Loss: 0.4952211, Train Acc: 0.8151848, Test Acc: 0.7589286
Epoch: 066, Train Loss: 0.4114773, Train Acc: 0.8131868, Test Acc: 0.7142857
Epoch: 067, Train Loss: 0.4502601, Train Acc: 0.7902098, Test Acc: 0.7321429
Epoch: 068, Train Loss: 0.4090115, Train Acc: 0.8091908, Test Acc: 0.7142857
Epoch: 069, Train Loss: 0.3874616, Train Acc: 0.8351648, Test Acc: 0.7232143
Epoch: 070, Train Loss: 0.4221508, Train Acc: 0.8051948, Test Acc: 0.7500000
Epoch: 071, Train Loss: 0.4693053, Train Acc: 0.7702298, Test Acc: 0.7142857
Epoch: 072, Train Loss: 0.4304052, Train Acc: 0.7992008, Test Acc: 0.7142857
Epoch: 073, Train Loss: 0.3503020, Train Acc: 0.8511489, Test Acc: 0.7410714
Epoch: 074, Train Loss: 0.3698017, Train Acc: 0.8531469, Test Acc: 0.7410714
Epoch: 075, Train Loss: 0.3826775, Train Acc: 0.8301698, Test Acc: 0.7232143
Epoch: 076, Train Loss: 0.3841207, Train Acc: 0.8411588, Test Acc: 0.7410714
Epoch: 077, Train Loss: 0.4279210, Train Acc: 0.8071928, Test Acc: 0.7142857
Epoch: 078, Train Loss: 0.3478467, Train Acc: 0.8531469, Test Acc: 0.7232143
Epoch: 079, Train Loss: 0.3270944, Train Acc: 0.8751249, Test Acc: 0.7678571
Epoch: 080, Train Loss: 0.4475683, Train Acc: 0.8171828, Test Acc: 0.7410714
Epoch: 081, Train Loss: 0.3410693, Train Acc: 0.8351648, Test Acc: 0.7232143
Epoch: 082, Train Loss: 0.2953275, Train Acc: 0.8861139, Test Acc: 0.7321429
Epoch: 083, Train Loss: 0.4983718, Train Acc: 0.7902098, Test Acc: 0.7500000
Epoch: 084, Train Loss: 0.3831878, Train Acc: 0.8331668, Test Acc: 0.7232143
Epoch: 085, Train Loss: 0.3507611, Train Acc: 0.8661339, Test Acc: 0.7500000
Epoch: 086, Train Loss: 0.3856861, Train Acc: 0.8671329, Test Acc: 0.7410714
Epoch: 087, Train Loss: 0.2540124, Train Acc: 0.9070929, Test Acc: 0.7678571
Epoch: 088, Train Loss: 0.3745679, Train Acc: 0.8471528, Test Acc: 0.7767857
Epoch: 089, Train Loss: 0.4093039, Train Acc: 0.8371628, Test Acc: 0.7500000
