{'dataset_name': 'PROTEINS', 'basis': 'GSO', 'epsilon': [-0.3, -0.35, -0.4], 'power': [[1, 4], [1, 4], [1, 4]], 'seeds': [0], 'num_folds': 10, 'num_workers': 4, 'hyperparams': {'batch_size': 64, 'epochs': 451, 'learning_rate': 0.001, 'step_size': 30, 'decay_rate': 0.65, 'weight_decay': 0}, 'architecture': {'nonlinear': 'GELU', 'layers': 6, 'hidden': 128, 'pooling': 'S', 'dropout': 0}, 'commit_id': '5550c7a449f3b4116970d9d7caeb5ab686e3e08f', 'time_stamp': '1673106082', 'directory': '../../../../results_spectral_rotation/Try_A100/tu/PROTEINS/board/'}
{'dataset_name': 'PROTEINS', 'basis': 'GSO', 'epsilon': [-0.3, -0.35, -0.4], 'power': [[1, 4], [1, 4], [1, 4]], 'seeds': [0], 'num_folds': 10, 'num_workers': 4, 'hyperparams': {'batch_size': 64, 'epochs': 451, 'learning_rate': 0.001, 'step_size': 30, 'decay_rate': 0.65, 'weight_decay': 0}, 'architecture': {'nonlinear': 'GELU', 'layers': 6, 'hidden': 128, 'pooling': 'S', 'dropout': 0}, 'commit_id': '5550c7a449f3b4116970d9d7caeb5ab686e3e08f', 'time_stamp': 1673106083, 'directory': '../../../../results_spectral_rotation/Try_A100/tu/PROTEINS/board/', 'seed': 0}
Pre-process:   0%|          | 0/1113 [00:00<?, ?it/s]Pre-process:   2%|▏         | 21/1113 [00:00<00:06, 176.14it/s]Pre-process:   7%|▋         | 77/1113 [00:00<00:03, 269.94it/s]Pre-process:  13%|█▎        | 148/1113 [00:00<00:02, 424.84it/s]Pre-process:  19%|█▉        | 209/1113 [00:00<00:01, 485.61it/s]Pre-process:  23%|██▎       | 261/1113 [00:00<00:01, 440.23it/s]Pre-process:  28%|██▊       | 310/1113 [00:00<00:01, 454.28it/s]Pre-process:  35%|███▌      | 395/1113 [00:00<00:01, 569.74it/s]Pre-process:  43%|████▎     | 476/1113 [00:00<00:01, 632.20it/s]Pre-process:  50%|████▉     | 554/1113 [00:01<00:00, 672.21it/s]Pre-process:  56%|█████▌    | 624/1113 [00:01<00:00, 678.95it/s]Pre-process:  63%|██████▎   | 705/1113 [00:01<00:00, 715.91it/s]Pre-process:  71%|███████   | 793/1113 [00:01<00:00, 763.49it/s]Pre-process:  79%|███████▉  | 878/1113 [00:01<00:00, 788.38it/s]Pre-process:  87%|████████▋ | 968/1113 [00:01<00:00, 821.21it/s]Pre-process:  95%|█████████▌| 1059/1113 [00:01<00:00, 846.58it/s]Pre-process: 100%|██████████| 1113/1113 [00:01<00:00, 651.85it/s]
Basis total: 13
train_set : test_set = %d : %d 1001 112
-------- FOLD0 DATASET=PROTEINS, COMMIT_ID=5550c7a449f3b4116970d9d7caeb5ab686e3e08f
#Params: 332546
Epoch: 001, Train Loss: 42.4339739, Train Acc: 0.3946054, Test Acc: 0.3750000
Epoch: 002, Train Loss: 18.3916272, Train Acc: 0.4885115, Test Acc: 0.5446429
Epoch: 003, Train Loss: 10.0245513, Train Acc: 0.6273726, Test Acc: 0.6517857
Epoch: 004, Train Loss: 14.4932068, Train Acc: 0.5274725, Test Acc: 0.4910714
Epoch: 005, Train Loss: 5.3396474, Train Acc: 0.6363636, Test Acc: 0.6428571
Epoch: 006, Train Loss: 2.5831721, Train Acc: 0.6823177, Test Acc: 0.6964286
Epoch: 007, Train Loss: 1.9266741, Train Acc: 0.6833167, Test Acc: 0.7053571
Epoch: 008, Train Loss: 2.2692779, Train Acc: 0.7142857, Test Acc: 0.7142857
Epoch: 009, Train Loss: 2.3590070, Train Acc: 0.6513487, Test Acc: 0.6875000
Epoch: 010, Train Loss: 1.9635762, Train Acc: 0.6703297, Test Acc: 0.6517857
Epoch: 011, Train Loss: 2.8154345, Train Acc: 0.6293706, Test Acc: 0.6339286
Epoch: 012, Train Loss: 4.5385886, Train Acc: 0.5924076, Test Acc: 0.5982143
Epoch: 013, Train Loss: 1.8361859, Train Acc: 0.5314685, Test Acc: 0.5446429
Epoch: 014, Train Loss: 2.4699798, Train Acc: 0.4815185, Test Acc: 0.4464286
Epoch: 015, Train Loss: 1.1575828, Train Acc: 0.6943057, Test Acc: 0.6517857
Epoch: 016, Train Loss: 1.5472630, Train Acc: 0.7452547, Test Acc: 0.7500000
Epoch: 017, Train Loss: 0.7011681, Train Acc: 0.7342657, Test Acc: 0.7232143
Epoch: 018, Train Loss: 0.6892864, Train Acc: 0.7262737, Test Acc: 0.6785714
Epoch: 019, Train Loss: 1.4726425, Train Acc: 0.5414585, Test Acc: 0.5714286
Epoch: 020, Train Loss: 1.6765899, Train Acc: 0.7082917, Test Acc: 0.6964286
Epoch: 021, Train Loss: 1.0450138, Train Acc: 0.7102897, Test Acc: 0.6964286
Epoch: 022, Train Loss: 0.8757128, Train Acc: 0.6603397, Test Acc: 0.6071429
Epoch: 023, Train Loss: 1.2559891, Train Acc: 0.7282717, Test Acc: 0.7321429
Epoch: 024, Train Loss: 0.7603831, Train Acc: 0.7222777, Test Acc: 0.6964286
Epoch: 025, Train Loss: 1.2779728, Train Acc: 0.7422577, Test Acc: 0.7678571
Epoch: 026, Train Loss: 0.6419848, Train Acc: 0.7512488, Test Acc: 0.7500000
Epoch: 027, Train Loss: 0.7075824, Train Acc: 0.7382617, Test Acc: 0.6785714
Epoch: 028, Train Loss: 1.8880608, Train Acc: 0.7432567, Test Acc: 0.7678571
Epoch: 029, Train Loss: 3.5714414, Train Acc: 0.5564436, Test Acc: 0.5625000
Epoch: 030, Train Loss: 0.7122723, Train Acc: 0.7382617, Test Acc: 0.6964286
Epoch: 031, Train Loss: 0.8646730, Train Acc: 0.6553447, Test Acc: 0.6428571
Epoch: 032, Train Loss: 0.7995246, Train Acc: 0.7502498, Test Acc: 0.7500000
Epoch: 033, Train Loss: 0.6616808, Train Acc: 0.7382617, Test Acc: 0.6964286
Epoch: 034, Train Loss: 1.1750772, Train Acc: 0.5434565, Test Acc: 0.5089286
Epoch: 035, Train Loss: 0.6104694, Train Acc: 0.7632368, Test Acc: 0.7321429
Epoch: 036, Train Loss: 0.8095849, Train Acc: 0.7442557, Test Acc: 0.7500000
Epoch: 037, Train Loss: 1.2486545, Train Acc: 0.7452547, Test Acc: 0.7410714
Epoch: 038, Train Loss: 0.6079666, Train Acc: 0.7412587, Test Acc: 0.7053571
Epoch: 039, Train Loss: 0.5480255, Train Acc: 0.7612388, Test Acc: 0.7321429
Epoch: 040, Train Loss: 0.5678488, Train Acc: 0.7512488, Test Acc: 0.6964286
Epoch: 041, Train Loss: 0.7898924, Train Acc: 0.7282717, Test Acc: 0.7232143
Epoch: 042, Train Loss: 0.5094391, Train Acc: 0.7532468, Test Acc: 0.7232143
Epoch: 043, Train Loss: 0.6099159, Train Acc: 0.6853147, Test Acc: 0.6517857
Epoch: 044, Train Loss: 0.5842950, Train Acc: 0.7612388, Test Acc: 0.7500000
Epoch: 045, Train Loss: 0.6115506, Train Acc: 0.7352647, Test Acc: 0.6875000
Epoch: 046, Train Loss: 0.4926952, Train Acc: 0.7712288, Test Acc: 0.7142857
Epoch: 047, Train Loss: 0.6296951, Train Acc: 0.7542458, Test Acc: 0.7500000
Epoch: 048, Train Loss: 0.5247857, Train Acc: 0.7652348, Test Acc: 0.7053571
Epoch: 049, Train Loss: 0.6063146, Train Acc: 0.7512488, Test Acc: 0.6607143
Epoch: 050, Train Loss: 0.6059976, Train Acc: 0.7442557, Test Acc: 0.7500000
Epoch: 051, Train Loss: 0.5371439, Train Acc: 0.7542458, Test Acc: 0.7142857
Epoch: 052, Train Loss: 0.9344154, Train Acc: 0.7332667, Test Acc: 0.7232143
Epoch: 053, Train Loss: 0.5327675, Train Acc: 0.7572428, Test Acc: 0.7232143
Epoch: 054, Train Loss: 0.6115115, Train Acc: 0.6703297, Test Acc: 0.6607143
Epoch: 055, Train Loss: 0.6190727, Train Acc: 0.6963037, Test Acc: 0.6607143
Epoch: 056, Train Loss: 0.9057043, Train Acc: 0.5634366, Test Acc: 0.5267857
Epoch: 057, Train Loss: 0.9020383, Train Acc: 0.7522478, Test Acc: 0.7678571
Epoch: 058, Train Loss: 0.7809519, Train Acc: 0.6173826, Test Acc: 0.6160714
Epoch: 059, Train Loss: 0.6038306, Train Acc: 0.7612388, Test Acc: 0.7232143
Epoch: 060, Train Loss: 0.5105926, Train Acc: 0.7752248, Test Acc: 0.6964286
Epoch: 061, Train Loss: 0.4956817, Train Acc: 0.7702298, Test Acc: 0.7053571
Epoch: 062, Train Loss: 0.5357885, Train Acc: 0.7762238, Test Acc: 0.7321429
Epoch: 063, Train Loss: 0.6261436, Train Acc: 0.7622378, Test Acc: 0.7500000
Epoch: 064, Train Loss: 0.5029230, Train Acc: 0.7662338, Test Acc: 0.6964286
Epoch: 065, Train Loss: 0.5274674, Train Acc: 0.7652348, Test Acc: 0.7500000
Epoch: 066, Train Loss: 0.5444581, Train Acc: 0.7742258, Test Acc: 0.7232143
Epoch: 067, Train Loss: 0.4760822, Train Acc: 0.7712288, Test Acc: 0.7232143
Epoch: 068, Train Loss: 0.5027360, Train Acc: 0.7722278, Test Acc: 0.7410714
Epoch: 069, Train Loss: 0.5377010, Train Acc: 0.7672328, Test Acc: 0.7232143
Epoch: 070, Train Loss: 0.4792208, Train Acc: 0.7752248, Test Acc: 0.7142857
Epoch: 071, Train Loss: 0.5013597, Train Acc: 0.7542458, Test Acc: 0.7321429
Epoch: 072, Train Loss: 0.5080169, Train Acc: 0.7382617, Test Acc: 0.7053571
Epoch: 073, Train Loss: 0.5442691, Train Acc: 0.7312687, Test Acc: 0.6607143
Epoch: 074, Train Loss: 0.5283229, Train Acc: 0.7652348, Test Acc: 0.7053571
Epoch: 075, Train Loss: 0.6442563, Train Acc: 0.6443556, Test Acc: 0.6339286
Epoch: 076, Train Loss: 0.4767971, Train Acc: 0.7712288, Test Acc: 0.6964286
Epoch: 077, Train Loss: 0.5505906, Train Acc: 0.7542458, Test Acc: 0.7142857
Epoch: 078, Train Loss: 0.5183986, Train Acc: 0.7762238, Test Acc: 0.7053571
Epoch: 079, Train Loss: 0.5100768, Train Acc: 0.7282717, Test Acc: 0.6964286
Epoch: 080, Train Loss: 0.4744567, Train Acc: 0.7742258, Test Acc: 0.7321429
Epoch: 081, Train Loss: 0.5980897, Train Acc: 0.7552448, Test Acc: 0.7232143
Epoch: 082, Train Loss: 0.5246778, Train Acc: 0.7752248, Test Acc: 0.7321429
Epoch: 083, Train Loss: 0.5074302, Train Acc: 0.7472527, Test Acc: 0.7053571
Epoch: 084, Train Loss: 0.4823433, Train Acc: 0.7812188, Test Acc: 0.7321429
Epoch: 085, Train Loss: 0.5252861, Train Acc: 0.7632368, Test Acc: 0.7410714
Epoch: 086, Train Loss: 0.4607076, Train Acc: 0.7782218, Test Acc: 0.7232143
Epoch: 087, Train Loss: 0.6665758, Train Acc: 0.6273726, Test Acc: 0.6071429
Epoch: 088, Train Loss: 0.5676058, Train Acc: 0.7222777, Test Acc: 0.6964286
Epoch: 089, Train Loss: 0.7850174, Train Acc: 0.6223776, Test Acc: 0.5982143
Epoch: 090, Train Loss: 0.5170911, Train Acc: 0.7482517, Test Acc: 0.7053571
Epoch: 091, Train Loss: 0.5171333, Train Acc: 0.7592408, Test Acc: 0.7321429
Epoch: 092, Train Loss: 0.4728043, Train Acc: 0.7582418, Test Acc: 0.7410714
Epoch: 093, Train Loss: 0.4579961, Train Acc: 0.7782218, Test Acc: 0.7053571
Epoch: 094, Train Loss: 0.5278348, Train Acc: 0.7632368, Test Acc: 0.7500000
Epoch: 095, Train Loss: 0.4594350, Train Acc: 0.7792208, Test Acc: 0.7142857
Epoch: 096, Train Loss: 0.4646755, Train Acc: 0.7862138, Test Acc: 0.7410714
Epoch: 097, Train Loss: 0.4492076, Train Acc: 0.7792208, Test Acc: 0.7410714
Epoch: 098, Train Loss: 0.4857009, Train Acc: 0.7562438, Test Acc: 0.7142857
Epoch: 099, Train Loss: 0.5024217, Train Acc: 0.7732268, Test Acc: 0.7410714
Epoch: 100, Train Loss: 0.4543478, Train Acc: 0.7852148, Test Acc: 0.7321429
Epoch: 101, Train Loss: 0.4592185, Train Acc: 0.7712288, Test Acc: 0.7321429
Epoch: 102, Train Loss: 0.5815783, Train Acc: 0.6873127, Test Acc: 0.6250000
Epoch: 103, Train Loss: 0.4872339, Train Acc: 0.7732268, Test Acc: 0.7053571
Epoch: 104, Train Loss: 0.4890559, Train Acc: 0.7422577, Test Acc: 0.7142857
Epoch: 105, Train Loss: 0.5577083, Train Acc: 0.7252747, Test Acc: 0.6964286
Epoch: 106, Train Loss: 0.4730146, Train Acc: 0.7692308, Test Acc: 0.7053571
Epoch: 107, Train Loss: 0.5573730, Train Acc: 0.7062937, Test Acc: 0.6696429
Epoch: 108, Train Loss: 0.4577261, Train Acc: 0.7832168, Test Acc: 0.7142857
Epoch: 109, Train Loss: 0.4892377, Train Acc: 0.7662338, Test Acc: 0.7321429
Epoch: 110, Train Loss: 0.5918932, Train Acc: 0.7612388, Test Acc: 0.7589286
Epoch: 111, Train Loss: 0.4565959, Train Acc: 0.7642358, Test Acc: 0.7053571
Epoch: 112, Train Loss: 0.5314132, Train Acc: 0.7182817, Test Acc: 0.6964286
Epoch: 113, Train Loss: 0.7346464, Train Acc: 0.7452547, Test Acc: 0.7589286
Epoch: 114, Train Loss: 0.5986608, Train Acc: 0.7592408, Test Acc: 0.7410714
Epoch: 115, Train Loss: 0.4794555, Train Acc: 0.7762238, Test Acc: 0.7321429
Epoch: 116, Train Loss: 0.4537282, Train Acc: 0.7862138, Test Acc: 0.7053571
Epoch: 117, Train Loss: 0.4860779, Train Acc: 0.7422577, Test Acc: 0.6875000
Epoch: 118, Train Loss: 0.4925636, Train Acc: 0.7562438, Test Acc: 0.7142857
Epoch: 119, Train Loss: 0.4552241, Train Acc: 0.7692308, Test Acc: 0.7232143
Epoch: 120, Train Loss: 0.4813399, Train Acc: 0.7422577, Test Acc: 0.6875000
Epoch: 121, Train Loss: 0.4493024, Train Acc: 0.7772228, Test Acc: 0.7142857
Epoch: 122, Train Loss: 0.5763860, Train Acc: 0.7112887, Test Acc: 0.6517857
Epoch: 123, Train Loss: 0.4482741, Train Acc: 0.7812188, Test Acc: 0.7321429
Epoch: 124, Train Loss: 0.4617521, Train Acc: 0.7832168, Test Acc: 0.7321429
Epoch: 125, Train Loss: 0.5310681, Train Acc: 0.7192807, Test Acc: 0.6696429
Epoch: 126, Train Loss: 0.4811545, Train Acc: 0.7752248, Test Acc: 0.7321429
Epoch: 127, Train Loss: 0.4850015, Train Acc: 0.7622378, Test Acc: 0.6785714
Epoch: 128, Train Loss: 0.4424866, Train Acc: 0.7742258, Test Acc: 0.7142857
Epoch: 129, Train Loss: 0.4488704, Train Acc: 0.7742258, Test Acc: 0.7053571
Epoch: 130, Train Loss: 0.4535556, Train Acc: 0.7832168, Test Acc: 0.7053571
Epoch: 131, Train Loss: 0.6273429, Train Acc: 0.7552448, Test Acc: 0.7678571
Epoch: 132, Train Loss: 0.4384695, Train Acc: 0.7882118, Test Acc: 0.7053571
Epoch: 133, Train Loss: 0.4539189, Train Acc: 0.7702298, Test Acc: 0.7142857
Epoch: 134, Train Loss: 0.4559794, Train Acc: 0.7872128, Test Acc: 0.7232143
Epoch: 135, Train Loss: 0.4415769, Train Acc: 0.7902098, Test Acc: 0.7410714
Epoch: 136, Train Loss: 0.4764263, Train Acc: 0.7772228, Test Acc: 0.7589286
Epoch: 137, Train Loss: 0.4467882, Train Acc: 0.7942058, Test Acc: 0.7232143
Epoch: 138, Train Loss: 0.4931861, Train Acc: 0.7762238, Test Acc: 0.7500000
Epoch: 139, Train Loss: 0.4679869, Train Acc: 0.7782218, Test Acc: 0.7410714
Epoch: 140, Train Loss: 0.4418100, Train Acc: 0.7912088, Test Acc: 0.7232143
Epoch: 141, Train Loss: 0.4409170, Train Acc: 0.7902098, Test Acc: 0.7321429
Epoch: 142, Train Loss: 0.4555123, Train Acc: 0.7792208, Test Acc: 0.6964286
Epoch: 143, Train Loss: 0.4786823, Train Acc: 0.7792208, Test Acc: 0.7321429
Epoch: 144, Train Loss: 0.4363461, Train Acc: 0.7972028, Test Acc: 0.7232143
Epoch: 145, Train Loss: 0.4790701, Train Acc: 0.7662338, Test Acc: 0.6875000
Epoch: 146, Train Loss: 0.4332291, Train Acc: 0.7922078, Test Acc: 0.7410714
Epoch: 147, Train Loss: 0.4508383, Train Acc: 0.7822178, Test Acc: 0.7321429
Epoch: 148, Train Loss: 0.4696461, Train Acc: 0.7892108, Test Acc: 0.7410714
Epoch: 149, Train Loss: 0.4715388, Train Acc: 0.7772228, Test Acc: 0.7142857
Epoch: 150, Train Loss: 0.4340742, Train Acc: 0.7892108, Test Acc: 0.7142857
Epoch: 151, Train Loss: 0.4413024, Train Acc: 0.7892108, Test Acc: 0.7321429
Epoch: 152, Train Loss: 0.4384760, Train Acc: 0.7922078, Test Acc: 0.7321429
Epoch: 153, Train Loss: 0.4449889, Train Acc: 0.7842158, Test Acc: 0.7142857
Epoch: 154, Train Loss: 0.4507086, Train Acc: 0.7862138, Test Acc: 0.7321429
Epoch: 155, Train Loss: 0.4711435, Train Acc: 0.7662338, Test Acc: 0.7053571
Epoch: 156, Train Loss: 0.4455401, Train Acc: 0.7742258, Test Acc: 0.7410714
Epoch: 157, Train Loss: 0.4512872, Train Acc: 0.7792208, Test Acc: 0.7321429
Epoch: 158, Train Loss: 0.5087373, Train Acc: 0.7342657, Test Acc: 0.6964286
Epoch: 159, Train Loss: 0.4568796, Train Acc: 0.7892108, Test Acc: 0.7410714
Epoch: 160, Train Loss: 0.4604413, Train Acc: 0.7822178, Test Acc: 0.6964286
Epoch: 161, Train Loss: 0.4312796, Train Acc: 0.7932068, Test Acc: 0.7410714
Epoch: 162, Train Loss: 0.4709650, Train Acc: 0.7862138, Test Acc: 0.7410714
Epoch: 163, Train Loss: 0.4453462, Train Acc: 0.7852148, Test Acc: 0.7321429
Epoch: 164, Train Loss: 0.4400418, Train Acc: 0.7752248, Test Acc: 0.7321429
Epoch: 165, Train Loss: 0.4282387, Train Acc: 0.8021978, Test Acc: 0.7410714
Epoch: 166, Train Loss: 0.4411556, Train Acc: 0.7782218, Test Acc: 0.7410714
Epoch: 167, Train Loss: 0.4293619, Train Acc: 0.7912088, Test Acc: 0.7232143
Epoch: 168, Train Loss: 0.4986829, Train Acc: 0.7722278, Test Acc: 0.7500000
Epoch: 169, Train Loss: 0.4485757, Train Acc: 0.7742258, Test Acc: 0.7321429
Epoch: 170, Train Loss: 0.4514688, Train Acc: 0.7862138, Test Acc: 0.7321429
Epoch: 171, Train Loss: 0.4358173, Train Acc: 0.7902098, Test Acc: 0.7232143
Epoch: 172, Train Loss: 0.4421811, Train Acc: 0.7912088, Test Acc: 0.7410714
Epoch: 173, Train Loss: 0.5193942, Train Acc: 0.7592408, Test Acc: 0.6785714
Epoch: 174, Train Loss: 0.4767592, Train Acc: 0.7762238, Test Acc: 0.7321429
Epoch: 175, Train Loss: 0.4842789, Train Acc: 0.7542458, Test Acc: 0.6875000
Epoch: 176, Train Loss: 0.4685514, Train Acc: 0.7792208, Test Acc: 0.7500000
Epoch: 177, Train Loss: 0.4372857, Train Acc: 0.7932068, Test Acc: 0.7321429
Epoch: 178, Train Loss: 0.4288720, Train Acc: 0.8001998, Test Acc: 0.7142857
Epoch: 179, Train Loss: 0.4833975, Train Acc: 0.7732268, Test Acc: 0.7589286
Epoch: 180, Train Loss: 0.6081721, Train Acc: 0.6573427, Test Acc: 0.6160714
Epoch: 181, Train Loss: 0.4450610, Train Acc: 0.7982018, Test Acc: 0.7232143
Epoch: 182, Train Loss: 0.4682063, Train Acc: 0.7862138, Test Acc: 0.7232143
Epoch: 183, Train Loss: 0.4320366, Train Acc: 0.7962038, Test Acc: 0.7142857
Epoch: 184, Train Loss: 0.4280062, Train Acc: 0.7932068, Test Acc: 0.7142857
Epoch: 185, Train Loss: 0.4287818, Train Acc: 0.8041958, Test Acc: 0.7321429
Epoch: 186, Train Loss: 0.4358645, Train Acc: 0.7892108, Test Acc: 0.7232143
Epoch: 187, Train Loss: 0.4447600, Train Acc: 0.7722278, Test Acc: 0.7321429
Epoch: 188, Train Loss: 0.4247167, Train Acc: 0.8051948, Test Acc: 0.7142857
Epoch: 189, Train Loss: 0.4264578, Train Acc: 0.7952048, Test Acc: 0.7232143
Epoch: 190, Train Loss: 0.4256606, Train Acc: 0.7972028, Test Acc: 0.7321429
Epoch: 191, Train Loss: 0.4338908, Train Acc: 0.7862138, Test Acc: 0.7321429
Epoch: 192, Train Loss: 0.4267467, Train Acc: 0.7902098, Test Acc: 0.7053571
Epoch: 193, Train Loss: 0.4479112, Train Acc: 0.7872128, Test Acc: 0.7500000
Epoch: 194, Train Loss: 0.4272593, Train Acc: 0.7992008, Test Acc: 0.7500000
Epoch: 195, Train Loss: 0.4314792, Train Acc: 0.8031968, Test Acc: 0.7321429
Epoch: 196, Train Loss: 0.4420608, Train Acc: 0.7892108, Test Acc: 0.7321429
Epoch: 197, Train Loss: 0.4322462, Train Acc: 0.7902098, Test Acc: 0.7321429
Epoch: 198, Train Loss: 0.4305406, Train Acc: 0.7982018, Test Acc: 0.7053571
Epoch: 199, Train Loss: 0.4257593, Train Acc: 0.7952048, Test Acc: 0.7053571
Epoch: 200, Train Loss: 0.4240841, Train Acc: 0.8011988, Test Acc: 0.7500000
Epoch: 201, Train Loss: 0.4338528, Train Acc: 0.7862138, Test Acc: 0.7410714
Epoch: 202, Train Loss: 0.4228175, Train Acc: 0.8051948, Test Acc: 0.7321429
Epoch: 203, Train Loss: 0.4901955, Train Acc: 0.7542458, Test Acc: 0.6785714
Epoch: 204, Train Loss: 0.4970118, Train Acc: 0.7762238, Test Acc: 0.7500000
Epoch: 205, Train Loss: 0.4464069, Train Acc: 0.7722278, Test Acc: 0.7142857
Epoch: 206, Train Loss: 0.4471582, Train Acc: 0.7902098, Test Acc: 0.7410714
Epoch: 207, Train Loss: 0.4280306, Train Acc: 0.7962038, Test Acc: 0.7232143
Epoch: 208, Train Loss: 0.4622358, Train Acc: 0.7622378, Test Acc: 0.7142857
Epoch: 209, Train Loss: 0.4424434, Train Acc: 0.7892108, Test Acc: 0.7232143
Epoch: 210, Train Loss: 0.4309956, Train Acc: 0.8031968, Test Acc: 0.7321429
Epoch: 211, Train Loss: 0.4250860, Train Acc: 0.7972028, Test Acc: 0.7321429
Epoch: 212, Train Loss: 0.4378963, Train Acc: 0.7822178, Test Acc: 0.7232143
Epoch: 213, Train Loss: 0.4214189, Train Acc: 0.8071928, Test Acc: 0.7500000
Epoch: 214, Train Loss: 0.4244500, Train Acc: 0.7942058, Test Acc: 0.7321429
Epoch: 215, Train Loss: 0.4279397, Train Acc: 0.7932068, Test Acc: 0.7321429
Epoch: 216, Train Loss: 0.4246133, Train Acc: 0.7942058, Test Acc: 0.7321429
Epoch: 217, Train Loss: 0.4269885, Train Acc: 0.7942058, Test Acc: 0.7321429
Epoch: 218, Train Loss: 0.4321333, Train Acc: 0.7942058, Test Acc: 0.7410714
Epoch: 219, Train Loss: 0.4231705, Train Acc: 0.8021978, Test Acc: 0.7500000
Epoch: 220, Train Loss: 0.4279636, Train Acc: 0.7882118, Test Acc: 0.7321429
Epoch: 221, Train Loss: 0.4579956, Train Acc: 0.7852148, Test Acc: 0.7410714
Epoch: 222, Train Loss: 0.4246005, Train Acc: 0.8001998, Test Acc: 0.7500000
Epoch: 223, Train Loss: 0.4215552, Train Acc: 0.8081918, Test Acc: 0.7321429
Epoch: 224, Train Loss: 0.4259098, Train Acc: 0.8021978, Test Acc: 0.7589286
Epoch: 225, Train Loss: 0.4514763, Train Acc: 0.7752248, Test Acc: 0.7142857
Epoch: 226, Train Loss: 0.4223832, Train Acc: 0.7972028, Test Acc: 0.7232143
Epoch: 227, Train Loss: 0.4269848, Train Acc: 0.8081918, Test Acc: 0.7232143
Epoch: 228, Train Loss: 0.4201490, Train Acc: 0.8071928, Test Acc: 0.7321429
Epoch: 229, Train Loss: 0.4407344, Train Acc: 0.7902098, Test Acc: 0.7321429
Epoch: 230, Train Loss: 0.4209111, Train Acc: 0.8001998, Test Acc: 0.7232143
Epoch: 231, Train Loss: 0.4221717, Train Acc: 0.8021978, Test Acc: 0.7500000
Epoch: 232, Train Loss: 0.4197196, Train Acc: 0.8071928, Test Acc: 0.7321429
Epoch: 233, Train Loss: 0.4196928, Train Acc: 0.8111888, Test Acc: 0.7321429
Epoch: 234, Train Loss: 0.4235899, Train Acc: 0.7952048, Test Acc: 0.7232143
Epoch: 235, Train Loss: 0.4213129, Train Acc: 0.8051948, Test Acc: 0.7232143
Epoch: 236, Train Loss: 0.4208589, Train Acc: 0.8011988, Test Acc: 0.7410714
Epoch: 237, Train Loss: 0.4198989, Train Acc: 0.8031968, Test Acc: 0.7321429
Epoch: 238, Train Loss: 0.4257969, Train Acc: 0.7972028, Test Acc: 0.7321429
Epoch: 239, Train Loss: 0.4214363, Train Acc: 0.8011988, Test Acc: 0.7500000
Epoch: 240, Train Loss: 0.4246744, Train Acc: 0.7962038, Test Acc: 0.7410714
Epoch: 241, Train Loss: 0.4527543, Train Acc: 0.7872128, Test Acc: 0.7321429
Epoch: 242, Train Loss: 0.4280354, Train Acc: 0.7942058, Test Acc: 0.7410714
Epoch: 243, Train Loss: 0.4235029, Train Acc: 0.7972028, Test Acc: 0.7321429
Epoch: 244, Train Loss: 0.4259768, Train Acc: 0.7982018, Test Acc: 0.7321429
Epoch: 245, Train Loss: 0.4823363, Train Acc: 0.7752248, Test Acc: 0.7500000
Epoch: 246, Train Loss: 0.4253683, Train Acc: 0.7952048, Test Acc: 0.7410714
Epoch: 247, Train Loss: 0.4269319, Train Acc: 0.7882118, Test Acc: 0.7410714
Epoch: 248, Train Loss: 0.4214447, Train Acc: 0.7972028, Test Acc: 0.7410714
Epoch: 249, Train Loss: 0.4210445, Train Acc: 0.8031968, Test Acc: 0.7410714
Epoch: 250, Train Loss: 0.4183573, Train Acc: 0.8101898, Test Acc: 0.7410714
Epoch: 251, Train Loss: 0.4318588, Train Acc: 0.7942058, Test Acc: 0.7410714
Epoch: 252, Train Loss: 0.4275558, Train Acc: 0.7892108, Test Acc: 0.7410714
Epoch: 253, Train Loss: 0.4247618, Train Acc: 0.8041958, Test Acc: 0.7232143
Epoch: 254, Train Loss: 0.4201493, Train Acc: 0.8001998, Test Acc: 0.7321429
Epoch: 255, Train Loss: 0.4284418, Train Acc: 0.7882118, Test Acc: 0.7410714
Epoch: 256, Train Loss: 0.4196826, Train Acc: 0.8031968, Test Acc: 0.7500000
Epoch: 257, Train Loss: 0.4230417, Train Acc: 0.8011988, Test Acc: 0.7053571
Epoch: 258, Train Loss: 0.4277752, Train Acc: 0.7952048, Test Acc: 0.7410714
Epoch: 259, Train Loss: 0.4255495, Train Acc: 0.7942058, Test Acc: 0.7410714
