{'dataset_name': 'IMDB-BINARY', 'basis': 'GSO', 'epsilon': [-0.2, -0.25, -0.3, -0.35, -0.4], 'power': [[1, 2], [1, 2], [1, 2], [1, 2], [1, 2]], 'edgehop': 2, 'seeds': [0], 'num_folds': 10, 'num_workers': 8, 'hyperparams': {'batch_size': 64, 'epochs': 401, 'learning_rate': 0.001, 'step_size': 40, 'decay_rate': 0.6}, 'architecture': {'nonlinear': 'ReLU', 'layers': 4, 'hidden': 256, 'pooling': 'M', 'dropout': 0, 'batch_norm': 'N'}, 'commit_id': '51ecea938e8b7bfc38be462eb05bc437ae1578b4', 'time_stamp': '1673244867', 'directory': '../../../../results_spectral_rotation/Try_A100/tu/IMDB-BINARY/board/'}
{'dataset_name': 'IMDB-BINARY', 'basis': 'GSO', 'epsilon': [-0.2, -0.25, -0.3, -0.35, -0.4], 'power': [[1, 2], [1, 2], [1, 2], [1, 2], [1, 2]], 'edgehop': 2, 'seeds': [0], 'num_folds': 10, 'num_workers': 8, 'hyperparams': {'batch_size': 64, 'epochs': 401, 'learning_rate': 0.001, 'step_size': 40, 'decay_rate': 0.6}, 'architecture': {'nonlinear': 'ReLU', 'layers': 4, 'hidden': 256, 'pooling': 'M', 'dropout': 0, 'batch_norm': 'N'}, 'commit_id': '51ecea938e8b7bfc38be462eb05bc437ae1578b4', 'time_stamp': 1673244869, 'directory': '../../../../results_spectral_rotation/Try_A100/tu/IMDB-BINARY/board/', 'seed': 0}
Pre-process:   0%|          | 0/1000 [00:00<?, ?it/s]Pre-process:   9%|▊         | 87/1000 [00:00<00:01, 868.96it/s]Pre-process:  18%|█▊        | 178/1000 [00:00<00:00, 891.05it/s]Pre-process:  27%|██▋       | 270/1000 [00:00<00:00, 902.27it/s]Pre-process:  36%|███▌      | 362/1000 [00:00<00:00, 906.74it/s]Pre-process:  45%|████▌     | 453/1000 [00:00<00:00, 903.04it/s]Pre-process:  55%|█████▍    | 545/1000 [00:00<00:00, 908.53it/s]Pre-process:  64%|██████▍   | 638/1000 [00:00<00:00, 914.20it/s]Pre-process:  73%|███████▎  | 730/1000 [00:00<00:00, 914.00it/s]Pre-process:  82%|████████▏ | 822/1000 [00:00<00:00, 912.32it/s]Pre-process:  91%|█████████▏| 914/1000 [00:01<00:00, 891.69it/s]Pre-process: 100%|██████████| 1000/1000 [00:01<00:00, 902.52it/s]
Basis total: 11
train_set : test_set = %d : %d 900 100
-------- FOLD0 DATASET=IMDB-BINARY, COMMIT_ID=51ecea938e8b7bfc38be462eb05bc437ae1578b4
Without batch_norm.
#Params: 927490
Epoch: 001, Train Loss: 0.6585444, Train Acc: 0.5877778, Test Acc: 0.6000000
Epoch: 002, Train Loss: 1.0134886, Train Acc: 0.5188889, Test Acc: 0.5400000
Epoch: 003, Train Loss: 0.6203912, Train Acc: 0.6422222, Test Acc: 0.6700000
Epoch: 004, Train Loss: 0.5652157, Train Acc: 0.6966667, Test Acc: 0.7100000
Epoch: 005, Train Loss: 0.6303916, Train Acc: 0.6300000, Test Acc: 0.7000000
Epoch: 006, Train Loss: 0.5749076, Train Acc: 0.6700000, Test Acc: 0.7100000
Epoch: 007, Train Loss: 0.5601697, Train Acc: 0.7100000, Test Acc: 0.7300000
Epoch: 008, Train Loss: 0.5506071, Train Acc: 0.7011111, Test Acc: 0.7000000
Epoch: 009, Train Loss: 0.5524434, Train Acc: 0.7144444, Test Acc: 0.7200000
Epoch: 010, Train Loss: 0.5836195, Train Acc: 0.6688889, Test Acc: 0.7300000
Epoch: 011, Train Loss: 0.5786388, Train Acc: 0.7122222, Test Acc: 0.7200000
Epoch: 012, Train Loss: 0.6114229, Train Acc: 0.6666667, Test Acc: 0.6700000
Epoch: 013, Train Loss: 0.5588891, Train Acc: 0.7000000, Test Acc: 0.7100000
Epoch: 014, Train Loss: 0.6011470, Train Acc: 0.6655556, Test Acc: 0.7200000
Epoch: 015, Train Loss: 0.5410112, Train Acc: 0.7211111, Test Acc: 0.7400000
Epoch: 016, Train Loss: 0.5583509, Train Acc: 0.6933333, Test Acc: 0.7000000
Epoch: 017, Train Loss: 0.5369622, Train Acc: 0.7122222, Test Acc: 0.7300000
Epoch: 018, Train Loss: 0.5277417, Train Acc: 0.7244444, Test Acc: 0.7300000
Epoch: 019, Train Loss: 0.5318840, Train Acc: 0.7144444, Test Acc: 0.7500000
Epoch: 020, Train Loss: 0.5422190, Train Acc: 0.7144444, Test Acc: 0.7100000
Epoch: 021, Train Loss: 0.5493391, Train Acc: 0.7277778, Test Acc: 0.7300000
Epoch: 022, Train Loss: 0.5377145, Train Acc: 0.7166667, Test Acc: 0.7300000
Epoch: 023, Train Loss: 0.5640549, Train Acc: 0.6833333, Test Acc: 0.7100000
Epoch: 024, Train Loss: 0.5694110, Train Acc: 0.6777778, Test Acc: 0.7000000
Epoch: 025, Train Loss: 0.5382546, Train Acc: 0.7044444, Test Acc: 0.7200000
Epoch: 026, Train Loss: 0.5673049, Train Acc: 0.6777778, Test Acc: 0.7200000
Epoch: 027, Train Loss: 0.5376696, Train Acc: 0.7144444, Test Acc: 0.7500000
Epoch: 028, Train Loss: 0.5404759, Train Acc: 0.7144444, Test Acc: 0.7300000
Epoch: 029, Train Loss: 0.6216831, Train Acc: 0.6544444, Test Acc: 0.7100000
Epoch: 030, Train Loss: 0.5746497, Train Acc: 0.6733333, Test Acc: 0.7300000
Epoch: 031, Train Loss: 0.5933665, Train Acc: 0.6933333, Test Acc: 0.6900000
Epoch: 032, Train Loss: 0.5774288, Train Acc: 0.7055556, Test Acc: 0.7100000
Epoch: 033, Train Loss: 0.6980330, Train Acc: 0.6533333, Test Acc: 0.6700000
Epoch: 034, Train Loss: 0.5549682, Train Acc: 0.7144444, Test Acc: 0.7400000
Epoch: 035, Train Loss: 0.5554866, Train Acc: 0.7066667, Test Acc: 0.7000000
Epoch: 036, Train Loss: 0.5503212, Train Acc: 0.7211111, Test Acc: 0.7300000
Epoch: 037, Train Loss: 0.5634591, Train Acc: 0.6900000, Test Acc: 0.7000000
Epoch: 038, Train Loss: 0.5343009, Train Acc: 0.7211111, Test Acc: 0.7400000
Epoch: 039, Train Loss: 0.5377038, Train Acc: 0.7255556, Test Acc: 0.7400000
Epoch: 040, Train Loss: 0.5426630, Train Acc: 0.7255556, Test Acc: 0.7400000
Epoch: 041, Train Loss: 0.5357788, Train Acc: 0.7222222, Test Acc: 0.7200000
Epoch: 042, Train Loss: 0.5330493, Train Acc: 0.7255556, Test Acc: 0.7300000
Epoch: 043, Train Loss: 0.5351792, Train Acc: 0.7166667, Test Acc: 0.7500000
Epoch: 044, Train Loss: 0.5336802, Train Acc: 0.7211111, Test Acc: 0.7300000
Epoch: 045, Train Loss: 0.5371811, Train Acc: 0.7222222, Test Acc: 0.7300000
Epoch: 046, Train Loss: 0.5370014, Train Acc: 0.7188889, Test Acc: 0.7200000
Epoch: 047, Train Loss: 0.5282970, Train Acc: 0.7266667, Test Acc: 0.7400000
Epoch: 048, Train Loss: 0.5299404, Train Acc: 0.7200000, Test Acc: 0.7300000
Epoch: 049, Train Loss: 0.5477723, Train Acc: 0.6922222, Test Acc: 0.7000000
Epoch: 050, Train Loss: 0.8263799, Train Acc: 0.6555556, Test Acc: 0.6700000
Epoch: 051, Train Loss: 0.5635137, Train Acc: 0.7044444, Test Acc: 0.7200000
Epoch: 052, Train Loss: 0.5491375, Train Acc: 0.7077778, Test Acc: 0.7200000
Epoch: 053, Train Loss: 0.5654035, Train Acc: 0.6911111, Test Acc: 0.7000000
Epoch: 054, Train Loss: 0.5386911, Train Acc: 0.7166667, Test Acc: 0.7600000
Epoch: 055, Train Loss: 0.5382367, Train Acc: 0.7222222, Test Acc: 0.7200000
Epoch: 056, Train Loss: 0.5445764, Train Acc: 0.7133333, Test Acc: 0.7300000
Epoch: 057, Train Loss: 0.5390721, Train Acc: 0.7133333, Test Acc: 0.7300000
Epoch: 058, Train Loss: 0.5283399, Train Acc: 0.7244444, Test Acc: 0.7400000
Epoch: 059, Train Loss: 0.5253452, Train Acc: 0.7244444, Test Acc: 0.7300000
Epoch: 060, Train Loss: 0.5287731, Train Acc: 0.7288889, Test Acc: 0.7600000
Epoch: 061, Train Loss: 0.5340680, Train Acc: 0.7222222, Test Acc: 0.7300000
Epoch: 062, Train Loss: 0.5437323, Train Acc: 0.7088889, Test Acc: 0.7200000
Epoch: 063, Train Loss: 0.5765960, Train Acc: 0.6911111, Test Acc: 0.7100000
Epoch: 064, Train Loss: 0.5331256, Train Acc: 0.7266667, Test Acc: 0.7400000
Epoch: 065, Train Loss: 0.5372907, Train Acc: 0.7166667, Test Acc: 0.7300000
Epoch: 066, Train Loss: 0.5378290, Train Acc: 0.7122222, Test Acc: 0.7300000
Epoch: 067, Train Loss: 0.5273296, Train Acc: 0.7255556, Test Acc: 0.7600000
Epoch: 068, Train Loss: 0.5288770, Train Acc: 0.7188889, Test Acc: 0.7500000
Epoch: 069, Train Loss: 0.5395055, Train Acc: 0.7100000, Test Acc: 0.7200000
Epoch: 070, Train Loss: 0.5311711, Train Acc: 0.7133333, Test Acc: 0.7500000
Epoch: 071, Train Loss: 0.5425856, Train Acc: 0.6988889, Test Acc: 0.7100000
Epoch: 072, Train Loss: 0.5368974, Train Acc: 0.7077778, Test Acc: 0.7000000
Epoch: 073, Train Loss: 0.5317612, Train Acc: 0.7133333, Test Acc: 0.7400000
Epoch: 074, Train Loss: 0.5227249, Train Acc: 0.7277778, Test Acc: 0.7500000
Epoch: 075, Train Loss: 0.5276351, Train Acc: 0.7222222, Test Acc: 0.7300000
Epoch: 076, Train Loss: 0.5190396, Train Acc: 0.7288889, Test Acc: 0.7500000
Epoch: 077, Train Loss: 0.5222761, Train Acc: 0.7266667, Test Acc: 0.7300000
Epoch: 078, Train Loss: 0.5174364, Train Acc: 0.7266667, Test Acc: 0.7500000
Epoch: 079, Train Loss: 0.5173735, Train Acc: 0.7222222, Test Acc: 0.7400000
Epoch: 080, Train Loss: 0.5162983, Train Acc: 0.7288889, Test Acc: 0.7500000
Epoch: 081, Train Loss: 0.5240044, Train Acc: 0.7188889, Test Acc: 0.7200000
Epoch: 082, Train Loss: 0.5151178, Train Acc: 0.7266667, Test Acc: 0.7300000
Epoch: 083, Train Loss: 0.5126969, Train Acc: 0.7311111, Test Acc: 0.7500000
Epoch: 084, Train Loss: 0.5109725, Train Acc: 0.7355556, Test Acc: 0.7500000
Epoch: 085, Train Loss: 0.5312911, Train Acc: 0.7022222, Test Acc: 0.7200000
Epoch: 086, Train Loss: 0.5246921, Train Acc: 0.7266667, Test Acc: 0.7400000
Epoch: 087, Train Loss: 0.5294517, Train Acc: 0.7288889, Test Acc: 0.7500000
Epoch: 088, Train Loss: 0.5161849, Train Acc: 0.7277778, Test Acc: 0.7400000
Epoch: 089, Train Loss: 0.5204595, Train Acc: 0.7233333, Test Acc: 0.7400000
Epoch: 090, Train Loss: 0.5256358, Train Acc: 0.7111111, Test Acc: 0.7200000
Epoch: 091, Train Loss: 0.5128058, Train Acc: 0.7244444, Test Acc: 0.7500000
Epoch: 092, Train Loss: 0.5114697, Train Acc: 0.7344444, Test Acc: 0.7500000
Epoch: 093, Train Loss: 0.7545629, Train Acc: 0.6411111, Test Acc: 0.6500000
Epoch: 094, Train Loss: 0.5671352, Train Acc: 0.6977778, Test Acc: 0.6900000
Epoch: 095, Train Loss: 0.5547093, Train Acc: 0.7133333, Test Acc: 0.7200000
Epoch: 096, Train Loss: 0.5459167, Train Acc: 0.7100000, Test Acc: 0.7400000
Epoch: 097, Train Loss: 0.5401909, Train Acc: 0.7222222, Test Acc: 0.7300000
Epoch: 098, Train Loss: 0.5641164, Train Acc: 0.6911111, Test Acc: 0.7000000
Epoch: 099, Train Loss: 0.5374234, Train Acc: 0.7233333, Test Acc: 0.7400000
Epoch: 100, Train Loss: 0.5330430, Train Acc: 0.7277778, Test Acc: 0.7600000
Epoch: 101, Train Loss: 0.5314751, Train Acc: 0.7244444, Test Acc: 0.7400000
Epoch: 102, Train Loss: 0.5286641, Train Acc: 0.7311111, Test Acc: 0.7400000
Epoch: 103, Train Loss: 0.5273690, Train Acc: 0.7288889, Test Acc: 0.7600000
Epoch: 104, Train Loss: 0.5410360, Train Acc: 0.7055556, Test Acc: 0.7000000
Epoch: 105, Train Loss: 0.5370698, Train Acc: 0.7255556, Test Acc: 0.7300000
Epoch: 106, Train Loss: 0.5286641, Train Acc: 0.7122222, Test Acc: 0.7400000
Epoch: 107, Train Loss: 0.5230632, Train Acc: 0.7288889, Test Acc: 0.7500000
Epoch: 108, Train Loss: 0.5249945, Train Acc: 0.7322222, Test Acc: 0.7400000
Epoch: 109, Train Loss: 0.5241685, Train Acc: 0.7266667, Test Acc: 0.7400000
Epoch: 110, Train Loss: 0.5226156, Train Acc: 0.7266667, Test Acc: 0.7400000
Epoch: 111, Train Loss: 0.5186112, Train Acc: 0.7300000, Test Acc: 0.7400000
Epoch: 112, Train Loss: 0.5180459, Train Acc: 0.7311111, Test Acc: 0.7400000
Epoch: 113, Train Loss: 0.5196333, Train Acc: 0.7255556, Test Acc: 0.7400000
Epoch: 114, Train Loss: 0.5188702, Train Acc: 0.7222222, Test Acc: 0.7400000
Epoch: 115, Train Loss: 0.5212933, Train Acc: 0.7200000, Test Acc: 0.7400000
Epoch: 116, Train Loss: 0.5183424, Train Acc: 0.7277778, Test Acc: 0.7400000
Epoch: 117, Train Loss: 0.5147507, Train Acc: 0.7200000, Test Acc: 0.7600000
Epoch: 118, Train Loss: 0.5897313, Train Acc: 0.7377778, Test Acc: 0.7400000
Epoch: 119, Train Loss: 0.5345227, Train Acc: 0.7200000, Test Acc: 0.7500000
Epoch: 120, Train Loss: 0.5321491, Train Acc: 0.7200000, Test Acc: 0.7300000
Epoch: 121, Train Loss: 0.5283359, Train Acc: 0.7288889, Test Acc: 0.7600000
Epoch: 122, Train Loss: 0.5260743, Train Acc: 0.7300000, Test Acc: 0.7500000
Epoch: 123, Train Loss: 0.5241254, Train Acc: 0.7300000, Test Acc: 0.7500000
Epoch: 124, Train Loss: 0.5232110, Train Acc: 0.7266667, Test Acc: 0.7700000
Epoch: 125, Train Loss: 0.5215493, Train Acc: 0.7288889, Test Acc: 0.7500000
Epoch: 126, Train Loss: 0.5236843, Train Acc: 0.7288889, Test Acc: 0.7300000
Epoch: 127, Train Loss: 0.5214220, Train Acc: 0.7266667, Test Acc: 0.7600000
Epoch: 128, Train Loss: 0.5206966, Train Acc: 0.7333333, Test Acc: 0.7400000
Epoch: 129, Train Loss: 0.5205920, Train Acc: 0.7266667, Test Acc: 0.7400000
Epoch: 130, Train Loss: 0.5237658, Train Acc: 0.7322222, Test Acc: 0.7500000
Epoch: 131, Train Loss: 0.5202372, Train Acc: 0.7288889, Test Acc: 0.7600000
Epoch: 132, Train Loss: 0.5197500, Train Acc: 0.7244444, Test Acc: 0.7400000
Epoch: 133, Train Loss: 0.5176217, Train Acc: 0.7266667, Test Acc: 0.7600000
Epoch: 134, Train Loss: 0.5159477, Train Acc: 0.7311111, Test Acc: 0.7400000
Epoch: 135, Train Loss: 0.5153840, Train Acc: 0.7311111, Test Acc: 0.7400000
Epoch: 136, Train Loss: 0.5147590, Train Acc: 0.7311111, Test Acc: 0.7400000
Epoch: 137, Train Loss: 0.5149995, Train Acc: 0.7222222, Test Acc: 0.7400000
Epoch: 138, Train Loss: 0.5189009, Train Acc: 0.7233333, Test Acc: 0.7400000
Epoch: 139, Train Loss: 0.5155847, Train Acc: 0.7233333, Test Acc: 0.7300000
Epoch: 140, Train Loss: 0.5117784, Train Acc: 0.7322222, Test Acc: 0.7400000
Epoch: 141, Train Loss: 0.5115977, Train Acc: 0.7300000, Test Acc: 0.7400000
Epoch: 142, Train Loss: 0.5130110, Train Acc: 0.7322222, Test Acc: 0.7500000
Epoch: 143, Train Loss: 0.5106939, Train Acc: 0.7277778, Test Acc: 0.7400000
Epoch: 144, Train Loss: 0.5094918, Train Acc: 0.7300000, Test Acc: 0.7400000
Epoch: 145, Train Loss: 0.5107732, Train Acc: 0.7311111, Test Acc: 0.7400000
Epoch: 146, Train Loss: 0.5138373, Train Acc: 0.7355556, Test Acc: 0.7500000
Epoch: 147, Train Loss: 0.5091217, Train Acc: 0.7344444, Test Acc: 0.7400000
Epoch: 148, Train Loss: 0.5109614, Train Acc: 0.7377778, Test Acc: 0.7400000
Epoch: 149, Train Loss: 0.5092802, Train Acc: 0.7355556, Test Acc: 0.7600000
Epoch: 150, Train Loss: 0.5095053, Train Acc: 0.7277778, Test Acc: 0.7400000
Epoch: 151, Train Loss: 0.5084124, Train Acc: 0.7366667, Test Acc: 0.7400000
Epoch: 152, Train Loss: 0.5061813, Train Acc: 0.7355556, Test Acc: 0.7400000
Epoch: 153, Train Loss: 0.5081201, Train Acc: 0.7400000, Test Acc: 0.7500000
Epoch: 154, Train Loss: 0.5094377, Train Acc: 0.7244444, Test Acc: 0.7500000
Epoch: 155, Train Loss: 0.5060721, Train Acc: 0.7377778, Test Acc: 0.7500000
Epoch: 156, Train Loss: 0.5057497, Train Acc: 0.7366667, Test Acc: 0.7400000
Epoch: 157, Train Loss: 0.5080613, Train Acc: 0.7244444, Test Acc: 0.7400000
Epoch: 158, Train Loss: 0.5061668, Train Acc: 0.7388889, Test Acc: 0.7400000
Epoch: 159, Train Loss: 0.5079590, Train Acc: 0.7333333, Test Acc: 0.7300000
Epoch: 160, Train Loss: 0.5051921, Train Acc: 0.7344444, Test Acc: 0.7300000
Epoch: 161, Train Loss: 0.5046794, Train Acc: 0.7344444, Test Acc: 0.7400000
Epoch: 162, Train Loss: 0.5046040, Train Acc: 0.7344444, Test Acc: 0.7400000
Epoch: 163, Train Loss: 0.5044088, Train Acc: 0.7355556, Test Acc: 0.7400000
Epoch: 164, Train Loss: 0.5040340, Train Acc: 0.7355556, Test Acc: 0.7400000
Epoch: 165, Train Loss: 0.5044556, Train Acc: 0.7333333, Test Acc: 0.7400000
Epoch: 166, Train Loss: 0.5076181, Train Acc: 0.7300000, Test Acc: 0.7500000
Epoch: 167, Train Loss: 0.5056953, Train Acc: 0.7277778, Test Acc: 0.7500000
Epoch: 168, Train Loss: 0.5068726, Train Acc: 0.7266667, Test Acc: 0.7400000
Epoch: 169, Train Loss: 0.5040886, Train Acc: 0.7388889, Test Acc: 0.7300000
Epoch: 170, Train Loss: 0.5067558, Train Acc: 0.7311111, Test Acc: 0.7300000
Epoch: 171, Train Loss: 0.5044002, Train Acc: 0.7366667, Test Acc: 0.7400000
Epoch: 172, Train Loss: 0.5048559, Train Acc: 0.7344444, Test Acc: 0.7400000
Epoch: 173, Train Loss: 0.5045778, Train Acc: 0.7355556, Test Acc: 0.7400000
Epoch: 174, Train Loss: 0.5052645, Train Acc: 0.7377778, Test Acc: 0.7400000
Epoch: 175, Train Loss: 0.5048909, Train Acc: 0.7355556, Test Acc: 0.7400000
Epoch: 176, Train Loss: 0.5045177, Train Acc: 0.7400000, Test Acc: 0.7400000
Epoch: 177, Train Loss: 0.5030506, Train Acc: 0.7377778, Test Acc: 0.7400000
Epoch: 178, Train Loss: 0.5027420, Train Acc: 0.7366667, Test Acc: 0.7400000
Epoch: 179, Train Loss: 0.5031821, Train Acc: 0.7377778, Test Acc: 0.7500000
Epoch: 180, Train Loss: 0.5032451, Train Acc: 0.7322222, Test Acc: 0.7300000
Epoch: 181, Train Loss: 0.5029593, Train Acc: 0.7366667, Test Acc: 0.7300000
Epoch: 182, Train Loss: 0.5021808, Train Acc: 0.7355556, Test Acc: 0.7400000
Epoch: 183, Train Loss: 0.5039412, Train Acc: 0.7266667, Test Acc: 0.7400000
Epoch: 184, Train Loss: 0.5025760, Train Acc: 0.7366667, Test Acc: 0.7300000
Epoch: 185, Train Loss: 0.5025559, Train Acc: 0.7355556, Test Acc: 0.7400000
Epoch: 186, Train Loss: 0.5015450, Train Acc: 0.7355556, Test Acc: 0.7400000
Epoch: 187, Train Loss: 0.5014835, Train Acc: 0.7377778, Test Acc: 0.7400000
Epoch: 188, Train Loss: 0.5018801, Train Acc: 0.7355556, Test Acc: 0.7400000
Epoch: 189, Train Loss: 0.5042263, Train Acc: 0.7266667, Test Acc: 0.7400000
Epoch: 190, Train Loss: 0.5026783, Train Acc: 0.7300000, Test Acc: 0.7300000
Epoch: 191, Train Loss: 0.5020446, Train Acc: 0.7355556, Test Acc: 0.7400000
Epoch: 192, Train Loss: 0.5013530, Train Acc: 0.7333333, Test Acc: 0.7400000
Epoch: 193, Train Loss: 0.5009911, Train Acc: 0.7344444, Test Acc: 0.7500000
Epoch: 194, Train Loss: 0.5004430, Train Acc: 0.7344444, Test Acc: 0.7400000
Epoch: 195, Train Loss: 0.5002768, Train Acc: 0.7366667, Test Acc: 0.7400000
Epoch: 196, Train Loss: 0.5001600, Train Acc: 0.7344444, Test Acc: 0.7400000
Epoch: 197, Train Loss: 0.5000062, Train Acc: 0.7333333, Test Acc: 0.7400000
Epoch: 198, Train Loss: 0.5009845, Train Acc: 0.7300000, Test Acc: 0.7300000
Epoch: 199, Train Loss: 0.5026218, Train Acc: 0.7377778, Test Acc: 0.7400000
Epoch: 200, Train Loss: 0.5040555, Train Acc: 0.7288889, Test Acc: 0.7300000
Epoch: 201, Train Loss: 0.5012653, Train Acc: 0.7311111, Test Acc: 0.7400000
Epoch: 202, Train Loss: 0.5015606, Train Acc: 0.7411111, Test Acc: 0.7500000
Epoch: 203, Train Loss: 0.5003819, Train Acc: 0.7355556, Test Acc: 0.7400000
Epoch: 204, Train Loss: 0.5011151, Train Acc: 0.7355556, Test Acc: 0.7500000
Epoch: 205, Train Loss: 0.5003368, Train Acc: 0.7377778, Test Acc: 0.7400000
Epoch: 206, Train Loss: 0.4996332, Train Acc: 0.7366667, Test Acc: 0.7400000
Epoch: 207, Train Loss: 0.4995945, Train Acc: 0.7344444, Test Acc: 0.7400000
Epoch: 208, Train Loss: 0.4992202, Train Acc: 0.7366667, Test Acc: 0.7400000
Epoch: 209, Train Loss: 0.5040322, Train Acc: 0.7300000, Test Acc: 0.7400000
Epoch: 210, Train Loss: 0.5010926, Train Acc: 0.7422222, Test Acc: 0.7400000
Epoch: 211, Train Loss: 0.4999903, Train Acc: 0.7355556, Test Acc: 0.7400000
Epoch: 212, Train Loss: 0.5005770, Train Acc: 0.7322222, Test Acc: 0.7300000
Epoch: 213, Train Loss: 0.4993006, Train Acc: 0.7366667, Test Acc: 0.7400000
Epoch: 214, Train Loss: 0.4987883, Train Acc: 0.7344444, Test Acc: 0.7400000
Epoch: 215, Train Loss: 0.4987546, Train Acc: 0.7366667, Test Acc: 0.7400000
Epoch: 216, Train Loss: 0.4988531, Train Acc: 0.7333333, Test Acc: 0.7400000
Epoch: 217, Train Loss: 0.4986853, Train Acc: 0.7344444, Test Acc: 0.7400000
Epoch: 218, Train Loss: 0.4987594, Train Acc: 0.7344444, Test Acc: 0.7400000
Epoch: 219, Train Loss: 0.4986133, Train Acc: 0.7344444, Test Acc: 0.7400000
Epoch: 220, Train Loss: 0.4988385, Train Acc: 0.7366667, Test Acc: 0.7400000
Epoch: 221, Train Loss: 0.4986396, Train Acc: 0.7377778, Test Acc: 0.7300000
Epoch: 222, Train Loss: 0.4987626, Train Acc: 0.7333333, Test Acc: 0.7400000
Epoch: 223, Train Loss: 0.4983852, Train Acc: 0.7388889, Test Acc: 0.7500000
Epoch: 224, Train Loss: 0.4983216, Train Acc: 0.7366667, Test Acc: 0.7400000
Epoch: 225, Train Loss: 0.4980452, Train Acc: 0.7355556, Test Acc: 0.7300000
Epoch: 226, Train Loss: 0.4982344, Train Acc: 0.7366667, Test Acc: 0.7400000
Epoch: 227, Train Loss: 0.4979619, Train Acc: 0.7366667, Test Acc: 0.7300000
Epoch: 228, Train Loss: 0.5037330, Train Acc: 0.7277778, Test Acc: 0.7300000
Epoch: 229, Train Loss: 0.5011496, Train Acc: 0.7388889, Test Acc: 0.7300000
Epoch: 230, Train Loss: 0.4996625, Train Acc: 0.7411111, Test Acc: 0.7400000
Epoch: 231, Train Loss: 0.4998796, Train Acc: 0.7322222, Test Acc: 0.7300000
Epoch: 232, Train Loss: 0.4989102, Train Acc: 0.7344444, Test Acc: 0.7300000
Epoch: 233, Train Loss: 0.4975481, Train Acc: 0.7366667, Test Acc: 0.7400000
Epoch: 234, Train Loss: 0.4982217, Train Acc: 0.7366667, Test Acc: 0.7400000
Epoch: 235, Train Loss: 0.4978586, Train Acc: 0.7366667, Test Acc: 0.7300000
Epoch: 236, Train Loss: 0.4985526, Train Acc: 0.7344444, Test Acc: 0.7300000
Epoch: 237, Train Loss: 0.5000697, Train Acc: 0.7355556, Test Acc: 0.7300000
Epoch: 238, Train Loss: 0.4995796, Train Acc: 0.7311111, Test Acc: 0.7300000
Epoch: 239, Train Loss: 0.4975656, Train Acc: 0.7377778, Test Acc: 0.7400000
Epoch: 240, Train Loss: 0.4975872, Train Acc: 0.7333333, Test Acc: 0.7400000
Epoch: 241, Train Loss: 0.4985841, Train Acc: 0.7377778, Test Acc: 0.7400000
Epoch: 242, Train Loss: 0.4978196, Train Acc: 0.7355556, Test Acc: 0.7400000
Epoch: 243, Train Loss: 0.4978034, Train Acc: 0.7311111, Test Acc: 0.7300000
Epoch: 244, Train Loss: 0.4972139, Train Acc: 0.7355556, Test Acc: 0.7400000
Epoch: 245, Train Loss: 0.4973530, Train Acc: 0.7366667, Test Acc: 0.7300000
Epoch: 246, Train Loss: 0.4976639, Train Acc: 0.7366667, Test Acc: 0.7400000
Epoch: 247, Train Loss: 0.4968668, Train Acc: 0.7344444, Test Acc: 0.7400000
Epoch: 248, Train Loss: 0.4965946, Train Acc: 0.7355556, Test Acc: 0.7400000
Epoch: 249, Train Loss: 0.4973165, Train Acc: 0.7377778, Test Acc: 0.7500000
Epoch: 250, Train Loss: 0.5161623, Train Acc: 0.7355556, Test Acc: 0.7300000
Epoch: 251, Train Loss: 0.5014107, Train Acc: 0.7277778, Test Acc: 0.7300000
Epoch: 252, Train Loss: 0.5161352, Train Acc: 0.7266667, Test Acc: 0.7300000
Epoch: 253, Train Loss: 0.5066178, Train Acc: 0.7311111, Test Acc: 0.7400000
Epoch: 254, Train Loss: 0.5060391, Train Acc: 0.7322222, Test Acc: 0.7400000
Epoch: 255, Train Loss: 0.5034945, Train Acc: 0.7366667, Test Acc: 0.7500000
Epoch: 256, Train Loss: 0.5014888, Train Acc: 0.7377778, Test Acc: 0.7400000
Epoch: 257, Train Loss: 0.5003746, Train Acc: 0.7400000, Test Acc: 0.7500000
Epoch: 258, Train Loss: 0.4993984, Train Acc: 0.7388889, Test Acc: 0.7500000
Epoch: 259, Train Loss: 0.4990940, Train Acc: 0.7388889, Test Acc: 0.7500000
Epoch: 260, Train Loss: 0.4986652, Train Acc: 0.7377778, Test Acc: 0.7500000
Epoch: 261, Train Loss: 0.4984111, Train Acc: 0.7344444, Test Acc: 0.7500000
Epoch: 262, Train Loss: 0.4991057, Train Acc: 0.7344444, Test Acc: 0.7500000
Epoch: 263, Train Loss: 0.4991296, Train Acc: 0.7355556, Test Acc: 0.7400000
Epoch: 264, Train Loss: 0.4982268, Train Acc: 0.7344444, Test Acc: 0.7400000
Epoch: 265, Train Loss: 0.4981553, Train Acc: 0.7377778, Test Acc: 0.7500000
Epoch: 266, Train Loss: 0.4992205, Train Acc: 0.7355556, Test Acc: 0.7400000
Epoch: 267, Train Loss: 0.4983343, Train Acc: 0.7400000, Test Acc: 0.7500000
Epoch: 268, Train Loss: 0.4981150, Train Acc: 0.7333333, Test Acc: 0.7400000
Epoch: 269, Train Loss: 0.4976940, Train Acc: 0.7333333, Test Acc: 0.7400000
Epoch: 270, Train Loss: 0.4976083, Train Acc: 0.7355556, Test Acc: 0.7400000
Epoch: 271, Train Loss: 0.4991749, Train Acc: 0.7344444, Test Acc: 0.7400000
Epoch: 272, Train Loss: 0.4975117, Train Acc: 0.7388889, Test Acc: 0.7400000
Epoch: 273, Train Loss: 0.4972357, Train Acc: 0.7400000, Test Acc: 0.7500000
Epoch: 274, Train Loss: 0.4969711, Train Acc: 0.7366667, Test Acc: 0.7500000
Epoch: 275, Train Loss: 0.4971176, Train Acc: 0.7344444, Test Acc: 0.7300000
Epoch: 276, Train Loss: 0.4974713, Train Acc: 0.7355556, Test Acc: 0.7300000
Epoch: 277, Train Loss: 0.4967722, Train Acc: 0.7355556, Test Acc: 0.7400000
Epoch: 278, Train Loss: 0.4990909, Train Acc: 0.7366667, Test Acc: 0.7500000
Epoch: 279, Train Loss: 0.4964816, Train Acc: 0.7366667, Test Acc: 0.7400000
Epoch: 280, Train Loss: 0.4968078, Train Acc: 0.7344444, Test Acc: 0.7400000
Epoch: 281, Train Loss: 0.4967620, Train Acc: 0.7366667, Test Acc: 0.7400000
Epoch: 282, Train Loss: 0.4964751, Train Acc: 0.7400000, Test Acc: 0.7400000
Epoch: 283, Train Loss: 0.4966864, Train Acc: 0.7411111, Test Acc: 0.7500000
Epoch: 284, Train Loss: 0.4962934, Train Acc: 0.7400000, Test Acc: 0.7500000
Epoch: 285, Train Loss: 0.4969645, Train Acc: 0.7355556, Test Acc: 0.7300000
Epoch: 286, Train Loss: 0.4963393, Train Acc: 0.7355556, Test Acc: 0.7300000
Epoch: 287, Train Loss: 0.4963967, Train Acc: 0.7355556, Test Acc: 0.7400000
Epoch: 288, Train Loss: 0.4959514, Train Acc: 0.7366667, Test Acc: 0.7400000
Epoch: 289, Train Loss: 0.4968110, Train Acc: 0.7300000, Test Acc: 0.7300000
Epoch: 290, Train Loss: 0.4958898, Train Acc: 0.7388889, Test Acc: 0.7300000
Epoch: 291, Train Loss: 0.4961679, Train Acc: 0.7388889, Test Acc: 0.7500000
Epoch: 292, Train Loss: 0.4959341, Train Acc: 0.7377778, Test Acc: 0.7400000
Epoch: 293, Train Loss: 0.4958761, Train Acc: 0.7377778, Test Acc: 0.7300000
Epoch: 294, Train Loss: 0.4958029, Train Acc: 0.7388889, Test Acc: 0.7300000
Epoch: 295, Train Loss: 0.4956315, Train Acc: 0.7377778, Test Acc: 0.7400000
Epoch: 296, Train Loss: 0.4959956, Train Acc: 0.7366667, Test Acc: 0.7400000
Epoch: 297, Train Loss: 0.4956150, Train Acc: 0.7388889, Test Acc: 0.7400000
Epoch: 298, Train Loss: 0.4957753, Train Acc: 0.7355556, Test Acc: 0.7400000
Epoch: 299, Train Loss: 0.4953637, Train Acc: 0.7388889, Test Acc: 0.7400000
Epoch: 300, Train Loss: 0.4960533, Train Acc: 0.7377778, Test Acc: 0.7400000
Epoch: 301, Train Loss: 0.4954566, Train Acc: 0.7366667, Test Acc: 0.7400000
Epoch: 302, Train Loss: 0.4955880, Train Acc: 0.7366667, Test Acc: 0.7400000
Epoch: 303, Train Loss: 0.4952454, Train Acc: 0.7366667, Test Acc: 0.7400000
Epoch: 304, Train Loss: 0.4951820, Train Acc: 0.7377778, Test Acc: 0.7400000
Epoch: 305, Train Loss: 0.4954198, Train Acc: 0.7400000, Test Acc: 0.7400000
Epoch: 306, Train Loss: 0.4950626, Train Acc: 0.7388889, Test Acc: 0.7300000
Epoch: 307, Train Loss: 0.4952325, Train Acc: 0.7366667, Test Acc: 0.7400000
Epoch: 308, Train Loss: 0.4950116, Train Acc: 0.7355556, Test Acc: 0.7300000
Epoch: 309, Train Loss: 0.4948842, Train Acc: 0.7355556, Test Acc: 0.7300000
Epoch: 310, Train Loss: 0.4949621, Train Acc: 0.7377778, Test Acc: 0.7300000
Epoch: 311, Train Loss: 0.4949698, Train Acc: 0.7400000, Test Acc: 0.7400000
Epoch: 312, Train Loss: 0.4947751, Train Acc: 0.7400000, Test Acc: 0.7300000
Epoch: 313, Train Loss: 0.4952019, Train Acc: 0.7333333, Test Acc: 0.7300000
Epoch: 314, Train Loss: 0.4961655, Train Acc: 0.7388889, Test Acc: 0.7400000
Epoch: 315, Train Loss: 0.4950547, Train Acc: 0.7400000, Test Acc: 0.7400000
Epoch: 316, Train Loss: 0.4950169, Train Acc: 0.7388889, Test Acc: 0.7400000
Epoch: 317, Train Loss: 0.4950384, Train Acc: 0.7377778, Test Acc: 0.7400000
Epoch: 318, Train Loss: 0.4946723, Train Acc: 0.7400000, Test Acc: 0.7400000
Epoch: 319, Train Loss: 0.4947836, Train Acc: 0.7400000, Test Acc: 0.7500000
Epoch: 320, Train Loss: 0.4944720, Train Acc: 0.7388889, Test Acc: 0.7400000
Epoch: 321, Train Loss: 0.4944675, Train Acc: 0.7400000, Test Acc: 0.7400000
Epoch: 322, Train Loss: 0.4946877, Train Acc: 0.7422222, Test Acc: 0.7500000
Epoch: 323, Train Loss: 0.4944725, Train Acc: 0.7388889, Test Acc: 0.7300000
Epoch: 324, Train Loss: 0.4965119, Train Acc: 0.7366667, Test Acc: 0.7300000
Epoch: 325, Train Loss: 0.4952380, Train Acc: 0.7322222, Test Acc: 0.7400000
Epoch: 326, Train Loss: 0.4951009, Train Acc: 0.7355556, Test Acc: 0.7400000
Epoch: 327, Train Loss: 0.4958516, Train Acc: 0.7411111, Test Acc: 0.7400000
Epoch: 328, Train Loss: 0.4953432, Train Acc: 0.7422222, Test Acc: 0.7400000
Epoch: 329, Train Loss: 0.4948718, Train Acc: 0.7366667, Test Acc: 0.7400000
Epoch: 330, Train Loss: 0.4946312, Train Acc: 0.7377778, Test Acc: 0.7300000
Epoch: 331, Train Loss: 0.4945841, Train Acc: 0.7355556, Test Acc: 0.7400000
Epoch: 332, Train Loss: 0.4950318, Train Acc: 0.7411111, Test Acc: 0.7400000
Epoch: 333, Train Loss: 0.4946201, Train Acc: 0.7388889, Test Acc: 0.7400000
Epoch: 334, Train Loss: 0.4954042, Train Acc: 0.7344444, Test Acc: 0.7300000
Epoch: 335, Train Loss: 0.4944690, Train Acc: 0.7355556, Test Acc: 0.7300000
Epoch: 336, Train Loss: 0.4943087, Train Acc: 0.7366667, Test Acc: 0.7300000
Epoch: 337, Train Loss: 0.4940925, Train Acc: 0.7355556, Test Acc: 0.7300000
Epoch: 338, Train Loss: 0.4940636, Train Acc: 0.7400000, Test Acc: 0.7300000
Epoch: 339, Train Loss: 0.4944546, Train Acc: 0.7422222, Test Acc: 0.7500000
Epoch: 340, Train Loss: 0.4940188, Train Acc: 0.7355556, Test Acc: 0.7400000
Epoch: 341, Train Loss: 0.4941056, Train Acc: 0.7355556, Test Acc: 0.7300000
Epoch: 342, Train Loss: 0.4938760, Train Acc: 0.7377778, Test Acc: 0.7300000
Epoch: 343, Train Loss: 0.4939710, Train Acc: 0.7366667, Test Acc: 0.7400000
Epoch: 344, Train Loss: 0.4938011, Train Acc: 0.7366667, Test Acc: 0.7300000
Epoch: 345, Train Loss: 0.4938710, Train Acc: 0.7377778, Test Acc: 0.7400000
Epoch: 346, Train Loss: 0.4937852, Train Acc: 0.7355556, Test Acc: 0.7300000
Epoch: 347, Train Loss: 0.4942807, Train Acc: 0.7388889, Test Acc: 0.7500000
Epoch: 348, Train Loss: 0.4938433, Train Acc: 0.7366667, Test Acc: 0.7300000
Epoch: 349, Train Loss: 0.4938659, Train Acc: 0.7377778, Test Acc: 0.7300000
Epoch: 350, Train Loss: 0.4938067, Train Acc: 0.7411111, Test Acc: 0.7300000
Epoch: 351, Train Loss: 0.4936688, Train Acc: 0.7377778, Test Acc: 0.7300000
Epoch: 352, Train Loss: 0.4943316, Train Acc: 0.7422222, Test Acc: 0.7400000
Epoch: 353, Train Loss: 0.4963635, Train Acc: 0.7333333, Test Acc: 0.7400000
Epoch: 354, Train Loss: 0.4956614, Train Acc: 0.7388889, Test Acc: 0.7400000
Epoch: 355, Train Loss: 0.4942772, Train Acc: 0.7388889, Test Acc: 0.7300000
Epoch: 356, Train Loss: 0.4936161, Train Acc: 0.7377778, Test Acc: 0.7300000
Epoch: 357, Train Loss: 0.4939159, Train Acc: 0.7411111, Test Acc: 0.7400000
Epoch: 358, Train Loss: 0.4942312, Train Acc: 0.7411111, Test Acc: 0.7400000
Epoch: 359, Train Loss: 0.4945359, Train Acc: 0.7400000, Test Acc: 0.7500000
Epoch: 360, Train Loss: 0.4936682, Train Acc: 0.7377778, Test Acc: 0.7300000
Epoch: 361, Train Loss: 0.4935734, Train Acc: 0.7388889, Test Acc: 0.7300000
Epoch: 362, Train Loss: 0.4936031, Train Acc: 0.7377778, Test Acc: 0.7300000
Epoch: 363, Train Loss: 0.4946623, Train Acc: 0.7322222, Test Acc: 0.7300000
Epoch: 364, Train Loss: 0.4937873, Train Acc: 0.7377778, Test Acc: 0.7300000
Epoch: 365, Train Loss: 0.4937155, Train Acc: 0.7388889, Test Acc: 0.7300000
Epoch: 366, Train Loss: 0.4935398, Train Acc: 0.7388889, Test Acc: 0.7300000
Epoch: 367, Train Loss: 0.4933913, Train Acc: 0.7400000, Test Acc: 0.7300000
Epoch: 368, Train Loss: 0.4934776, Train Acc: 0.7411111, Test Acc: 0.7400000
Epoch: 369, Train Loss: 0.4933434, Train Acc: 0.7400000, Test Acc: 0.7300000
Epoch: 370, Train Loss: 0.4935074, Train Acc: 0.7388889, Test Acc: 0.7300000
Epoch: 371, Train Loss: 0.4934311, Train Acc: 0.7388889, Test Acc: 0.7400000
Epoch: 372, Train Loss: 0.4935350, Train Acc: 0.7411111, Test Acc: 0.7400000
Epoch: 373, Train Loss: 0.4936118, Train Acc: 0.7422222, Test Acc: 0.7500000
Epoch: 374, Train Loss: 0.4932576, Train Acc: 0.7388889, Test Acc: 0.7300000
Epoch: 375, Train Loss: 0.4933091, Train Acc: 0.7366667, Test Acc: 0.7300000
Epoch: 376, Train Loss: 0.4933514, Train Acc: 0.7355556, Test Acc: 0.7300000
Epoch: 377, Train Loss: 0.4932272, Train Acc: 0.7377778, Test Acc: 0.7400000
Epoch: 378, Train Loss: 0.4932547, Train Acc: 0.7355556, Test Acc: 0.7400000
Epoch: 379, Train Loss: 0.4932388, Train Acc: 0.7355556, Test Acc: 0.7300000
Epoch: 380, Train Loss: 0.4938556, Train Acc: 0.7377778, Test Acc: 0.7300000
Epoch: 381, Train Loss: 0.4935820, Train Acc: 0.7377778, Test Acc: 0.7300000
Epoch: 382, Train Loss: 0.4930984, Train Acc: 0.7377778, Test Acc: 0.7300000
Epoch: 383, Train Loss: 0.4931475, Train Acc: 0.7388889, Test Acc: 0.7400000
Epoch: 384, Train Loss: 0.4934501, Train Acc: 0.7422222, Test Acc: 0.7400000
Epoch: 385, Train Loss: 0.4933573, Train Acc: 0.7388889, Test Acc: 0.7400000
Epoch: 386, Train Loss: 0.4931370, Train Acc: 0.7400000, Test Acc: 0.7400000
Epoch: 387, Train Loss: 0.4932825, Train Acc: 0.7422222, Test Acc: 0.7500000
Epoch: 388, Train Loss: 0.4929710, Train Acc: 0.7400000, Test Acc: 0.7300000
Epoch: 389, Train Loss: 0.4932260, Train Acc: 0.7377778, Test Acc: 0.7300000
Epoch: 390, Train Loss: 0.4929699, Train Acc: 0.7377778, Test Acc: 0.7300000
Epoch: 391, Train Loss: 0.4929702, Train Acc: 0.7400000, Test Acc: 0.7400000
Epoch: 392, Train Loss: 0.4931554, Train Acc: 0.7422222, Test Acc: 0.7500000
Epoch: 393, Train Loss: 0.4929695, Train Acc: 0.7388889, Test Acc: 0.7400000
Epoch: 394, Train Loss: 0.4928726, Train Acc: 0.7400000, Test Acc: 0.7400000
Epoch: 395, Train Loss: 0.4929295, Train Acc: 0.7400000, Test Acc: 0.7400000
Epoch: 396, Train Loss: 0.4928165, Train Acc: 0.7388889, Test Acc: 0.7400000
Epoch: 397, Train Loss: 0.4927858, Train Acc: 0.7400000, Test Acc: 0.7400000
Epoch: 398, Train Loss: 0.4927689, Train Acc: 0.7400000, Test Acc: 0.7400000
Epoch: 399, Train Loss: 0.4927839, Train Acc: 0.7411111, Test Acc: 0.7300000
Epoch: 400, Train Loss: 0.4926801, Train Acc: 0.7400000, Test Acc: 0.7400000
--------
Best Test Acc:   0.77_0.0, Epoch: 123
Best Train Loss: 0.4926801468928655_0.0
Best Train Acc:  0.7422222222222222_0.0
FOLD1, IMDB-BINARY, 1673244869/51ecea9_GSOE[-0.2, -0.25, -0.3, -0.35, -0.4]P[[1, 2], [1, 2], [1, 2], [1, 2], [1, 2]]I1_ReLU_NM_4_256_0_0.001_40_0.6_0_B64S0W8, BT=0.77_0.0, BE=123, ID=51ecea938e8b7bfc38be462eb05bc437ae1578b4
train_set : test_set = %d : %d 900 100
-------- FOLD1 DATASET=IMDB-BINARY, COMMIT_ID=51ecea938e8b7bfc38be462eb05bc437ae1578b4
Without batch_norm.
#Params: 927490
Epoch: 001, Train Loss: 0.6356600, Train Acc: 0.6433333, Test Acc: 0.6500000
Epoch: 002, Train Loss: 0.5692646, Train Acc: 0.7177778, Test Acc: 0.7400000
Epoch: 003, Train Loss: 0.5586721, Train Acc: 0.7222222, Test Acc: 0.7300000
Epoch: 004, Train Loss: 0.5846845, Train Acc: 0.6833333, Test Acc: 0.6600000
Epoch: 005, Train Loss: 0.6111520, Train Acc: 0.6666667, Test Acc: 0.5800000
Epoch: 006, Train Loss: 0.5634967, Train Acc: 0.7100000, Test Acc: 0.7200000
Epoch: 007, Train Loss: 0.5490360, Train Acc: 0.7222222, Test Acc: 0.7300000
Epoch: 008, Train Loss: 0.6038835, Train Acc: 0.6755556, Test Acc: 0.6800000
Epoch: 009, Train Loss: 0.5385262, Train Acc: 0.7077778, Test Acc: 0.7100000
Epoch: 010, Train Loss: 0.5349822, Train Acc: 0.7277778, Test Acc: 0.7400000
Epoch: 011, Train Loss: 0.5359501, Train Acc: 0.7144444, Test Acc: 0.6900000
Epoch: 012, Train Loss: 0.5701813, Train Acc: 0.6844444, Test Acc: 0.6800000
Epoch: 013, Train Loss: 0.5328682, Train Acc: 0.7211111, Test Acc: 0.7200000
Epoch: 014, Train Loss: 0.5579229, Train Acc: 0.6988889, Test Acc: 0.6800000
Epoch: 015, Train Loss: 0.5522579, Train Acc: 0.6966667, Test Acc: 0.6700000
Epoch: 016, Train Loss: 0.5505449, Train Acc: 0.6911111, Test Acc: 0.6600000
Epoch: 017, Train Loss: 0.5590991, Train Acc: 0.7100000, Test Acc: 0.7300000
Epoch: 018, Train Loss: 0.5340685, Train Acc: 0.7222222, Test Acc: 0.7100000
Epoch: 019, Train Loss: 0.5423687, Train Acc: 0.7066667, Test Acc: 0.7000000
Epoch: 020, Train Loss: 0.5357340, Train Acc: 0.7188889, Test Acc: 0.7100000
Epoch: 021, Train Loss: 0.5351454, Train Acc: 0.7188889, Test Acc: 0.7400000
Epoch: 022, Train Loss: 0.5302090, Train Acc: 0.7188889, Test Acc: 0.7300000
Epoch: 023, Train Loss: 0.5374231, Train Acc: 0.7111111, Test Acc: 0.6900000
Epoch: 024, Train Loss: 0.5399339, Train Acc: 0.6933333, Test Acc: 0.7100000
Epoch: 025, Train Loss: 0.5257026, Train Acc: 0.7266667, Test Acc: 0.7300000
Epoch: 026, Train Loss: 0.5277786, Train Acc: 0.7200000, Test Acc: 0.7300000
Epoch: 027, Train Loss: 0.5582619, Train Acc: 0.6922222, Test Acc: 0.6400000
Epoch: 028, Train Loss: 0.5891245, Train Acc: 0.6433333, Test Acc: 0.6100000
Epoch: 029, Train Loss: 0.5435425, Train Acc: 0.7033333, Test Acc: 0.7200000
Epoch: 030, Train Loss: 0.5380429, Train Acc: 0.7244444, Test Acc: 0.7200000
Epoch: 031, Train Loss: 0.5921124, Train Acc: 0.6444444, Test Acc: 0.6100000
Epoch: 032, Train Loss: 0.9921424, Train Acc: 0.6822222, Test Acc: 0.7200000
Epoch: 033, Train Loss: 0.5676214, Train Acc: 0.6900000, Test Acc: 0.6900000
Epoch: 034, Train Loss: 0.5397786, Train Acc: 0.7088889, Test Acc: 0.6800000
Epoch: 035, Train Loss: 0.5832155, Train Acc: 0.6577778, Test Acc: 0.6500000
Epoch: 036, Train Loss: 0.5367744, Train Acc: 0.7100000, Test Acc: 0.6800000
Epoch: 037, Train Loss: 0.5354165, Train Acc: 0.7144444, Test Acc: 0.7000000
Epoch: 038, Train Loss: 0.5900155, Train Acc: 0.6977778, Test Acc: 0.6900000
Epoch: 039, Train Loss: 0.5618616, Train Acc: 0.7044444, Test Acc: 0.7300000
Epoch: 040, Train Loss: 0.5555983, Train Acc: 0.7000000, Test Acc: 0.7100000
Epoch: 041, Train Loss: 0.5358843, Train Acc: 0.7288889, Test Acc: 0.7400000
Epoch: 042, Train Loss: 0.5293754, Train Acc: 0.7311111, Test Acc: 0.7400000
Epoch: 043, Train Loss: 0.5479058, Train Acc: 0.6966667, Test Acc: 0.7100000
Epoch: 044, Train Loss: 0.5488978, Train Acc: 0.6911111, Test Acc: 0.6900000
Epoch: 045, Train Loss: 0.5285714, Train Acc: 0.7255556, Test Acc: 0.7300000
Epoch: 046, Train Loss: 0.5386925, Train Acc: 0.7255556, Test Acc: 0.7300000
Epoch: 047, Train Loss: 0.6091118, Train Acc: 0.6455556, Test Acc: 0.6400000
Epoch: 048, Train Loss: 0.5394121, Train Acc: 0.7177778, Test Acc: 0.7300000
Epoch: 049, Train Loss: 0.5374879, Train Acc: 0.7144444, Test Acc: 0.7200000
Epoch: 050, Train Loss: 0.5498738, Train Acc: 0.7088889, Test Acc: 0.7100000
Epoch: 051, Train Loss: 0.5245897, Train Acc: 0.7277778, Test Acc: 0.7400000
Epoch: 052, Train Loss: 0.5518518, Train Acc: 0.6888889, Test Acc: 0.6900000
Epoch: 053, Train Loss: 0.5495717, Train Acc: 0.6922222, Test Acc: 0.6600000
Epoch: 054, Train Loss: 0.5329354, Train Acc: 0.7311111, Test Acc: 0.7300000
Epoch: 055, Train Loss: 0.5526168, Train Acc: 0.7166667, Test Acc: 0.7300000
Epoch: 056, Train Loss: 0.7491359, Train Acc: 0.6422222, Test Acc: 0.6700000
Epoch: 057, Train Loss: 0.5271505, Train Acc: 0.7277778, Test Acc: 0.7500000
Epoch: 058, Train Loss: 0.5236891, Train Acc: 0.7288889, Test Acc: 0.7300000
Epoch: 059, Train Loss: 0.5233516, Train Acc: 0.7288889, Test Acc: 0.7400000
Epoch: 060, Train Loss: 0.5196566, Train Acc: 0.7288889, Test Acc: 0.7300000
Epoch: 061, Train Loss: 0.5230279, Train Acc: 0.7244444, Test Acc: 0.7300000
Epoch: 062, Train Loss: 0.5310052, Train Acc: 0.7000000, Test Acc: 0.7100000
Epoch: 063, Train Loss: 0.5170233, Train Acc: 0.7288889, Test Acc: 0.7400000
Epoch: 064, Train Loss: 0.5155536, Train Acc: 0.7322222, Test Acc: 0.7300000
Epoch: 065, Train Loss: 0.5165815, Train Acc: 0.7277778, Test Acc: 0.7300000
Epoch: 066, Train Loss: 0.5140939, Train Acc: 0.7311111, Test Acc: 0.7400000
Epoch: 067, Train Loss: 0.5286595, Train Acc: 0.7122222, Test Acc: 0.7300000
Epoch: 068, Train Loss: 0.5286478, Train Acc: 0.7088889, Test Acc: 0.7300000
Epoch: 069, Train Loss: 0.5196823, Train Acc: 0.7311111, Test Acc: 0.7200000
Epoch: 070, Train Loss: 0.5118351, Train Acc: 0.7277778, Test Acc: 0.7200000
Epoch: 071, Train Loss: 0.5145416, Train Acc: 0.7255556, Test Acc: 0.7300000
Epoch: 072, Train Loss: 0.5185943, Train Acc: 0.7233333, Test Acc: 0.7400000
Epoch: 073, Train Loss: 0.5158568, Train Acc: 0.7288889, Test Acc: 0.7300000
Epoch: 074, Train Loss: 0.5342998, Train Acc: 0.7000000, Test Acc: 0.7100000
Epoch: 075, Train Loss: 0.5153989, Train Acc: 0.7244444, Test Acc: 0.7500000
Epoch: 076, Train Loss: 0.5272500, Train Acc: 0.7088889, Test Acc: 0.7100000
Epoch: 077, Train Loss: 0.5151710, Train Acc: 0.7233333, Test Acc: 0.7200000
Epoch: 078, Train Loss: 0.5232019, Train Acc: 0.7166667, Test Acc: 0.7000000
Epoch: 079, Train Loss: 0.5088252, Train Acc: 0.7300000, Test Acc: 0.7200000
Epoch: 080, Train Loss: 0.5131330, Train Acc: 0.7133333, Test Acc: 0.7100000
Epoch: 081, Train Loss: 0.5142493, Train Acc: 0.7133333, Test Acc: 0.7200000
Epoch: 082, Train Loss: 0.5127338, Train Acc: 0.7177778, Test Acc: 0.7300000
Epoch: 083, Train Loss: 0.5119745, Train Acc: 0.7111111, Test Acc: 0.7200000
Epoch: 084, Train Loss: 0.5024533, Train Acc: 0.7322222, Test Acc: 0.7400000
Epoch: 085, Train Loss: 0.5138030, Train Acc: 0.7244444, Test Acc: 0.7300000
Epoch: 086, Train Loss: 0.5165932, Train Acc: 0.7100000, Test Acc: 0.7200000
Epoch: 087, Train Loss: 0.5076135, Train Acc: 0.7311111, Test Acc: 0.7400000
Epoch: 088, Train Loss: 0.5040380, Train Acc: 0.7255556, Test Acc: 0.7300000
Epoch: 089, Train Loss: 0.5053967, Train Acc: 0.7244444, Test Acc: 0.7400000
Epoch: 090, Train Loss: 0.5042029, Train Acc: 0.7244444, Test Acc: 0.7400000
Epoch: 091, Train Loss: 0.5166192, Train Acc: 0.7177778, Test Acc: 0.7400000
Epoch: 092, Train Loss: 0.5019931, Train Acc: 0.7333333, Test Acc: 0.7700000
Epoch: 093, Train Loss: 0.5028201, Train Acc: 0.7255556, Test Acc: 0.7400000
Epoch: 094, Train Loss: 0.5029048, Train Acc: 0.7233333, Test Acc: 0.7500000
Epoch: 095, Train Loss: 0.5187840, Train Acc: 0.7211111, Test Acc: 0.7700000
Epoch: 096, Train Loss: 0.5042739, Train Acc: 0.7233333, Test Acc: 0.7200000
Epoch: 097, Train Loss: 0.4979903, Train Acc: 0.7300000, Test Acc: 0.7600000
Epoch: 098, Train Loss: 0.5102375, Train Acc: 0.7188889, Test Acc: 0.7400000
Epoch: 099, Train Loss: 0.5074660, Train Acc: 0.7222222, Test Acc: 0.7400000
Epoch: 100, Train Loss: 0.5132232, Train Acc: 0.7255556, Test Acc: 0.7500000
Epoch: 101, Train Loss: 0.5055374, Train Acc: 0.7211111, Test Acc: 0.7300000
Epoch: 102, Train Loss: 0.5005087, Train Acc: 0.7300000, Test Acc: 0.7500000
Epoch: 103, Train Loss: 0.4975636, Train Acc: 0.7322222, Test Acc: 0.7500000
Epoch: 104, Train Loss: 0.4961414, Train Acc: 0.7288889, Test Acc: 0.7600000
Epoch: 105, Train Loss: 0.5071926, Train Acc: 0.7333333, Test Acc: 0.7700000
Epoch: 106, Train Loss: 0.5016920, Train Acc: 0.7300000, Test Acc: 0.7200000
Epoch: 107, Train Loss: 0.5285858, Train Acc: 0.7277778, Test Acc: 0.7400000
Epoch: 108, Train Loss: 0.5209183, Train Acc: 0.7277778, Test Acc: 0.7400000
Epoch: 109, Train Loss: 0.5211911, Train Acc: 0.7277778, Test Acc: 0.7500000
Epoch: 110, Train Loss: 0.5272046, Train Acc: 0.7200000, Test Acc: 0.7300000
Epoch: 111, Train Loss: 0.5206336, Train Acc: 0.7200000, Test Acc: 0.7400000
Epoch: 112, Train Loss: 0.5138962, Train Acc: 0.7300000, Test Acc: 0.7300000
Epoch: 113, Train Loss: 0.5170639, Train Acc: 0.7166667, Test Acc: 0.7000000
Epoch: 114, Train Loss: 0.5111545, Train Acc: 0.7255556, Test Acc: 0.7200000
Epoch: 115, Train Loss: 0.5152808, Train Acc: 0.7266667, Test Acc: 0.7300000
Epoch: 116, Train Loss: 0.5074519, Train Acc: 0.7288889, Test Acc: 0.7300000
Epoch: 117, Train Loss: 0.5331823, Train Acc: 0.7100000, Test Acc: 0.7200000
Epoch: 118, Train Loss: 0.5180013, Train Acc: 0.7244444, Test Acc: 0.7500000
Epoch: 119, Train Loss: 0.5161327, Train Acc: 0.7244444, Test Acc: 0.7300000
Epoch: 120, Train Loss: 0.5093988, Train Acc: 0.7322222, Test Acc: 0.7300000
Epoch: 121, Train Loss: 0.5062552, Train Acc: 0.7344444, Test Acc: 0.7400000
Epoch: 122, Train Loss: 0.5085774, Train Acc: 0.7277778, Test Acc: 0.7300000
Epoch: 123, Train Loss: 0.5044010, Train Acc: 0.7288889, Test Acc: 0.7300000
Epoch: 124, Train Loss: 0.5068659, Train Acc: 0.7311111, Test Acc: 0.7400000
Epoch: 125, Train Loss: 0.5042814, Train Acc: 0.7311111, Test Acc: 0.7300000
Epoch: 126, Train Loss: 0.5063078, Train Acc: 0.7333333, Test Acc: 0.7400000
Epoch: 127, Train Loss: 0.5070468, Train Acc: 0.7244444, Test Acc: 0.7300000
Epoch: 128, Train Loss: 0.5109178, Train Acc: 0.7277778, Test Acc: 0.7500000
Epoch: 129, Train Loss: 0.5059695, Train Acc: 0.7344444, Test Acc: 0.7400000
Epoch: 130, Train Loss: 0.5035510, Train Acc: 0.7311111, Test Acc: 0.7300000
Epoch: 131, Train Loss: 0.5004606, Train Acc: 0.7333333, Test Acc: 0.7400000
Epoch: 132, Train Loss: 0.4987251, Train Acc: 0.7300000, Test Acc: 0.7300000
Epoch: 133, Train Loss: 0.5013726, Train Acc: 0.7266667, Test Acc: 0.7200000
Epoch: 134, Train Loss: 0.4983777, Train Acc: 0.7333333, Test Acc: 0.7400000
Epoch: 135, Train Loss: 0.4972501, Train Acc: 0.7333333, Test Acc: 0.7400000
Epoch: 136, Train Loss: 0.4975152, Train Acc: 0.7288889, Test Acc: 0.7300000
Epoch: 137, Train Loss: 0.4950825, Train Acc: 0.7311111, Test Acc: 0.7300000
Epoch: 138, Train Loss: 0.4968164, Train Acc: 0.7355556, Test Acc: 0.7300000
Epoch: 139, Train Loss: 0.5119154, Train Acc: 0.7144444, Test Acc: 0.7100000
Epoch: 140, Train Loss: 0.4975310, Train Acc: 0.7344444, Test Acc: 0.7400000
Epoch: 141, Train Loss: 0.5023750, Train Acc: 0.7311111, Test Acc: 0.7200000
Epoch: 142, Train Loss: 0.4941654, Train Acc: 0.7300000, Test Acc: 0.7300000
Epoch: 143, Train Loss: 0.4940928, Train Acc: 0.7266667, Test Acc: 0.7300000
Epoch: 144, Train Loss: 0.4931987, Train Acc: 0.7333333, Test Acc: 0.7400000
Epoch: 145, Train Loss: 0.4987128, Train Acc: 0.7311111, Test Acc: 0.7400000
Epoch: 146, Train Loss: 0.5034699, Train Acc: 0.7266667, Test Acc: 0.7400000
Epoch: 147, Train Loss: 0.4942337, Train Acc: 0.7388889, Test Acc: 0.7300000
Epoch: 148, Train Loss: 0.4917638, Train Acc: 0.7311111, Test Acc: 0.7300000
Epoch: 149, Train Loss: 0.4906775, Train Acc: 0.7300000, Test Acc: 0.7300000
Epoch: 150, Train Loss: 0.4898562, Train Acc: 0.7366667, Test Acc: 0.7600000
Epoch: 151, Train Loss: 0.4968472, Train Acc: 0.7122222, Test Acc: 0.7400000
Epoch: 152, Train Loss: 0.4929677, Train Acc: 0.7344444, Test Acc: 0.7600000
Epoch: 153, Train Loss: 0.4892040, Train Acc: 0.7311111, Test Acc: 0.7600000
Epoch: 154, Train Loss: 0.4893185, Train Acc: 0.7344444, Test Acc: 0.7500000
Epoch: 155, Train Loss: 0.4913512, Train Acc: 0.7377778, Test Acc: 0.7500000
Epoch: 156, Train Loss: 0.4893063, Train Acc: 0.7344444, Test Acc: 0.7400000
Epoch: 157, Train Loss: 0.4900180, Train Acc: 0.7300000, Test Acc: 0.7600000
Epoch: 158, Train Loss: 0.4906645, Train Acc: 0.7400000, Test Acc: 0.7500000
Epoch: 159, Train Loss: 0.4884617, Train Acc: 0.7377778, Test Acc: 0.7300000
Epoch: 160, Train Loss: 0.4881292, Train Acc: 0.7333333, Test Acc: 0.7400000
Epoch: 161, Train Loss: 0.4860519, Train Acc: 0.7355556, Test Acc: 0.7500000
Epoch: 162, Train Loss: 0.4864936, Train Acc: 0.7355556, Test Acc: 0.7400000
Epoch: 163, Train Loss: 0.4856944, Train Acc: 0.7355556, Test Acc: 0.7500000
Epoch: 164, Train Loss: 0.4857986, Train Acc: 0.7366667, Test Acc: 0.7500000
Epoch: 165, Train Loss: 0.4869869, Train Acc: 0.7311111, Test Acc: 0.7400000
Epoch: 166, Train Loss: 0.4855581, Train Acc: 0.7388889, Test Acc: 0.7600000
Epoch: 167, Train Loss: 0.4873514, Train Acc: 0.7277778, Test Acc: 0.7300000
Epoch: 168, Train Loss: 0.4849583, Train Acc: 0.7400000, Test Acc: 0.7500000
Epoch: 169, Train Loss: 0.4846042, Train Acc: 0.7355556, Test Acc: 0.7300000
Epoch: 170, Train Loss: 0.4854234, Train Acc: 0.7333333, Test Acc: 0.7500000
Epoch: 171, Train Loss: 0.4858358, Train Acc: 0.7344444, Test Acc: 0.7500000
Epoch: 172, Train Loss: 0.4852523, Train Acc: 0.7300000, Test Acc: 0.7500000
Epoch: 173, Train Loss: 0.4859101, Train Acc: 0.7333333, Test Acc: 0.7300000
Epoch: 174, Train Loss: 0.4848818, Train Acc: 0.7322222, Test Acc: 0.7300000
Epoch: 175, Train Loss: 0.4960847, Train Acc: 0.7277778, Test Acc: 0.7500000
Epoch: 176, Train Loss: 0.4901309, Train Acc: 0.7288889, Test Acc: 0.7300000
Epoch: 177, Train Loss: 0.4866276, Train Acc: 0.7333333, Test Acc: 0.7300000
Epoch: 178, Train Loss: 0.4890936, Train Acc: 0.7300000, Test Acc: 0.7400000
Epoch: 179, Train Loss: 0.4852431, Train Acc: 0.7388889, Test Acc: 0.7500000
Epoch: 180, Train Loss: 0.4831883, Train Acc: 0.7366667, Test Acc: 0.7600000
Epoch: 181, Train Loss: 0.4822496, Train Acc: 0.7333333, Test Acc: 0.7500000
Epoch: 182, Train Loss: 0.4816988, Train Acc: 0.7366667, Test Acc: 0.7500000
Epoch: 183, Train Loss: 0.4816283, Train Acc: 0.7344444, Test Acc: 0.7600000
Epoch: 184, Train Loss: 0.4810025, Train Acc: 0.7388889, Test Acc: 0.7500000
Epoch: 185, Train Loss: 0.4816159, Train Acc: 0.7400000, Test Acc: 0.7600000
Epoch: 186, Train Loss: 0.4808814, Train Acc: 0.7355556, Test Acc: 0.7500000
Epoch: 187, Train Loss: 0.4800260, Train Acc: 0.7422222, Test Acc: 0.7500000
Epoch: 188, Train Loss: 0.4796588, Train Acc: 0.7388889, Test Acc: 0.7600000
Epoch: 189, Train Loss: 0.4803855, Train Acc: 0.7311111, Test Acc: 0.7500000
Epoch: 190, Train Loss: 0.4812892, Train Acc: 0.7322222, Test Acc: 0.7600000
Epoch: 191, Train Loss: 0.4788447, Train Acc: 0.7411111, Test Acc: 0.7500000
Epoch: 192, Train Loss: 0.4795302, Train Acc: 0.7355556, Test Acc: 0.7300000
Epoch: 193, Train Loss: 0.4794454, Train Acc: 0.7422222, Test Acc: 0.7500000
Epoch: 194, Train Loss: 0.4803978, Train Acc: 0.7366667, Test Acc: 0.7500000
Epoch: 195, Train Loss: 0.4777264, Train Acc: 0.7388889, Test Acc: 0.7600000
Epoch: 196, Train Loss: 0.4771295, Train Acc: 0.7400000, Test Acc: 0.7600000
Epoch: 197, Train Loss: 0.4805695, Train Acc: 0.7355556, Test Acc: 0.7400000
Epoch: 198, Train Loss: 0.4775656, Train Acc: 0.7411111, Test Acc: 0.7500000
Epoch: 199, Train Loss: 0.4905517, Train Acc: 0.7288889, Test Acc: 0.7600000
Epoch: 200, Train Loss: 0.4819527, Train Acc: 0.7411111, Test Acc: 0.7600000
Epoch: 201, Train Loss: 0.4795177, Train Acc: 0.7377778, Test Acc: 0.7400000
Epoch: 202, Train Loss: 0.4785300, Train Acc: 0.7388889, Test Acc: 0.7500000
Epoch: 203, Train Loss: 0.4775592, Train Acc: 0.7411111, Test Acc: 0.7500000
Epoch: 204, Train Loss: 0.4774488, Train Acc: 0.7400000, Test Acc: 0.7500000
Epoch: 205, Train Loss: 0.4776895, Train Acc: 0.7411111, Test Acc: 0.7600000
Epoch: 206, Train Loss: 0.4766393, Train Acc: 0.7377778, Test Acc: 0.7400000
Epoch: 207, Train Loss: 0.4758297, Train Acc: 0.7388889, Test Acc: 0.7600000
Epoch: 208, Train Loss: 0.4756647, Train Acc: 0.7400000, Test Acc: 0.7600000
Epoch: 209, Train Loss: 0.4785929, Train Acc: 0.7411111, Test Acc: 0.7600000
Epoch: 210, Train Loss: 0.4772580, Train Acc: 0.7433333, Test Acc: 0.7600000
Epoch: 211, Train Loss: 0.4752949, Train Acc: 0.7411111, Test Acc: 0.7500000
Epoch: 212, Train Loss: 0.4765259, Train Acc: 0.7411111, Test Acc: 0.7600000
Epoch: 213, Train Loss: 0.4753365, Train Acc: 0.7455556, Test Acc: 0.7600000
Epoch: 214, Train Loss: 0.4759697, Train Acc: 0.7400000, Test Acc: 0.7600000
Epoch: 215, Train Loss: 0.4764605, Train Acc: 0.7388889, Test Acc: 0.7500000
Epoch: 216, Train Loss: 0.4750908, Train Acc: 0.7433333, Test Acc: 0.7500000
Epoch: 217, Train Loss: 0.4742781, Train Acc: 0.7444444, Test Acc: 0.7600000
Epoch: 218, Train Loss: 0.4739277, Train Acc: 0.7433333, Test Acc: 0.7600000
Epoch: 219, Train Loss: 0.4731920, Train Acc: 0.7433333, Test Acc: 0.7500000
Epoch: 220, Train Loss: 0.4732013, Train Acc: 0.7444444, Test Acc: 0.7500000
Epoch: 221, Train Loss: 0.4744241, Train Acc: 0.7377778, Test Acc: 0.7600000
Epoch: 222, Train Loss: 0.4815675, Train Acc: 0.7455556, Test Acc: 0.7600000
Epoch: 223, Train Loss: 0.4791993, Train Acc: 0.7411111, Test Acc: 0.7600000
Epoch: 224, Train Loss: 0.4800493, Train Acc: 0.7366667, Test Acc: 0.7500000
Epoch: 225, Train Loss: 0.4740939, Train Acc: 0.7422222, Test Acc: 0.7400000
Epoch: 226, Train Loss: 0.4728492, Train Acc: 0.7455556, Test Acc: 0.7500000
Epoch: 227, Train Loss: 0.4743918, Train Acc: 0.7422222, Test Acc: 0.7500000
Epoch: 228, Train Loss: 0.4726101, Train Acc: 0.7433333, Test Acc: 0.7500000
Epoch: 229, Train Loss: 0.4723998, Train Acc: 0.7444444, Test Acc: 0.7600000
Epoch: 230, Train Loss: 0.4721892, Train Acc: 0.7455556, Test Acc: 0.7500000
Epoch: 231, Train Loss: 0.4717703, Train Acc: 0.7455556, Test Acc: 0.7500000
Epoch: 232, Train Loss: 0.4720128, Train Acc: 0.7444444, Test Acc: 0.7600000
Epoch: 233, Train Loss: 0.4714982, Train Acc: 0.7422222, Test Acc: 0.7600000
Epoch: 234, Train Loss: 0.4724463, Train Acc: 0.7377778, Test Acc: 0.7300000
Epoch: 235, Train Loss: 0.4716705, Train Acc: 0.7444444, Test Acc: 0.7400000
Epoch: 236, Train Loss: 0.4726248, Train Acc: 0.7400000, Test Acc: 0.7400000
Epoch: 237, Train Loss: 0.4740051, Train Acc: 0.7422222, Test Acc: 0.7400000
Epoch: 238, Train Loss: 0.4714816, Train Acc: 0.7433333, Test Acc: 0.7600000
Epoch: 239, Train Loss: 0.4711241, Train Acc: 0.7433333, Test Acc: 0.7600000
Epoch: 240, Train Loss: 0.4693380, Train Acc: 0.7488889, Test Acc: 0.7500000
Epoch: 241, Train Loss: 0.4693136, Train Acc: 0.7477778, Test Acc: 0.7500000
Epoch: 242, Train Loss: 0.4690323, Train Acc: 0.7466667, Test Acc: 0.7500000
Epoch: 243, Train Loss: 0.4695456, Train Acc: 0.7422222, Test Acc: 0.7500000
Epoch: 244, Train Loss: 0.4698856, Train Acc: 0.7466667, Test Acc: 0.7500000
Epoch: 245, Train Loss: 0.4684312, Train Acc: 0.7477778, Test Acc: 0.7500000
Epoch: 246, Train Loss: 0.4689494, Train Acc: 0.7433333, Test Acc: 0.7600000
Epoch: 247, Train Loss: 0.4747891, Train Acc: 0.7444444, Test Acc: 0.7800000
Epoch: 248, Train Loss: 0.4750952, Train Acc: 0.7400000, Test Acc: 0.7400000
Epoch: 249, Train Loss: 0.4702205, Train Acc: 0.7522222, Test Acc: 0.7700000
Epoch: 250, Train Loss: 0.4695776, Train Acc: 0.7455556, Test Acc: 0.7600000
Epoch: 251, Train Loss: 0.4684094, Train Acc: 0.7477778, Test Acc: 0.7500000
Epoch: 252, Train Loss: 0.4680389, Train Acc: 0.7477778, Test Acc: 0.7600000
Epoch: 253, Train Loss: 0.4682523, Train Acc: 0.7477778, Test Acc: 0.7600000
Epoch: 254, Train Loss: 0.4675994, Train Acc: 0.7433333, Test Acc: 0.7600000
Epoch: 255, Train Loss: 0.4671239, Train Acc: 0.7466667, Test Acc: 0.7600000
Epoch: 256, Train Loss: 0.4668658, Train Acc: 0.7433333, Test Acc: 0.7600000
Epoch: 257, Train Loss: 0.4668401, Train Acc: 0.7455556, Test Acc: 0.7600000
Epoch: 258, Train Loss: 0.4668216, Train Acc: 0.7455556, Test Acc: 0.7500000
Epoch: 259, Train Loss: 0.4667586, Train Acc: 0.7455556, Test Acc: 0.7600000
Epoch: 260, Train Loss: 0.4668662, Train Acc: 0.7466667, Test Acc: 0.7600000
Epoch: 261, Train Loss: 0.4662313, Train Acc: 0.7466667, Test Acc: 0.7600000
Epoch: 262, Train Loss: 0.4663071, Train Acc: 0.7433333, Test Acc: 0.7500000
Epoch: 263, Train Loss: 0.4668648, Train Acc: 0.7477778, Test Acc: 0.7500000
Epoch: 264, Train Loss: 0.4665384, Train Acc: 0.7466667, Test Acc: 0.7500000
Epoch: 265, Train Loss: 0.4674400, Train Acc: 0.7377778, Test Acc: 0.7500000
Epoch: 266, Train Loss: 0.4661324, Train Acc: 0.7511111, Test Acc: 0.7500000
Epoch: 267, Train Loss: 0.4666752, Train Acc: 0.7466667, Test Acc: 0.7600000
Epoch: 268, Train Loss: 0.4658268, Train Acc: 0.7466667, Test Acc: 0.7600000
Epoch: 269, Train Loss: 0.4656747, Train Acc: 0.7477778, Test Acc: 0.7600000
Epoch: 270, Train Loss: 0.4675680, Train Acc: 0.7477778, Test Acc: 0.7600000
Epoch: 271, Train Loss: 0.4657267, Train Acc: 0.7466667, Test Acc: 0.7600000
Epoch: 272, Train Loss: 0.4703555, Train Acc: 0.7444444, Test Acc: 0.7400000
Epoch: 273, Train Loss: 0.4686462, Train Acc: 0.7433333, Test Acc: 0.7500000
Epoch: 274, Train Loss: 0.4672926, Train Acc: 0.7477778, Test Acc: 0.7500000
Epoch: 275, Train Loss: 0.4646124, Train Acc: 0.7488889, Test Acc: 0.7600000
Epoch: 276, Train Loss: 0.4659487, Train Acc: 0.7488889, Test Acc: 0.7600000
Epoch: 277, Train Loss: 0.4643540, Train Acc: 0.7466667, Test Acc: 0.7600000
Epoch: 278, Train Loss: 0.4642405, Train Acc: 0.7488889, Test Acc: 0.7600000
Epoch: 279, Train Loss: 0.4659305, Train Acc: 0.7477778, Test Acc: 0.7700000
Epoch: 280, Train Loss: 0.4643088, Train Acc: 0.7488889, Test Acc: 0.7600000
Epoch: 281, Train Loss: 0.4644272, Train Acc: 0.7488889, Test Acc: 0.7600000
Epoch: 282, Train Loss: 0.4637377, Train Acc: 0.7466667, Test Acc: 0.7600000
Epoch: 283, Train Loss: 0.4634165, Train Acc: 0.7477778, Test Acc: 0.7600000
Epoch: 284, Train Loss: 0.4635804, Train Acc: 0.7444444, Test Acc: 0.7600000
Epoch: 285, Train Loss: 0.4636798, Train Acc: 0.7488889, Test Acc: 0.7500000
Epoch: 286, Train Loss: 0.4634571, Train Acc: 0.7455556, Test Acc: 0.7500000
Epoch: 287, Train Loss: 0.4631971, Train Acc: 0.7455556, Test Acc: 0.7600000
Epoch: 288, Train Loss: 0.4634649, Train Acc: 0.7500000, Test Acc: 0.7400000
Epoch: 289, Train Loss: 0.4647488, Train Acc: 0.7488889, Test Acc: 0.7400000
Epoch: 290, Train Loss: 0.4630622, Train Acc: 0.7488889, Test Acc: 0.7400000
Epoch: 291, Train Loss: 0.4628505, Train Acc: 0.7577778, Test Acc: 0.7400000
Epoch: 292, Train Loss: 0.4622796, Train Acc: 0.7544444, Test Acc: 0.7400000
Epoch: 293, Train Loss: 0.4621460, Train Acc: 0.7555556, Test Acc: 0.7400000
Epoch: 294, Train Loss: 0.4624159, Train Acc: 0.7522222, Test Acc: 0.7400000
Epoch: 295, Train Loss: 0.4620230, Train Acc: 0.7522222, Test Acc: 0.7400000
Epoch: 296, Train Loss: 0.4619319, Train Acc: 0.7500000, Test Acc: 0.7400000
Epoch: 297, Train Loss: 0.4620297, Train Acc: 0.7544444, Test Acc: 0.7300000
Epoch: 298, Train Loss: 0.4620196, Train Acc: 0.7511111, Test Acc: 0.7400000
Epoch: 299, Train Loss: 0.4633866, Train Acc: 0.7488889, Test Acc: 0.7500000
Epoch: 300, Train Loss: 0.4623972, Train Acc: 0.7488889, Test Acc: 0.7400000
Epoch: 301, Train Loss: 0.4617633, Train Acc: 0.7500000, Test Acc: 0.7400000
Epoch: 302, Train Loss: 0.4688195, Train Acc: 0.7488889, Test Acc: 0.7200000
Epoch: 303, Train Loss: 0.4674202, Train Acc: 0.7522222, Test Acc: 0.7300000
Epoch: 304, Train Loss: 0.4628225, Train Acc: 0.7555556, Test Acc: 0.7400000
Epoch: 305, Train Loss: 0.4622984, Train Acc: 0.7533333, Test Acc: 0.7500000
Epoch: 306, Train Loss: 0.4663243, Train Acc: 0.7555556, Test Acc: 0.7400000
Epoch: 307, Train Loss: 0.4657967, Train Acc: 0.7500000, Test Acc: 0.7400000
Epoch: 308, Train Loss: 0.4634754, Train Acc: 0.7500000, Test Acc: 0.7600000
Epoch: 309, Train Loss: 0.4622878, Train Acc: 0.7500000, Test Acc: 0.7500000
Epoch: 310, Train Loss: 0.4614378, Train Acc: 0.7533333, Test Acc: 0.7600000
Epoch: 311, Train Loss: 0.4612651, Train Acc: 0.7533333, Test Acc: 0.7400000
Epoch: 312, Train Loss: 0.4613159, Train Acc: 0.7555556, Test Acc: 0.7400000
Epoch: 313, Train Loss: 0.4621507, Train Acc: 0.7522222, Test Acc: 0.7300000
Epoch: 314, Train Loss: 0.4619998, Train Acc: 0.7477778, Test Acc: 0.7400000
Epoch: 315, Train Loss: 0.4615715, Train Acc: 0.7511111, Test Acc: 0.7400000
Epoch: 316, Train Loss: 0.4614787, Train Acc: 0.7522222, Test Acc: 0.7300000
Epoch: 317, Train Loss: 0.4608662, Train Acc: 0.7488889, Test Acc: 0.7300000
Epoch: 318, Train Loss: 0.4618130, Train Acc: 0.7500000, Test Acc: 0.7200000
Epoch: 319, Train Loss: 0.4628894, Train Acc: 0.7500000, Test Acc: 0.7300000
Epoch: 320, Train Loss: 0.4617392, Train Acc: 0.7544444, Test Acc: 0.7300000
Epoch: 321, Train Loss: 0.4604834, Train Acc: 0.7566667, Test Acc: 0.7400000
Epoch: 322, Train Loss: 0.4608231, Train Acc: 0.7544444, Test Acc: 0.7300000
Epoch: 323, Train Loss: 0.4600623, Train Acc: 0.7544444, Test Acc: 0.7300000
Epoch: 324, Train Loss: 0.4600910, Train Acc: 0.7544444, Test Acc: 0.7300000
Epoch: 325, Train Loss: 0.4598500, Train Acc: 0.7577778, Test Acc: 0.7400000
Epoch: 326, Train Loss: 0.4598084, Train Acc: 0.7555556, Test Acc: 0.7400000
Epoch: 327, Train Loss: 0.4599918, Train Acc: 0.7566667, Test Acc: 0.7400000
Epoch: 328, Train Loss: 0.4596178, Train Acc: 0.7577778, Test Acc: 0.7400000
Epoch: 329, Train Loss: 0.4600367, Train Acc: 0.7566667, Test Acc: 0.7300000
Epoch: 330, Train Loss: 0.4595914, Train Acc: 0.7566667, Test Acc: 0.7400000
Epoch: 331, Train Loss: 0.4596086, Train Acc: 0.7555556, Test Acc: 0.7500000
Epoch: 332, Train Loss: 0.4601677, Train Acc: 0.7544444, Test Acc: 0.7500000
Epoch: 333, Train Loss: 0.4593747, Train Acc: 0.7566667, Test Acc: 0.7400000
Epoch: 334, Train Loss: 0.4594936, Train Acc: 0.7566667, Test Acc: 0.7400000
Epoch: 335, Train Loss: 0.4592121, Train Acc: 0.7533333, Test Acc: 0.7400000
Epoch: 336, Train Loss: 0.4590527, Train Acc: 0.7555556, Test Acc: 0.7400000
Epoch: 337, Train Loss: 0.4590304, Train Acc: 0.7522222, Test Acc: 0.7400000
Epoch: 338, Train Loss: 0.4589430, Train Acc: 0.7577778, Test Acc: 0.7400000
Epoch: 339, Train Loss: 0.4589255, Train Acc: 0.7555556, Test Acc: 0.7400000
Epoch: 340, Train Loss: 0.4587997, Train Acc: 0.7566667, Test Acc: 0.7400000
Epoch: 341, Train Loss: 0.4586632, Train Acc: 0.7566667, Test Acc: 0.7400000
Epoch: 342, Train Loss: 0.4589762, Train Acc: 0.7544444, Test Acc: 0.7400000
Epoch: 343, Train Loss: 0.4586148, Train Acc: 0.7555556, Test Acc: 0.7400000
Epoch: 344, Train Loss: 0.4585954, Train Acc: 0.7566667, Test Acc: 0.7400000
Epoch: 345, Train Loss: 0.4585262, Train Acc: 0.7544444, Test Acc: 0.7400000
Epoch: 346, Train Loss: 0.4584675, Train Acc: 0.7566667, Test Acc: 0.7400000
Epoch: 347, Train Loss: 0.4583600, Train Acc: 0.7555556, Test Acc: 0.7400000
Epoch: 348, Train Loss: 0.4584813, Train Acc: 0.7555556, Test Acc: 0.7400000
Epoch: 349, Train Loss: 0.4596600, Train Acc: 0.7544444, Test Acc: 0.7400000
Epoch: 350, Train Loss: 0.4592550, Train Acc: 0.7533333, Test Acc: 0.7300000
Epoch: 351, Train Loss: 0.4585076, Train Acc: 0.7544444, Test Acc: 0.7300000
Epoch: 352, Train Loss: 0.4581909, Train Acc: 0.7566667, Test Acc: 0.7400000
Epoch: 353, Train Loss: 0.4580987, Train Acc: 0.7555556, Test Acc: 0.7400000
Epoch: 354, Train Loss: 0.4580061, Train Acc: 0.7555556, Test Acc: 0.7400000
Epoch: 355, Train Loss: 0.4581634, Train Acc: 0.7544444, Test Acc: 0.7400000
Epoch: 356, Train Loss: 0.4581906, Train Acc: 0.7566667, Test Acc: 0.7300000
Epoch: 357, Train Loss: 0.4582968, Train Acc: 0.7544444, Test Acc: 0.7300000
Epoch: 358, Train Loss: 0.4579386, Train Acc: 0.7544444, Test Acc: 0.7300000
Epoch: 359, Train Loss: 0.4578507, Train Acc: 0.7566667, Test Acc: 0.7300000
Epoch: 360, Train Loss: 0.4576092, Train Acc: 0.7588889, Test Acc: 0.7400000
Epoch: 361, Train Loss: 0.4577476, Train Acc: 0.7522222, Test Acc: 0.7400000
Epoch: 362, Train Loss: 0.4576343, Train Acc: 0.7533333, Test Acc: 0.7400000
Epoch: 363, Train Loss: 0.4574616, Train Acc: 0.7555556, Test Acc: 0.7400000
Epoch: 364, Train Loss: 0.4573977, Train Acc: 0.7566667, Test Acc: 0.7400000
Epoch: 365, Train Loss: 0.4573504, Train Acc: 0.7566667, Test Acc: 0.7400000
Epoch: 366, Train Loss: 0.4576095, Train Acc: 0.7566667, Test Acc: 0.7400000
Epoch: 367, Train Loss: 0.4576142, Train Acc: 0.7555556, Test Acc: 0.7400000
Epoch: 368, Train Loss: 0.4576002, Train Acc: 0.7533333, Test Acc: 0.7400000
Epoch: 369, Train Loss: 0.4573787, Train Acc: 0.7544444, Test Acc: 0.7400000
Epoch: 370, Train Loss: 0.4574867, Train Acc: 0.7555556, Test Acc: 0.7400000
Epoch: 371, Train Loss: 0.4576053, Train Acc: 0.7577778, Test Acc: 0.7300000
Epoch: 372, Train Loss: 0.4574006, Train Acc: 0.7577778, Test Acc: 0.7400000
Epoch: 373, Train Loss: 0.4576492, Train Acc: 0.7522222, Test Acc: 0.7400000
Epoch: 374, Train Loss: 0.4574496, Train Acc: 0.7544444, Test Acc: 0.7400000
Epoch: 375, Train Loss: 0.4572116, Train Acc: 0.7544444, Test Acc: 0.7400000
Epoch: 376, Train Loss: 0.4570790, Train Acc: 0.7544444, Test Acc: 0.7400000
Epoch: 377, Train Loss: 0.4570338, Train Acc: 0.7555556, Test Acc: 0.7400000
Epoch: 378, Train Loss: 0.4570043, Train Acc: 0.7533333, Test Acc: 0.7400000
Epoch: 379, Train Loss: 0.4569270, Train Acc: 0.7533333, Test Acc: 0.7400000
Epoch: 380, Train Loss: 0.4568649, Train Acc: 0.7555556, Test Acc: 0.7400000
Epoch: 381, Train Loss: 0.4568508, Train Acc: 0.7555556, Test Acc: 0.7400000
Epoch: 382, Train Loss: 0.4570076, Train Acc: 0.7533333, Test Acc: 0.7400000
Epoch: 383, Train Loss: 0.4569348, Train Acc: 0.7533333, Test Acc: 0.7400000
Epoch: 384, Train Loss: 0.4569945, Train Acc: 0.7566667, Test Acc: 0.7400000
Epoch: 385, Train Loss: 0.4568066, Train Acc: 0.7566667, Test Acc: 0.7400000
Epoch: 386, Train Loss: 0.4571288, Train Acc: 0.7566667, Test Acc: 0.7400000
Epoch: 387, Train Loss: 0.4572187, Train Acc: 0.7533333, Test Acc: 0.7400000
Epoch: 388, Train Loss: 0.4572171, Train Acc: 0.7511111, Test Acc: 0.7300000
Epoch: 389, Train Loss: 0.4570705, Train Acc: 0.7600000, Test Acc: 0.7300000
Epoch: 390, Train Loss: 0.4597005, Train Acc: 0.7577778, Test Acc: 0.7300000
Epoch: 391, Train Loss: 0.4596423, Train Acc: 0.7577778, Test Acc: 0.7300000
Epoch: 392, Train Loss: 0.4582005, Train Acc: 0.7555556, Test Acc: 0.7300000
Epoch: 393, Train Loss: 0.4571033, Train Acc: 0.7577778, Test Acc: 0.7300000
Epoch: 394, Train Loss: 0.4566788, Train Acc: 0.7566667, Test Acc: 0.7300000
Epoch: 395, Train Loss: 0.4565980, Train Acc: 0.7566667, Test Acc: 0.7300000
Epoch: 396, Train Loss: 0.4564359, Train Acc: 0.7566667, Test Acc: 0.7300000
Epoch: 397, Train Loss: 0.4564615, Train Acc: 0.7588889, Test Acc: 0.7300000
Epoch: 398, Train Loss: 0.4563321, Train Acc: 0.7566667, Test Acc: 0.7400000
Epoch: 399, Train Loss: 0.4568220, Train Acc: 0.7544444, Test Acc: 0.7300000
Epoch: 400, Train Loss: 0.4564056, Train Acc: 0.7566667, Test Acc: 0.7300000
--------
Best Test Acc:   0.76_0.010000000000000009, Epoch: 91
Best Train Loss: 0.4745428528719478_0.018137294020917683
Best Train Acc:  0.75_0.007777777777777772
FOLD2, IMDB-BINARY, 1673244869/51ecea9_GSOE[-0.2, -0.25, -0.3, -0.35, -0.4]P[[1, 2], [1, 2], [1, 2], [1, 2], [1, 2]]I1_ReLU_NM_4_256_0_0.001_40_0.6_0_B64S0W8, BT=0.76_0.010000000000000009, BE=91, ID=51ecea938e8b7bfc38be462eb05bc437ae1578b4
train_set : test_set = %d : %d 900 100
-------- FOLD2 DATASET=IMDB-BINARY, COMMIT_ID=51ecea938e8b7bfc38be462eb05bc437ae1578b4
Without batch_norm.
#Params: 927490
Epoch: 001, Train Loss: 0.5974655, Train Acc: 0.7200000, Test Acc: 0.7100000
Epoch: 002, Train Loss: 0.5720092, Train Acc: 0.6833333, Test Acc: 0.7300000
Epoch: 003, Train Loss: 0.5564309, Train Acc: 0.7255556, Test Acc: 0.7100000
Epoch: 004, Train Loss: 0.7066717, Train Acc: 0.6344444, Test Acc: 0.6200000
Epoch: 005, Train Loss: 0.5619119, Train Acc: 0.7133333, Test Acc: 0.7300000
Epoch: 006, Train Loss: 0.5505899, Train Acc: 0.6955556, Test Acc: 0.6800000
Epoch: 007, Train Loss: 0.5802231, Train Acc: 0.6800000, Test Acc: 0.6800000
Epoch: 008, Train Loss: 0.5404534, Train Acc: 0.7277778, Test Acc: 0.7100000
Epoch: 009, Train Loss: 0.5831509, Train Acc: 0.6777778, Test Acc: 0.6900000
Epoch: 010, Train Loss: 0.6517564, Train Acc: 0.6200000, Test Acc: 0.6600000
Epoch: 011, Train Loss: 0.5777730, Train Acc: 0.6944444, Test Acc: 0.6500000
Epoch: 012, Train Loss: 0.5555574, Train Acc: 0.7211111, Test Acc: 0.7100000
Epoch: 013, Train Loss: 0.6021846, Train Acc: 0.6511111, Test Acc: 0.6600000
Epoch: 014, Train Loss: 0.5632294, Train Acc: 0.7122222, Test Acc: 0.6800000
Epoch: 015, Train Loss: 0.5676420, Train Acc: 0.7211111, Test Acc: 0.7000000
Epoch: 016, Train Loss: 0.5625415, Train Acc: 0.7200000, Test Acc: 0.7300000
Epoch: 017, Train Loss: 0.5549706, Train Acc: 0.7155556, Test Acc: 0.6900000
Epoch: 018, Train Loss: 0.5624210, Train Acc: 0.6866667, Test Acc: 0.6700000
Epoch: 019, Train Loss: 0.5517044, Train Acc: 0.7077778, Test Acc: 0.6600000
Epoch: 020, Train Loss: 0.5417993, Train Acc: 0.7122222, Test Acc: 0.6700000
Epoch: 021, Train Loss: 0.6199469, Train Acc: 0.6922222, Test Acc: 0.6700000
Epoch: 022, Train Loss: 0.5640247, Train Acc: 0.6944444, Test Acc: 0.6700000
Epoch: 023, Train Loss: 0.5467934, Train Acc: 0.7177778, Test Acc: 0.7000000
Epoch: 024, Train Loss: 0.5411836, Train Acc: 0.7100000, Test Acc: 0.6700000
Epoch: 025, Train Loss: 0.5253855, Train Acc: 0.7277778, Test Acc: 0.7100000
Epoch: 026, Train Loss: 0.5386888, Train Acc: 0.7266667, Test Acc: 0.6800000
Epoch: 027, Train Loss: 0.5294617, Train Acc: 0.7266667, Test Acc: 0.7100000
Epoch: 028, Train Loss: 0.5328459, Train Acc: 0.7277778, Test Acc: 0.6900000
Epoch: 029, Train Loss: 0.5408605, Train Acc: 0.7044444, Test Acc: 0.6800000
Epoch: 030, Train Loss: 0.5646621, Train Acc: 0.6811111, Test Acc: 0.6700000
Epoch: 031, Train Loss: 0.5621692, Train Acc: 0.7122222, Test Acc: 0.6900000
Epoch: 032, Train Loss: 0.5918728, Train Acc: 0.7111111, Test Acc: 0.7200000
Epoch: 033, Train Loss: 0.6122922, Train Acc: 0.6322222, Test Acc: 0.6100000
Epoch: 034, Train Loss: 0.5574355, Train Acc: 0.7066667, Test Acc: 0.6800000
Epoch: 035, Train Loss: 0.5442577, Train Acc: 0.7088889, Test Acc: 0.6900000
Epoch: 036, Train Loss: 0.5718991, Train Acc: 0.6955556, Test Acc: 0.6700000
Epoch: 037, Train Loss: 0.5522168, Train Acc: 0.7077778, Test Acc: 0.6900000
Epoch: 038, Train Loss: 0.5359692, Train Acc: 0.7322222, Test Acc: 0.7100000
Epoch: 039, Train Loss: 0.5341895, Train Acc: 0.7233333, Test Acc: 0.7100000
Epoch: 040, Train Loss: 0.5472263, Train Acc: 0.7077778, Test Acc: 0.6800000
Epoch: 041, Train Loss: 0.5345679, Train Acc: 0.7244444, Test Acc: 0.6800000
Epoch: 042, Train Loss: 0.5264342, Train Acc: 0.7300000, Test Acc: 0.7100000
Epoch: 043, Train Loss: 0.5823779, Train Acc: 0.6611111, Test Acc: 0.6400000
Epoch: 044, Train Loss: 0.5292287, Train Acc: 0.7288889, Test Acc: 0.7300000
Epoch: 045, Train Loss: 0.5532765, Train Acc: 0.7222222, Test Acc: 0.7300000
Epoch: 046, Train Loss: 0.5372569, Train Acc: 0.7177778, Test Acc: 0.7300000
Epoch: 047, Train Loss: 0.5397598, Train Acc: 0.7077778, Test Acc: 0.6700000
Epoch: 048, Train Loss: 0.5261528, Train Acc: 0.7311111, Test Acc: 0.7100000
Epoch: 049, Train Loss: 0.5233837, Train Acc: 0.7311111, Test Acc: 0.7100000
Epoch: 050, Train Loss: 0.5339460, Train Acc: 0.7188889, Test Acc: 0.6900000
Epoch: 051, Train Loss: 0.5200123, Train Acc: 0.7344444, Test Acc: 0.7100000
Epoch: 052, Train Loss: 0.5207229, Train Acc: 0.7244444, Test Acc: 0.7200000
Epoch: 053, Train Loss: 0.5188540, Train Acc: 0.7277778, Test Acc: 0.7000000
Epoch: 054, Train Loss: 0.5246597, Train Acc: 0.7155556, Test Acc: 0.6900000
Epoch: 055, Train Loss: 0.5303958, Train Acc: 0.7077778, Test Acc: 0.6900000
Epoch: 056, Train Loss: 0.5671296, Train Acc: 0.7122222, Test Acc: 0.6700000
Epoch: 057, Train Loss: 0.5445352, Train Acc: 0.7166667, Test Acc: 0.7000000
Epoch: 058, Train Loss: 0.5243437, Train Acc: 0.7266667, Test Acc: 0.7200000
Epoch: 059, Train Loss: 0.5220802, Train Acc: 0.7277778, Test Acc: 0.7100000
Epoch: 060, Train Loss: 0.5191391, Train Acc: 0.7311111, Test Acc: 0.7100000
Epoch: 061, Train Loss: 0.5172331, Train Acc: 0.7344444, Test Acc: 0.7100000
Epoch: 062, Train Loss: 0.5395472, Train Acc: 0.7000000, Test Acc: 0.6600000
Epoch: 063, Train Loss: 0.5344150, Train Acc: 0.7144444, Test Acc: 0.6700000
Epoch: 064, Train Loss: 0.5177232, Train Acc: 0.7300000, Test Acc: 0.7300000
Epoch: 065, Train Loss: 0.5157567, Train Acc: 0.7333333, Test Acc: 0.6900000
Epoch: 066, Train Loss: 0.5393249, Train Acc: 0.7011111, Test Acc: 0.6700000
Epoch: 067, Train Loss: 0.5317025, Train Acc: 0.7122222, Test Acc: 0.6800000
Epoch: 068, Train Loss: 0.5336936, Train Acc: 0.7233333, Test Acc: 0.6900000
Epoch: 069, Train Loss: 0.5221529, Train Acc: 0.7211111, Test Acc: 0.7100000
Epoch: 070, Train Loss: 0.5181474, Train Acc: 0.7222222, Test Acc: 0.7000000
Epoch: 071, Train Loss: 0.5122418, Train Acc: 0.7255556, Test Acc: 0.7100000
Epoch: 072, Train Loss: 0.5103167, Train Acc: 0.7300000, Test Acc: 0.7000000
Epoch: 073, Train Loss: 0.5151164, Train Acc: 0.7266667, Test Acc: 0.7000000
Epoch: 074, Train Loss: 0.5151444, Train Acc: 0.7333333, Test Acc: 0.7300000
Epoch: 075, Train Loss: 0.5092433, Train Acc: 0.7366667, Test Acc: 0.7200000
Epoch: 076, Train Loss: 0.5276731, Train Acc: 0.7188889, Test Acc: 0.6900000
Epoch: 077, Train Loss: 0.5138593, Train Acc: 0.7244444, Test Acc: 0.7300000
Epoch: 078, Train Loss: 0.5317227, Train Acc: 0.7255556, Test Acc: 0.7200000
Epoch: 079, Train Loss: 0.5136051, Train Acc: 0.7255556, Test Acc: 0.7000000
Epoch: 080, Train Loss: 0.5097290, Train Acc: 0.7277778, Test Acc: 0.6800000
Epoch: 081, Train Loss: 0.5059984, Train Acc: 0.7288889, Test Acc: 0.7100000
Epoch: 082, Train Loss: 0.5048385, Train Acc: 0.7266667, Test Acc: 0.7000000
Epoch: 083, Train Loss: 0.5038957, Train Acc: 0.7311111, Test Acc: 0.7100000
Epoch: 084, Train Loss: 0.5078152, Train Acc: 0.7277778, Test Acc: 0.7100000
Epoch: 085, Train Loss: 0.5048513, Train Acc: 0.7300000, Test Acc: 0.7200000
Epoch: 086, Train Loss: 0.5039537, Train Acc: 0.7333333, Test Acc: 0.7200000
Epoch: 087, Train Loss: 0.5278473, Train Acc: 0.7122222, Test Acc: 0.6800000
Epoch: 088, Train Loss: 0.5116968, Train Acc: 0.7133333, Test Acc: 0.6900000
Epoch: 089, Train Loss: 0.5009101, Train Acc: 0.7422222, Test Acc: 0.7200000
Epoch: 090, Train Loss: 0.5077202, Train Acc: 0.7344444, Test Acc: 0.7200000
Epoch: 091, Train Loss: 0.5129357, Train Acc: 0.7144444, Test Acc: 0.6900000
Epoch: 092, Train Loss: 0.5014420, Train Acc: 0.7366667, Test Acc: 0.7200000
Epoch: 093, Train Loss: 0.5127401, Train Acc: 0.7266667, Test Acc: 0.7400000
Epoch: 094, Train Loss: 0.5026066, Train Acc: 0.7333333, Test Acc: 0.7300000
Epoch: 095, Train Loss: 0.5134671, Train Acc: 0.7211111, Test Acc: 0.7100000
Epoch: 096, Train Loss: 0.5041784, Train Acc: 0.7277778, Test Acc: 0.7000000
Epoch: 097, Train Loss: 0.5049363, Train Acc: 0.7222222, Test Acc: 0.7000000
Epoch: 098, Train Loss: 0.5035129, Train Acc: 0.7311111, Test Acc: 0.7000000
Epoch: 099, Train Loss: 0.5189879, Train Acc: 0.7211111, Test Acc: 0.7300000
Epoch: 100, Train Loss: 0.5013158, Train Acc: 0.7311111, Test Acc: 0.7200000
Epoch: 101, Train Loss: 0.4999968, Train Acc: 0.7388889, Test Acc: 0.7200000
Epoch: 102, Train Loss: 0.4983378, Train Acc: 0.7366667, Test Acc: 0.7200000
Epoch: 103, Train Loss: 0.5004197, Train Acc: 0.7266667, Test Acc: 0.7300000
Epoch: 104, Train Loss: 0.4989165, Train Acc: 0.7388889, Test Acc: 0.7200000
Epoch: 105, Train Loss: 0.5035995, Train Acc: 0.7211111, Test Acc: 0.7000000
Epoch: 106, Train Loss: 0.5022480, Train Acc: 0.7288889, Test Acc: 0.7300000
Epoch: 107, Train Loss: 0.4983165, Train Acc: 0.7355556, Test Acc: 0.7200000
Epoch: 108, Train Loss: 0.5262748, Train Acc: 0.7055556, Test Acc: 0.6800000
Epoch: 109, Train Loss: 0.5324017, Train Acc: 0.7088889, Test Acc: 0.6700000
Epoch: 110, Train Loss: 0.5030464, Train Acc: 0.7355556, Test Acc: 0.7200000
Epoch: 111, Train Loss: 0.4990981, Train Acc: 0.7400000, Test Acc: 0.7200000
Epoch: 112, Train Loss: 0.5025139, Train Acc: 0.7233333, Test Acc: 0.7100000
Epoch: 113, Train Loss: 0.4964476, Train Acc: 0.7377778, Test Acc: 0.7200000
Epoch: 114, Train Loss: 0.4968503, Train Acc: 0.7366667, Test Acc: 0.7200000
Epoch: 115, Train Loss: 0.4949770, Train Acc: 0.7377778, Test Acc: 0.7200000
Epoch: 116, Train Loss: 0.5038400, Train Acc: 0.7388889, Test Acc: 0.7400000
Epoch: 117, Train Loss: 0.5007259, Train Acc: 0.7200000, Test Acc: 0.7100000
Epoch: 118, Train Loss: 0.4952971, Train Acc: 0.7411111, Test Acc: 0.7200000
Epoch: 119, Train Loss: 0.4968264, Train Acc: 0.7388889, Test Acc: 0.7200000
Epoch: 120, Train Loss: 0.4973160, Train Acc: 0.7233333, Test Acc: 0.7200000
Epoch: 121, Train Loss: 0.4942876, Train Acc: 0.7322222, Test Acc: 0.7200000
Epoch: 122, Train Loss: 0.4944793, Train Acc: 0.7344444, Test Acc: 0.7200000
Epoch: 123, Train Loss: 0.5012726, Train Acc: 0.7188889, Test Acc: 0.7100000
Epoch: 124, Train Loss: 0.4971700, Train Acc: 0.7411111, Test Acc: 0.7200000
Epoch: 125, Train Loss: 0.5092027, Train Acc: 0.7355556, Test Acc: 0.7100000
Epoch: 126, Train Loss: 0.5038421, Train Acc: 0.7166667, Test Acc: 0.7000000
Epoch: 127, Train Loss: 0.4991754, Train Acc: 0.7344444, Test Acc: 0.7100000
Epoch: 128, Train Loss: 0.4972285, Train Acc: 0.7366667, Test Acc: 0.7100000
Epoch: 129, Train Loss: 0.4948439, Train Acc: 0.7355556, Test Acc: 0.7100000
Epoch: 130, Train Loss: 0.4937642, Train Acc: 0.7366667, Test Acc: 0.7200000
Epoch: 131, Train Loss: 0.4945060, Train Acc: 0.7333333, Test Acc: 0.7200000
Epoch: 132, Train Loss: 0.4979101, Train Acc: 0.7411111, Test Acc: 0.7300000
Epoch: 133, Train Loss: 0.4943332, Train Acc: 0.7322222, Test Acc: 0.7100000
Epoch: 134, Train Loss: 0.4937202, Train Acc: 0.7344444, Test Acc: 0.7200000
Epoch: 135, Train Loss: 0.4937800, Train Acc: 0.7344444, Test Acc: 0.7200000
Epoch: 136, Train Loss: 0.4929412, Train Acc: 0.7411111, Test Acc: 0.7200000
Epoch: 137, Train Loss: 0.4924280, Train Acc: 0.7266667, Test Acc: 0.7200000
Epoch: 138, Train Loss: 0.4917161, Train Acc: 0.7377778, Test Acc: 0.7200000
Epoch: 139, Train Loss: 0.4942966, Train Acc: 0.7400000, Test Acc: 0.7300000
Epoch: 140, Train Loss: 0.4907601, Train Acc: 0.7366667, Test Acc: 0.7200000
Epoch: 141, Train Loss: 0.4933593, Train Acc: 0.7388889, Test Acc: 0.7200000
Epoch: 142, Train Loss: 0.4935419, Train Acc: 0.7422222, Test Acc: 0.7300000
Epoch: 143, Train Loss: 0.4928585, Train Acc: 0.7322222, Test Acc: 0.7200000
Epoch: 144, Train Loss: 0.4948860, Train Acc: 0.7344444, Test Acc: 0.7400000
Epoch: 145, Train Loss: 0.4913147, Train Acc: 0.7311111, Test Acc: 0.7100000
Epoch: 146, Train Loss: 0.4909098, Train Acc: 0.7433333, Test Acc: 0.7200000
Epoch: 147, Train Loss: 0.4898683, Train Acc: 0.7355556, Test Acc: 0.7200000
Epoch: 148, Train Loss: 0.4929687, Train Acc: 0.7300000, Test Acc: 0.7200000
Epoch: 149, Train Loss: 0.4922273, Train Acc: 0.7444444, Test Acc: 0.7300000
Epoch: 150, Train Loss: 0.4922545, Train Acc: 0.7366667, Test Acc: 0.7200000
Epoch: 151, Train Loss: 0.4923707, Train Acc: 0.7377778, Test Acc: 0.7300000
Epoch: 152, Train Loss: 0.4927057, Train Acc: 0.7366667, Test Acc: 0.7100000
Epoch: 153, Train Loss: 0.4918375, Train Acc: 0.7366667, Test Acc: 0.7100000
Epoch: 154, Train Loss: 0.4934237, Train Acc: 0.7244444, Test Acc: 0.7200000
Epoch: 155, Train Loss: 0.4928784, Train Acc: 0.7400000, Test Acc: 0.7400000
Epoch: 156, Train Loss: 0.4931864, Train Acc: 0.7344444, Test Acc: 0.7100000
