{'dataset_name': 'IMDB-BINARY', 'basis': 'GSO', 'epsilon': [-0.2, -0.25, -0.3, -0.35, -0.4], 'power': [[1, 1], [1, 1], [1, 1], [1, 1], [1, 1]], 'edgehop': 1, 'seeds': [0], 'num_folds': 10, 'num_workers': 8, 'hyperparams': {'batch_size': 64, 'epochs': 401, 'learning_rate': 0.001, 'step_size': 40, 'decay_rate': 0.6}, 'architecture': {'nonlinear': 'ReLU', 'layers': 3, 'hidden': 256, 'pooling': 'M', 'dropout': 0, 'batch_norm': 'N'}, 'commit_id': '51ecea938e8b7bfc38be462eb05bc437ae1578b4', 'time_stamp': '1673245222', 'directory': '../../../../results_spectral_rotation/Try_A100/tu/IMDB-BINARY/board/'}
{'dataset_name': 'IMDB-BINARY', 'basis': 'GSO', 'epsilon': [-0.2, -0.25, -0.3, -0.35, -0.4], 'power': [[1, 1], [1, 1], [1, 1], [1, 1], [1, 1]], 'edgehop': 1, 'seeds': [0], 'num_folds': 10, 'num_workers': 8, 'hyperparams': {'batch_size': 64, 'epochs': 401, 'learning_rate': 0.001, 'step_size': 40, 'decay_rate': 0.6}, 'architecture': {'nonlinear': 'ReLU', 'layers': 3, 'hidden': 256, 'pooling': 'M', 'dropout': 0, 'batch_norm': 'N'}, 'commit_id': '51ecea938e8b7bfc38be462eb05bc437ae1578b4', 'time_stamp': 1673245224, 'directory': '../../../../results_spectral_rotation/Try_A100/tu/IMDB-BINARY/board/', 'seed': 0}
Pre-process:   0%|          | 0/1000 [00:00<?, ?it/s]Pre-process:   8%|▊         | 84/1000 [00:00<00:01, 836.87it/s]Pre-process:  17%|█▋        | 168/1000 [00:00<00:01, 819.09it/s]Pre-process:  25%|██▌       | 250/1000 [00:00<00:00, 818.70it/s]Pre-process:  33%|███▎      | 334/1000 [00:00<00:00, 823.87it/s]Pre-process:  42%|████▏     | 421/1000 [00:00<00:00, 838.06it/s]Pre-process:  51%|█████     | 507/1000 [00:00<00:00, 843.89it/s]Pre-process:  60%|█████▉    | 598/1000 [00:00<00:00, 862.99it/s]Pre-process:  68%|██████▊   | 685/1000 [00:00<00:00, 857.51it/s]Pre-process:  77%|███████▋  | 771/1000 [00:00<00:00, 844.42it/s]Pre-process:  86%|████████▌ | 856/1000 [00:01<00:00, 841.02it/s]Pre-process:  95%|█████████▍| 947/1000 [00:01<00:00, 859.03it/s]Pre-process: 100%|██████████| 1000/1000 [00:01<00:00, 843.21it/s]
Basis total: 6
train_set : test_set = %d : %d 900 100
-------- FOLD0 DATASET=IMDB-BINARY, COMMIT_ID=51ecea938e8b7bfc38be462eb05bc437ae1578b4
Without batch_norm.
#Params: 728834
Epoch: 001, Train Loss: 0.6896426, Train Acc: 0.5055556, Test Acc: 0.4900000
Epoch: 002, Train Loss: 0.6938357, Train Acc: 0.4955556, Test Acc: 0.5000000
Epoch: 003, Train Loss: 0.6951811, Train Acc: 0.5000000, Test Acc: 0.5000000
Epoch: 004, Train Loss: 0.6937511, Train Acc: 0.5077778, Test Acc: 0.5200000
Epoch: 005, Train Loss: 0.6858785, Train Acc: 0.5200000, Test Acc: 0.5100000
Epoch: 006, Train Loss: 0.7091165, Train Acc: 0.5000000, Test Acc: 0.5000000
Epoch: 007, Train Loss: 0.6860892, Train Acc: 0.5000000, Test Acc: 0.5000000
Epoch: 008, Train Loss: 0.6820970, Train Acc: 0.5400000, Test Acc: 0.5600000
Epoch: 009, Train Loss: 0.6615583, Train Acc: 0.6333333, Test Acc: 0.6600000
Epoch: 010, Train Loss: 0.6725265, Train Acc: 0.5822222, Test Acc: 0.6000000
Epoch: 011, Train Loss: 0.6545299, Train Acc: 0.6200000, Test Acc: 0.5800000
Epoch: 012, Train Loss: 0.6616278, Train Acc: 0.5944444, Test Acc: 0.6200000
Epoch: 013, Train Loss: 0.6376617, Train Acc: 0.6433333, Test Acc: 0.6700000
Epoch: 014, Train Loss: 0.5888769, Train Acc: 0.6777778, Test Acc: 0.6800000
Epoch: 015, Train Loss: 0.6164331, Train Acc: 0.6722222, Test Acc: 0.6500000
Epoch: 016, Train Loss: 0.6083345, Train Acc: 0.6744444, Test Acc: 0.6700000
Epoch: 017, Train Loss: 0.5744446, Train Acc: 0.6900000, Test Acc: 0.7300000
Epoch: 018, Train Loss: 0.5833896, Train Acc: 0.6855556, Test Acc: 0.6700000
Epoch: 019, Train Loss: 0.5701086, Train Acc: 0.6822222, Test Acc: 0.7000000
Epoch: 020, Train Loss: 0.6323362, Train Acc: 0.6444444, Test Acc: 0.6500000
Epoch: 021, Train Loss: 0.5763566, Train Acc: 0.6944444, Test Acc: 0.6900000
Epoch: 022, Train Loss: 0.5587491, Train Acc: 0.6944444, Test Acc: 0.7200000
Epoch: 023, Train Loss: 0.5602224, Train Acc: 0.7022222, Test Acc: 0.7100000
Epoch: 024, Train Loss: 0.5555095, Train Acc: 0.7188889, Test Acc: 0.7300000
Epoch: 025, Train Loss: 0.5417805, Train Acc: 0.7233333, Test Acc: 0.7600000
Epoch: 026, Train Loss: 0.5536713, Train Acc: 0.7066667, Test Acc: 0.7200000
Epoch: 027, Train Loss: 0.5732135, Train Acc: 0.6800000, Test Acc: 0.6600000
Epoch: 028, Train Loss: 0.5897414, Train Acc: 0.6511111, Test Acc: 0.7000000
Epoch: 029, Train Loss: 0.5598339, Train Acc: 0.7111111, Test Acc: 0.7200000
Epoch: 030, Train Loss: 0.5540161, Train Acc: 0.6877778, Test Acc: 0.7100000
Epoch: 031, Train Loss: 0.5763241, Train Acc: 0.6844444, Test Acc: 0.7200000
Epoch: 032, Train Loss: 0.5503518, Train Acc: 0.6966667, Test Acc: 0.7300000
Epoch: 033, Train Loss: 0.5462285, Train Acc: 0.7122222, Test Acc: 0.7200000
Epoch: 034, Train Loss: 0.5570325, Train Acc: 0.7000000, Test Acc: 0.7200000
Epoch: 035, Train Loss: 0.6340338, Train Acc: 0.6166667, Test Acc: 0.6600000
Epoch: 036, Train Loss: 0.5665224, Train Acc: 0.6733333, Test Acc: 0.6900000
Epoch: 037, Train Loss: 0.5479432, Train Acc: 0.7033333, Test Acc: 0.7400000
Epoch: 038, Train Loss: 0.5383309, Train Acc: 0.7233333, Test Acc: 0.7300000
Epoch: 039, Train Loss: 0.5382904, Train Acc: 0.7211111, Test Acc: 0.7300000
Epoch: 040, Train Loss: 0.5341942, Train Acc: 0.7188889, Test Acc: 0.7500000
Epoch: 041, Train Loss: 0.5467535, Train Acc: 0.6955556, Test Acc: 0.6900000
Epoch: 042, Train Loss: 0.5328145, Train Acc: 0.7244444, Test Acc: 0.7300000
Epoch: 043, Train Loss: 0.5537062, Train Acc: 0.6977778, Test Acc: 0.7100000
Epoch: 044, Train Loss: 0.5367424, Train Acc: 0.7222222, Test Acc: 0.7300000
Epoch: 045, Train Loss: 0.5324072, Train Acc: 0.7122222, Test Acc: 0.7300000
Epoch: 046, Train Loss: 0.5351246, Train Acc: 0.7055556, Test Acc: 0.7300000
Epoch: 047, Train Loss: 0.5423872, Train Acc: 0.7000000, Test Acc: 0.7000000
Epoch: 048, Train Loss: 0.5265261, Train Acc: 0.7211111, Test Acc: 0.7500000
Epoch: 049, Train Loss: 0.5276574, Train Acc: 0.7166667, Test Acc: 0.7500000
Epoch: 050, Train Loss: 0.5239793, Train Acc: 0.7222222, Test Acc: 0.7300000
Epoch: 051, Train Loss: 0.5210876, Train Acc: 0.7244444, Test Acc: 0.7300000
Epoch: 052, Train Loss: 0.9782538, Train Acc: 0.6555556, Test Acc: 0.6500000
Epoch: 053, Train Loss: 0.5759283, Train Acc: 0.7144444, Test Acc: 0.7500000
Epoch: 054, Train Loss: 0.5696765, Train Acc: 0.6800000, Test Acc: 0.7200000
Epoch: 055, Train Loss: 0.5488524, Train Acc: 0.7188889, Test Acc: 0.7200000
Epoch: 056, Train Loss: 0.5567878, Train Acc: 0.7100000, Test Acc: 0.7100000
Epoch: 057, Train Loss: 0.6092088, Train Acc: 0.7022222, Test Acc: 0.7200000
Epoch: 058, Train Loss: 0.5499849, Train Acc: 0.7088889, Test Acc: 0.7100000
Epoch: 059, Train Loss: 0.5734257, Train Acc: 0.6888889, Test Acc: 0.7200000
Epoch: 060, Train Loss: 0.5505728, Train Acc: 0.6933333, Test Acc: 0.7000000
Epoch: 061, Train Loss: 0.5303223, Train Acc: 0.7233333, Test Acc: 0.7300000
Epoch: 062, Train Loss: 0.5367171, Train Acc: 0.7188889, Test Acc: 0.7200000
Epoch: 063, Train Loss: 0.5368238, Train Acc: 0.7122222, Test Acc: 0.7400000
Epoch: 064, Train Loss: 0.5275839, Train Acc: 0.7166667, Test Acc: 0.7500000
Epoch: 065, Train Loss: 0.5279855, Train Acc: 0.7188889, Test Acc: 0.7400000
Epoch: 066, Train Loss: 0.5351840, Train Acc: 0.7166667, Test Acc: 0.7300000
Epoch: 067, Train Loss: 0.5242401, Train Acc: 0.7222222, Test Acc: 0.7500000
Epoch: 068, Train Loss: 0.5313327, Train Acc: 0.7177778, Test Acc: 0.7200000
Epoch: 069, Train Loss: 0.5207935, Train Acc: 0.7288889, Test Acc: 0.7300000
Epoch: 070, Train Loss: 0.5221288, Train Acc: 0.7211111, Test Acc: 0.7400000
Epoch: 071, Train Loss: 0.5553553, Train Acc: 0.6766667, Test Acc: 0.7400000
Epoch: 072, Train Loss: 0.5201296, Train Acc: 0.7144444, Test Acc: 0.7500000
Epoch: 073, Train Loss: 0.5247401, Train Acc: 0.7266667, Test Acc: 0.7200000
Epoch: 074, Train Loss: 0.5665529, Train Acc: 0.6888889, Test Acc: 0.7000000
Epoch: 075, Train Loss: 0.5261847, Train Acc: 0.7200000, Test Acc: 0.7400000
Epoch: 076, Train Loss: 0.5233049, Train Acc: 0.7266667, Test Acc: 0.7300000
Epoch: 077, Train Loss: 0.5314031, Train Acc: 0.7100000, Test Acc: 0.7200000
Epoch: 078, Train Loss: 0.5275508, Train Acc: 0.7233333, Test Acc: 0.7400000
Epoch: 079, Train Loss: 0.5190431, Train Acc: 0.7266667, Test Acc: 0.7300000
Epoch: 080, Train Loss: 0.5270676, Train Acc: 0.7155556, Test Acc: 0.7500000
Epoch: 081, Train Loss: 0.5208284, Train Acc: 0.7166667, Test Acc: 0.7400000
Epoch: 082, Train Loss: 0.5153803, Train Acc: 0.7255556, Test Acc: 0.7300000
Epoch: 083, Train Loss: 0.5138850, Train Acc: 0.7222222, Test Acc: 0.7400000
Epoch: 084, Train Loss: 0.5149416, Train Acc: 0.7211111, Test Acc: 0.7300000
Epoch: 085, Train Loss: 0.5185846, Train Acc: 0.7200000, Test Acc: 0.7400000
Epoch: 086, Train Loss: 0.5221832, Train Acc: 0.7255556, Test Acc: 0.7400000
Epoch: 087, Train Loss: 0.5257258, Train Acc: 0.7277778, Test Acc: 0.7300000
Epoch: 088, Train Loss: 0.5191314, Train Acc: 0.7188889, Test Acc: 0.7600000
Epoch: 089, Train Loss: 0.5170373, Train Acc: 0.7288889, Test Acc: 0.7300000
Epoch: 090, Train Loss: 0.5254532, Train Acc: 0.7122222, Test Acc: 0.7200000
Epoch: 091, Train Loss: 0.5193923, Train Acc: 0.7277778, Test Acc: 0.7300000
Epoch: 092, Train Loss: 0.5187852, Train Acc: 0.7222222, Test Acc: 0.7400000
Epoch: 093, Train Loss: 0.5195408, Train Acc: 0.7166667, Test Acc: 0.7400000
Epoch: 094, Train Loss: 0.5183779, Train Acc: 0.7244444, Test Acc: 0.7200000
Epoch: 095, Train Loss: 0.5130517, Train Acc: 0.7277778, Test Acc: 0.7100000
Epoch: 096, Train Loss: 0.5145379, Train Acc: 0.7188889, Test Acc: 0.7400000
Epoch: 097, Train Loss: 0.5110271, Train Acc: 0.7322222, Test Acc: 0.7500000
Epoch: 098, Train Loss: 0.5138088, Train Acc: 0.7266667, Test Acc: 0.7300000
Epoch: 099, Train Loss: 0.5108004, Train Acc: 0.7244444, Test Acc: 0.7400000
Epoch: 100, Train Loss: 0.5258545, Train Acc: 0.7100000, Test Acc: 0.7100000
Epoch: 101, Train Loss: 0.5311415, Train Acc: 0.7088889, Test Acc: 0.7200000
Epoch: 102, Train Loss: 0.5135497, Train Acc: 0.7288889, Test Acc: 0.7200000
Epoch: 103, Train Loss: 0.5121740, Train Acc: 0.7288889, Test Acc: 0.7200000
Epoch: 104, Train Loss: 0.5116452, Train Acc: 0.7255556, Test Acc: 0.7400000
Epoch: 105, Train Loss: 0.5187220, Train Acc: 0.7200000, Test Acc: 0.7300000
Epoch: 106, Train Loss: 0.5129533, Train Acc: 0.7244444, Test Acc: 0.7200000
Epoch: 107, Train Loss: 0.5101187, Train Acc: 0.7355556, Test Acc: 0.7400000
Epoch: 108, Train Loss: 0.5102686, Train Acc: 0.7222222, Test Acc: 0.7300000
Epoch: 109, Train Loss: 0.5094822, Train Acc: 0.7333333, Test Acc: 0.7300000
Epoch: 110, Train Loss: 0.5159517, Train Acc: 0.7177778, Test Acc: 0.7300000
Epoch: 111, Train Loss: 0.5113075, Train Acc: 0.7266667, Test Acc: 0.7500000
Epoch: 112, Train Loss: 0.5128711, Train Acc: 0.7255556, Test Acc: 0.7300000
Epoch: 113, Train Loss: 0.5119639, Train Acc: 0.7244444, Test Acc: 0.7400000
Epoch: 114, Train Loss: 0.5191273, Train Acc: 0.7211111, Test Acc: 0.7400000
Epoch: 115, Train Loss: 0.5224826, Train Acc: 0.7166667, Test Acc: 0.7000000
Epoch: 116, Train Loss: 0.5104495, Train Acc: 0.7233333, Test Acc: 0.7500000
Epoch: 117, Train Loss: 0.5119687, Train Acc: 0.7266667, Test Acc: 0.7500000
Epoch: 118, Train Loss: 0.5103609, Train Acc: 0.7277778, Test Acc: 0.7300000
Epoch: 119, Train Loss: 0.5086498, Train Acc: 0.7255556, Test Acc: 0.7300000
Epoch: 120, Train Loss: 0.5100534, Train Acc: 0.7277778, Test Acc: 0.7400000
Epoch: 121, Train Loss: 0.5103866, Train Acc: 0.7255556, Test Acc: 0.7500000
Epoch: 122, Train Loss: 0.5079352, Train Acc: 0.7288889, Test Acc: 0.7400000
Epoch: 123, Train Loss: 0.5067612, Train Acc: 0.7366667, Test Acc: 0.7400000
Epoch: 124, Train Loss: 0.5114007, Train Acc: 0.7300000, Test Acc: 0.7300000
Epoch: 125, Train Loss: 0.5068720, Train Acc: 0.7277778, Test Acc: 0.7500000
Epoch: 126, Train Loss: 0.5065754, Train Acc: 0.7244444, Test Acc: 0.7500000
Epoch: 127, Train Loss: 0.5081458, Train Acc: 0.7277778, Test Acc: 0.7400000
Epoch: 128, Train Loss: 0.5061031, Train Acc: 0.7344444, Test Acc: 0.7400000
Epoch: 129, Train Loss: 0.5056777, Train Acc: 0.7366667, Test Acc: 0.7400000
Epoch: 130, Train Loss: 0.5082475, Train Acc: 0.7266667, Test Acc: 0.7500000
Epoch: 131, Train Loss: 0.5090274, Train Acc: 0.7322222, Test Acc: 0.7400000
Epoch: 132, Train Loss: 0.5055010, Train Acc: 0.7311111, Test Acc: 0.7400000
Epoch: 133, Train Loss: 0.5053410, Train Acc: 0.7288889, Test Acc: 0.7300000
Epoch: 134, Train Loss: 0.5055310, Train Acc: 0.7322222, Test Acc: 0.7400000
Epoch: 135, Train Loss: 0.5043551, Train Acc: 0.7344444, Test Acc: 0.7400000
Epoch: 136, Train Loss: 0.5065317, Train Acc: 0.7288889, Test Acc: 0.7400000
Epoch: 137, Train Loss: 0.5139977, Train Acc: 0.7177778, Test Acc: 0.7600000
Epoch: 138, Train Loss: 0.5074902, Train Acc: 0.7311111, Test Acc: 0.7400000
Epoch: 139, Train Loss: 0.5053046, Train Acc: 0.7333333, Test Acc: 0.7400000
Epoch: 140, Train Loss: 0.5049968, Train Acc: 0.7233333, Test Acc: 0.7500000
Epoch: 141, Train Loss: 0.5047516, Train Acc: 0.7300000, Test Acc: 0.7400000
Epoch: 142, Train Loss: 0.5051179, Train Acc: 0.7333333, Test Acc: 0.7500000
Epoch: 143, Train Loss: 0.5056999, Train Acc: 0.7288889, Test Acc: 0.7300000
Epoch: 144, Train Loss: 0.5043339, Train Acc: 0.7311111, Test Acc: 0.7500000
Epoch: 145, Train Loss: 0.5029203, Train Acc: 0.7288889, Test Acc: 0.7500000
Epoch: 146, Train Loss: 0.5027832, Train Acc: 0.7355556, Test Acc: 0.7500000
Epoch: 147, Train Loss: 0.5063846, Train Acc: 0.7244444, Test Acc: 0.7200000
Epoch: 148, Train Loss: 0.5133552, Train Acc: 0.7244444, Test Acc: 0.7600000
Epoch: 149, Train Loss: 0.5111042, Train Acc: 0.7211111, Test Acc: 0.7300000
Epoch: 150, Train Loss: 0.5051413, Train Acc: 0.7266667, Test Acc: 0.7400000
Epoch: 151, Train Loss: 0.5032445, Train Acc: 0.7277778, Test Acc: 0.7400000
Epoch: 152, Train Loss: 0.5016038, Train Acc: 0.7344444, Test Acc: 0.7500000
Epoch: 153, Train Loss: 0.5016708, Train Acc: 0.7366667, Test Acc: 0.7400000
Epoch: 154, Train Loss: 0.5021521, Train Acc: 0.7377778, Test Acc: 0.7400000
Epoch: 155, Train Loss: 0.5006188, Train Acc: 0.7277778, Test Acc: 0.7300000
Epoch: 156, Train Loss: 0.5007156, Train Acc: 0.7300000, Test Acc: 0.7400000
Epoch: 157, Train Loss: 0.4997104, Train Acc: 0.7355556, Test Acc: 0.7400000
Epoch: 158, Train Loss: 0.5012810, Train Acc: 0.7311111, Test Acc: 0.7300000
Epoch: 159, Train Loss: 0.5071774, Train Acc: 0.7277778, Test Acc: 0.7400000
Epoch: 160, Train Loss: 0.5029785, Train Acc: 0.7266667, Test Acc: 0.7300000
Epoch: 161, Train Loss: 0.5008867, Train Acc: 0.7355556, Test Acc: 0.7400000
Epoch: 162, Train Loss: 0.5001953, Train Acc: 0.7377778, Test Acc: 0.7500000
Epoch: 163, Train Loss: 0.5015713, Train Acc: 0.7277778, Test Acc: 0.7400000
Epoch: 164, Train Loss: 0.5006875, Train Acc: 0.7322222, Test Acc: 0.7500000
Epoch: 165, Train Loss: 0.5001722, Train Acc: 0.7311111, Test Acc: 0.7500000
Epoch: 166, Train Loss: 0.4985153, Train Acc: 0.7377778, Test Acc: 0.7500000
Epoch: 167, Train Loss: 0.4988327, Train Acc: 0.7388889, Test Acc: 0.7500000
Epoch: 168, Train Loss: 0.4979705, Train Acc: 0.7355556, Test Acc: 0.7400000
Epoch: 169, Train Loss: 0.4987125, Train Acc: 0.7244444, Test Acc: 0.7300000
Epoch: 170, Train Loss: 0.5022312, Train Acc: 0.7400000, Test Acc: 0.7600000
Epoch: 171, Train Loss: 0.5003963, Train Acc: 0.7377778, Test Acc: 0.7500000
Epoch: 172, Train Loss: 0.4999682, Train Acc: 0.7255556, Test Acc: 0.7400000
Epoch: 173, Train Loss: 0.4997498, Train Acc: 0.7355556, Test Acc: 0.7400000
Epoch: 174, Train Loss: 0.4988239, Train Acc: 0.7366667, Test Acc: 0.7500000
Epoch: 175, Train Loss: 0.4975009, Train Acc: 0.7344444, Test Acc: 0.7500000
Epoch: 176, Train Loss: 0.4992184, Train Acc: 0.7277778, Test Acc: 0.7400000
Epoch: 177, Train Loss: 0.4980047, Train Acc: 0.7355556, Test Acc: 0.7500000
Epoch: 178, Train Loss: 0.4987148, Train Acc: 0.7200000, Test Acc: 0.7300000
Epoch: 179, Train Loss: 0.5028586, Train Acc: 0.7422222, Test Acc: 0.7400000
Epoch: 180, Train Loss: 0.4979208, Train Acc: 0.7388889, Test Acc: 0.7500000
Epoch: 181, Train Loss: 0.4971307, Train Acc: 0.7388889, Test Acc: 0.7500000
Epoch: 182, Train Loss: 0.4975059, Train Acc: 0.7377778, Test Acc: 0.7400000
Epoch: 183, Train Loss: 0.4978534, Train Acc: 0.7466667, Test Acc: 0.7500000
Epoch: 184, Train Loss: 0.4965989, Train Acc: 0.7344444, Test Acc: 0.7400000
Epoch: 185, Train Loss: 0.4974137, Train Acc: 0.7344444, Test Acc: 0.7500000
Epoch: 186, Train Loss: 0.4963410, Train Acc: 0.7333333, Test Acc: 0.7400000
Epoch: 187, Train Loss: 0.4959723, Train Acc: 0.7311111, Test Acc: 0.7400000
Epoch: 188, Train Loss: 0.4958127, Train Acc: 0.7355556, Test Acc: 0.7400000
Epoch: 189, Train Loss: 0.4962260, Train Acc: 0.7311111, Test Acc: 0.7500000
Epoch: 190, Train Loss: 0.4955063, Train Acc: 0.7255556, Test Acc: 0.7400000
Epoch: 191, Train Loss: 0.4944874, Train Acc: 0.7400000, Test Acc: 0.7500000
Epoch: 192, Train Loss: 0.4956095, Train Acc: 0.7266667, Test Acc: 0.7300000
Epoch: 193, Train Loss: 0.4954537, Train Acc: 0.7444444, Test Acc: 0.7500000
Epoch: 194, Train Loss: 0.5021933, Train Acc: 0.7266667, Test Acc: 0.7300000
Epoch: 195, Train Loss: 0.4950500, Train Acc: 0.7433333, Test Acc: 0.7500000
Epoch: 196, Train Loss: 0.4974450, Train Acc: 0.7377778, Test Acc: 0.7300000
Epoch: 197, Train Loss: 0.4940835, Train Acc: 0.7422222, Test Acc: 0.7500000
Epoch: 198, Train Loss: 0.4944734, Train Acc: 0.7388889, Test Acc: 0.7300000
Epoch: 199, Train Loss: 0.4961144, Train Acc: 0.7511111, Test Acc: 0.7500000
Epoch: 200, Train Loss: 0.4955263, Train Acc: 0.7311111, Test Acc: 0.7400000
Epoch: 201, Train Loss: 0.4937242, Train Acc: 0.7355556, Test Acc: 0.7500000
Epoch: 202, Train Loss: 0.4952755, Train Acc: 0.7344444, Test Acc: 0.7500000
Epoch: 203, Train Loss: 0.4937151, Train Acc: 0.7344444, Test Acc: 0.7400000
Epoch: 204, Train Loss: 0.4936646, Train Acc: 0.7411111, Test Acc: 0.7500000
Epoch: 205, Train Loss: 0.4925372, Train Acc: 0.7377778, Test Acc: 0.7500000
Epoch: 206, Train Loss: 0.4934221, Train Acc: 0.7377778, Test Acc: 0.7500000
Epoch: 207, Train Loss: 0.4924538, Train Acc: 0.7388889, Test Acc: 0.7400000
Epoch: 208, Train Loss: 0.4923009, Train Acc: 0.7355556, Test Acc: 0.7400000
Epoch: 209, Train Loss: 0.4917360, Train Acc: 0.7422222, Test Acc: 0.7500000
Epoch: 210, Train Loss: 0.4914321, Train Acc: 0.7411111, Test Acc: 0.7400000
Epoch: 211, Train Loss: 0.4911335, Train Acc: 0.7433333, Test Acc: 0.7500000
Epoch: 212, Train Loss: 0.4912068, Train Acc: 0.7422222, Test Acc: 0.7400000
Epoch: 213, Train Loss: 0.4907521, Train Acc: 0.7355556, Test Acc: 0.7300000
Epoch: 214, Train Loss: 0.4909416, Train Acc: 0.7388889, Test Acc: 0.7300000
Epoch: 215, Train Loss: 0.4906528, Train Acc: 0.7333333, Test Acc: 0.7300000
Epoch: 216, Train Loss: 0.4944534, Train Acc: 0.7333333, Test Acc: 0.7500000
Epoch: 217, Train Loss: 0.4933032, Train Acc: 0.7333333, Test Acc: 0.7400000
Epoch: 218, Train Loss: 0.4923734, Train Acc: 0.7377778, Test Acc: 0.7500000
Epoch: 219, Train Loss: 0.4937073, Train Acc: 0.7366667, Test Acc: 0.7400000
Epoch: 220, Train Loss: 0.4920274, Train Acc: 0.7422222, Test Acc: 0.7500000
Epoch: 221, Train Loss: 0.4905052, Train Acc: 0.7422222, Test Acc: 0.7500000
Epoch: 222, Train Loss: 0.4900216, Train Acc: 0.7466667, Test Acc: 0.7400000
Epoch: 223, Train Loss: 0.4897535, Train Acc: 0.7411111, Test Acc: 0.7500000
Epoch: 224, Train Loss: 0.4901031, Train Acc: 0.7311111, Test Acc: 0.7400000
Epoch: 225, Train Loss: 0.4897899, Train Acc: 0.7400000, Test Acc: 0.7400000
Epoch: 226, Train Loss: 0.4893883, Train Acc: 0.7411111, Test Acc: 0.7400000
Epoch: 227, Train Loss: 0.4889270, Train Acc: 0.7433333, Test Acc: 0.7500000
Epoch: 228, Train Loss: 0.4897266, Train Acc: 0.7411111, Test Acc: 0.7300000
Epoch: 229, Train Loss: 0.4891329, Train Acc: 0.7377778, Test Acc: 0.7400000
Epoch: 230, Train Loss: 0.4883915, Train Acc: 0.7433333, Test Acc: 0.7400000
Epoch: 231, Train Loss: 0.4879618, Train Acc: 0.7444444, Test Acc: 0.7400000
Epoch: 232, Train Loss: 0.4879321, Train Acc: 0.7422222, Test Acc: 0.7400000
Epoch: 233, Train Loss: 0.4881328, Train Acc: 0.7400000, Test Acc: 0.7500000
Epoch: 234, Train Loss: 0.4879300, Train Acc: 0.7366667, Test Acc: 0.7300000
Epoch: 235, Train Loss: 0.4899708, Train Acc: 0.7277778, Test Acc: 0.7400000
Epoch: 236, Train Loss: 0.4877479, Train Acc: 0.7355556, Test Acc: 0.7400000
Epoch: 237, Train Loss: 0.4885799, Train Acc: 0.7377778, Test Acc: 0.7400000
Epoch: 238, Train Loss: 0.4885500, Train Acc: 0.7377778, Test Acc: 0.7400000
