{'dataset_name': 'IMDB-BINARY', 'basis': 'GSO', 'epsilon': [-0.2, -0.25, -0.3, -0.35, -0.4], 'power': [[1, 1], [1, 1], [1, 1], [1, 1], [1, 1]], 'edgehop': 1, 'seeds': [0], 'num_folds': 10, 'num_workers': 8, 'hyperparams': {'batch_size': 64, 'epochs': 401, 'learning_rate': 0.001, 'step_size': 40, 'decay_rate': 0.6}, 'architecture': {'nonlinear': 'ReLU', 'layers': 2, 'hidden': 256, 'pooling': 'M', 'dropout': 0, 'batch_norm': 'N'}, 'commit_id': '51ecea938e8b7bfc38be462eb05bc437ae1578b4', 'time_stamp': '1673245395', 'directory': '../../../../results_spectral_rotation/Try_A100/tu/IMDB-BINARY/board/'}
{'dataset_name': 'IMDB-BINARY', 'basis': 'GSO', 'epsilon': [-0.2, -0.25, -0.3, -0.35, -0.4], 'power': [[1, 1], [1, 1], [1, 1], [1, 1], [1, 1]], 'edgehop': 1, 'seeds': [0], 'num_folds': 10, 'num_workers': 8, 'hyperparams': {'batch_size': 64, 'epochs': 401, 'learning_rate': 0.001, 'step_size': 40, 'decay_rate': 0.6}, 'architecture': {'nonlinear': 'ReLU', 'layers': 2, 'hidden': 256, 'pooling': 'M', 'dropout': 0, 'batch_norm': 'N'}, 'commit_id': '51ecea938e8b7bfc38be462eb05bc437ae1578b4', 'time_stamp': 1673245398, 'directory': '../../../../results_spectral_rotation/Try_A100/tu/IMDB-BINARY/board/', 'seed': 0}
Pre-process:   0%|          | 0/1000 [00:00<?, ?it/s]Pre-process:   7%|▋         | 72/1000 [00:00<00:01, 711.69it/s]Pre-process:  15%|█▌        | 153/1000 [00:00<00:01, 767.36it/s]Pre-process:  24%|██▎       | 235/1000 [00:00<00:00, 790.93it/s]Pre-process:  32%|███▏      | 315/1000 [00:00<00:00, 745.31it/s]Pre-process:  39%|███▉      | 390/1000 [00:00<00:00, 715.04it/s]Pre-process:  47%|████▋     | 468/1000 [00:00<00:00, 733.59it/s]Pre-process:  55%|█████▌    | 552/1000 [00:00<00:00, 765.84it/s]Pre-process:  63%|██████▎   | 631/1000 [00:00<00:00, 769.92it/s]Pre-process:  71%|███████   | 709/1000 [00:00<00:00, 742.53it/s]Pre-process:  78%|███████▊  | 784/1000 [00:01<00:00, 739.03it/s]Pre-process:  86%|████████▌ | 859/1000 [00:01<00:00, 737.33it/s]Pre-process:  93%|█████████▎| 933/1000 [00:01<00:00, 732.80it/s]Pre-process: 100%|██████████| 1000/1000 [00:01<00:00, 742.32it/s]
Basis total: 6
train_set : test_set = %d : %d 900 100
-------- FOLD0 DATASET=IMDB-BINARY, COMMIT_ID=51ecea938e8b7bfc38be462eb05bc437ae1578b4
Without batch_norm.
#Params: 531458
Epoch: 001, Train Loss: 0.6990327, Train Acc: 0.5211111, Test Acc: 0.5300000
Epoch: 002, Train Loss: 0.6896836, Train Acc: 0.5088889, Test Acc: 0.5200000
Epoch: 003, Train Loss: 0.6995230, Train Acc: 0.5000000, Test Acc: 0.5000000
Epoch: 004, Train Loss: 0.6882610, Train Acc: 0.5555556, Test Acc: 0.5600000
Epoch: 005, Train Loss: 0.6877436, Train Acc: 0.5122222, Test Acc: 0.4900000
Epoch: 006, Train Loss: 0.6910628, Train Acc: 0.4977778, Test Acc: 0.5400000
Epoch: 007, Train Loss: 0.6840901, Train Acc: 0.5422222, Test Acc: 0.5300000
Epoch: 008, Train Loss: 0.6739853, Train Acc: 0.5977778, Test Acc: 0.6200000
Epoch: 009, Train Loss: 0.6883313, Train Acc: 0.5588889, Test Acc: 0.5600000
Epoch: 010, Train Loss: 0.6650071, Train Acc: 0.5988889, Test Acc: 0.5900000
Epoch: 011, Train Loss: 0.6464345, Train Acc: 0.6311111, Test Acc: 0.6000000
Epoch: 012, Train Loss: 0.6350110, Train Acc: 0.6355556, Test Acc: 0.6300000
Epoch: 013, Train Loss: 0.6459178, Train Acc: 0.6322222, Test Acc: 0.6400000
Epoch: 014, Train Loss: 0.6475468, Train Acc: 0.6355556, Test Acc: 0.6400000
Epoch: 015, Train Loss: 0.6200626, Train Acc: 0.6466667, Test Acc: 0.6700000
Epoch: 016, Train Loss: 0.6509900, Train Acc: 0.6533333, Test Acc: 0.6400000
Epoch: 017, Train Loss: 0.6014382, Train Acc: 0.6855556, Test Acc: 0.7100000
Epoch: 018, Train Loss: 0.6254321, Train Acc: 0.6477778, Test Acc: 0.6600000
Epoch: 019, Train Loss: 0.5964477, Train Acc: 0.6900000, Test Acc: 0.7000000
Epoch: 020, Train Loss: 0.6283762, Train Acc: 0.6344444, Test Acc: 0.7000000
Epoch: 021, Train Loss: 0.6008636, Train Acc: 0.6422222, Test Acc: 0.6700000
Epoch: 022, Train Loss: 0.6519114, Train Acc: 0.6433333, Test Acc: 0.5900000
Epoch: 023, Train Loss: 0.6241745, Train Acc: 0.6722222, Test Acc: 0.6500000
Epoch: 024, Train Loss: 0.6422797, Train Acc: 0.6077778, Test Acc: 0.6200000
Epoch: 025, Train Loss: 0.6562572, Train Acc: 0.6266667, Test Acc: 0.6000000
Epoch: 026, Train Loss: 0.6226234, Train Acc: 0.6577778, Test Acc: 0.6800000
Epoch: 027, Train Loss: 0.6606812, Train Acc: 0.6288889, Test Acc: 0.6700000
Epoch: 028, Train Loss: 0.5869398, Train Acc: 0.6822222, Test Acc: 0.7100000
Epoch: 029, Train Loss: 0.6015834, Train Acc: 0.6733333, Test Acc: 0.6700000
Epoch: 030, Train Loss: 0.5771833, Train Acc: 0.6755556, Test Acc: 0.6700000
Epoch: 031, Train Loss: 0.5672259, Train Acc: 0.6944444, Test Acc: 0.7100000
Epoch: 032, Train Loss: 0.5859293, Train Acc: 0.6722222, Test Acc: 0.7100000
Epoch: 033, Train Loss: 0.5996589, Train Acc: 0.6600000, Test Acc: 0.6800000
Epoch: 034, Train Loss: 0.5948158, Train Acc: 0.6566667, Test Acc: 0.6800000
Epoch: 035, Train Loss: 0.5893263, Train Acc: 0.6844444, Test Acc: 0.6800000
Epoch: 036, Train Loss: 0.5556603, Train Acc: 0.7088889, Test Acc: 0.7100000
Epoch: 037, Train Loss: 0.5614810, Train Acc: 0.6844444, Test Acc: 0.7100000
Epoch: 038, Train Loss: 0.5415669, Train Acc: 0.7055556, Test Acc: 0.7100000
Epoch: 039, Train Loss: 0.5343508, Train Acc: 0.7244444, Test Acc: 0.7400000
Epoch: 040, Train Loss: 0.5323326, Train Acc: 0.7166667, Test Acc: 0.7400000
Epoch: 041, Train Loss: 0.5345869, Train Acc: 0.7188889, Test Acc: 0.7300000
Epoch: 042, Train Loss: 0.5370859, Train Acc: 0.7166667, Test Acc: 0.7300000
Epoch: 043, Train Loss: 0.5341062, Train Acc: 0.7166667, Test Acc: 0.7300000
Epoch: 044, Train Loss: 0.5650971, Train Acc: 0.6755556, Test Acc: 0.7200000
Epoch: 045, Train Loss: 0.5353723, Train Acc: 0.7155556, Test Acc: 0.7200000
Epoch: 046, Train Loss: 0.5400935, Train Acc: 0.7011111, Test Acc: 0.7300000
Epoch: 047, Train Loss: 0.5435960, Train Acc: 0.7144444, Test Acc: 0.7100000
Epoch: 048, Train Loss: 0.5323949, Train Acc: 0.7066667, Test Acc: 0.7400000
Epoch: 049, Train Loss: 0.5284868, Train Acc: 0.7211111, Test Acc: 0.7400000
Epoch: 050, Train Loss: 0.5387436, Train Acc: 0.7033333, Test Acc: 0.7200000
Epoch: 051, Train Loss: 0.5259087, Train Acc: 0.7166667, Test Acc: 0.7400000
Epoch: 052, Train Loss: 0.5257295, Train Acc: 0.7211111, Test Acc: 0.7200000
Epoch: 053, Train Loss: 0.5503709, Train Acc: 0.6911111, Test Acc: 0.6700000
Epoch: 054, Train Loss: 0.5522698, Train Acc: 0.6866667, Test Acc: 0.7200000
Epoch: 055, Train Loss: 0.5301720, Train Acc: 0.7233333, Test Acc: 0.7400000
Epoch: 056, Train Loss: 0.5328120, Train Acc: 0.7166667, Test Acc: 0.7100000
Epoch: 057, Train Loss: 0.5280269, Train Acc: 0.7111111, Test Acc: 0.7400000
Epoch: 058, Train Loss: 0.5225068, Train Acc: 0.7122222, Test Acc: 0.7400000
Epoch: 059, Train Loss: 0.5330250, Train Acc: 0.7033333, Test Acc: 0.7300000
Epoch: 060, Train Loss: 0.5290312, Train Acc: 0.7066667, Test Acc: 0.7300000
Epoch: 061, Train Loss: 0.5194526, Train Acc: 0.7211111, Test Acc: 0.7400000
Epoch: 062, Train Loss: 0.5261532, Train Acc: 0.7277778, Test Acc: 0.7400000
Epoch: 063, Train Loss: 0.5330506, Train Acc: 0.6988889, Test Acc: 0.7400000
Epoch: 064, Train Loss: 0.5193824, Train Acc: 0.7144444, Test Acc: 0.7500000
Epoch: 065, Train Loss: 0.5293829, Train Acc: 0.7088889, Test Acc: 0.7300000
Epoch: 066, Train Loss: 0.5216672, Train Acc: 0.7188889, Test Acc: 0.7200000
Epoch: 067, Train Loss: 0.5458742, Train Acc: 0.7055556, Test Acc: 0.7100000
Epoch: 068, Train Loss: 0.5253195, Train Acc: 0.7222222, Test Acc: 0.7600000
Epoch: 069, Train Loss: 0.5783130, Train Acc: 0.6722222, Test Acc: 0.7000000
Epoch: 070, Train Loss: 0.5345500, Train Acc: 0.7166667, Test Acc: 0.7400000
Epoch: 071, Train Loss: 0.5475308, Train Acc: 0.7088889, Test Acc: 0.6900000
Epoch: 072, Train Loss: 0.5184700, Train Acc: 0.7244444, Test Acc: 0.7200000
Epoch: 073, Train Loss: 0.5313994, Train Acc: 0.7066667, Test Acc: 0.7500000
Epoch: 074, Train Loss: 0.5280969, Train Acc: 0.7222222, Test Acc: 0.7200000
Epoch: 075, Train Loss: 0.5207607, Train Acc: 0.7144444, Test Acc: 0.7300000
Epoch: 076, Train Loss: 0.5212637, Train Acc: 0.7222222, Test Acc: 0.7300000
Epoch: 077, Train Loss: 0.5155394, Train Acc: 0.7266667, Test Acc: 0.7500000
Epoch: 078, Train Loss: 0.5136752, Train Acc: 0.7200000, Test Acc: 0.7300000
Epoch: 079, Train Loss: 0.5269318, Train Acc: 0.7077778, Test Acc: 0.7100000
Epoch: 080, Train Loss: 0.5269404, Train Acc: 0.7233333, Test Acc: 0.7100000
Epoch: 081, Train Loss: 0.5171470, Train Acc: 0.7300000, Test Acc: 0.7400000
Epoch: 082, Train Loss: 0.5195421, Train Acc: 0.7233333, Test Acc: 0.7400000
Epoch: 083, Train Loss: 0.5143841, Train Acc: 0.7311111, Test Acc: 0.7400000
Epoch: 084, Train Loss: 0.5143717, Train Acc: 0.7355556, Test Acc: 0.7400000
Epoch: 085, Train Loss: 0.5259192, Train Acc: 0.7077778, Test Acc: 0.7200000
Epoch: 086, Train Loss: 0.5195269, Train Acc: 0.7244444, Test Acc: 0.7400000
Epoch: 087, Train Loss: 0.5127331, Train Acc: 0.7333333, Test Acc: 0.7300000
Epoch: 088, Train Loss: 0.5118171, Train Acc: 0.7277778, Test Acc: 0.7300000
Epoch: 089, Train Loss: 0.5098753, Train Acc: 0.7344444, Test Acc: 0.7500000
Epoch: 090, Train Loss: 0.5099625, Train Acc: 0.7311111, Test Acc: 0.7500000
Epoch: 091, Train Loss: 0.5103996, Train Acc: 0.7333333, Test Acc: 0.7500000
Epoch: 092, Train Loss: 0.5118557, Train Acc: 0.7277778, Test Acc: 0.7400000
Epoch: 093, Train Loss: 0.5140778, Train Acc: 0.7244444, Test Acc: 0.7400000
Epoch: 094, Train Loss: 0.5101360, Train Acc: 0.7244444, Test Acc: 0.7500000
Epoch: 095, Train Loss: 0.5151397, Train Acc: 0.7222222, Test Acc: 0.7500000
Epoch: 096, Train Loss: 0.5116353, Train Acc: 0.7200000, Test Acc: 0.7400000
Epoch: 097, Train Loss: 0.5091215, Train Acc: 0.7288889, Test Acc: 0.7500000
Epoch: 098, Train Loss: 0.5107953, Train Acc: 0.7277778, Test Acc: 0.7400000
Epoch: 099, Train Loss: 0.5108046, Train Acc: 0.7277778, Test Acc: 0.7300000
Epoch: 100, Train Loss: 0.5189767, Train Acc: 0.7200000, Test Acc: 0.7300000
Epoch: 101, Train Loss: 0.5135453, Train Acc: 0.7322222, Test Acc: 0.7300000
Epoch: 102, Train Loss: 0.5151506, Train Acc: 0.7244444, Test Acc: 0.7500000
Epoch: 103, Train Loss: 0.5199851, Train Acc: 0.7066667, Test Acc: 0.7200000
Epoch: 104, Train Loss: 0.5131448, Train Acc: 0.7244444, Test Acc: 0.7500000
Epoch: 105, Train Loss: 0.5152761, Train Acc: 0.7166667, Test Acc: 0.7300000
Epoch: 106, Train Loss: 0.5177855, Train Acc: 0.7155556, Test Acc: 0.7200000
Epoch: 107, Train Loss: 0.5289902, Train Acc: 0.7166667, Test Acc: 0.7000000
Epoch: 108, Train Loss: 0.5106626, Train Acc: 0.7244444, Test Acc: 0.7600000
Epoch: 109, Train Loss: 0.5164875, Train Acc: 0.7222222, Test Acc: 0.7400000
Epoch: 110, Train Loss: 0.5108658, Train Acc: 0.7255556, Test Acc: 0.7500000
Epoch: 111, Train Loss: 0.5210750, Train Acc: 0.7155556, Test Acc: 0.7200000
Epoch: 112, Train Loss: 0.5187301, Train Acc: 0.7222222, Test Acc: 0.7200000
Epoch: 113, Train Loss: 0.5344701, Train Acc: 0.7077778, Test Acc: 0.7200000
Epoch: 114, Train Loss: 0.5139103, Train Acc: 0.7222222, Test Acc: 0.7300000
Epoch: 115, Train Loss: 0.5078201, Train Acc: 0.7322222, Test Acc: 0.7500000
Epoch: 116, Train Loss: 0.5081176, Train Acc: 0.7277778, Test Acc: 0.7400000
Epoch: 117, Train Loss: 0.5092460, Train Acc: 0.7177778, Test Acc: 0.7300000
Epoch: 118, Train Loss: 0.5082979, Train Acc: 0.7255556, Test Acc: 0.7500000
Epoch: 119, Train Loss: 0.5063855, Train Acc: 0.7222222, Test Acc: 0.7600000
Epoch: 120, Train Loss: 0.5171447, Train Acc: 0.7166667, Test Acc: 0.7200000
Epoch: 121, Train Loss: 0.5082464, Train Acc: 0.7288889, Test Acc: 0.7400000
Epoch: 122, Train Loss: 0.5063742, Train Acc: 0.7277778, Test Acc: 0.7300000
Epoch: 123, Train Loss: 0.5065688, Train Acc: 0.7300000, Test Acc: 0.7400000
Epoch: 124, Train Loss: 0.5049917, Train Acc: 0.7255556, Test Acc: 0.7500000
Epoch: 125, Train Loss: 0.5128686, Train Acc: 0.7311111, Test Acc: 0.7300000
Epoch: 126, Train Loss: 0.5102045, Train Acc: 0.7211111, Test Acc: 0.7100000
Epoch: 127, Train Loss: 0.5093920, Train Acc: 0.7200000, Test Acc: 0.7500000
Epoch: 128, Train Loss: 0.5100375, Train Acc: 0.7200000, Test Acc: 0.7400000
Epoch: 129, Train Loss: 0.5068627, Train Acc: 0.7211111, Test Acc: 0.7600000
Epoch: 130, Train Loss: 0.5045249, Train Acc: 0.7300000, Test Acc: 0.7500000
Epoch: 131, Train Loss: 0.5040457, Train Acc: 0.7344444, Test Acc: 0.7400000
Epoch: 132, Train Loss: 0.5043350, Train Acc: 0.7388889, Test Acc: 0.7400000
Epoch: 133, Train Loss: 0.5062959, Train Acc: 0.7200000, Test Acc: 0.7300000
Epoch: 134, Train Loss: 0.5047480, Train Acc: 0.7244444, Test Acc: 0.7500000
Epoch: 135, Train Loss: 0.5037105, Train Acc: 0.7211111, Test Acc: 0.7400000
Epoch: 136, Train Loss: 0.5034021, Train Acc: 0.7266667, Test Acc: 0.7400000
Epoch: 137, Train Loss: 0.5039963, Train Acc: 0.7200000, Test Acc: 0.7500000
Epoch: 138, Train Loss: 0.5054140, Train Acc: 0.7255556, Test Acc: 0.7500000
Epoch: 139, Train Loss: 0.5069379, Train Acc: 0.7311111, Test Acc: 0.7300000
Epoch: 140, Train Loss: 0.5069237, Train Acc: 0.7244444, Test Acc: 0.7200000
Epoch: 141, Train Loss: 0.5044771, Train Acc: 0.7244444, Test Acc: 0.7300000
Epoch: 142, Train Loss: 0.5026838, Train Acc: 0.7300000, Test Acc: 0.7500000
Epoch: 143, Train Loss: 0.5020470, Train Acc: 0.7344444, Test Acc: 0.7400000
Epoch: 144, Train Loss: 0.5023191, Train Acc: 0.7311111, Test Acc: 0.7300000
Epoch: 145, Train Loss: 0.5038109, Train Acc: 0.7300000, Test Acc: 0.7300000
Epoch: 146, Train Loss: 0.5030981, Train Acc: 0.7266667, Test Acc: 0.7300000
Epoch: 147, Train Loss: 0.5030330, Train Acc: 0.7288889, Test Acc: 0.7500000
Epoch: 148, Train Loss: 0.5054524, Train Acc: 0.7277778, Test Acc: 0.7300000
Epoch: 149, Train Loss: 0.5191599, Train Acc: 0.7244444, Test Acc: 0.7100000
Epoch: 150, Train Loss: 0.5104885, Train Acc: 0.7244444, Test Acc: 0.7300000
Epoch: 151, Train Loss: 0.5053458, Train Acc: 0.7233333, Test Acc: 0.7400000
Epoch: 152, Train Loss: 0.5041869, Train Acc: 0.7277778, Test Acc: 0.7400000
Epoch: 153, Train Loss: 0.5043569, Train Acc: 0.7211111, Test Acc: 0.7500000
Epoch: 154, Train Loss: 0.5020713, Train Acc: 0.7244444, Test Acc: 0.7300000
Epoch: 155, Train Loss: 0.5019195, Train Acc: 0.7255556, Test Acc: 0.7400000
Epoch: 156, Train Loss: 0.5008131, Train Acc: 0.7300000, Test Acc: 0.7400000
Epoch: 157, Train Loss: 0.5038447, Train Acc: 0.7200000, Test Acc: 0.7400000
Epoch: 158, Train Loss: 0.5056552, Train Acc: 0.7266667, Test Acc: 0.7500000
Epoch: 159, Train Loss: 0.5020144, Train Acc: 0.7244444, Test Acc: 0.7300000
Epoch: 160, Train Loss: 0.5033636, Train Acc: 0.7300000, Test Acc: 0.7400000
Epoch: 161, Train Loss: 0.5036456, Train Acc: 0.7166667, Test Acc: 0.7500000
Epoch: 162, Train Loss: 0.5019917, Train Acc: 0.7255556, Test Acc: 0.7200000
Epoch: 163, Train Loss: 0.5006847, Train Acc: 0.7266667, Test Acc: 0.7400000
Epoch: 164, Train Loss: 0.4994640, Train Acc: 0.7333333, Test Acc: 0.7300000
Epoch: 165, Train Loss: 0.5001245, Train Acc: 0.7211111, Test Acc: 0.7400000
Epoch: 166, Train Loss: 0.4994815, Train Acc: 0.7211111, Test Acc: 0.7300000
Epoch: 167, Train Loss: 0.4988058, Train Acc: 0.7344444, Test Acc: 0.7400000
Epoch: 168, Train Loss: 0.5012437, Train Acc: 0.7344444, Test Acc: 0.7400000
Epoch: 169, Train Loss: 0.5002717, Train Acc: 0.7266667, Test Acc: 0.7600000
Epoch: 170, Train Loss: 0.4983687, Train Acc: 0.7277778, Test Acc: 0.7400000
Epoch: 171, Train Loss: 0.4993926, Train Acc: 0.7266667, Test Acc: 0.7500000
Epoch: 172, Train Loss: 0.4984785, Train Acc: 0.7277778, Test Acc: 0.7500000
Epoch: 173, Train Loss: 0.4990857, Train Acc: 0.7277778, Test Acc: 0.7500000
Epoch: 174, Train Loss: 0.5010939, Train Acc: 0.7255556, Test Acc: 0.7400000
Epoch: 175, Train Loss: 0.5006450, Train Acc: 0.7300000, Test Acc: 0.7400000
Epoch: 176, Train Loss: 0.5002774, Train Acc: 0.7255556, Test Acc: 0.7500000
Epoch: 177, Train Loss: 0.4985236, Train Acc: 0.7288889, Test Acc: 0.7400000
Epoch: 178, Train Loss: 0.4974364, Train Acc: 0.7355556, Test Acc: 0.7500000
Epoch: 179, Train Loss: 0.4972147, Train Acc: 0.7355556, Test Acc: 0.7500000
Epoch: 180, Train Loss: 0.4974144, Train Acc: 0.7311111, Test Acc: 0.7500000
Epoch: 181, Train Loss: 0.4983199, Train Acc: 0.7288889, Test Acc: 0.7300000
Epoch: 182, Train Loss: 0.4967401, Train Acc: 0.7322222, Test Acc: 0.7400000
Epoch: 183, Train Loss: 0.4966992, Train Acc: 0.7344444, Test Acc: 0.7400000
Epoch: 184, Train Loss: 0.4962515, Train Acc: 0.7333333, Test Acc: 0.7500000
Epoch: 185, Train Loss: 0.4961823, Train Acc: 0.7311111, Test Acc: 0.7400000
Epoch: 186, Train Loss: 0.4964678, Train Acc: 0.7377778, Test Acc: 0.7400000
Epoch: 187, Train Loss: 0.4988408, Train Acc: 0.7388889, Test Acc: 0.7500000
Epoch: 188, Train Loss: 0.4960904, Train Acc: 0.7355556, Test Acc: 0.7500000
Epoch: 189, Train Loss: 0.4962296, Train Acc: 0.7311111, Test Acc: 0.7400000
Epoch: 190, Train Loss: 0.4976561, Train Acc: 0.7300000, Test Acc: 0.7500000
Epoch: 191, Train Loss: 0.4972899, Train Acc: 0.7377778, Test Acc: 0.7500000
Epoch: 192, Train Loss: 0.5016119, Train Acc: 0.7333333, Test Acc: 0.7500000
Epoch: 193, Train Loss: 0.4966002, Train Acc: 0.7300000, Test Acc: 0.7300000
Epoch: 194, Train Loss: 0.4961631, Train Acc: 0.7322222, Test Acc: 0.7400000
Epoch: 195, Train Loss: 0.4980194, Train Acc: 0.7344444, Test Acc: 0.7500000
Epoch: 196, Train Loss: 0.4973806, Train Acc: 0.7344444, Test Acc: 0.7400000
Epoch: 197, Train Loss: 0.4979001, Train Acc: 0.7388889, Test Acc: 0.7400000
Epoch: 198, Train Loss: 0.4951746, Train Acc: 0.7344444, Test Acc: 0.7500000
Epoch: 199, Train Loss: 0.4951602, Train Acc: 0.7311111, Test Acc: 0.7500000
Epoch: 200, Train Loss: 0.4984693, Train Acc: 0.7344444, Test Acc: 0.7500000
Epoch: 201, Train Loss: 0.4955907, Train Acc: 0.7355556, Test Acc: 0.7500000
Epoch: 202, Train Loss: 0.4950624, Train Acc: 0.7377778, Test Acc: 0.7400000
Epoch: 203, Train Loss: 0.4943352, Train Acc: 0.7355556, Test Acc: 0.7500000
Epoch: 204, Train Loss: 0.4942881, Train Acc: 0.7355556, Test Acc: 0.7500000
Epoch: 205, Train Loss: 0.4947710, Train Acc: 0.7377778, Test Acc: 0.7400000
Epoch: 206, Train Loss: 0.4941184, Train Acc: 0.7377778, Test Acc: 0.7500000
Epoch: 207, Train Loss: 0.4998864, Train Acc: 0.7344444, Test Acc: 0.7600000
Epoch: 208, Train Loss: 0.4942741, Train Acc: 0.7355556, Test Acc: 0.7600000
Epoch: 209, Train Loss: 0.4941855, Train Acc: 0.7333333, Test Acc: 0.7500000
Epoch: 210, Train Loss: 0.4935657, Train Acc: 0.7355556, Test Acc: 0.7500000
Epoch: 211, Train Loss: 0.4933907, Train Acc: 0.7366667, Test Acc: 0.7500000
Epoch: 212, Train Loss: 0.4950636, Train Acc: 0.7400000, Test Acc: 0.7500000
Epoch: 213, Train Loss: 0.4967824, Train Acc: 0.7377778, Test Acc: 0.7600000
Epoch: 214, Train Loss: 0.4950962, Train Acc: 0.7277778, Test Acc: 0.7500000
Epoch: 215, Train Loss: 0.4939261, Train Acc: 0.7300000, Test Acc: 0.7500000
Epoch: 216, Train Loss: 0.4940858, Train Acc: 0.7344444, Test Acc: 0.7500000
Epoch: 217, Train Loss: 0.4930492, Train Acc: 0.7377778, Test Acc: 0.7500000
Epoch: 218, Train Loss: 0.4926037, Train Acc: 0.7388889, Test Acc: 0.7500000
Epoch: 219, Train Loss: 0.4970187, Train Acc: 0.7344444, Test Acc: 0.7400000
Epoch: 220, Train Loss: 0.4942506, Train Acc: 0.7377778, Test Acc: 0.7500000
Epoch: 221, Train Loss: 0.4937895, Train Acc: 0.7377778, Test Acc: 0.7400000
Epoch: 222, Train Loss: 0.4942531, Train Acc: 0.7411111, Test Acc: 0.7300000
Epoch: 223, Train Loss: 0.4926152, Train Acc: 0.7344444, Test Acc: 0.7400000
Epoch: 224, Train Loss: 0.4926920, Train Acc: 0.7377778, Test Acc: 0.7500000
Epoch: 225, Train Loss: 0.4922553, Train Acc: 0.7377778, Test Acc: 0.7500000
Epoch: 226, Train Loss: 0.4916853, Train Acc: 0.7388889, Test Acc: 0.7400000
Epoch: 227, Train Loss: 0.4931286, Train Acc: 0.7333333, Test Acc: 0.7400000
Epoch: 228, Train Loss: 0.4935757, Train Acc: 0.7400000, Test Acc: 0.7500000
Epoch: 229, Train Loss: 0.4925032, Train Acc: 0.7366667, Test Acc: 0.7400000
Epoch: 230, Train Loss: 0.4919036, Train Acc: 0.7388889, Test Acc: 0.7400000
Epoch: 231, Train Loss: 0.4919829, Train Acc: 0.7355556, Test Acc: 0.7400000
Epoch: 232, Train Loss: 0.4931357, Train Acc: 0.7388889, Test Acc: 0.7500000
Epoch: 233, Train Loss: 0.4961643, Train Acc: 0.7333333, Test Acc: 0.7500000
Epoch: 234, Train Loss: 0.4953681, Train Acc: 0.7288889, Test Acc: 0.7300000
Epoch: 235, Train Loss: 0.4917687, Train Acc: 0.7366667, Test Acc: 0.7600000
Epoch: 236, Train Loss: 0.4929317, Train Acc: 0.7333333, Test Acc: 0.7400000
Epoch: 237, Train Loss: 0.4916533, Train Acc: 0.7355556, Test Acc: 0.7400000
Epoch: 238, Train Loss: 0.4912370, Train Acc: 0.7377778, Test Acc: 0.7400000
Epoch: 239, Train Loss: 0.4924339, Train Acc: 0.7388889, Test Acc: 0.7500000
Epoch: 240, Train Loss: 0.4913181, Train Acc: 0.7366667, Test Acc: 0.7500000
Epoch: 241, Train Loss: 0.4914229, Train Acc: 0.7400000, Test Acc: 0.7300000
Epoch: 242, Train Loss: 0.4909508, Train Acc: 0.7322222, Test Acc: 0.7600000
Epoch: 243, Train Loss: 0.4930239, Train Acc: 0.7433333, Test Acc: 0.7600000
Epoch: 244, Train Loss: 0.4915459, Train Acc: 0.7455556, Test Acc: 0.7400000
Epoch: 245, Train Loss: 0.4908634, Train Acc: 0.7322222, Test Acc: 0.7400000
Epoch: 246, Train Loss: 0.4911776, Train Acc: 0.7333333, Test Acc: 0.7400000
Epoch: 247, Train Loss: 0.4913519, Train Acc: 0.7355556, Test Acc: 0.7600000
Epoch: 248, Train Loss: 0.4899465, Train Acc: 0.7366667, Test Acc: 0.7400000
Epoch: 249, Train Loss: 0.4897409, Train Acc: 0.7366667, Test Acc: 0.7500000
Epoch: 250, Train Loss: 0.4930169, Train Acc: 0.7344444, Test Acc: 0.7500000
Epoch: 251, Train Loss: 0.4903633, Train Acc: 0.7400000, Test Acc: 0.7300000
Epoch: 252, Train Loss: 0.4895735, Train Acc: 0.7355556, Test Acc: 0.7400000
Epoch: 253, Train Loss: 0.4895936, Train Acc: 0.7388889, Test Acc: 0.7400000
Epoch: 254, Train Loss: 0.4892932, Train Acc: 0.7400000, Test Acc: 0.7500000
Epoch: 255, Train Loss: 0.4904564, Train Acc: 0.7300000, Test Acc: 0.7500000
Epoch: 256, Train Loss: 0.4897050, Train Acc: 0.7422222, Test Acc: 0.7400000
Epoch: 257, Train Loss: 0.4898153, Train Acc: 0.7400000, Test Acc: 0.7500000
Epoch: 258, Train Loss: 0.4894115, Train Acc: 0.7344444, Test Acc: 0.7500000
Epoch: 259, Train Loss: 0.4890632, Train Acc: 0.7388889, Test Acc: 0.7400000
Epoch: 260, Train Loss: 0.4889895, Train Acc: 0.7322222, Test Acc: 0.7500000
Epoch: 261, Train Loss: 0.4898542, Train Acc: 0.7333333, Test Acc: 0.7400000
Epoch: 262, Train Loss: 0.4888242, Train Acc: 0.7366667, Test Acc: 0.7600000
Epoch: 263, Train Loss: 0.4885000, Train Acc: 0.7366667, Test Acc: 0.7500000
Epoch: 264, Train Loss: 0.4883968, Train Acc: 0.7366667, Test Acc: 0.7500000
Epoch: 265, Train Loss: 0.4889670, Train Acc: 0.7388889, Test Acc: 0.7300000
Epoch: 266, Train Loss: 0.4886288, Train Acc: 0.7377778, Test Acc: 0.7500000
Epoch: 267, Train Loss: 0.4889137, Train Acc: 0.7377778, Test Acc: 0.7300000
Epoch: 268, Train Loss: 0.4885064, Train Acc: 0.7388889, Test Acc: 0.7400000
Epoch: 269, Train Loss: 0.4887956, Train Acc: 0.7422222, Test Acc: 0.7300000
Epoch: 270, Train Loss: 0.4937621, Train Acc: 0.7344444, Test Acc: 0.7300000
Epoch: 271, Train Loss: 0.4908638, Train Acc: 0.7355556, Test Acc: 0.7500000
Epoch: 272, Train Loss: 0.4885788, Train Acc: 0.7388889, Test Acc: 0.7400000
Epoch: 273, Train Loss: 0.4881204, Train Acc: 0.7411111, Test Acc: 0.7500000
Epoch: 274, Train Loss: 0.4884914, Train Acc: 0.7388889, Test Acc: 0.7500000
Epoch: 275, Train Loss: 0.4880088, Train Acc: 0.7400000, Test Acc: 0.7500000
Epoch: 276, Train Loss: 0.4878976, Train Acc: 0.7433333, Test Acc: 0.7400000
Epoch: 277, Train Loss: 0.4876775, Train Acc: 0.7422222, Test Acc: 0.7500000
Epoch: 278, Train Loss: 0.4873452, Train Acc: 0.7411111, Test Acc: 0.7500000
Epoch: 279, Train Loss: 0.4880486, Train Acc: 0.7455556, Test Acc: 0.7500000
