{'dataset_name': 'IMDB-BINARY', 'basis': 'GSO', 'epsilon': [-0.2, -0.25, -0.3, -0.35, -0.4], 'power': [[1, 1], [1, 1], [1, 1], [1, 1], [1, 1]], 'edgehop': 1, 'seeds': [0], 'num_folds': 10, 'num_workers': 8, 'hyperparams': {'batch_size': 64, 'epochs': 401, 'learning_rate': 0.001, 'step_size': 40, 'decay_rate': 0.6}, 'architecture': {'nonlinear': 'ReLU', 'layers': 3, 'hidden': 256, 'pooling': 'X', 'dropout': 0, 'batch_norm': 'N'}, 'commit_id': '51ecea938e8b7bfc38be462eb05bc437ae1578b4', 'time_stamp': '1673245315', 'directory': '../../../../results_spectral_rotation/Try_A100/tu/IMDB-BINARY/board/'}
{'dataset_name': 'IMDB-BINARY', 'basis': 'GSO', 'epsilon': [-0.2, -0.25, -0.3, -0.35, -0.4], 'power': [[1, 1], [1, 1], [1, 1], [1, 1], [1, 1]], 'edgehop': 1, 'seeds': [0], 'num_folds': 10, 'num_workers': 8, 'hyperparams': {'batch_size': 64, 'epochs': 401, 'learning_rate': 0.001, 'step_size': 40, 'decay_rate': 0.6}, 'architecture': {'nonlinear': 'ReLU', 'layers': 3, 'hidden': 256, 'pooling': 'X', 'dropout': 0, 'batch_norm': 'N'}, 'commit_id': '51ecea938e8b7bfc38be462eb05bc437ae1578b4', 'time_stamp': 1673245318, 'directory': '../../../../results_spectral_rotation/Try_A100/tu/IMDB-BINARY/board/', 'seed': 0}
Pre-process:   0%|          | 0/1000 [00:00<?, ?it/s]Pre-process:   7%|▋         | 73/1000 [00:00<00:01, 729.53it/s]Pre-process:  15%|█▍        | 149/1000 [00:00<00:01, 743.20it/s]Pre-process:  22%|██▏       | 224/1000 [00:00<00:01, 722.27it/s]Pre-process:  30%|██▉       | 297/1000 [00:00<00:01, 694.71it/s]Pre-process:  38%|███▊      | 379/1000 [00:00<00:00, 736.57it/s]Pre-process:  46%|████▌     | 458/1000 [00:00<00:00, 753.40it/s]Pre-process:  53%|█████▎    | 534/1000 [00:00<00:00, 753.69it/s]Pre-process:  62%|██████▏   | 617/1000 [00:00<00:00, 775.12it/s]Pre-process:  70%|██████▉   | 695/1000 [00:00<00:00, 762.77it/s]Pre-process:  77%|███████▋  | 772/1000 [00:01<00:00, 725.89it/s]Pre-process:  84%|████████▍ | 845/1000 [00:01<00:00, 706.82it/s]Pre-process:  92%|█████████▏| 916/1000 [00:01<00:00, 674.98it/s]Pre-process:  99%|█████████▉| 990/1000 [00:01<00:00, 691.50it/s]Pre-process: 100%|██████████| 1000/1000 [00:01<00:00, 720.58it/s]
Basis total: 6
train_set : test_set = %d : %d 900 100
-------- FOLD0 DATASET=IMDB-BINARY, COMMIT_ID=51ecea938e8b7bfc38be462eb05bc437ae1578b4
Without batch_norm.
#Params: 728834
Epoch: 001, Train Loss: 0.6895001, Train Acc: 0.4933333, Test Acc: 0.4600000
Epoch: 002, Train Loss: 0.7085539, Train Acc: 0.5000000, Test Acc: 0.5000000
Epoch: 003, Train Loss: 0.6949005, Train Acc: 0.5000000, Test Acc: 0.5000000
Epoch: 004, Train Loss: 0.6991973, Train Acc: 0.5077778, Test Acc: 0.5200000
Epoch: 005, Train Loss: 0.6905586, Train Acc: 0.5000000, Test Acc: 0.5000000
Epoch: 006, Train Loss: 0.7009635, Train Acc: 0.5000000, Test Acc: 0.5000000
Epoch: 007, Train Loss: 0.6844419, Train Acc: 0.5666667, Test Acc: 0.5200000
Epoch: 008, Train Loss: 0.6922354, Train Acc: 0.4966667, Test Acc: 0.5100000
Epoch: 009, Train Loss: 0.6794535, Train Acc: 0.5844444, Test Acc: 0.5800000
Epoch: 010, Train Loss: 0.6730827, Train Acc: 0.5766667, Test Acc: 0.5600000
Epoch: 011, Train Loss: 0.6724105, Train Acc: 0.5688889, Test Acc: 0.5700000
Epoch: 012, Train Loss: 0.6699050, Train Acc: 0.6133333, Test Acc: 0.5900000
Epoch: 013, Train Loss: 0.6449845, Train Acc: 0.6322222, Test Acc: 0.6500000
Epoch: 014, Train Loss: 0.6575571, Train Acc: 0.6122222, Test Acc: 0.5800000
Epoch: 015, Train Loss: 0.6447278, Train Acc: 0.6200000, Test Acc: 0.6800000
Epoch: 016, Train Loss: 0.5867029, Train Acc: 0.6822222, Test Acc: 0.6700000
Epoch: 017, Train Loss: 0.5975527, Train Acc: 0.6955556, Test Acc: 0.6800000
Epoch: 018, Train Loss: 0.6476708, Train Acc: 0.6400000, Test Acc: 0.6800000
Epoch: 019, Train Loss: 0.5691051, Train Acc: 0.7133333, Test Acc: 0.6700000
Epoch: 020, Train Loss: 0.6259471, Train Acc: 0.6644444, Test Acc: 0.6400000
Epoch: 021, Train Loss: 0.5969022, Train Acc: 0.6855556, Test Acc: 0.6900000
Epoch: 022, Train Loss: 0.5666516, Train Acc: 0.7133333, Test Acc: 0.7200000
Epoch: 023, Train Loss: 0.5561648, Train Acc: 0.7011111, Test Acc: 0.7200000
Epoch: 024, Train Loss: 0.5531534, Train Acc: 0.7111111, Test Acc: 0.7400000
Epoch: 025, Train Loss: 0.5500191, Train Acc: 0.7144444, Test Acc: 0.7500000
Epoch: 026, Train Loss: 0.5591668, Train Acc: 0.7000000, Test Acc: 0.7100000
Epoch: 027, Train Loss: 0.5735961, Train Acc: 0.6733333, Test Acc: 0.6800000
Epoch: 028, Train Loss: 0.5875184, Train Acc: 0.6633333, Test Acc: 0.7100000
Epoch: 029, Train Loss: 0.5553105, Train Acc: 0.7111111, Test Acc: 0.7400000
Epoch: 030, Train Loss: 0.5614121, Train Acc: 0.6844444, Test Acc: 0.7400000
Epoch: 031, Train Loss: 0.5533750, Train Acc: 0.6955556, Test Acc: 0.7500000
Epoch: 032, Train Loss: 0.5453168, Train Acc: 0.7100000, Test Acc: 0.6700000
Epoch: 033, Train Loss: 0.5441337, Train Acc: 0.7133333, Test Acc: 0.7100000
Epoch: 034, Train Loss: 0.5422987, Train Acc: 0.7211111, Test Acc: 0.7200000
Epoch: 035, Train Loss: 0.6835054, Train Acc: 0.6288889, Test Acc: 0.6800000
Epoch: 036, Train Loss: 0.5699868, Train Acc: 0.6988889, Test Acc: 0.6800000
Epoch: 037, Train Loss: 0.5444398, Train Acc: 0.7155556, Test Acc: 0.7200000
Epoch: 038, Train Loss: 0.5600974, Train Acc: 0.6955556, Test Acc: 0.7200000
Epoch: 039, Train Loss: 0.5379695, Train Acc: 0.7188889, Test Acc: 0.7100000
Epoch: 040, Train Loss: 0.5426981, Train Acc: 0.7122222, Test Acc: 0.7100000
Epoch: 041, Train Loss: 0.5602117, Train Acc: 0.6900000, Test Acc: 0.7100000
Epoch: 042, Train Loss: 0.5292625, Train Acc: 0.7244444, Test Acc: 0.7400000
Epoch: 043, Train Loss: 0.5568462, Train Acc: 0.7022222, Test Acc: 0.7300000
Epoch: 044, Train Loss: 0.5329445, Train Acc: 0.7211111, Test Acc: 0.7200000
Epoch: 045, Train Loss: 0.5323150, Train Acc: 0.7144444, Test Acc: 0.7100000
Epoch: 046, Train Loss: 0.5287337, Train Acc: 0.7177778, Test Acc: 0.7300000
Epoch: 047, Train Loss: 0.5413395, Train Acc: 0.7111111, Test Acc: 0.7200000
Epoch: 048, Train Loss: 0.5294838, Train Acc: 0.7088889, Test Acc: 0.7400000
Epoch: 049, Train Loss: 0.5247425, Train Acc: 0.7233333, Test Acc: 0.7300000
Epoch: 050, Train Loss: 0.5226069, Train Acc: 0.7155556, Test Acc: 0.7200000
Epoch: 051, Train Loss: 0.5202216, Train Acc: 0.7166667, Test Acc: 0.7300000
Epoch: 052, Train Loss: 0.5281090, Train Acc: 0.7177778, Test Acc: 0.7500000
Epoch: 053, Train Loss: 0.5644777, Train Acc: 0.7211111, Test Acc: 0.7300000
Epoch: 054, Train Loss: 0.5587198, Train Acc: 0.6911111, Test Acc: 0.7300000
Epoch: 055, Train Loss: 0.5398765, Train Acc: 0.7122222, Test Acc: 0.7100000
Epoch: 056, Train Loss: 0.5301319, Train Acc: 0.7188889, Test Acc: 0.7200000
Epoch: 057, Train Loss: 0.5237185, Train Acc: 0.7200000, Test Acc: 0.7300000
Epoch: 058, Train Loss: 0.5221588, Train Acc: 0.7222222, Test Acc: 0.7200000
Epoch: 059, Train Loss: 0.5695444, Train Acc: 0.6977778, Test Acc: 0.7100000
Epoch: 060, Train Loss: 0.5535864, Train Acc: 0.6866667, Test Acc: 0.7300000
Epoch: 061, Train Loss: 0.5214688, Train Acc: 0.7122222, Test Acc: 0.7300000
Epoch: 062, Train Loss: 0.5187032, Train Acc: 0.7133333, Test Acc: 0.7400000
Epoch: 063, Train Loss: 0.5249830, Train Acc: 0.7155556, Test Acc: 0.7500000
Epoch: 064, Train Loss: 0.5067716, Train Acc: 0.7266667, Test Acc: 0.7600000
Epoch: 065, Train Loss: 0.5137435, Train Acc: 0.7277778, Test Acc: 0.7500000
Epoch: 066, Train Loss: 0.5109398, Train Acc: 0.7288889, Test Acc: 0.7600000
Epoch: 067, Train Loss: 0.5052007, Train Acc: 0.7311111, Test Acc: 0.7500000
Epoch: 068, Train Loss: 0.5068815, Train Acc: 0.7222222, Test Acc: 0.7200000
Epoch: 069, Train Loss: 0.4975960, Train Acc: 0.7422222, Test Acc: 0.7300000
Epoch: 070, Train Loss: 0.5005808, Train Acc: 0.7355556, Test Acc: 0.7400000
Epoch: 071, Train Loss: 0.5178706, Train Acc: 0.7222222, Test Acc: 0.7600000
Epoch: 072, Train Loss: 0.4931748, Train Acc: 0.7333333, Test Acc: 0.7500000
Epoch: 073, Train Loss: 0.5196988, Train Acc: 0.7277778, Test Acc: 0.7400000
Epoch: 074, Train Loss: 0.5178723, Train Acc: 0.7222222, Test Acc: 0.7000000
Epoch: 075, Train Loss: 0.4992868, Train Acc: 0.7366667, Test Acc: 0.7300000
Epoch: 076, Train Loss: 0.4968239, Train Acc: 0.7388889, Test Acc: 0.7300000
Epoch: 077, Train Loss: 0.4911253, Train Acc: 0.7300000, Test Acc: 0.7300000
Epoch: 078, Train Loss: 0.4937389, Train Acc: 0.7411111, Test Acc: 0.7400000
Epoch: 079, Train Loss: 0.4914198, Train Acc: 0.7455556, Test Acc: 0.7400000
Epoch: 080, Train Loss: 0.4800927, Train Acc: 0.7377778, Test Acc: 0.7400000
Epoch: 081, Train Loss: 0.4890402, Train Acc: 0.7433333, Test Acc: 0.7300000
Epoch: 082, Train Loss: 0.4761170, Train Acc: 0.7411111, Test Acc: 0.7200000
Epoch: 083, Train Loss: 0.4723762, Train Acc: 0.7544444, Test Acc: 0.7500000
Epoch: 084, Train Loss: 0.4748470, Train Acc: 0.7444444, Test Acc: 0.7200000
Epoch: 085, Train Loss: 0.4780673, Train Acc: 0.7444444, Test Acc: 0.7200000
Epoch: 086, Train Loss: 0.5034005, Train Acc: 0.7466667, Test Acc: 0.7200000
Epoch: 087, Train Loss: 0.4852585, Train Acc: 0.7366667, Test Acc: 0.7200000
Epoch: 088, Train Loss: 0.4775756, Train Acc: 0.7366667, Test Acc: 0.7100000
Epoch: 089, Train Loss: 0.4719375, Train Acc: 0.7544444, Test Acc: 0.7300000
Epoch: 090, Train Loss: 0.4770342, Train Acc: 0.7455556, Test Acc: 0.7300000
Epoch: 091, Train Loss: 0.4745185, Train Acc: 0.7544444, Test Acc: 0.7000000
Epoch: 092, Train Loss: 0.4668126, Train Acc: 0.7588889, Test Acc: 0.7400000
Epoch: 093, Train Loss: 0.4925436, Train Acc: 0.7355556, Test Acc: 0.6900000
Epoch: 094, Train Loss: 0.4720148, Train Acc: 0.7577778, Test Acc: 0.7300000
Epoch: 095, Train Loss: 0.4666583, Train Acc: 0.7588889, Test Acc: 0.7200000
Epoch: 096, Train Loss: 0.4635624, Train Acc: 0.7633333, Test Acc: 0.7300000
Epoch: 097, Train Loss: 0.4586913, Train Acc: 0.7644444, Test Acc: 0.7200000
Epoch: 098, Train Loss: 0.4576319, Train Acc: 0.7622222, Test Acc: 0.7200000
Epoch: 099, Train Loss: 0.4566248, Train Acc: 0.7655556, Test Acc: 0.7100000
Epoch: 100, Train Loss: 0.4685977, Train Acc: 0.7455556, Test Acc: 0.7000000
Epoch: 101, Train Loss: 0.4599486, Train Acc: 0.7477778, Test Acc: 0.7000000
Epoch: 102, Train Loss: 0.4612650, Train Acc: 0.7544444, Test Acc: 0.7300000
Epoch: 103, Train Loss: 0.4814908, Train Acc: 0.7500000, Test Acc: 0.7300000
Epoch: 104, Train Loss: 0.4650266, Train Acc: 0.7555556, Test Acc: 0.7300000
Epoch: 105, Train Loss: 0.4625188, Train Acc: 0.7633333, Test Acc: 0.7400000
Epoch: 106, Train Loss: 0.4546616, Train Acc: 0.7655556, Test Acc: 0.7400000
Epoch: 107, Train Loss: 0.4525482, Train Acc: 0.7600000, Test Acc: 0.7200000
Epoch: 108, Train Loss: 0.4544742, Train Acc: 0.7666667, Test Acc: 0.7200000
Epoch: 109, Train Loss: 0.4621807, Train Acc: 0.7533333, Test Acc: 0.7300000
Epoch: 110, Train Loss: 0.4579082, Train Acc: 0.7666667, Test Acc: 0.7200000
Epoch: 111, Train Loss: 0.4486904, Train Acc: 0.7655556, Test Acc: 0.7400000
Epoch: 112, Train Loss: 0.4479081, Train Acc: 0.7655556, Test Acc: 0.7200000
Epoch: 113, Train Loss: 0.4592705, Train Acc: 0.7611111, Test Acc: 0.7000000
Epoch: 114, Train Loss: 0.4572217, Train Acc: 0.7644444, Test Acc: 0.6800000
Epoch: 115, Train Loss: 0.4444566, Train Acc: 0.7711111, Test Acc: 0.7100000
Epoch: 116, Train Loss: 0.4460885, Train Acc: 0.7700000, Test Acc: 0.7200000
Epoch: 117, Train Loss: 0.4499689, Train Acc: 0.7700000, Test Acc: 0.7100000
Epoch: 118, Train Loss: 0.4552721, Train Acc: 0.7588889, Test Acc: 0.7200000
Epoch: 119, Train Loss: 0.4494070, Train Acc: 0.7700000, Test Acc: 0.6700000
Epoch: 120, Train Loss: 0.4469034, Train Acc: 0.7722222, Test Acc: 0.6900000
Epoch: 121, Train Loss: 0.4424636, Train Acc: 0.7700000, Test Acc: 0.7100000
Epoch: 122, Train Loss: 0.4372448, Train Acc: 0.7733333, Test Acc: 0.7200000
Epoch: 123, Train Loss: 0.4364336, Train Acc: 0.7666667, Test Acc: 0.7100000
Epoch: 124, Train Loss: 0.4377917, Train Acc: 0.7644444, Test Acc: 0.7100000
Epoch: 125, Train Loss: 0.4357728, Train Acc: 0.7788889, Test Acc: 0.7300000
Epoch: 126, Train Loss: 0.4431993, Train Acc: 0.7600000, Test Acc: 0.7100000
Epoch: 127, Train Loss: 0.4314620, Train Acc: 0.7744444, Test Acc: 0.7100000
Epoch: 128, Train Loss: 0.4296228, Train Acc: 0.7833333, Test Acc: 0.7300000
Epoch: 129, Train Loss: 0.4350433, Train Acc: 0.7655556, Test Acc: 0.7100000
Epoch: 130, Train Loss: 0.4312476, Train Acc: 0.7833333, Test Acc: 0.7200000
Epoch: 131, Train Loss: 0.4309551, Train Acc: 0.7777778, Test Acc: 0.7000000
Epoch: 132, Train Loss: 0.4296370, Train Acc: 0.7800000, Test Acc: 0.7000000
Epoch: 133, Train Loss: 0.4227485, Train Acc: 0.7822222, Test Acc: 0.6900000
Epoch: 134, Train Loss: 0.4246994, Train Acc: 0.7877778, Test Acc: 0.6900000
Epoch: 135, Train Loss: 0.4263348, Train Acc: 0.7811111, Test Acc: 0.7100000
Epoch: 136, Train Loss: 0.4242129, Train Acc: 0.7822222, Test Acc: 0.7000000
Epoch: 137, Train Loss: 0.4311694, Train Acc: 0.7855556, Test Acc: 0.6900000
Epoch: 138, Train Loss: 0.4297052, Train Acc: 0.7700000, Test Acc: 0.7000000
Epoch: 139, Train Loss: 0.4196281, Train Acc: 0.7888889, Test Acc: 0.7000000
Epoch: 140, Train Loss: 0.4175687, Train Acc: 0.7833333, Test Acc: 0.7200000
Epoch: 141, Train Loss: 0.4317173, Train Acc: 0.7866667, Test Acc: 0.7000000
Epoch: 142, Train Loss: 0.4257557, Train Acc: 0.7766667, Test Acc: 0.7000000
Epoch: 143, Train Loss: 0.4226718, Train Acc: 0.7877778, Test Acc: 0.7200000
Epoch: 144, Train Loss: 0.4174284, Train Acc: 0.7866667, Test Acc: 0.7100000
Epoch: 145, Train Loss: 0.4152192, Train Acc: 0.7955556, Test Acc: 0.7000000
Epoch: 146, Train Loss: 0.4130482, Train Acc: 0.7977778, Test Acc: 0.6900000
Epoch: 147, Train Loss: 0.4116730, Train Acc: 0.7900000, Test Acc: 0.7000000
Epoch: 148, Train Loss: 0.4169691, Train Acc: 0.7922222, Test Acc: 0.6800000
Epoch: 149, Train Loss: 0.4265223, Train Acc: 0.7777778, Test Acc: 0.7100000
Epoch: 150, Train Loss: 0.4229542, Train Acc: 0.7955556, Test Acc: 0.7100000
Epoch: 151, Train Loss: 0.4111973, Train Acc: 0.7966667, Test Acc: 0.7000000
Epoch: 152, Train Loss: 0.4120098, Train Acc: 0.8044444, Test Acc: 0.7000000
Epoch: 153, Train Loss: 0.4148191, Train Acc: 0.7888889, Test Acc: 0.6600000
Epoch: 154, Train Loss: 0.4101618, Train Acc: 0.7955556, Test Acc: 0.7000000
Epoch: 155, Train Loss: 0.4074577, Train Acc: 0.7955556, Test Acc: 0.6900000
Epoch: 156, Train Loss: 0.4165779, Train Acc: 0.7955556, Test Acc: 0.7100000
Epoch: 157, Train Loss: 0.4083704, Train Acc: 0.7888889, Test Acc: 0.7000000
Epoch: 158, Train Loss: 0.4033055, Train Acc: 0.7988889, Test Acc: 0.6900000
Epoch: 159, Train Loss: 0.4150863, Train Acc: 0.7944444, Test Acc: 0.6900000
Epoch: 160, Train Loss: 0.4035897, Train Acc: 0.7955556, Test Acc: 0.6900000
Epoch: 161, Train Loss: 0.4033843, Train Acc: 0.7944444, Test Acc: 0.6900000
Epoch: 162, Train Loss: 0.4022001, Train Acc: 0.8033333, Test Acc: 0.7000000
Epoch: 163, Train Loss: 0.4023539, Train Acc: 0.8000000, Test Acc: 0.7000000
Epoch: 164, Train Loss: 0.3984086, Train Acc: 0.8000000, Test Acc: 0.6900000
Epoch: 165, Train Loss: 0.3975904, Train Acc: 0.8033333, Test Acc: 0.6800000
Epoch: 166, Train Loss: 0.3957400, Train Acc: 0.8022222, Test Acc: 0.6900000
Epoch: 167, Train Loss: 0.3956183, Train Acc: 0.8011111, Test Acc: 0.7100000
Epoch: 168, Train Loss: 0.3955035, Train Acc: 0.8011111, Test Acc: 0.6900000
Epoch: 169, Train Loss: 0.3960810, Train Acc: 0.8011111, Test Acc: 0.6800000
Epoch: 170, Train Loss: 0.3961411, Train Acc: 0.8022222, Test Acc: 0.7100000
Epoch: 171, Train Loss: 0.3947692, Train Acc: 0.8066667, Test Acc: 0.6800000
Epoch: 172, Train Loss: 0.3936868, Train Acc: 0.8044444, Test Acc: 0.6800000
Epoch: 173, Train Loss: 0.3931628, Train Acc: 0.8044444, Test Acc: 0.6800000
Epoch: 174, Train Loss: 0.3928650, Train Acc: 0.8055556, Test Acc: 0.7000000
Epoch: 175, Train Loss: 0.3900894, Train Acc: 0.8066667, Test Acc: 0.6900000
Epoch: 176, Train Loss: 0.3927156, Train Acc: 0.8011111, Test Acc: 0.6900000
Epoch: 177, Train Loss: 0.3906427, Train Acc: 0.8055556, Test Acc: 0.6900000
Epoch: 178, Train Loss: 0.3967234, Train Acc: 0.7933333, Test Acc: 0.6900000
Epoch: 179, Train Loss: 0.4025521, Train Acc: 0.8088889, Test Acc: 0.7100000
Epoch: 180, Train Loss: 0.3938927, Train Acc: 0.7988889, Test Acc: 0.7100000
Epoch: 181, Train Loss: 0.3886531, Train Acc: 0.8044444, Test Acc: 0.7000000
Epoch: 182, Train Loss: 0.3868366, Train Acc: 0.8044444, Test Acc: 0.7000000
Epoch: 183, Train Loss: 0.3857332, Train Acc: 0.8044444, Test Acc: 0.6900000
Epoch: 184, Train Loss: 0.3874786, Train Acc: 0.8055556, Test Acc: 0.6800000
Epoch: 185, Train Loss: 0.3867556, Train Acc: 0.8011111, Test Acc: 0.7100000
Epoch: 186, Train Loss: 0.3891338, Train Acc: 0.8044444, Test Acc: 0.7000000
Epoch: 187, Train Loss: 0.3850054, Train Acc: 0.8077778, Test Acc: 0.6900000
Epoch: 188, Train Loss: 0.3878944, Train Acc: 0.8066667, Test Acc: 0.7000000
Epoch: 189, Train Loss: 0.3863953, Train Acc: 0.8066667, Test Acc: 0.7100000
Epoch: 190, Train Loss: 0.3871252, Train Acc: 0.8044444, Test Acc: 0.6900000
Epoch: 191, Train Loss: 0.3834801, Train Acc: 0.8111111, Test Acc: 0.7200000
Epoch: 192, Train Loss: 0.3870536, Train Acc: 0.8022222, Test Acc: 0.7000000
Epoch: 193, Train Loss: 0.3830959, Train Acc: 0.8111111, Test Acc: 0.7100000
Epoch: 194, Train Loss: 0.3930600, Train Acc: 0.7966667, Test Acc: 0.6800000
Epoch: 195, Train Loss: 0.3802379, Train Acc: 0.8100000, Test Acc: 0.7200000
Epoch: 196, Train Loss: 0.3880929, Train Acc: 0.8077778, Test Acc: 0.6900000
Epoch: 197, Train Loss: 0.3842936, Train Acc: 0.8100000, Test Acc: 0.7000000
Epoch: 198, Train Loss: 0.5078782, Train Acc: 0.7277778, Test Acc: 0.6900000
Epoch: 199, Train Loss: 0.5838255, Train Acc: 0.7844444, Test Acc: 0.7100000
Epoch: 200, Train Loss: 0.4190982, Train Acc: 0.7833333, Test Acc: 0.6900000
Epoch: 201, Train Loss: 0.4008147, Train Acc: 0.7977778, Test Acc: 0.7000000
Epoch: 202, Train Loss: 0.3974457, Train Acc: 0.8033333, Test Acc: 0.7100000
Epoch: 203, Train Loss: 0.3936262, Train Acc: 0.8022222, Test Acc: 0.7100000
Epoch: 204, Train Loss: 0.3938566, Train Acc: 0.8033333, Test Acc: 0.7200000
Epoch: 205, Train Loss: 0.3885890, Train Acc: 0.8066667, Test Acc: 0.7100000
Epoch: 206, Train Loss: 0.3867192, Train Acc: 0.8066667, Test Acc: 0.7200000
Epoch: 207, Train Loss: 0.3854862, Train Acc: 0.8033333, Test Acc: 0.7200000
Epoch: 208, Train Loss: 0.3840273, Train Acc: 0.8066667, Test Acc: 0.7200000
Epoch: 209, Train Loss: 0.3835704, Train Acc: 0.8055556, Test Acc: 0.7000000
Epoch: 210, Train Loss: 0.3854826, Train Acc: 0.8100000, Test Acc: 0.7000000
Epoch: 211, Train Loss: 0.3820034, Train Acc: 0.8088889, Test Acc: 0.7000000
Epoch: 212, Train Loss: 0.3871738, Train Acc: 0.8066667, Test Acc: 0.7100000
Epoch: 213, Train Loss: 0.3837468, Train Acc: 0.8044444, Test Acc: 0.6900000
Epoch: 214, Train Loss: 0.3809319, Train Acc: 0.8077778, Test Acc: 0.7000000
Epoch: 215, Train Loss: 0.3796666, Train Acc: 0.8111111, Test Acc: 0.6800000
Epoch: 216, Train Loss: 0.3785304, Train Acc: 0.8088889, Test Acc: 0.6900000
Epoch: 217, Train Loss: 0.3773068, Train Acc: 0.8100000, Test Acc: 0.7000000
Epoch: 218, Train Loss: 0.3766982, Train Acc: 0.8055556, Test Acc: 0.7100000
Epoch: 219, Train Loss: 0.3782141, Train Acc: 0.8055556, Test Acc: 0.6900000
Epoch: 220, Train Loss: 0.3766550, Train Acc: 0.8111111, Test Acc: 0.7300000
Epoch: 221, Train Loss: 0.3758991, Train Acc: 0.8055556, Test Acc: 0.7100000
Epoch: 222, Train Loss: 0.3746071, Train Acc: 0.8133333, Test Acc: 0.7100000
Epoch: 223, Train Loss: 0.3750211, Train Acc: 0.8066667, Test Acc: 0.7100000
Epoch: 224, Train Loss: 0.3737845, Train Acc: 0.8066667, Test Acc: 0.7100000
Epoch: 225, Train Loss: 0.3739539, Train Acc: 0.8088889, Test Acc: 0.7100000
Epoch: 226, Train Loss: 0.3730808, Train Acc: 0.8111111, Test Acc: 0.7100000
Epoch: 227, Train Loss: 0.3728501, Train Acc: 0.8111111, Test Acc: 0.7100000
Epoch: 228, Train Loss: 0.3720675, Train Acc: 0.8133333, Test Acc: 0.6900000
Epoch: 229, Train Loss: 0.3710574, Train Acc: 0.8144444, Test Acc: 0.7000000
Epoch: 230, Train Loss: 0.3710039, Train Acc: 0.8122222, Test Acc: 0.7200000
Epoch: 231, Train Loss: 0.3696941, Train Acc: 0.8133333, Test Acc: 0.7200000
Epoch: 232, Train Loss: 0.3705011, Train Acc: 0.8133333, Test Acc: 0.6900000
Epoch: 233, Train Loss: 0.3687591, Train Acc: 0.8133333, Test Acc: 0.7100000
Epoch: 234, Train Loss: 0.3690455, Train Acc: 0.8166667, Test Acc: 0.6800000
Epoch: 235, Train Loss: 0.3733583, Train Acc: 0.8088889, Test Acc: 0.6900000
Epoch: 236, Train Loss: 0.3746021, Train Acc: 0.8122222, Test Acc: 0.6800000
Epoch: 237, Train Loss: 0.3728514, Train Acc: 0.8055556, Test Acc: 0.6800000
Epoch: 238, Train Loss: 0.3724016, Train Acc: 0.8055556, Test Acc: 0.7200000
Epoch: 239, Train Loss: 0.3677042, Train Acc: 0.8100000, Test Acc: 0.7100000
Epoch: 240, Train Loss: 0.3697121, Train Acc: 0.8133333, Test Acc: 0.6800000
Epoch: 241, Train Loss: 0.3680687, Train Acc: 0.8133333, Test Acc: 0.6900000
Epoch: 242, Train Loss: 0.3667315, Train Acc: 0.8144444, Test Acc: 0.6900000
Epoch: 243, Train Loss: 0.3666440, Train Acc: 0.8100000, Test Acc: 0.7200000
Epoch: 244, Train Loss: 0.3660485, Train Acc: 0.8111111, Test Acc: 0.7000000
Epoch: 245, Train Loss: 0.3656562, Train Acc: 0.8144444, Test Acc: 0.6900000
Epoch: 246, Train Loss: 0.3671745, Train Acc: 0.8144444, Test Acc: 0.6900000
Epoch: 247, Train Loss: 0.3660725, Train Acc: 0.8088889, Test Acc: 0.7100000
Epoch: 248, Train Loss: 0.3650555, Train Acc: 0.8066667, Test Acc: 0.7000000
Epoch: 249, Train Loss: 0.3647876, Train Acc: 0.8055556, Test Acc: 0.7000000
Epoch: 250, Train Loss: 0.3645610, Train Acc: 0.8100000, Test Acc: 0.7200000
Epoch: 251, Train Loss: 0.3645456, Train Acc: 0.8144444, Test Acc: 0.6900000
Epoch: 252, Train Loss: 0.3724109, Train Acc: 0.8122222, Test Acc: 0.7000000
Epoch: 253, Train Loss: 0.3680974, Train Acc: 0.8133333, Test Acc: 0.6800000
Epoch: 254, Train Loss: 0.3650463, Train Acc: 0.8122222, Test Acc: 0.7100000
Epoch: 255, Train Loss: 0.3631478, Train Acc: 0.8122222, Test Acc: 0.6700000
Epoch: 256, Train Loss: 0.3626535, Train Acc: 0.8144444, Test Acc: 0.6800000
Epoch: 257, Train Loss: 0.3636033, Train Acc: 0.8088889, Test Acc: 0.6900000
Epoch: 258, Train Loss: 0.3642920, Train Acc: 0.8077778, Test Acc: 0.6900000
Epoch: 259, Train Loss: 0.3632036, Train Acc: 0.8122222, Test Acc: 0.7000000
Epoch: 260, Train Loss: 0.3619898, Train Acc: 0.8122222, Test Acc: 0.7000000
Epoch: 261, Train Loss: 0.3615879, Train Acc: 0.8111111, Test Acc: 0.7100000
Epoch: 262, Train Loss: 0.3630521, Train Acc: 0.8088889, Test Acc: 0.6900000
Epoch: 263, Train Loss: 0.3618857, Train Acc: 0.8100000, Test Acc: 0.7200000
Epoch: 264, Train Loss: 0.3610699, Train Acc: 0.8133333, Test Acc: 0.7000000
Epoch: 265, Train Loss: 0.3623703, Train Acc: 0.8066667, Test Acc: 0.7000000
Epoch: 266, Train Loss: 0.3614967, Train Acc: 0.8066667, Test Acc: 0.7100000
Epoch: 267, Train Loss: 0.3599462, Train Acc: 0.8155556, Test Acc: 0.7000000
Epoch: 268, Train Loss: 0.3598762, Train Acc: 0.8155556, Test Acc: 0.6900000
Epoch: 269, Train Loss: 0.3600774, Train Acc: 0.8144444, Test Acc: 0.6900000
Epoch: 270, Train Loss: 0.3594930, Train Acc: 0.8166667, Test Acc: 0.6900000
Epoch: 271, Train Loss: 0.3586298, Train Acc: 0.8144444, Test Acc: 0.7000000
Epoch: 272, Train Loss: 0.3591879, Train Acc: 0.8144444, Test Acc: 0.7000000
Epoch: 273, Train Loss: 0.3609021, Train Acc: 0.8144444, Test Acc: 0.7000000
Epoch: 274, Train Loss: 0.3589051, Train Acc: 0.8133333, Test Acc: 0.7000000
Epoch: 275, Train Loss: 0.3590752, Train Acc: 0.8111111, Test Acc: 0.7100000
Epoch: 276, Train Loss: 0.3584440, Train Acc: 0.8144444, Test Acc: 0.7000000
Epoch: 277, Train Loss: 0.3589558, Train Acc: 0.8133333, Test Acc: 0.7200000
Epoch: 278, Train Loss: 0.3580151, Train Acc: 0.8144444, Test Acc: 0.6900000
Epoch: 279, Train Loss: 0.3606686, Train Acc: 0.8177778, Test Acc: 0.7100000
Epoch: 280, Train Loss: 0.3603401, Train Acc: 0.8077778, Test Acc: 0.7000000
Epoch: 281, Train Loss: 0.3595315, Train Acc: 0.8088889, Test Acc: 0.6900000
Epoch: 282, Train Loss: 0.3580455, Train Acc: 0.8088889, Test Acc: 0.7000000
Epoch: 283, Train Loss: 0.3575414, Train Acc: 0.8177778, Test Acc: 0.7100000
Epoch: 284, Train Loss: 0.3561089, Train Acc: 0.8133333, Test Acc: 0.6900000
Epoch: 285, Train Loss: 0.3556003, Train Acc: 0.8133333, Test Acc: 0.6900000
Epoch: 286, Train Loss: 0.3558285, Train Acc: 0.8155556, Test Acc: 0.6900000
Epoch: 287, Train Loss: 0.3552345, Train Acc: 0.8133333, Test Acc: 0.6900000
Epoch: 288, Train Loss: 0.3550496, Train Acc: 0.8133333, Test Acc: 0.6900000
Epoch: 289, Train Loss: 0.3575031, Train Acc: 0.8100000, Test Acc: 0.7000000
Epoch: 290, Train Loss: 0.3551669, Train Acc: 0.8166667, Test Acc: 0.7000000
Epoch: 291, Train Loss: 0.3550318, Train Acc: 0.8166667, Test Acc: 0.7100000
Epoch: 292, Train Loss: 0.3549788, Train Acc: 0.8144444, Test Acc: 0.7100000
Epoch: 293, Train Loss: 0.3553130, Train Acc: 0.8155556, Test Acc: 0.7000000
Epoch: 294, Train Loss: 0.3543593, Train Acc: 0.8133333, Test Acc: 0.6900000
Epoch: 295, Train Loss: 0.3560377, Train Acc: 0.8155556, Test Acc: 0.7000000
Epoch: 296, Train Loss: 0.3545888, Train Acc: 0.8133333, Test Acc: 0.6900000
Epoch: 297, Train Loss: 0.3539128, Train Acc: 0.8166667, Test Acc: 0.6900000
Epoch: 298, Train Loss: 0.3543774, Train Acc: 0.8144444, Test Acc: 0.6900000
Epoch: 299, Train Loss: 0.3536033, Train Acc: 0.8144444, Test Acc: 0.6900000
Epoch: 300, Train Loss: 0.3535030, Train Acc: 0.8144444, Test Acc: 0.6900000
Epoch: 301, Train Loss: 0.3563955, Train Acc: 0.8188889, Test Acc: 0.7000000
Epoch: 302, Train Loss: 0.3538261, Train Acc: 0.8155556, Test Acc: 0.6800000
Epoch: 303, Train Loss: 0.3528607, Train Acc: 0.8144444, Test Acc: 0.6900000
Epoch: 304, Train Loss: 0.3529100, Train Acc: 0.8166667, Test Acc: 0.6900000
Epoch: 305, Train Loss: 0.3523216, Train Acc: 0.8166667, Test Acc: 0.7000000
Epoch: 306, Train Loss: 0.3524792, Train Acc: 0.8155556, Test Acc: 0.7100000
Epoch: 307, Train Loss: 0.3541098, Train Acc: 0.8211111, Test Acc: 0.7000000
Epoch: 308, Train Loss: 0.3519407, Train Acc: 0.8177778, Test Acc: 0.7000000
Epoch: 309, Train Loss: 0.3526353, Train Acc: 0.8188889, Test Acc: 0.7100000
Epoch: 310, Train Loss: 0.3515681, Train Acc: 0.8177778, Test Acc: 0.7000000
Epoch: 311, Train Loss: 0.3522866, Train Acc: 0.8166667, Test Acc: 0.6800000
Epoch: 312, Train Loss: 0.3516769, Train Acc: 0.8188889, Test Acc: 0.7100000
Epoch: 313, Train Loss: 0.3519845, Train Acc: 0.8188889, Test Acc: 0.7100000
Epoch: 314, Train Loss: 0.3616665, Train Acc: 0.8155556, Test Acc: 0.7100000
Epoch: 315, Train Loss: 0.3525969, Train Acc: 0.8200000, Test Acc: 0.7000000
Epoch: 316, Train Loss: 0.3511805, Train Acc: 0.8211111, Test Acc: 0.7200000
Epoch: 317, Train Loss: 0.3524604, Train Acc: 0.8200000, Test Acc: 0.7200000
Epoch: 318, Train Loss: 0.3522184, Train Acc: 0.8166667, Test Acc: 0.7200000
Epoch: 319, Train Loss: 0.3509864, Train Acc: 0.8155556, Test Acc: 0.7100000
Epoch: 320, Train Loss: 0.3510567, Train Acc: 0.8177778, Test Acc: 0.6900000
Epoch: 321, Train Loss: 0.3505776, Train Acc: 0.8188889, Test Acc: 0.6900000
Epoch: 322, Train Loss: 0.3502985, Train Acc: 0.8200000, Test Acc: 0.7000000
Epoch: 323, Train Loss: 0.3499876, Train Acc: 0.8200000, Test Acc: 0.7000000
Epoch: 324, Train Loss: 0.3496531, Train Acc: 0.8188889, Test Acc: 0.7000000
Epoch: 325, Train Loss: 0.3496055, Train Acc: 0.8166667, Test Acc: 0.7100000
Epoch: 326, Train Loss: 0.3496060, Train Acc: 0.8222222, Test Acc: 0.7100000
Epoch: 327, Train Loss: 0.3492632, Train Acc: 0.8222222, Test Acc: 0.7100000
Epoch: 328, Train Loss: 0.3490517, Train Acc: 0.8155556, Test Acc: 0.7100000
Epoch: 329, Train Loss: 0.3490943, Train Acc: 0.8188889, Test Acc: 0.6900000
Epoch: 330, Train Loss: 0.3492064, Train Acc: 0.8200000, Test Acc: 0.6900000
Epoch: 331, Train Loss: 0.3488307, Train Acc: 0.8222222, Test Acc: 0.7000000
Epoch: 332, Train Loss: 0.3489431, Train Acc: 0.8222222, Test Acc: 0.7000000
Epoch: 333, Train Loss: 0.3487619, Train Acc: 0.8200000, Test Acc: 0.7000000
Epoch: 334, Train Loss: 0.3495018, Train Acc: 0.8222222, Test Acc: 0.7100000
Epoch: 335, Train Loss: 0.3485513, Train Acc: 0.8177778, Test Acc: 0.7000000
Epoch: 336, Train Loss: 0.3489892, Train Acc: 0.8188889, Test Acc: 0.7000000
Epoch: 337, Train Loss: 0.3484513, Train Acc: 0.8188889, Test Acc: 0.7000000
Epoch: 338, Train Loss: 0.3482434, Train Acc: 0.8188889, Test Acc: 0.7000000
Epoch: 339, Train Loss: 0.3483617, Train Acc: 0.8211111, Test Acc: 0.7100000
Epoch: 340, Train Loss: 0.3477285, Train Acc: 0.8211111, Test Acc: 0.7000000
Epoch: 341, Train Loss: 0.3496000, Train Acc: 0.8177778, Test Acc: 0.6900000
Epoch: 342, Train Loss: 0.3481146, Train Acc: 0.8211111, Test Acc: 0.7000000
Epoch: 343, Train Loss: 0.3482555, Train Acc: 0.8188889, Test Acc: 0.7000000
Epoch: 344, Train Loss: 0.3477875, Train Acc: 0.8200000, Test Acc: 0.7000000
Epoch: 345, Train Loss: 0.3475193, Train Acc: 0.8200000, Test Acc: 0.7100000
Epoch: 346, Train Loss: 0.3473070, Train Acc: 0.8188889, Test Acc: 0.7000000
Epoch: 347, Train Loss: 0.3472055, Train Acc: 0.8177778, Test Acc: 0.7000000
Epoch: 348, Train Loss: 0.3470799, Train Acc: 0.8166667, Test Acc: 0.6900000
Epoch: 349, Train Loss: 0.3472517, Train Acc: 0.8188889, Test Acc: 0.6900000
Epoch: 350, Train Loss: 0.3470627, Train Acc: 0.8200000, Test Acc: 0.6900000
Epoch: 351, Train Loss: 0.3467565, Train Acc: 0.8222222, Test Acc: 0.7000000
Epoch: 352, Train Loss: 0.3467353, Train Acc: 0.8233333, Test Acc: 0.7000000
Epoch: 353, Train Loss: 0.3463953, Train Acc: 0.8222222, Test Acc: 0.7000000
Epoch: 354, Train Loss: 0.3463914, Train Acc: 0.8166667, Test Acc: 0.7100000
