{'dataset_name': 'IMDB-BINARY', 'basis': 'GSO', 'epsilon': [-0.2, -0.25, -0.3, -0.35, -0.4], 'power': [[1, 2], [1, 2], [1, 5], [1, 5], [1, 8]], 'seeds': [0], 'num_folds': 10, 'num_workers': 8, 'hyperparams': {'batch_size': 64, 'epochs': 301, 'learning_rate': 0.001, 'step_size': 40, 'decay_rate': 0.6}, 'architecture': {'nonlinear': 'GELU', 'layers': 4, 'hidden': 256, 'pooling': 'X', 'dropout': 0, 'batch_norm': 'N'}, 'commit_id': '51ecea938e8b7bfc38be462eb05bc437ae1578b4', 'time_stamp': '1673246929', 'directory': '../../../../results_spectral_rotation/Try_A100/tu/IMDB-BINARY/board/'}
{'dataset_name': 'IMDB-BINARY', 'basis': 'GSO', 'epsilon': [-0.2, -0.25, -0.3, -0.35, -0.4], 'power': [[1, 2], [1, 2], [1, 5], [1, 5], [1, 8]], 'seeds': [0], 'num_folds': 10, 'num_workers': 8, 'hyperparams': {'batch_size': 64, 'epochs': 301, 'learning_rate': 0.001, 'step_size': 40, 'decay_rate': 0.6}, 'architecture': {'nonlinear': 'GELU', 'layers': 4, 'hidden': 256, 'pooling': 'X', 'dropout': 0, 'batch_norm': 'N'}, 'commit_id': '51ecea938e8b7bfc38be462eb05bc437ae1578b4', 'time_stamp': 1673246932, 'directory': '../../../../results_spectral_rotation/Try_A100/tu/IMDB-BINARY/board/', 'seed': 0}
Pre-process:   0%|          | 0/1000 [00:00<?, ?it/s]Pre-process:   6%|▌         | 60/1000 [00:00<00:01, 599.19it/s]Pre-process:  12%|█▎        | 125/1000 [00:00<00:01, 624.05it/s]Pre-process:  19%|█▉        | 191/1000 [00:00<00:01, 638.64it/s]Pre-process:  26%|██▌       | 257/1000 [00:00<00:01, 645.18it/s]Pre-process:  32%|███▏      | 322/1000 [00:00<00:01, 634.67it/s]Pre-process:  39%|███▊      | 386/1000 [00:00<00:01, 612.37it/s]Pre-process:  45%|████▌     | 454/1000 [00:00<00:00, 631.54it/s]Pre-process:  53%|█████▎    | 531/1000 [00:00<00:00, 672.89it/s]Pre-process:  60%|██████    | 602/1000 [00:00<00:00, 684.05it/s]Pre-process:  67%|██████▋   | 671/1000 [00:01<00:00, 677.16it/s]Pre-process:  74%|███████▍  | 739/1000 [00:01<00:00, 642.62it/s]Pre-process:  80%|████████  | 804/1000 [00:01<00:00, 640.54it/s]Pre-process:  87%|████████▋ | 869/1000 [00:01<00:00, 618.04it/s]Pre-process:  93%|█████████▎| 934/1000 [00:01<00:00, 624.86it/s]Pre-process: 100%|██████████| 1000/1000 [00:01<00:00, 644.12it/s]
Basis total: 23
train_set : test_set = %d : %d 900 100
-------- FOLD0 DATASET=IMDB-BINARY, COMMIT_ID=51ecea938e8b7bfc38be462eb05bc437ae1578b4
Without batch_norm.
#Params: 930562
Epoch: 001, Train Loss: 38.4006929, Train Acc: 0.5700000, Test Acc: 0.6100000
Epoch: 002, Train Loss: 0.7842945, Train Acc: 0.6788889, Test Acc: 0.7000000
Epoch: 003, Train Loss: 28.1937907, Train Acc: 0.6266667, Test Acc: 0.6200000
Epoch: 004, Train Loss: 1.0848357, Train Acc: 0.6233333, Test Acc: 0.6700000
Epoch: 005, Train Loss: 0.6403505, Train Acc: 0.6488889, Test Acc: 0.6800000
Epoch: 006, Train Loss: 0.5970007, Train Acc: 0.6433333, Test Acc: 0.6800000
Epoch: 007, Train Loss: 0.9347139, Train Acc: 0.7111111, Test Acc: 0.7300000
Epoch: 008, Train Loss: 0.6727972, Train Acc: 0.7144444, Test Acc: 0.7100000
Epoch: 009, Train Loss: 0.5840688, Train Acc: 0.7133333, Test Acc: 0.7300000
Epoch: 010, Train Loss: 0.5362699, Train Acc: 0.7000000, Test Acc: 0.7200000
Epoch: 011, Train Loss: 0.5468945, Train Acc: 0.7088889, Test Acc: 0.7300000
Epoch: 012, Train Loss: 0.5261529, Train Acc: 0.7122222, Test Acc: 0.7400000
Epoch: 013, Train Loss: 0.5233804, Train Acc: 0.7155556, Test Acc: 0.7300000
Epoch: 014, Train Loss: 0.5337584, Train Acc: 0.7222222, Test Acc: 0.7500000
Epoch: 015, Train Loss: 0.5155552, Train Acc: 0.7377778, Test Acc: 0.7500000
Epoch: 016, Train Loss: 0.5155313, Train Acc: 0.7255556, Test Acc: 0.7300000
Epoch: 017, Train Loss: 0.5226445, Train Acc: 0.7355556, Test Acc: 0.7400000
Epoch: 018, Train Loss: 0.5168379, Train Acc: 0.7200000, Test Acc: 0.7500000
Epoch: 019, Train Loss: 0.5241581, Train Acc: 0.7244444, Test Acc: 0.7500000
Epoch: 020, Train Loss: 0.5245761, Train Acc: 0.7333333, Test Acc: 0.7500000
Epoch: 021, Train Loss: 0.5194372, Train Acc: 0.7122222, Test Acc: 0.7400000
Epoch: 022, Train Loss: 0.5310983, Train Acc: 0.7255556, Test Acc: 0.7400000
Epoch: 023, Train Loss: 0.5137519, Train Acc: 0.7155556, Test Acc: 0.7400000
Epoch: 024, Train Loss: 0.5253243, Train Acc: 0.7200000, Test Acc: 0.7400000
Epoch: 025, Train Loss: 0.5082452, Train Acc: 0.7222222, Test Acc: 0.7500000
Epoch: 026, Train Loss: 0.5203118, Train Acc: 0.7211111, Test Acc: 0.7300000
Epoch: 027, Train Loss: 0.5085684, Train Acc: 0.7355556, Test Acc: 0.7400000
Epoch: 028, Train Loss: 0.5182384, Train Acc: 0.7377778, Test Acc: 0.7400000
Epoch: 029, Train Loss: 0.5234484, Train Acc: 0.7188889, Test Acc: 0.7400000
Epoch: 030, Train Loss: 0.5259010, Train Acc: 0.7200000, Test Acc: 0.7400000
Epoch: 031, Train Loss: 0.5235484, Train Acc: 0.7133333, Test Acc: 0.6900000
Epoch: 032, Train Loss: 0.5249266, Train Acc: 0.7177778, Test Acc: 0.7500000
Epoch: 033, Train Loss: 0.5195868, Train Acc: 0.7277778, Test Acc: 0.7200000
Epoch: 034, Train Loss: 0.5101885, Train Acc: 0.7344444, Test Acc: 0.7400000
Epoch: 035, Train Loss: 0.5107887, Train Acc: 0.7255556, Test Acc: 0.7400000
Epoch: 036, Train Loss: 0.5061402, Train Acc: 0.7322222, Test Acc: 0.7400000
Epoch: 037, Train Loss: 0.5077352, Train Acc: 0.7355556, Test Acc: 0.7500000
Epoch: 038, Train Loss: 0.5055375, Train Acc: 0.7333333, Test Acc: 0.7500000
Epoch: 039, Train Loss: 0.5066436, Train Acc: 0.7300000, Test Acc: 0.7500000
Epoch: 040, Train Loss: 0.5026312, Train Acc: 0.7311111, Test Acc: 0.7500000
Epoch: 041, Train Loss: 0.5020487, Train Acc: 0.7411111, Test Acc: 0.7600000
Epoch: 042, Train Loss: 0.5187589, Train Acc: 0.7188889, Test Acc: 0.7400000
Epoch: 043, Train Loss: 0.5030252, Train Acc: 0.7377778, Test Acc: 0.7400000
Epoch: 044, Train Loss: 0.4995373, Train Acc: 0.7333333, Test Acc: 0.7600000
Epoch: 045, Train Loss: 0.5007212, Train Acc: 0.7344444, Test Acc: 0.7400000
Epoch: 046, Train Loss: 0.5040337, Train Acc: 0.7244444, Test Acc: 0.7500000
Epoch: 047, Train Loss: 0.5046471, Train Acc: 0.7433333, Test Acc: 0.7300000
Epoch: 048, Train Loss: 0.5144986, Train Acc: 0.7188889, Test Acc: 0.7400000
Epoch: 049, Train Loss: 0.5007733, Train Acc: 0.7333333, Test Acc: 0.7300000
Epoch: 050, Train Loss: 0.5018318, Train Acc: 0.7355556, Test Acc: 0.7600000
Epoch: 051, Train Loss: 0.4997170, Train Acc: 0.7277778, Test Acc: 0.7500000
Epoch: 052, Train Loss: 0.5002282, Train Acc: 0.7288889, Test Acc: 0.7400000
Epoch: 053, Train Loss: 0.4986286, Train Acc: 0.7222222, Test Acc: 0.7500000
Epoch: 054, Train Loss: 0.5031697, Train Acc: 0.7266667, Test Acc: 0.7600000
Epoch: 055, Train Loss: 0.5014054, Train Acc: 0.7311111, Test Acc: 0.7200000
Epoch: 056, Train Loss: 0.4986172, Train Acc: 0.7333333, Test Acc: 0.7500000
Epoch: 057, Train Loss: 0.5005889, Train Acc: 0.7366667, Test Acc: 0.7300000
Epoch: 058, Train Loss: 0.5089175, Train Acc: 0.7233333, Test Acc: 0.7400000
Epoch: 059, Train Loss: 0.5012499, Train Acc: 0.7444444, Test Acc: 0.7200000
Epoch: 060, Train Loss: 0.4979893, Train Acc: 0.7322222, Test Acc: 0.7400000
Epoch: 061, Train Loss: 0.4976854, Train Acc: 0.7500000, Test Acc: 0.7200000
Epoch: 062, Train Loss: 0.4936540, Train Acc: 0.7322222, Test Acc: 0.7400000
Epoch: 063, Train Loss: 0.4996229, Train Acc: 0.7233333, Test Acc: 0.7400000
Epoch: 064, Train Loss: 0.4971554, Train Acc: 0.7411111, Test Acc: 0.7300000
Epoch: 065, Train Loss: 0.4933428, Train Acc: 0.7400000, Test Acc: 0.7500000
Epoch: 066, Train Loss: 0.4971171, Train Acc: 0.7255556, Test Acc: 0.7400000
Epoch: 067, Train Loss: 0.4930199, Train Acc: 0.7222222, Test Acc: 0.7400000
Epoch: 068, Train Loss: 0.5019973, Train Acc: 0.7411111, Test Acc: 0.7200000
Epoch: 069, Train Loss: 0.5131318, Train Acc: 0.7222222, Test Acc: 0.7300000
Epoch: 070, Train Loss: 0.4961250, Train Acc: 0.7311111, Test Acc: 0.7500000
Epoch: 071, Train Loss: 0.4968411, Train Acc: 0.7277778, Test Acc: 0.7400000
Epoch: 072, Train Loss: 0.4975838, Train Acc: 0.7444444, Test Acc: 0.7400000
Epoch: 073, Train Loss: 0.4979344, Train Acc: 0.7433333, Test Acc: 0.7400000
Epoch: 074, Train Loss: 0.4944306, Train Acc: 0.7300000, Test Acc: 0.7200000
Epoch: 075, Train Loss: 0.4925518, Train Acc: 0.7333333, Test Acc: 0.7500000
Epoch: 076, Train Loss: 0.4931496, Train Acc: 0.7288889, Test Acc: 0.7400000
Epoch: 077, Train Loss: 0.5024748, Train Acc: 0.7344444, Test Acc: 0.7100000
Epoch: 078, Train Loss: 0.4927013, Train Acc: 0.7255556, Test Acc: 0.7300000
Epoch: 079, Train Loss: 0.4905154, Train Acc: 0.7411111, Test Acc: 0.7500000
Epoch: 080, Train Loss: 0.4906898, Train Acc: 0.7322222, Test Acc: 0.7300000
Epoch: 081, Train Loss: 0.4881171, Train Acc: 0.7577778, Test Acc: 0.7500000
Epoch: 082, Train Loss: 0.4878061, Train Acc: 0.7388889, Test Acc: 0.7500000
Epoch: 083, Train Loss: 0.4869455, Train Acc: 0.7477778, Test Acc: 0.7600000
Epoch: 084, Train Loss: 0.4859177, Train Acc: 0.7377778, Test Acc: 0.7500000
Epoch: 085, Train Loss: 0.4893586, Train Acc: 0.7455556, Test Acc: 0.7500000
Epoch: 086, Train Loss: 0.4879375, Train Acc: 0.7466667, Test Acc: 0.7300000
Epoch: 087, Train Loss: 0.4894027, Train Acc: 0.7333333, Test Acc: 0.7400000
Epoch: 088, Train Loss: 0.4913738, Train Acc: 0.7588889, Test Acc: 0.7400000
Epoch: 089, Train Loss: 0.4844951, Train Acc: 0.7511111, Test Acc: 0.7500000
Epoch: 090, Train Loss: 0.4843703, Train Acc: 0.7600000, Test Acc: 0.7500000
Epoch: 091, Train Loss: 0.4829254, Train Acc: 0.7466667, Test Acc: 0.7600000
Epoch: 092, Train Loss: 0.4835511, Train Acc: 0.7366667, Test Acc: 0.7300000
Epoch: 093, Train Loss: 0.4822563, Train Acc: 0.7477778, Test Acc: 0.7300000
Epoch: 094, Train Loss: 0.4811272, Train Acc: 0.7455556, Test Acc: 0.7400000
Epoch: 095, Train Loss: 0.4848361, Train Acc: 0.7322222, Test Acc: 0.7400000
Epoch: 096, Train Loss: 0.4888714, Train Acc: 0.7533333, Test Acc: 0.7000000
Epoch: 097, Train Loss: 0.4878934, Train Acc: 0.7311111, Test Acc: 0.7400000
Epoch: 098, Train Loss: 0.4836560, Train Acc: 0.7544444, Test Acc: 0.7400000
Epoch: 099, Train Loss: 0.4860610, Train Acc: 0.7566667, Test Acc: 0.7000000
Epoch: 100, Train Loss: 0.4971859, Train Acc: 0.7177778, Test Acc: 0.7600000
Epoch: 101, Train Loss: 0.4913276, Train Acc: 0.7455556, Test Acc: 0.6800000
Epoch: 102, Train Loss: 0.4818875, Train Acc: 0.7400000, Test Acc: 0.7500000
Epoch: 103, Train Loss: 0.4788289, Train Acc: 0.7588889, Test Acc: 0.7400000
Epoch: 104, Train Loss: 0.4789231, Train Acc: 0.7522222, Test Acc: 0.7400000
Epoch: 105, Train Loss: 0.4781098, Train Acc: 0.7533333, Test Acc: 0.7400000
Epoch: 106, Train Loss: 0.4778685, Train Acc: 0.7400000, Test Acc: 0.7400000
Epoch: 107, Train Loss: 0.4847748, Train Acc: 0.7300000, Test Acc: 0.7400000
Epoch: 108, Train Loss: 0.4881187, Train Acc: 0.7500000, Test Acc: 0.6900000
Epoch: 109, Train Loss: 0.4850806, Train Acc: 0.7288889, Test Acc: 0.7400000
Epoch: 110, Train Loss: 0.4955062, Train Acc: 0.7444444, Test Acc: 0.6700000
Epoch: 111, Train Loss: 0.4766464, Train Acc: 0.7488889, Test Acc: 0.7500000
Epoch: 112, Train Loss: 0.4746655, Train Acc: 0.7622222, Test Acc: 0.7400000
Epoch: 113, Train Loss: 0.4752425, Train Acc: 0.7555556, Test Acc: 0.7500000
Epoch: 114, Train Loss: 0.4728080, Train Acc: 0.7611111, Test Acc: 0.7300000
Epoch: 115, Train Loss: 0.4726736, Train Acc: 0.7600000, Test Acc: 0.7300000
Epoch: 116, Train Loss: 0.4720845, Train Acc: 0.7611111, Test Acc: 0.7200000
Epoch: 117, Train Loss: 0.4834034, Train Acc: 0.7333333, Test Acc: 0.7500000
Epoch: 118, Train Loss: 0.4775559, Train Acc: 0.7566667, Test Acc: 0.7200000
Epoch: 119, Train Loss: 0.4725970, Train Acc: 0.7511111, Test Acc: 0.7400000
Epoch: 120, Train Loss: 0.4727767, Train Acc: 0.7566667, Test Acc: 0.7400000
Epoch: 121, Train Loss: 0.4694714, Train Acc: 0.7611111, Test Acc: 0.7200000
Epoch: 122, Train Loss: 0.4802105, Train Acc: 0.7477778, Test Acc: 0.7300000
Epoch: 123, Train Loss: 0.4716187, Train Acc: 0.7588889, Test Acc: 0.7200000
Epoch: 124, Train Loss: 0.4711968, Train Acc: 0.7544444, Test Acc: 0.7300000
Epoch: 125, Train Loss: 0.4773712, Train Acc: 0.7644444, Test Acc: 0.6900000
Epoch: 126, Train Loss: 0.4744518, Train Acc: 0.7522222, Test Acc: 0.7400000
Epoch: 127, Train Loss: 0.4763476, Train Acc: 0.7566667, Test Acc: 0.7200000
Epoch: 128, Train Loss: 0.4734224, Train Acc: 0.7555556, Test Acc: 0.7500000
Epoch: 129, Train Loss: 0.4664855, Train Acc: 0.7611111, Test Acc: 0.7200000
Epoch: 130, Train Loss: 0.4663774, Train Acc: 0.7666667, Test Acc: 0.7300000
Epoch: 131, Train Loss: 0.4654136, Train Acc: 0.7666667, Test Acc: 0.7300000
Epoch: 132, Train Loss: 0.4645145, Train Acc: 0.7644444, Test Acc: 0.7300000
Epoch: 133, Train Loss: 0.4651773, Train Acc: 0.7644444, Test Acc: 0.7200000
Epoch: 134, Train Loss: 0.4629964, Train Acc: 0.7622222, Test Acc: 0.7300000
Epoch: 135, Train Loss: 0.4631563, Train Acc: 0.7655556, Test Acc: 0.7300000
Epoch: 136, Train Loss: 0.4631354, Train Acc: 0.7566667, Test Acc: 0.7500000
Epoch: 137, Train Loss: 0.4633839, Train Acc: 0.7600000, Test Acc: 0.7100000
Epoch: 138, Train Loss: 0.4664231, Train Acc: 0.7522222, Test Acc: 0.7300000
Epoch: 139, Train Loss: 0.4641139, Train Acc: 0.7633333, Test Acc: 0.7000000
Epoch: 140, Train Loss: 0.4612105, Train Acc: 0.7666667, Test Acc: 0.7300000
Epoch: 141, Train Loss: 0.4679155, Train Acc: 0.7500000, Test Acc: 0.7500000
Epoch: 142, Train Loss: 0.4688866, Train Acc: 0.7577778, Test Acc: 0.7400000
Epoch: 143, Train Loss: 0.4680368, Train Acc: 0.7600000, Test Acc: 0.7300000
Epoch: 144, Train Loss: 0.4625016, Train Acc: 0.7544444, Test Acc: 0.7400000
Epoch: 145, Train Loss: 0.4624213, Train Acc: 0.7655556, Test Acc: 0.7000000
Epoch: 146, Train Loss: 0.4625817, Train Acc: 0.7622222, Test Acc: 0.7000000
Epoch: 147, Train Loss: 0.4652993, Train Acc: 0.7500000, Test Acc: 0.7400000
Epoch: 148, Train Loss: 0.4581928, Train Acc: 0.7688889, Test Acc: 0.7500000
Epoch: 149, Train Loss: 0.4578178, Train Acc: 0.7733333, Test Acc: 0.7200000
Epoch: 150, Train Loss: 0.4574196, Train Acc: 0.7655556, Test Acc: 0.7400000
Epoch: 151, Train Loss: 0.4567760, Train Acc: 0.7677778, Test Acc: 0.7200000
Epoch: 152, Train Loss: 0.4552297, Train Acc: 0.7733333, Test Acc: 0.6900000
Epoch: 153, Train Loss: 0.4549202, Train Acc: 0.7711111, Test Acc: 0.7200000
Epoch: 154, Train Loss: 0.4552071, Train Acc: 0.7688889, Test Acc: 0.7100000
Epoch: 155, Train Loss: 0.4540159, Train Acc: 0.7722222, Test Acc: 0.7100000
Epoch: 156, Train Loss: 0.4542684, Train Acc: 0.7677778, Test Acc: 0.7100000
Epoch: 157, Train Loss: 0.4532841, Train Acc: 0.7733333, Test Acc: 0.7000000
Epoch: 158, Train Loss: 0.4513855, Train Acc: 0.7711111, Test Acc: 0.7200000
Epoch: 159, Train Loss: 0.4503926, Train Acc: 0.7666667, Test Acc: 0.7200000
Epoch: 160, Train Loss: 0.4553893, Train Acc: 0.7744444, Test Acc: 0.7200000
Epoch: 161, Train Loss: 0.4579616, Train Acc: 0.7611111, Test Acc: 0.7300000
Epoch: 162, Train Loss: 0.4544230, Train Acc: 0.7744444, Test Acc: 0.7100000
Epoch: 163, Train Loss: 0.4551530, Train Acc: 0.7577778, Test Acc: 0.7300000
Epoch: 164, Train Loss: 0.4573835, Train Acc: 0.7755556, Test Acc: 0.6800000
Epoch: 165, Train Loss: 0.4547489, Train Acc: 0.7677778, Test Acc: 0.7300000
Epoch: 166, Train Loss: 0.4574481, Train Acc: 0.7644444, Test Acc: 0.7300000
Epoch: 167, Train Loss: 0.4517170, Train Acc: 0.7688889, Test Acc: 0.7200000
Epoch: 168, Train Loss: 0.4519833, Train Acc: 0.7822222, Test Acc: 0.7000000
Epoch: 169, Train Loss: 0.4475188, Train Acc: 0.7677778, Test Acc: 0.7400000
Epoch: 170, Train Loss: 0.4455059, Train Acc: 0.7766667, Test Acc: 0.7200000
Epoch: 171, Train Loss: 0.4499184, Train Acc: 0.7811111, Test Acc: 0.6900000
Epoch: 172, Train Loss: 0.4584692, Train Acc: 0.7566667, Test Acc: 0.7300000
Epoch: 173, Train Loss: 0.4497802, Train Acc: 0.7755556, Test Acc: 0.7100000
Epoch: 174, Train Loss: 0.4476678, Train Acc: 0.7677778, Test Acc: 0.7100000
Epoch: 175, Train Loss: 0.4449004, Train Acc: 0.7811111, Test Acc: 0.7300000
Epoch: 176, Train Loss: 0.4559940, Train Acc: 0.7700000, Test Acc: 0.7000000
Epoch: 177, Train Loss: 0.4457375, Train Acc: 0.7755556, Test Acc: 0.6900000
Epoch: 178, Train Loss: 0.4455779, Train Acc: 0.7744444, Test Acc: 0.7200000
Epoch: 179, Train Loss: 0.4448032, Train Acc: 0.7700000, Test Acc: 0.7000000
Epoch: 180, Train Loss: 0.4423040, Train Acc: 0.7777778, Test Acc: 0.7100000
Epoch: 181, Train Loss: 0.4412597, Train Acc: 0.7822222, Test Acc: 0.7000000
Epoch: 182, Train Loss: 0.4406899, Train Acc: 0.7733333, Test Acc: 0.7200000
Epoch: 183, Train Loss: 0.4429495, Train Acc: 0.7755556, Test Acc: 0.7100000
Epoch: 184, Train Loss: 0.4406523, Train Acc: 0.7766667, Test Acc: 0.7200000
Epoch: 185, Train Loss: 0.4398402, Train Acc: 0.7777778, Test Acc: 0.7100000
Epoch: 186, Train Loss: 0.4398395, Train Acc: 0.7833333, Test Acc: 0.7000000
Epoch: 187, Train Loss: 0.4454767, Train Acc: 0.7744444, Test Acc: 0.7000000
Epoch: 188, Train Loss: 0.4395313, Train Acc: 0.7855556, Test Acc: 0.7100000
Epoch: 189, Train Loss: 0.4416835, Train Acc: 0.7777778, Test Acc: 0.7100000
Epoch: 190, Train Loss: 0.4416036, Train Acc: 0.7844444, Test Acc: 0.7100000
Epoch: 191, Train Loss: 0.4388967, Train Acc: 0.7766667, Test Acc: 0.7200000
Epoch: 192, Train Loss: 0.4603742, Train Acc: 0.7455556, Test Acc: 0.7300000
Epoch: 193, Train Loss: 0.4464858, Train Acc: 0.7733333, Test Acc: 0.7100000
Epoch: 194, Train Loss: 0.4463262, Train Acc: 0.7644444, Test Acc: 0.7400000
Epoch: 195, Train Loss: 0.4360349, Train Acc: 0.7877778, Test Acc: 0.7200000
Epoch: 196, Train Loss: 0.4335404, Train Acc: 0.7866667, Test Acc: 0.7300000
Epoch: 197, Train Loss: 0.4333504, Train Acc: 0.7755556, Test Acc: 0.7000000
Epoch: 198, Train Loss: 0.4320557, Train Acc: 0.7855556, Test Acc: 0.6900000
Epoch: 199, Train Loss: 0.4447377, Train Acc: 0.7755556, Test Acc: 0.6900000
Epoch: 200, Train Loss: 0.4496467, Train Acc: 0.7755556, Test Acc: 0.6800000
Epoch: 201, Train Loss: 0.4386763, Train Acc: 0.7800000, Test Acc: 0.7000000
Epoch: 202, Train Loss: 0.4342864, Train Acc: 0.7822222, Test Acc: 0.7200000
Epoch: 203, Train Loss: 0.4317257, Train Acc: 0.7811111, Test Acc: 0.7100000
Epoch: 204, Train Loss: 0.4328904, Train Acc: 0.7855556, Test Acc: 0.7000000
Epoch: 205, Train Loss: 0.4331599, Train Acc: 0.7777778, Test Acc: 0.7100000
Epoch: 206, Train Loss: 0.4332206, Train Acc: 0.7700000, Test Acc: 0.7400000
Epoch: 207, Train Loss: 0.4325771, Train Acc: 0.7888889, Test Acc: 0.7100000
Epoch: 208, Train Loss: 0.4298835, Train Acc: 0.7788889, Test Acc: 0.7200000
Epoch: 209, Train Loss: 0.4323870, Train Acc: 0.7866667, Test Acc: 0.7000000
Epoch: 210, Train Loss: 0.4315118, Train Acc: 0.7877778, Test Acc: 0.7300000
Epoch: 211, Train Loss: 0.4291895, Train Acc: 0.7777778, Test Acc: 0.7200000
Epoch: 212, Train Loss: 0.4277911, Train Acc: 0.7844444, Test Acc: 0.7200000
Epoch: 213, Train Loss: 0.4283358, Train Acc: 0.7866667, Test Acc: 0.7100000
Epoch: 214, Train Loss: 0.4282669, Train Acc: 0.7855556, Test Acc: 0.7000000
Epoch: 215, Train Loss: 0.4261483, Train Acc: 0.7877778, Test Acc: 0.7200000
Epoch: 216, Train Loss: 0.4255139, Train Acc: 0.7877778, Test Acc: 0.7300000
Epoch: 217, Train Loss: 0.4255018, Train Acc: 0.7855556, Test Acc: 0.7100000
Epoch: 218, Train Loss: 0.4308154, Train Acc: 0.7766667, Test Acc: 0.7100000
Epoch: 219, Train Loss: 0.4257787, Train Acc: 0.7900000, Test Acc: 0.7100000
Epoch: 220, Train Loss: 0.4229411, Train Acc: 0.7866667, Test Acc: 0.7100000
Epoch: 221, Train Loss: 0.4274461, Train Acc: 0.7833333, Test Acc: 0.7000000
Epoch: 222, Train Loss: 0.4237149, Train Acc: 0.7888889, Test Acc: 0.6900000
Epoch: 223, Train Loss: 0.4234852, Train Acc: 0.7877778, Test Acc: 0.7000000
Epoch: 224, Train Loss: 0.4214098, Train Acc: 0.7877778, Test Acc: 0.7000000
Epoch: 225, Train Loss: 0.4219038, Train Acc: 0.7811111, Test Acc: 0.7000000
Epoch: 226, Train Loss: 0.4200446, Train Acc: 0.7888889, Test Acc: 0.7000000
Epoch: 227, Train Loss: 0.4199404, Train Acc: 0.7855556, Test Acc: 0.7000000
Epoch: 228, Train Loss: 0.4204930, Train Acc: 0.7877778, Test Acc: 0.7100000
Epoch: 229, Train Loss: 0.4232699, Train Acc: 0.7933333, Test Acc: 0.7100000
Epoch: 230, Train Loss: 0.4217968, Train Acc: 0.7800000, Test Acc: 0.6900000
Epoch: 231, Train Loss: 0.4203717, Train Acc: 0.7922222, Test Acc: 0.7100000
Epoch: 232, Train Loss: 0.4193359, Train Acc: 0.7955556, Test Acc: 0.6800000
Epoch: 233, Train Loss: 0.4193997, Train Acc: 0.7844444, Test Acc: 0.7100000
Epoch: 234, Train Loss: 0.4191780, Train Acc: 0.7833333, Test Acc: 0.6900000
Epoch: 235, Train Loss: 0.4173297, Train Acc: 0.7922222, Test Acc: 0.7100000
Epoch: 236, Train Loss: 0.4146307, Train Acc: 0.7922222, Test Acc: 0.7100000
Epoch: 237, Train Loss: 0.4148754, Train Acc: 0.7988889, Test Acc: 0.7100000
Epoch: 238, Train Loss: 0.4174825, Train Acc: 0.7922222, Test Acc: 0.7100000
Epoch: 239, Train Loss: 0.4152417, Train Acc: 0.7911111, Test Acc: 0.6900000
Epoch: 240, Train Loss: 0.4141845, Train Acc: 0.7944444, Test Acc: 0.7100000
Epoch: 241, Train Loss: 0.4168023, Train Acc: 0.7877778, Test Acc: 0.7000000
Epoch: 242, Train Loss: 0.4131599, Train Acc: 0.7966667, Test Acc: 0.7200000
Epoch: 243, Train Loss: 0.4140878, Train Acc: 0.7944444, Test Acc: 0.7000000
Epoch: 244, Train Loss: 0.4113972, Train Acc: 0.7944444, Test Acc: 0.7200000
Epoch: 245, Train Loss: 0.4104558, Train Acc: 0.7944444, Test Acc: 0.7100000
Epoch: 246, Train Loss: 0.4099500, Train Acc: 0.7955556, Test Acc: 0.7000000
Epoch: 247, Train Loss: 0.4093962, Train Acc: 0.7966667, Test Acc: 0.7100000
Epoch: 248, Train Loss: 0.4122190, Train Acc: 0.7933333, Test Acc: 0.7300000
Epoch: 249, Train Loss: 0.4100156, Train Acc: 0.7922222, Test Acc: 0.7000000
Epoch: 250, Train Loss: 0.4089149, Train Acc: 0.7944444, Test Acc: 0.7200000
Epoch: 251, Train Loss: 0.4087320, Train Acc: 0.7922222, Test Acc: 0.7000000
Epoch: 252, Train Loss: 0.4102257, Train Acc: 0.7988889, Test Acc: 0.6900000
Epoch: 253, Train Loss: 0.4101214, Train Acc: 0.7966667, Test Acc: 0.7100000
