{'dataset_name': 'IMDB-BINARY', 'basis': 'GSO', 'epsilon': [-0.2, -0.25, -0.3, -0.35, -0.4], 'power': [[1, 2], [1, 2], [1, 2], [1, 2], [1, 2]], 'edgehop': 1, 'seeds': [0], 'num_folds': 10, 'num_workers': 8, 'hyperparams': {'batch_size': 64, 'epochs': 401, 'learning_rate': 0.001, 'step_size': 40, 'decay_rate': 0.6}, 'architecture': {'nonlinear': 'ReLU', 'layers': 4, 'hidden': 256, 'pooling': 'M', 'dropout': 0, 'batch_norm': 'N'}, 'commit_id': '51ecea938e8b7bfc38be462eb05bc437ae1578b4', 'time_stamp': '1673245078', 'directory': '../../../../results_spectral_rotation/Try_A100/tu/IMDB-BINARY/board/'}
{'dataset_name': 'IMDB-BINARY', 'basis': 'GSO', 'epsilon': [-0.2, -0.25, -0.3, -0.35, -0.4], 'power': [[1, 2], [1, 2], [1, 2], [1, 2], [1, 2]], 'edgehop': 1, 'seeds': [0], 'num_folds': 10, 'num_workers': 8, 'hyperparams': {'batch_size': 64, 'epochs': 401, 'learning_rate': 0.001, 'step_size': 40, 'decay_rate': 0.6}, 'architecture': {'nonlinear': 'ReLU', 'layers': 4, 'hidden': 256, 'pooling': 'M', 'dropout': 0, 'batch_norm': 'N'}, 'commit_id': '51ecea938e8b7bfc38be462eb05bc437ae1578b4', 'time_stamp': 1673245080, 'directory': '../../../../results_spectral_rotation/Try_A100/tu/IMDB-BINARY/board/', 'seed': 0}
Pre-process:   0%|          | 0/1000 [00:00<?, ?it/s]Pre-process:   9%|▊         | 86/1000 [00:00<00:01, 859.27it/s]Pre-process:  17%|█▋        | 172/1000 [00:00<00:01, 753.47it/s]Pre-process:  25%|██▍       | 249/1000 [00:00<00:01, 732.39it/s]Pre-process:  33%|███▎      | 326/1000 [00:00<00:00, 746.24it/s]Pre-process:  41%|████      | 411/1000 [00:00<00:00, 778.91it/s]Pre-process:  49%|████▉     | 490/1000 [00:00<00:00, 773.54it/s]Pre-process:  58%|█████▊    | 579/1000 [00:00<00:00, 808.92it/s]Pre-process:  67%|██████▋   | 670/1000 [00:00<00:00, 839.24it/s]Pre-process:  76%|███████▌  | 759/1000 [00:00<00:00, 852.39it/s]Pre-process:  84%|████████▍ | 845/1000 [00:01<00:00, 851.38it/s]Pre-process:  93%|█████████▎| 931/1000 [00:01<00:00, 853.95it/s]Pre-process: 100%|██████████| 1000/1000 [00:01<00:00, 816.42it/s]
Basis total: 11
train_set : test_set = %d : %d 900 100
-------- FOLD0 DATASET=IMDB-BINARY, COMMIT_ID=51ecea938e8b7bfc38be462eb05bc437ae1578b4
Without batch_norm.
#Params: 927490
Epoch: 001, Train Loss: 0.6585444, Train Acc: 0.5877778, Test Acc: 0.6000000
Epoch: 002, Train Loss: 1.0134886, Train Acc: 0.5188889, Test Acc: 0.5400000
Epoch: 003, Train Loss: 0.6203912, Train Acc: 0.6422222, Test Acc: 0.6700000
Epoch: 004, Train Loss: 0.5652157, Train Acc: 0.6966667, Test Acc: 0.7100000
Epoch: 005, Train Loss: 0.6303916, Train Acc: 0.6300000, Test Acc: 0.7000000
Epoch: 006, Train Loss: 0.5749076, Train Acc: 0.6700000, Test Acc: 0.7100000
Epoch: 007, Train Loss: 0.5601697, Train Acc: 0.7100000, Test Acc: 0.7300000
Epoch: 008, Train Loss: 0.5506071, Train Acc: 0.7011111, Test Acc: 0.7000000
Epoch: 009, Train Loss: 0.5524434, Train Acc: 0.7144444, Test Acc: 0.7200000
Epoch: 010, Train Loss: 0.5836195, Train Acc: 0.6688889, Test Acc: 0.7300000
Epoch: 011, Train Loss: 0.5786388, Train Acc: 0.7122222, Test Acc: 0.7200000
Epoch: 012, Train Loss: 0.6114229, Train Acc: 0.6666667, Test Acc: 0.6700000
Epoch: 013, Train Loss: 0.5588891, Train Acc: 0.7000000, Test Acc: 0.7100000
Epoch: 014, Train Loss: 0.6011470, Train Acc: 0.6655556, Test Acc: 0.7200000
Epoch: 015, Train Loss: 0.5410112, Train Acc: 0.7211111, Test Acc: 0.7400000
Epoch: 016, Train Loss: 0.5583509, Train Acc: 0.6933333, Test Acc: 0.7000000
Epoch: 017, Train Loss: 0.5369622, Train Acc: 0.7122222, Test Acc: 0.7300000
Epoch: 018, Train Loss: 0.5277417, Train Acc: 0.7244444, Test Acc: 0.7300000
Epoch: 019, Train Loss: 0.5318840, Train Acc: 0.7144444, Test Acc: 0.7500000
Epoch: 020, Train Loss: 0.5422190, Train Acc: 0.7144444, Test Acc: 0.7100000
Epoch: 021, Train Loss: 0.5493391, Train Acc: 0.7277778, Test Acc: 0.7300000
Epoch: 022, Train Loss: 0.5377145, Train Acc: 0.7166667, Test Acc: 0.7300000
Epoch: 023, Train Loss: 0.5640549, Train Acc: 0.6833333, Test Acc: 0.7100000
Epoch: 024, Train Loss: 0.5694110, Train Acc: 0.6777778, Test Acc: 0.7000000
Epoch: 025, Train Loss: 0.5382546, Train Acc: 0.7044444, Test Acc: 0.7200000
Epoch: 026, Train Loss: 0.5673049, Train Acc: 0.6777778, Test Acc: 0.7200000
Epoch: 027, Train Loss: 0.5376696, Train Acc: 0.7144444, Test Acc: 0.7500000
Epoch: 028, Train Loss: 0.5404759, Train Acc: 0.7144444, Test Acc: 0.7300000
Epoch: 029, Train Loss: 0.6216831, Train Acc: 0.6544444, Test Acc: 0.7100000
Epoch: 030, Train Loss: 0.5746497, Train Acc: 0.6733333, Test Acc: 0.7300000
Epoch: 031, Train Loss: 0.5933665, Train Acc: 0.6933333, Test Acc: 0.6900000
Epoch: 032, Train Loss: 0.5774288, Train Acc: 0.7055556, Test Acc: 0.7100000
Epoch: 033, Train Loss: 0.6980330, Train Acc: 0.6533333, Test Acc: 0.6700000
Epoch: 034, Train Loss: 0.5549682, Train Acc: 0.7144444, Test Acc: 0.7400000
Epoch: 035, Train Loss: 0.5554866, Train Acc: 0.7066667, Test Acc: 0.7000000
Epoch: 036, Train Loss: 0.5503212, Train Acc: 0.7211111, Test Acc: 0.7300000
Epoch: 037, Train Loss: 0.5634591, Train Acc: 0.6900000, Test Acc: 0.7000000
Epoch: 038, Train Loss: 0.5343009, Train Acc: 0.7211111, Test Acc: 0.7400000
Epoch: 039, Train Loss: 0.5377038, Train Acc: 0.7255556, Test Acc: 0.7400000
Epoch: 040, Train Loss: 0.5426630, Train Acc: 0.7255556, Test Acc: 0.7400000
Epoch: 041, Train Loss: 0.5357788, Train Acc: 0.7222222, Test Acc: 0.7200000
Epoch: 042, Train Loss: 0.5330493, Train Acc: 0.7255556, Test Acc: 0.7300000
Epoch: 043, Train Loss: 0.5351792, Train Acc: 0.7166667, Test Acc: 0.7500000
Epoch: 044, Train Loss: 0.5336802, Train Acc: 0.7211111, Test Acc: 0.7300000
Epoch: 045, Train Loss: 0.5371811, Train Acc: 0.7222222, Test Acc: 0.7300000
Epoch: 046, Train Loss: 0.5370014, Train Acc: 0.7188889, Test Acc: 0.7200000
Epoch: 047, Train Loss: 0.5282970, Train Acc: 0.7266667, Test Acc: 0.7400000
Epoch: 048, Train Loss: 0.5299404, Train Acc: 0.7200000, Test Acc: 0.7300000
Epoch: 049, Train Loss: 0.5477723, Train Acc: 0.6922222, Test Acc: 0.7000000
Epoch: 050, Train Loss: 0.8263799, Train Acc: 0.6555556, Test Acc: 0.6700000
Epoch: 051, Train Loss: 0.5635137, Train Acc: 0.7044444, Test Acc: 0.7200000
Epoch: 052, Train Loss: 0.5491375, Train Acc: 0.7077778, Test Acc: 0.7200000
Epoch: 053, Train Loss: 0.5654035, Train Acc: 0.6911111, Test Acc: 0.7000000
Epoch: 054, Train Loss: 0.5386911, Train Acc: 0.7166667, Test Acc: 0.7600000
Epoch: 055, Train Loss: 0.5382367, Train Acc: 0.7222222, Test Acc: 0.7200000
Epoch: 056, Train Loss: 0.5445764, Train Acc: 0.7133333, Test Acc: 0.7300000
Epoch: 057, Train Loss: 0.5390721, Train Acc: 0.7133333, Test Acc: 0.7300000
Epoch: 058, Train Loss: 0.5283399, Train Acc: 0.7244444, Test Acc: 0.7400000
Epoch: 059, Train Loss: 0.5253452, Train Acc: 0.7244444, Test Acc: 0.7300000
Epoch: 060, Train Loss: 0.5287731, Train Acc: 0.7288889, Test Acc: 0.7600000
Epoch: 061, Train Loss: 0.5340680, Train Acc: 0.7222222, Test Acc: 0.7300000
Epoch: 062, Train Loss: 0.5437323, Train Acc: 0.7088889, Test Acc: 0.7200000
Epoch: 063, Train Loss: 0.5765960, Train Acc: 0.6911111, Test Acc: 0.7100000
Epoch: 064, Train Loss: 0.5331256, Train Acc: 0.7266667, Test Acc: 0.7400000
Epoch: 065, Train Loss: 0.5372907, Train Acc: 0.7166667, Test Acc: 0.7300000
Epoch: 066, Train Loss: 0.5378290, Train Acc: 0.7122222, Test Acc: 0.7300000
Epoch: 067, Train Loss: 0.5273296, Train Acc: 0.7255556, Test Acc: 0.7600000
Epoch: 068, Train Loss: 0.5288770, Train Acc: 0.7188889, Test Acc: 0.7500000
Epoch: 069, Train Loss: 0.5395055, Train Acc: 0.7100000, Test Acc: 0.7200000
Epoch: 070, Train Loss: 0.5311711, Train Acc: 0.7133333, Test Acc: 0.7500000
Epoch: 071, Train Loss: 0.5425856, Train Acc: 0.6988889, Test Acc: 0.7100000
Epoch: 072, Train Loss: 0.5368974, Train Acc: 0.7077778, Test Acc: 0.7000000
Epoch: 073, Train Loss: 0.5317612, Train Acc: 0.7133333, Test Acc: 0.7400000
Epoch: 074, Train Loss: 0.5227249, Train Acc: 0.7277778, Test Acc: 0.7500000
Epoch: 075, Train Loss: 0.5276351, Train Acc: 0.7222222, Test Acc: 0.7300000
Epoch: 076, Train Loss: 0.5190396, Train Acc: 0.7288889, Test Acc: 0.7500000
Epoch: 077, Train Loss: 0.5222761, Train Acc: 0.7266667, Test Acc: 0.7300000
Epoch: 078, Train Loss: 0.5174364, Train Acc: 0.7266667, Test Acc: 0.7500000
Epoch: 079, Train Loss: 0.5173735, Train Acc: 0.7222222, Test Acc: 0.7400000
Epoch: 080, Train Loss: 0.5162983, Train Acc: 0.7288889, Test Acc: 0.7500000
Epoch: 081, Train Loss: 0.5240044, Train Acc: 0.7188889, Test Acc: 0.7200000
Epoch: 082, Train Loss: 0.5151178, Train Acc: 0.7266667, Test Acc: 0.7300000
Epoch: 083, Train Loss: 0.5126969, Train Acc: 0.7311111, Test Acc: 0.7500000
Epoch: 084, Train Loss: 0.5109725, Train Acc: 0.7355556, Test Acc: 0.7500000
Epoch: 085, Train Loss: 0.5312911, Train Acc: 0.7022222, Test Acc: 0.7200000
Epoch: 086, Train Loss: 0.5246921, Train Acc: 0.7266667, Test Acc: 0.7400000
Epoch: 087, Train Loss: 0.5294517, Train Acc: 0.7288889, Test Acc: 0.7500000
Epoch: 088, Train Loss: 0.5161849, Train Acc: 0.7277778, Test Acc: 0.7400000
Epoch: 089, Train Loss: 0.5204595, Train Acc: 0.7233333, Test Acc: 0.7400000
Epoch: 090, Train Loss: 0.5256358, Train Acc: 0.7111111, Test Acc: 0.7200000
Epoch: 091, Train Loss: 0.5128058, Train Acc: 0.7244444, Test Acc: 0.7500000
Epoch: 092, Train Loss: 0.5114697, Train Acc: 0.7344444, Test Acc: 0.7500000
Epoch: 093, Train Loss: 0.7545629, Train Acc: 0.6411111, Test Acc: 0.6500000
Epoch: 094, Train Loss: 0.5671352, Train Acc: 0.6977778, Test Acc: 0.6900000
Epoch: 095, Train Loss: 0.5547093, Train Acc: 0.7133333, Test Acc: 0.7200000
Epoch: 096, Train Loss: 0.5459167, Train Acc: 0.7100000, Test Acc: 0.7400000
Epoch: 097, Train Loss: 0.5401909, Train Acc: 0.7222222, Test Acc: 0.7300000
Epoch: 098, Train Loss: 0.5641164, Train Acc: 0.6911111, Test Acc: 0.7000000
Epoch: 099, Train Loss: 0.5374234, Train Acc: 0.7233333, Test Acc: 0.7400000
Epoch: 100, Train Loss: 0.5330430, Train Acc: 0.7277778, Test Acc: 0.7600000
Epoch: 101, Train Loss: 0.5314751, Train Acc: 0.7244444, Test Acc: 0.7400000
Epoch: 102, Train Loss: 0.5286641, Train Acc: 0.7311111, Test Acc: 0.7400000
Epoch: 103, Train Loss: 0.5273690, Train Acc: 0.7288889, Test Acc: 0.7600000
Epoch: 104, Train Loss: 0.5410360, Train Acc: 0.7055556, Test Acc: 0.7000000
Epoch: 105, Train Loss: 0.5370698, Train Acc: 0.7255556, Test Acc: 0.7300000
Epoch: 106, Train Loss: 0.5286641, Train Acc: 0.7122222, Test Acc: 0.7400000
Epoch: 107, Train Loss: 0.5230632, Train Acc: 0.7288889, Test Acc: 0.7500000
Epoch: 108, Train Loss: 0.5249945, Train Acc: 0.7322222, Test Acc: 0.7400000
Epoch: 109, Train Loss: 0.5241685, Train Acc: 0.7266667, Test Acc: 0.7400000
Epoch: 110, Train Loss: 0.5226156, Train Acc: 0.7266667, Test Acc: 0.7400000
Epoch: 111, Train Loss: 0.5186112, Train Acc: 0.7300000, Test Acc: 0.7400000
Epoch: 112, Train Loss: 0.5180459, Train Acc: 0.7311111, Test Acc: 0.7400000
Epoch: 113, Train Loss: 0.5196333, Train Acc: 0.7255556, Test Acc: 0.7400000
Epoch: 114, Train Loss: 0.5188702, Train Acc: 0.7222222, Test Acc: 0.7400000
Epoch: 115, Train Loss: 0.5212933, Train Acc: 0.7200000, Test Acc: 0.7400000
Epoch: 116, Train Loss: 0.5183424, Train Acc: 0.7277778, Test Acc: 0.7400000
Epoch: 117, Train Loss: 0.5147507, Train Acc: 0.7200000, Test Acc: 0.7600000
Epoch: 118, Train Loss: 0.5897313, Train Acc: 0.7377778, Test Acc: 0.7400000
Epoch: 119, Train Loss: 0.5345227, Train Acc: 0.7200000, Test Acc: 0.7500000
Epoch: 120, Train Loss: 0.5321491, Train Acc: 0.7200000, Test Acc: 0.7300000
Epoch: 121, Train Loss: 0.5283359, Train Acc: 0.7288889, Test Acc: 0.7600000
Epoch: 122, Train Loss: 0.5260743, Train Acc: 0.7300000, Test Acc: 0.7500000
Epoch: 123, Train Loss: 0.5241254, Train Acc: 0.7300000, Test Acc: 0.7500000
Epoch: 124, Train Loss: 0.5232110, Train Acc: 0.7266667, Test Acc: 0.7700000
Epoch: 125, Train Loss: 0.5215493, Train Acc: 0.7288889, Test Acc: 0.7500000
Epoch: 126, Train Loss: 0.5236843, Train Acc: 0.7288889, Test Acc: 0.7300000
Epoch: 127, Train Loss: 0.5214220, Train Acc: 0.7266667, Test Acc: 0.7600000
Epoch: 128, Train Loss: 0.5206966, Train Acc: 0.7333333, Test Acc: 0.7400000
Epoch: 129, Train Loss: 0.5205920, Train Acc: 0.7266667, Test Acc: 0.7400000
Epoch: 130, Train Loss: 0.5237658, Train Acc: 0.7322222, Test Acc: 0.7500000
Epoch: 131, Train Loss: 0.5202372, Train Acc: 0.7288889, Test Acc: 0.7600000
Epoch: 132, Train Loss: 0.5197500, Train Acc: 0.7244444, Test Acc: 0.7400000
Epoch: 133, Train Loss: 0.5176217, Train Acc: 0.7266667, Test Acc: 0.7600000
Epoch: 134, Train Loss: 0.5159477, Train Acc: 0.7311111, Test Acc: 0.7400000
Epoch: 135, Train Loss: 0.5153840, Train Acc: 0.7311111, Test Acc: 0.7400000
Epoch: 136, Train Loss: 0.5147590, Train Acc: 0.7311111, Test Acc: 0.7400000
Epoch: 137, Train Loss: 0.5149995, Train Acc: 0.7222222, Test Acc: 0.7400000
Epoch: 138, Train Loss: 0.5189009, Train Acc: 0.7233333, Test Acc: 0.7400000
Epoch: 139, Train Loss: 0.5155847, Train Acc: 0.7233333, Test Acc: 0.7300000
Epoch: 140, Train Loss: 0.5117784, Train Acc: 0.7322222, Test Acc: 0.7400000
Epoch: 141, Train Loss: 0.5115977, Train Acc: 0.7300000, Test Acc: 0.7400000
Epoch: 142, Train Loss: 0.5130110, Train Acc: 0.7322222, Test Acc: 0.7500000
Epoch: 143, Train Loss: 0.5106939, Train Acc: 0.7277778, Test Acc: 0.7400000
Epoch: 144, Train Loss: 0.5094918, Train Acc: 0.7300000, Test Acc: 0.7400000
Epoch: 145, Train Loss: 0.5107732, Train Acc: 0.7311111, Test Acc: 0.7400000
Epoch: 146, Train Loss: 0.5138373, Train Acc: 0.7355556, Test Acc: 0.7500000
Epoch: 147, Train Loss: 0.5091217, Train Acc: 0.7344444, Test Acc: 0.7400000
Epoch: 148, Train Loss: 0.5109614, Train Acc: 0.7377778, Test Acc: 0.7400000
Epoch: 149, Train Loss: 0.5092802, Train Acc: 0.7355556, Test Acc: 0.7600000
Epoch: 150, Train Loss: 0.5095053, Train Acc: 0.7277778, Test Acc: 0.7400000
Epoch: 151, Train Loss: 0.5084124, Train Acc: 0.7366667, Test Acc: 0.7400000
Epoch: 152, Train Loss: 0.5061813, Train Acc: 0.7355556, Test Acc: 0.7400000
Epoch: 153, Train Loss: 0.5081201, Train Acc: 0.7400000, Test Acc: 0.7500000
Epoch: 154, Train Loss: 0.5094377, Train Acc: 0.7244444, Test Acc: 0.7500000
Epoch: 155, Train Loss: 0.5060721, Train Acc: 0.7377778, Test Acc: 0.7500000
Epoch: 156, Train Loss: 0.5057497, Train Acc: 0.7366667, Test Acc: 0.7400000
Epoch: 157, Train Loss: 0.5080613, Train Acc: 0.7244444, Test Acc: 0.7400000
Epoch: 158, Train Loss: 0.5061668, Train Acc: 0.7388889, Test Acc: 0.7400000
Epoch: 159, Train Loss: 0.5079590, Train Acc: 0.7333333, Test Acc: 0.7300000
Epoch: 160, Train Loss: 0.5051921, Train Acc: 0.7344444, Test Acc: 0.7300000
Epoch: 161, Train Loss: 0.5046794, Train Acc: 0.7344444, Test Acc: 0.7400000
Epoch: 162, Train Loss: 0.5046040, Train Acc: 0.7344444, Test Acc: 0.7400000
Epoch: 163, Train Loss: 0.5044088, Train Acc: 0.7355556, Test Acc: 0.7400000
Epoch: 164, Train Loss: 0.5040340, Train Acc: 0.7355556, Test Acc: 0.7400000
Epoch: 165, Train Loss: 0.5044556, Train Acc: 0.7333333, Test Acc: 0.7400000
Epoch: 166, Train Loss: 0.5076181, Train Acc: 0.7300000, Test Acc: 0.7500000
Epoch: 167, Train Loss: 0.5056953, Train Acc: 0.7277778, Test Acc: 0.7500000
Epoch: 168, Train Loss: 0.5068726, Train Acc: 0.7266667, Test Acc: 0.7400000
Epoch: 169, Train Loss: 0.5040886, Train Acc: 0.7388889, Test Acc: 0.7300000
Epoch: 170, Train Loss: 0.5067558, Train Acc: 0.7311111, Test Acc: 0.7300000
Epoch: 171, Train Loss: 0.5044002, Train Acc: 0.7366667, Test Acc: 0.7400000
Epoch: 172, Train Loss: 0.5048559, Train Acc: 0.7344444, Test Acc: 0.7400000
Epoch: 173, Train Loss: 0.5045778, Train Acc: 0.7355556, Test Acc: 0.7400000
Epoch: 174, Train Loss: 0.5052645, Train Acc: 0.7377778, Test Acc: 0.7400000
Epoch: 175, Train Loss: 0.5048909, Train Acc: 0.7355556, Test Acc: 0.7400000
Epoch: 176, Train Loss: 0.5045177, Train Acc: 0.7400000, Test Acc: 0.7400000
Epoch: 177, Train Loss: 0.5030506, Train Acc: 0.7377778, Test Acc: 0.7400000
Epoch: 178, Train Loss: 0.5027420, Train Acc: 0.7366667, Test Acc: 0.7400000
Epoch: 179, Train Loss: 0.5031821, Train Acc: 0.7377778, Test Acc: 0.7500000
Epoch: 180, Train Loss: 0.5032451, Train Acc: 0.7322222, Test Acc: 0.7300000
Epoch: 181, Train Loss: 0.5029593, Train Acc: 0.7366667, Test Acc: 0.7300000
Epoch: 182, Train Loss: 0.5021808, Train Acc: 0.7355556, Test Acc: 0.7400000
Epoch: 183, Train Loss: 0.5039412, Train Acc: 0.7266667, Test Acc: 0.7400000
Epoch: 184, Train Loss: 0.5025760, Train Acc: 0.7366667, Test Acc: 0.7300000
Epoch: 185, Train Loss: 0.5025559, Train Acc: 0.7355556, Test Acc: 0.7400000
Epoch: 186, Train Loss: 0.5015450, Train Acc: 0.7355556, Test Acc: 0.7400000
Epoch: 187, Train Loss: 0.5014835, Train Acc: 0.7377778, Test Acc: 0.7400000
Epoch: 188, Train Loss: 0.5018801, Train Acc: 0.7355556, Test Acc: 0.7400000
Epoch: 189, Train Loss: 0.5042263, Train Acc: 0.7266667, Test Acc: 0.7400000
Epoch: 190, Train Loss: 0.5026783, Train Acc: 0.7300000, Test Acc: 0.7300000
Epoch: 191, Train Loss: 0.5020446, Train Acc: 0.7355556, Test Acc: 0.7400000
Epoch: 192, Train Loss: 0.5013530, Train Acc: 0.7333333, Test Acc: 0.7400000
Epoch: 193, Train Loss: 0.5009911, Train Acc: 0.7344444, Test Acc: 0.7500000
Epoch: 194, Train Loss: 0.5004430, Train Acc: 0.7344444, Test Acc: 0.7400000
Epoch: 195, Train Loss: 0.5002768, Train Acc: 0.7366667, Test Acc: 0.7400000
Epoch: 196, Train Loss: 0.5001600, Train Acc: 0.7344444, Test Acc: 0.7400000
Epoch: 197, Train Loss: 0.5000062, Train Acc: 0.7333333, Test Acc: 0.7400000
Epoch: 198, Train Loss: 0.5009845, Train Acc: 0.7300000, Test Acc: 0.7300000
Epoch: 199, Train Loss: 0.5026218, Train Acc: 0.7377778, Test Acc: 0.7400000
Epoch: 200, Train Loss: 0.5040555, Train Acc: 0.7288889, Test Acc: 0.7300000
Epoch: 201, Train Loss: 0.5012653, Train Acc: 0.7311111, Test Acc: 0.7400000
Epoch: 202, Train Loss: 0.5015606, Train Acc: 0.7411111, Test Acc: 0.7500000
Epoch: 203, Train Loss: 0.5003819, Train Acc: 0.7355556, Test Acc: 0.7400000
Epoch: 204, Train Loss: 0.5011151, Train Acc: 0.7355556, Test Acc: 0.7500000
Epoch: 205, Train Loss: 0.5003368, Train Acc: 0.7377778, Test Acc: 0.7400000
Epoch: 206, Train Loss: 0.4996332, Train Acc: 0.7366667, Test Acc: 0.7400000
Epoch: 207, Train Loss: 0.4995945, Train Acc: 0.7344444, Test Acc: 0.7400000
Epoch: 208, Train Loss: 0.4992202, Train Acc: 0.7366667, Test Acc: 0.7400000
Epoch: 209, Train Loss: 0.5040322, Train Acc: 0.7300000, Test Acc: 0.7400000
Epoch: 210, Train Loss: 0.5010926, Train Acc: 0.7422222, Test Acc: 0.7400000
Epoch: 211, Train Loss: 0.4999903, Train Acc: 0.7355556, Test Acc: 0.7400000
Epoch: 212, Train Loss: 0.5005770, Train Acc: 0.7322222, Test Acc: 0.7300000
Epoch: 213, Train Loss: 0.4993006, Train Acc: 0.7366667, Test Acc: 0.7400000
Epoch: 214, Train Loss: 0.4987883, Train Acc: 0.7344444, Test Acc: 0.7400000
Epoch: 215, Train Loss: 0.4987546, Train Acc: 0.7366667, Test Acc: 0.7400000
Epoch: 216, Train Loss: 0.4988531, Train Acc: 0.7333333, Test Acc: 0.7400000
Epoch: 217, Train Loss: 0.4986853, Train Acc: 0.7344444, Test Acc: 0.7400000
Epoch: 218, Train Loss: 0.4987594, Train Acc: 0.7344444, Test Acc: 0.7400000
Epoch: 219, Train Loss: 0.4986133, Train Acc: 0.7344444, Test Acc: 0.7400000
Epoch: 220, Train Loss: 0.4988385, Train Acc: 0.7366667, Test Acc: 0.7400000
Epoch: 221, Train Loss: 0.4986396, Train Acc: 0.7377778, Test Acc: 0.7300000
Epoch: 222, Train Loss: 0.4987626, Train Acc: 0.7333333, Test Acc: 0.7400000
Epoch: 223, Train Loss: 0.4983852, Train Acc: 0.7388889, Test Acc: 0.7500000
Epoch: 224, Train Loss: 0.4983216, Train Acc: 0.7366667, Test Acc: 0.7400000
Epoch: 225, Train Loss: 0.4980452, Train Acc: 0.7355556, Test Acc: 0.7300000
Epoch: 226, Train Loss: 0.4982344, Train Acc: 0.7366667, Test Acc: 0.7400000
Epoch: 227, Train Loss: 0.4979619, Train Acc: 0.7366667, Test Acc: 0.7300000
Epoch: 228, Train Loss: 0.5037330, Train Acc: 0.7277778, Test Acc: 0.7300000
Epoch: 229, Train Loss: 0.5011496, Train Acc: 0.7388889, Test Acc: 0.7300000
Epoch: 230, Train Loss: 0.4996625, Train Acc: 0.7411111, Test Acc: 0.7400000
Epoch: 231, Train Loss: 0.4998796, Train Acc: 0.7322222, Test Acc: 0.7300000
Epoch: 232, Train Loss: 0.4989102, Train Acc: 0.7344444, Test Acc: 0.7300000
Epoch: 233, Train Loss: 0.4975481, Train Acc: 0.7366667, Test Acc: 0.7400000
Epoch: 234, Train Loss: 0.4982217, Train Acc: 0.7366667, Test Acc: 0.7400000
Epoch: 235, Train Loss: 0.4978586, Train Acc: 0.7366667, Test Acc: 0.7300000
Epoch: 236, Train Loss: 0.4985526, Train Acc: 0.7344444, Test Acc: 0.7300000
Epoch: 237, Train Loss: 0.5000697, Train Acc: 0.7355556, Test Acc: 0.7300000
Epoch: 238, Train Loss: 0.4995796, Train Acc: 0.7311111, Test Acc: 0.7300000
Epoch: 239, Train Loss: 0.4975656, Train Acc: 0.7377778, Test Acc: 0.7400000
Epoch: 240, Train Loss: 0.4975872, Train Acc: 0.7333333, Test Acc: 0.7400000
Epoch: 241, Train Loss: 0.4985841, Train Acc: 0.7377778, Test Acc: 0.7400000
Epoch: 242, Train Loss: 0.4978196, Train Acc: 0.7355556, Test Acc: 0.7400000
Epoch: 243, Train Loss: 0.4978034, Train Acc: 0.7311111, Test Acc: 0.7300000
Epoch: 244, Train Loss: 0.4972139, Train Acc: 0.7355556, Test Acc: 0.7400000
Epoch: 245, Train Loss: 0.4973530, Train Acc: 0.7366667, Test Acc: 0.7300000
Epoch: 246, Train Loss: 0.4976639, Train Acc: 0.7366667, Test Acc: 0.7400000
Epoch: 247, Train Loss: 0.4968668, Train Acc: 0.7344444, Test Acc: 0.7400000
Epoch: 248, Train Loss: 0.4965946, Train Acc: 0.7355556, Test Acc: 0.7400000
Epoch: 249, Train Loss: 0.4973165, Train Acc: 0.7377778, Test Acc: 0.7500000
Epoch: 250, Train Loss: 0.5161623, Train Acc: 0.7355556, Test Acc: 0.7300000
Epoch: 251, Train Loss: 0.5014107, Train Acc: 0.7277778, Test Acc: 0.7300000
Epoch: 252, Train Loss: 0.5161352, Train Acc: 0.7266667, Test Acc: 0.7300000
Epoch: 253, Train Loss: 0.5066178, Train Acc: 0.7311111, Test Acc: 0.7400000
Epoch: 254, Train Loss: 0.5060391, Train Acc: 0.7322222, Test Acc: 0.7400000
Epoch: 255, Train Loss: 0.5034945, Train Acc: 0.7366667, Test Acc: 0.7500000
Epoch: 256, Train Loss: 0.5014888, Train Acc: 0.7377778, Test Acc: 0.7400000
Epoch: 257, Train Loss: 0.5003746, Train Acc: 0.7400000, Test Acc: 0.7500000
Epoch: 258, Train Loss: 0.4993984, Train Acc: 0.7388889, Test Acc: 0.7500000
Epoch: 259, Train Loss: 0.4990940, Train Acc: 0.7388889, Test Acc: 0.7500000
Epoch: 260, Train Loss: 0.4986652, Train Acc: 0.7377778, Test Acc: 0.7500000
Epoch: 261, Train Loss: 0.4984111, Train Acc: 0.7344444, Test Acc: 0.7500000
Epoch: 262, Train Loss: 0.4991057, Train Acc: 0.7344444, Test Acc: 0.7500000
Epoch: 263, Train Loss: 0.4991296, Train Acc: 0.7355556, Test Acc: 0.7400000
Epoch: 264, Train Loss: 0.4982268, Train Acc: 0.7344444, Test Acc: 0.7400000
Epoch: 265, Train Loss: 0.4981553, Train Acc: 0.7377778, Test Acc: 0.7500000
Epoch: 266, Train Loss: 0.4992205, Train Acc: 0.7355556, Test Acc: 0.7400000
Epoch: 267, Train Loss: 0.4983343, Train Acc: 0.7400000, Test Acc: 0.7500000
Epoch: 268, Train Loss: 0.4981150, Train Acc: 0.7333333, Test Acc: 0.7400000
Epoch: 269, Train Loss: 0.4976940, Train Acc: 0.7333333, Test Acc: 0.7400000
Epoch: 270, Train Loss: 0.4976083, Train Acc: 0.7355556, Test Acc: 0.7400000
Epoch: 271, Train Loss: 0.4991749, Train Acc: 0.7344444, Test Acc: 0.7400000
Epoch: 272, Train Loss: 0.4975117, Train Acc: 0.7388889, Test Acc: 0.7400000
Epoch: 273, Train Loss: 0.4972357, Train Acc: 0.7400000, Test Acc: 0.7500000
Epoch: 274, Train Loss: 0.4969711, Train Acc: 0.7366667, Test Acc: 0.7500000
Epoch: 275, Train Loss: 0.4971176, Train Acc: 0.7344444, Test Acc: 0.7300000
Epoch: 276, Train Loss: 0.4974713, Train Acc: 0.7355556, Test Acc: 0.7300000
Epoch: 277, Train Loss: 0.4967722, Train Acc: 0.7355556, Test Acc: 0.7400000
Epoch: 278, Train Loss: 0.4990909, Train Acc: 0.7366667, Test Acc: 0.7500000
Epoch: 279, Train Loss: 0.4964816, Train Acc: 0.7366667, Test Acc: 0.7400000
Epoch: 280, Train Loss: 0.4968078, Train Acc: 0.7344444, Test Acc: 0.7400000
Epoch: 281, Train Loss: 0.4967620, Train Acc: 0.7366667, Test Acc: 0.7400000
Epoch: 282, Train Loss: 0.4964751, Train Acc: 0.7400000, Test Acc: 0.7400000
Epoch: 283, Train Loss: 0.4966864, Train Acc: 0.7411111, Test Acc: 0.7500000
Epoch: 284, Train Loss: 0.4962934, Train Acc: 0.7400000, Test Acc: 0.7500000
Epoch: 285, Train Loss: 0.4969645, Train Acc: 0.7355556, Test Acc: 0.7300000
Epoch: 286, Train Loss: 0.4963393, Train Acc: 0.7355556, Test Acc: 0.7300000
Epoch: 287, Train Loss: 0.4963967, Train Acc: 0.7355556, Test Acc: 0.7400000
Epoch: 288, Train Loss: 0.4959514, Train Acc: 0.7366667, Test Acc: 0.7400000
Epoch: 289, Train Loss: 0.4968110, Train Acc: 0.7300000, Test Acc: 0.7300000
Epoch: 290, Train Loss: 0.4958898, Train Acc: 0.7388889, Test Acc: 0.7300000
Epoch: 291, Train Loss: 0.4961679, Train Acc: 0.7388889, Test Acc: 0.7500000
Epoch: 292, Train Loss: 0.4959341, Train Acc: 0.7377778, Test Acc: 0.7400000
Epoch: 293, Train Loss: 0.4958761, Train Acc: 0.7377778, Test Acc: 0.7300000
Epoch: 294, Train Loss: 0.4958029, Train Acc: 0.7388889, Test Acc: 0.7300000
Epoch: 295, Train Loss: 0.4956315, Train Acc: 0.7377778, Test Acc: 0.7400000
Epoch: 296, Train Loss: 0.4959956, Train Acc: 0.7366667, Test Acc: 0.7400000
Epoch: 297, Train Loss: 0.4956150, Train Acc: 0.7388889, Test Acc: 0.7400000
Epoch: 298, Train Loss: 0.4957753, Train Acc: 0.7355556, Test Acc: 0.7400000
Epoch: 299, Train Loss: 0.4953637, Train Acc: 0.7388889, Test Acc: 0.7400000
Epoch: 300, Train Loss: 0.4960533, Train Acc: 0.7377778, Test Acc: 0.7400000
Epoch: 301, Train Loss: 0.4954566, Train Acc: 0.7366667, Test Acc: 0.7400000
Epoch: 302, Train Loss: 0.4955880, Train Acc: 0.7366667, Test Acc: 0.7400000
Epoch: 303, Train Loss: 0.4952454, Train Acc: 0.7366667, Test Acc: 0.7400000
Epoch: 304, Train Loss: 0.4951820, Train Acc: 0.7377778, Test Acc: 0.7400000
Epoch: 305, Train Loss: 0.4954198, Train Acc: 0.7400000, Test Acc: 0.7400000
Epoch: 306, Train Loss: 0.4950626, Train Acc: 0.7388889, Test Acc: 0.7300000
Epoch: 307, Train Loss: 0.4952325, Train Acc: 0.7366667, Test Acc: 0.7400000
Epoch: 308, Train Loss: 0.4950116, Train Acc: 0.7355556, Test Acc: 0.7300000
Epoch: 309, Train Loss: 0.4948842, Train Acc: 0.7355556, Test Acc: 0.7300000
Epoch: 310, Train Loss: 0.4949621, Train Acc: 0.7377778, Test Acc: 0.7300000
Epoch: 311, Train Loss: 0.4949698, Train Acc: 0.7400000, Test Acc: 0.7400000
Epoch: 312, Train Loss: 0.4947751, Train Acc: 0.7400000, Test Acc: 0.7300000
Epoch: 313, Train Loss: 0.4952019, Train Acc: 0.7333333, Test Acc: 0.7300000
Epoch: 314, Train Loss: 0.4961655, Train Acc: 0.7388889, Test Acc: 0.7400000
Epoch: 315, Train Loss: 0.4950547, Train Acc: 0.7400000, Test Acc: 0.7400000
Epoch: 316, Train Loss: 0.4950169, Train Acc: 0.7388889, Test Acc: 0.7400000
Epoch: 317, Train Loss: 0.4950384, Train Acc: 0.7377778, Test Acc: 0.7400000
Epoch: 318, Train Loss: 0.4946723, Train Acc: 0.7400000, Test Acc: 0.7400000
Epoch: 319, Train Loss: 0.4947836, Train Acc: 0.7400000, Test Acc: 0.7500000
Epoch: 320, Train Loss: 0.4944720, Train Acc: 0.7388889, Test Acc: 0.7400000
Epoch: 321, Train Loss: 0.4944675, Train Acc: 0.7400000, Test Acc: 0.7400000
Epoch: 322, Train Loss: 0.4946877, Train Acc: 0.7422222, Test Acc: 0.7500000
Epoch: 323, Train Loss: 0.4944725, Train Acc: 0.7388889, Test Acc: 0.7300000
Epoch: 324, Train Loss: 0.4965119, Train Acc: 0.7366667, Test Acc: 0.7300000
Epoch: 325, Train Loss: 0.4952380, Train Acc: 0.7322222, Test Acc: 0.7400000
Epoch: 326, Train Loss: 0.4951009, Train Acc: 0.7355556, Test Acc: 0.7400000
Epoch: 327, Train Loss: 0.4958516, Train Acc: 0.7411111, Test Acc: 0.7400000
Epoch: 328, Train Loss: 0.4953432, Train Acc: 0.7422222, Test Acc: 0.7400000
Epoch: 329, Train Loss: 0.4948718, Train Acc: 0.7366667, Test Acc: 0.7400000
Epoch: 330, Train Loss: 0.4946312, Train Acc: 0.7377778, Test Acc: 0.7300000
Epoch: 331, Train Loss: 0.4945841, Train Acc: 0.7355556, Test Acc: 0.7400000
Epoch: 332, Train Loss: 0.4950318, Train Acc: 0.7411111, Test Acc: 0.7400000
Epoch: 333, Train Loss: 0.4946201, Train Acc: 0.7388889, Test Acc: 0.7400000
Epoch: 334, Train Loss: 0.4954042, Train Acc: 0.7344444, Test Acc: 0.7300000
Epoch: 335, Train Loss: 0.4944690, Train Acc: 0.7355556, Test Acc: 0.7300000
Epoch: 336, Train Loss: 0.4943087, Train Acc: 0.7366667, Test Acc: 0.7300000
Epoch: 337, Train Loss: 0.4940925, Train Acc: 0.7355556, Test Acc: 0.7300000
Epoch: 338, Train Loss: 0.4940636, Train Acc: 0.7400000, Test Acc: 0.7300000
Epoch: 339, Train Loss: 0.4944546, Train Acc: 0.7422222, Test Acc: 0.7500000
Epoch: 340, Train Loss: 0.4940188, Train Acc: 0.7355556, Test Acc: 0.7400000
Epoch: 341, Train Loss: 0.4941056, Train Acc: 0.7355556, Test Acc: 0.7300000
Epoch: 342, Train Loss: 0.4938760, Train Acc: 0.7377778, Test Acc: 0.7300000
Epoch: 343, Train Loss: 0.4939710, Train Acc: 0.7366667, Test Acc: 0.7400000
Epoch: 344, Train Loss: 0.4938011, Train Acc: 0.7366667, Test Acc: 0.7300000
Epoch: 345, Train Loss: 0.4938710, Train Acc: 0.7377778, Test Acc: 0.7400000
Epoch: 346, Train Loss: 0.4937852, Train Acc: 0.7355556, Test Acc: 0.7300000
Epoch: 347, Train Loss: 0.4942807, Train Acc: 0.7388889, Test Acc: 0.7500000
Epoch: 348, Train Loss: 0.4938433, Train Acc: 0.7366667, Test Acc: 0.7300000
Epoch: 349, Train Loss: 0.4938659, Train Acc: 0.7377778, Test Acc: 0.7300000
Epoch: 350, Train Loss: 0.4938067, Train Acc: 0.7411111, Test Acc: 0.7300000
Epoch: 351, Train Loss: 0.4936688, Train Acc: 0.7377778, Test Acc: 0.7300000
Epoch: 352, Train Loss: 0.4943316, Train Acc: 0.7422222, Test Acc: 0.7400000
Epoch: 353, Train Loss: 0.4963635, Train Acc: 0.7333333, Test Acc: 0.7400000
Epoch: 354, Train Loss: 0.4956614, Train Acc: 0.7388889, Test Acc: 0.7400000
Epoch: 355, Train Loss: 0.4942772, Train Acc: 0.7388889, Test Acc: 0.7300000
Epoch: 356, Train Loss: 0.4936161, Train Acc: 0.7377778, Test Acc: 0.7300000
Epoch: 357, Train Loss: 0.4939159, Train Acc: 0.7411111, Test Acc: 0.7400000
Epoch: 358, Train Loss: 0.4942312, Train Acc: 0.7411111, Test Acc: 0.7400000
Epoch: 359, Train Loss: 0.4945359, Train Acc: 0.7400000, Test Acc: 0.7500000
Epoch: 360, Train Loss: 0.4936682, Train Acc: 0.7377778, Test Acc: 0.7300000
Epoch: 361, Train Loss: 0.4935734, Train Acc: 0.7388889, Test Acc: 0.7300000
Epoch: 362, Train Loss: 0.4936031, Train Acc: 0.7377778, Test Acc: 0.7300000
Epoch: 363, Train Loss: 0.4946623, Train Acc: 0.7322222, Test Acc: 0.7300000
Epoch: 364, Train Loss: 0.4937873, Train Acc: 0.7377778, Test Acc: 0.7300000
Epoch: 365, Train Loss: 0.4937155, Train Acc: 0.7388889, Test Acc: 0.7300000
Epoch: 366, Train Loss: 0.4935398, Train Acc: 0.7388889, Test Acc: 0.7300000
Epoch: 367, Train Loss: 0.4933913, Train Acc: 0.7400000, Test Acc: 0.7300000
Epoch: 368, Train Loss: 0.4934776, Train Acc: 0.7411111, Test Acc: 0.7400000
Epoch: 369, Train Loss: 0.4933434, Train Acc: 0.7400000, Test Acc: 0.7300000
Epoch: 370, Train Loss: 0.4935074, Train Acc: 0.7388889, Test Acc: 0.7300000
Epoch: 371, Train Loss: 0.4934311, Train Acc: 0.7388889, Test Acc: 0.7400000
Epoch: 372, Train Loss: 0.4935350, Train Acc: 0.7411111, Test Acc: 0.7400000
Epoch: 373, Train Loss: 0.4936118, Train Acc: 0.7422222, Test Acc: 0.7500000
Epoch: 374, Train Loss: 0.4932576, Train Acc: 0.7388889, Test Acc: 0.7300000
Epoch: 375, Train Loss: 0.4933091, Train Acc: 0.7366667, Test Acc: 0.7300000
Epoch: 376, Train Loss: 0.4933514, Train Acc: 0.7355556, Test Acc: 0.7300000
Epoch: 377, Train Loss: 0.4932272, Train Acc: 0.7377778, Test Acc: 0.7400000
Epoch: 378, Train Loss: 0.4932547, Train Acc: 0.7355556, Test Acc: 0.7400000
Epoch: 379, Train Loss: 0.4932388, Train Acc: 0.7355556, Test Acc: 0.7300000
Epoch: 380, Train Loss: 0.4938556, Train Acc: 0.7377778, Test Acc: 0.7300000
Epoch: 381, Train Loss: 0.4935820, Train Acc: 0.7377778, Test Acc: 0.7300000
Epoch: 382, Train Loss: 0.4930984, Train Acc: 0.7377778, Test Acc: 0.7300000
Epoch: 383, Train Loss: 0.4931475, Train Acc: 0.7388889, Test Acc: 0.7400000
Epoch: 384, Train Loss: 0.4934501, Train Acc: 0.7422222, Test Acc: 0.7400000
Epoch: 385, Train Loss: 0.4933573, Train Acc: 0.7388889, Test Acc: 0.7400000
Epoch: 386, Train Loss: 0.4931370, Train Acc: 0.7400000, Test Acc: 0.7400000
Epoch: 387, Train Loss: 0.4932825, Train Acc: 0.7422222, Test Acc: 0.7500000
Epoch: 388, Train Loss: 0.4929710, Train Acc: 0.7400000, Test Acc: 0.7300000
Epoch: 389, Train Loss: 0.4932260, Train Acc: 0.7377778, Test Acc: 0.7300000
Epoch: 390, Train Loss: 0.4929699, Train Acc: 0.7377778, Test Acc: 0.7300000
Epoch: 391, Train Loss: 0.4929702, Train Acc: 0.7400000, Test Acc: 0.7400000
Epoch: 392, Train Loss: 0.4931554, Train Acc: 0.7422222, Test Acc: 0.7500000
Epoch: 393, Train Loss: 0.4929695, Train Acc: 0.7388889, Test Acc: 0.7400000
Epoch: 394, Train Loss: 0.4928726, Train Acc: 0.7400000, Test Acc: 0.7400000
Epoch: 395, Train Loss: 0.4929295, Train Acc: 0.7400000, Test Acc: 0.7400000
Epoch: 396, Train Loss: 0.4928165, Train Acc: 0.7388889, Test Acc: 0.7400000
Epoch: 397, Train Loss: 0.4927858, Train Acc: 0.7400000, Test Acc: 0.7400000
Epoch: 398, Train Loss: 0.4927689, Train Acc: 0.7400000, Test Acc: 0.7400000
Epoch: 399, Train Loss: 0.4927839, Train Acc: 0.7411111, Test Acc: 0.7300000
Epoch: 400, Train Loss: 0.4926801, Train Acc: 0.7400000, Test Acc: 0.7400000
--------
Best Test Acc:   0.77_0.0, Epoch: 123
Best Train Loss: 0.4926801468928655_0.0
Best Train Acc:  0.7422222222222222_0.0
FOLD1, IMDB-BINARY, 1673245080/51ecea9_GSOE[-0.2, -0.25, -0.3, -0.35, -0.4]P[[1, 2], [1, 2], [1, 2], [1, 2], [1, 2]]I1_ReLU_NM_4_256_0_0.001_40_0.6_0_B64S0W8, BT=0.77_0.0, BE=123, ID=51ecea938e8b7bfc38be462eb05bc437ae1578b4
train_set : test_set = %d : %d 900 100
-------- FOLD1 DATASET=IMDB-BINARY, COMMIT_ID=51ecea938e8b7bfc38be462eb05bc437ae1578b4
Without batch_norm.
#Params: 927490
Epoch: 001, Train Loss: 0.6356600, Train Acc: 0.6433333, Test Acc: 0.6500000
Epoch: 002, Train Loss: 0.5692646, Train Acc: 0.7177778, Test Acc: 0.7400000
Epoch: 003, Train Loss: 0.5586721, Train Acc: 0.7222222, Test Acc: 0.7300000
Epoch: 004, Train Loss: 0.5846845, Train Acc: 0.6833333, Test Acc: 0.6600000
Epoch: 005, Train Loss: 0.6111520, Train Acc: 0.6666667, Test Acc: 0.5800000
Epoch: 006, Train Loss: 0.5634967, Train Acc: 0.7100000, Test Acc: 0.7200000
Epoch: 007, Train Loss: 0.5490360, Train Acc: 0.7222222, Test Acc: 0.7300000
Epoch: 008, Train Loss: 0.6038835, Train Acc: 0.6755556, Test Acc: 0.6800000
Epoch: 009, Train Loss: 0.5385262, Train Acc: 0.7077778, Test Acc: 0.7100000
Epoch: 010, Train Loss: 0.5349822, Train Acc: 0.7277778, Test Acc: 0.7400000
Epoch: 011, Train Loss: 0.5359501, Train Acc: 0.7144444, Test Acc: 0.6900000
Epoch: 012, Train Loss: 0.5701813, Train Acc: 0.6844444, Test Acc: 0.6800000
