{'dataset_name': 'IMDB-BINARY', 'basis': 'GSO', 'epsilon': [-0.2, -0.25, -0.3, -0.35, -0.4], 'power': [[1, 2], [1, 2], [1, 4], [1, 4], [1, 6]], 'seeds': [0], 'num_folds': 10, 'num_workers': 8, 'hyperparams': {'batch_size': 16, 'epochs': 301, 'learning_rate': 0.001, 'step_size': 40, 'decay_rate': 0.6}, 'architecture': {'nonlinear': 'GELU', 'layers': 4, 'hidden': 256, 'pooling': 'X', 'dropout': 0, 'batch_norm': 'N'}, 'commit_id': '51ecea938e8b7bfc38be462eb05bc437ae1578b4', 'time_stamp': '1673247067', 'directory': '../../../../results_spectral_rotation/Try_A100/tu/IMDB-BINARY/board/'}
{'dataset_name': 'IMDB-BINARY', 'basis': 'GSO', 'epsilon': [-0.2, -0.25, -0.3, -0.35, -0.4], 'power': [[1, 2], [1, 2], [1, 4], [1, 4], [1, 6]], 'seeds': [0], 'num_folds': 10, 'num_workers': 8, 'hyperparams': {'batch_size': 16, 'epochs': 301, 'learning_rate': 0.001, 'step_size': 40, 'decay_rate': 0.6}, 'architecture': {'nonlinear': 'GELU', 'layers': 4, 'hidden': 256, 'pooling': 'X', 'dropout': 0, 'batch_norm': 'N'}, 'commit_id': '51ecea938e8b7bfc38be462eb05bc437ae1578b4', 'time_stamp': 1673247070, 'directory': '../../../../results_spectral_rotation/Try_A100/tu/IMDB-BINARY/board/', 'seed': 0}
Pre-process:   0%|          | 0/1000 [00:00<?, ?it/s]Pre-process:   8%|▊         | 79/1000 [00:00<00:01, 787.95it/s]Pre-process:  16%|█▌        | 158/1000 [00:00<00:01, 789.00it/s]Pre-process:  24%|██▍       | 238/1000 [00:00<00:00, 792.44it/s]Pre-process:  32%|███▏      | 321/1000 [00:00<00:00, 805.02it/s]Pre-process:  41%|████      | 408/1000 [00:00<00:00, 826.49it/s]Pre-process:  49%|████▉     | 491/1000 [00:00<00:00, 821.56it/s]Pre-process:  58%|█████▊    | 579/1000 [00:00<00:00, 837.49it/s]Pre-process:  67%|██████▋   | 666/1000 [00:00<00:00, 846.90it/s]Pre-process:  75%|███████▌  | 751/1000 [00:00<00:00, 837.13it/s]Pre-process:  84%|████████▎ | 835/1000 [00:01<00:00, 799.47it/s]Pre-process:  92%|█████████▏| 917/1000 [00:01<00:00, 803.35it/s]Pre-process: 100%|██████████| 1000/1000 [00:01<00:00, 817.79it/s]
Basis total: 19
train_set : test_set = %d : %d 900 100
-------- FOLD0 DATASET=IMDB-BINARY, COMMIT_ID=51ecea938e8b7bfc38be462eb05bc437ae1578b4
Without batch_norm.
#Params: 929538
Epoch: 001, Train Loss: 0.6060199, Train Acc: 0.6044444, Test Acc: 0.6000000
Epoch: 002, Train Loss: 0.5552530, Train Acc: 0.6988889, Test Acc: 0.7100000
Epoch: 003, Train Loss: 0.5544046, Train Acc: 0.6955556, Test Acc: 0.7000000
Epoch: 004, Train Loss: 0.5316680, Train Acc: 0.7100000, Test Acc: 0.7200000
Epoch: 005, Train Loss: 0.5326187, Train Acc: 0.7344444, Test Acc: 0.7500000
Epoch: 006, Train Loss: 0.5407560, Train Acc: 0.6900000, Test Acc: 0.7300000
Epoch: 007, Train Loss: 0.5462632, Train Acc: 0.7088889, Test Acc: 0.7500000
Epoch: 008, Train Loss: 0.5591681, Train Acc: 0.6933333, Test Acc: 0.7200000
Epoch: 009, Train Loss: 0.5848427, Train Acc: 0.6744444, Test Acc: 0.7000000
Epoch: 010, Train Loss: 0.5212502, Train Acc: 0.7222222, Test Acc: 0.7100000
Epoch: 011, Train Loss: 0.5280214, Train Acc: 0.7244444, Test Acc: 0.7400000
Epoch: 012, Train Loss: 0.5373341, Train Acc: 0.7133333, Test Acc: 0.7300000
Epoch: 013, Train Loss: 0.5333126, Train Acc: 0.7144444, Test Acc: 0.7200000
Epoch: 014, Train Loss: 0.5564550, Train Acc: 0.6900000, Test Acc: 0.7200000
Epoch: 015, Train Loss: 0.5291697, Train Acc: 0.7288889, Test Acc: 0.7400000
Epoch: 016, Train Loss: 0.5199349, Train Acc: 0.7211111, Test Acc: 0.7200000
Epoch: 017, Train Loss: 0.5146037, Train Acc: 0.7222222, Test Acc: 0.7300000
Epoch: 018, Train Loss: 0.5151762, Train Acc: 0.7355556, Test Acc: 0.7400000
Epoch: 019, Train Loss: 0.5160732, Train Acc: 0.7255556, Test Acc: 0.7300000
Epoch: 020, Train Loss: 0.5157338, Train Acc: 0.7188889, Test Acc: 0.7400000
Epoch: 021, Train Loss: 0.5261185, Train Acc: 0.7177778, Test Acc: 0.7400000
Epoch: 022, Train Loss: 0.5216584, Train Acc: 0.7200000, Test Acc: 0.7300000
Epoch: 023, Train Loss: 9.9922707, Train Acc: 0.5000000, Test Acc: 0.5000000
Epoch: 024, Train Loss: 0.8196753, Train Acc: 0.5455556, Test Acc: 0.5300000
Epoch: 025, Train Loss: 1.5355494, Train Acc: 0.6311111, Test Acc: 0.6500000
Epoch: 026, Train Loss: 0.5943017, Train Acc: 0.6700000, Test Acc: 0.6800000
Epoch: 027, Train Loss: 0.6248168, Train Acc: 0.6444444, Test Acc: 0.7000000
Epoch: 028, Train Loss: 0.5415955, Train Acc: 0.7200000, Test Acc: 0.7400000
Epoch: 029, Train Loss: 0.5838793, Train Acc: 0.6888889, Test Acc: 0.7100000
Epoch: 030, Train Loss: 0.5198975, Train Acc: 0.7211111, Test Acc: 0.7300000
Epoch: 031, Train Loss: 0.5193202, Train Acc: 0.7288889, Test Acc: 0.7600000
Epoch: 032, Train Loss: 0.5293281, Train Acc: 0.7188889, Test Acc: 0.7500000
Epoch: 033, Train Loss: 0.5381622, Train Acc: 0.7011111, Test Acc: 0.7000000
Epoch: 034, Train Loss: 0.5737589, Train Acc: 0.6588889, Test Acc: 0.7200000
Epoch: 035, Train Loss: 0.5496448, Train Acc: 0.7033333, Test Acc: 0.7100000
Epoch: 036, Train Loss: 0.5145921, Train Acc: 0.7288889, Test Acc: 0.7400000
Epoch: 037, Train Loss: 0.5408518, Train Acc: 0.6955556, Test Acc: 0.7300000
Epoch: 038, Train Loss: 0.5495534, Train Acc: 0.6944444, Test Acc: 0.7300000
Epoch: 039, Train Loss: 0.5172063, Train Acc: 0.7288889, Test Acc: 0.7200000
Epoch: 040, Train Loss: 0.5359119, Train Acc: 0.7200000, Test Acc: 0.7200000
Epoch: 041, Train Loss: 0.5064894, Train Acc: 0.7400000, Test Acc: 0.7500000
Epoch: 042, Train Loss: 0.5028061, Train Acc: 0.7400000, Test Acc: 0.7400000
Epoch: 043, Train Loss: 0.5020552, Train Acc: 0.7366667, Test Acc: 0.7400000
Epoch: 044, Train Loss: 0.5001576, Train Acc: 0.7366667, Test Acc: 0.7500000
Epoch: 045, Train Loss: 0.5099233, Train Acc: 0.7233333, Test Acc: 0.7400000
Epoch: 046, Train Loss: 0.5048876, Train Acc: 0.7233333, Test Acc: 0.7200000
Epoch: 047, Train Loss: 0.5073575, Train Acc: 0.7200000, Test Acc: 0.7400000
Epoch: 048, Train Loss: 0.4999931, Train Acc: 0.7333333, Test Acc: 0.7400000
Epoch: 049, Train Loss: 0.5087617, Train Acc: 0.7144444, Test Acc: 0.7100000
Epoch: 050, Train Loss: 0.4935961, Train Acc: 0.7322222, Test Acc: 0.7200000
Epoch: 051, Train Loss: 0.5016810, Train Acc: 0.7400000, Test Acc: 0.7400000
Epoch: 052, Train Loss: 0.4975398, Train Acc: 0.7322222, Test Acc: 0.7300000
Epoch: 053, Train Loss: 0.5051728, Train Acc: 0.7211111, Test Acc: 0.7200000
Epoch: 054, Train Loss: 0.5025346, Train Acc: 0.7266667, Test Acc: 0.7200000
Epoch: 055, Train Loss: 0.5158607, Train Acc: 0.7211111, Test Acc: 0.7600000
Epoch: 056, Train Loss: 0.4949357, Train Acc: 0.7444444, Test Acc: 0.7300000
Epoch: 057, Train Loss: 0.4865369, Train Acc: 0.7577778, Test Acc: 0.7300000
Epoch: 058, Train Loss: 0.4967123, Train Acc: 0.7344444, Test Acc: 0.7400000
Epoch: 059, Train Loss: 0.4847752, Train Acc: 0.7455556, Test Acc: 0.7300000
Epoch: 060, Train Loss: 0.5040940, Train Acc: 0.7211111, Test Acc: 0.7300000
Epoch: 061, Train Loss: 0.4948523, Train Acc: 0.7300000, Test Acc: 0.7400000
Epoch: 062, Train Loss: 0.4872240, Train Acc: 0.7566667, Test Acc: 0.7100000
Epoch: 063, Train Loss: 0.4824679, Train Acc: 0.7455556, Test Acc: 0.7500000
Epoch: 064, Train Loss: 0.4846422, Train Acc: 0.7344444, Test Acc: 0.7400000
Epoch: 065, Train Loss: 0.5236713, Train Acc: 0.7122222, Test Acc: 0.7500000
Epoch: 066, Train Loss: 0.4841476, Train Acc: 0.7388889, Test Acc: 0.7400000
Epoch: 067, Train Loss: 0.4851032, Train Acc: 0.7411111, Test Acc: 0.7200000
Epoch: 068, Train Loss: 0.4808721, Train Acc: 0.7588889, Test Acc: 0.7000000
Epoch: 069, Train Loss: 0.4826801, Train Acc: 0.7455556, Test Acc: 0.7500000
Epoch: 070, Train Loss: 0.4824376, Train Acc: 0.7633333, Test Acc: 0.7200000
Epoch: 071, Train Loss: 0.4614367, Train Acc: 0.7655556, Test Acc: 0.7400000
Epoch: 072, Train Loss: 0.4852595, Train Acc: 0.7477778, Test Acc: 0.6900000
Epoch: 073, Train Loss: 0.4852642, Train Acc: 0.7377778, Test Acc: 0.7500000
Epoch: 074, Train Loss: 0.4699355, Train Acc: 0.7777778, Test Acc: 0.6800000
Epoch: 075, Train Loss: 0.4703702, Train Acc: 0.7511111, Test Acc: 0.6900000
Epoch: 076, Train Loss: 0.4699795, Train Acc: 0.7566667, Test Acc: 0.7000000
Epoch: 077, Train Loss: 0.4786666, Train Acc: 0.7511111, Test Acc: 0.7000000
Epoch: 078, Train Loss: 0.4655038, Train Acc: 0.7677778, Test Acc: 0.6900000
Epoch: 079, Train Loss: 0.5259740, Train Acc: 0.7077778, Test Acc: 0.6700000
Epoch: 080, Train Loss: 0.4547265, Train Acc: 0.7777778, Test Acc: 0.7400000
Epoch: 081, Train Loss: 0.4557145, Train Acc: 0.7711111, Test Acc: 0.6900000
Epoch: 082, Train Loss: 0.4465339, Train Acc: 0.7722222, Test Acc: 0.6800000
Epoch: 083, Train Loss: 0.4340887, Train Acc: 0.7855556, Test Acc: 0.7200000
Epoch: 084, Train Loss: 0.4335007, Train Acc: 0.7755556, Test Acc: 0.7300000
Epoch: 085, Train Loss: 0.4368694, Train Acc: 0.7822222, Test Acc: 0.6600000
Epoch: 086, Train Loss: 0.4416301, Train Acc: 0.7466667, Test Acc: 0.6800000
Epoch: 087, Train Loss: 0.4262143, Train Acc: 0.7777778, Test Acc: 0.6600000
Epoch: 088, Train Loss: 0.4154544, Train Acc: 0.7911111, Test Acc: 0.7300000
Epoch: 089, Train Loss: 0.4136109, Train Acc: 0.7955556, Test Acc: 0.7200000
Epoch: 090, Train Loss: 0.4183595, Train Acc: 0.7988889, Test Acc: 0.6600000
Epoch: 091, Train Loss: 0.4749899, Train Acc: 0.7611111, Test Acc: 0.6600000
Epoch: 092, Train Loss: 0.4266501, Train Acc: 0.7822222, Test Acc: 0.6900000
Epoch: 093, Train Loss: 0.4097224, Train Acc: 0.7888889, Test Acc: 0.6800000
Epoch: 094, Train Loss: 0.3867284, Train Acc: 0.8122222, Test Acc: 0.7100000
Epoch: 095, Train Loss: 0.4239064, Train Acc: 0.7677778, Test Acc: 0.6900000
Epoch: 096, Train Loss: 0.4344304, Train Acc: 0.7933333, Test Acc: 0.6800000
Epoch: 097, Train Loss: 0.4239901, Train Acc: 0.7833333, Test Acc: 0.7400000
Epoch: 098, Train Loss: 0.4055353, Train Acc: 0.8033333, Test Acc: 0.6700000
Epoch: 099, Train Loss: 0.3830072, Train Acc: 0.8066667, Test Acc: 0.6800000
Epoch: 100, Train Loss: 0.3859728, Train Acc: 0.8100000, Test Acc: 0.6700000
Epoch: 101, Train Loss: 0.3684300, Train Acc: 0.8233333, Test Acc: 0.6900000
Epoch: 102, Train Loss: 0.3965896, Train Acc: 0.8033333, Test Acc: 0.7000000
Epoch: 103, Train Loss: 0.4017376, Train Acc: 0.7788889, Test Acc: 0.6800000
Epoch: 104, Train Loss: 0.3642959, Train Acc: 0.8133333, Test Acc: 0.7300000
Epoch: 105, Train Loss: 0.3721892, Train Acc: 0.8166667, Test Acc: 0.7000000
Epoch: 106, Train Loss: 0.3766599, Train Acc: 0.8144444, Test Acc: 0.6900000
Epoch: 107, Train Loss: 0.3571536, Train Acc: 0.8266667, Test Acc: 0.6800000
Epoch: 108, Train Loss: 0.3762242, Train Acc: 0.8111111, Test Acc: 0.7200000
Epoch: 109, Train Loss: 0.3767027, Train Acc: 0.8077778, Test Acc: 0.6900000
Epoch: 110, Train Loss: 0.3582850, Train Acc: 0.8288889, Test Acc: 0.6700000
Epoch: 111, Train Loss: 0.3508647, Train Acc: 0.8266667, Test Acc: 0.6600000
Epoch: 112, Train Loss: 0.3493999, Train Acc: 0.8233333, Test Acc: 0.7000000
Epoch: 113, Train Loss: 0.3678773, Train Acc: 0.8111111, Test Acc: 0.7200000
Epoch: 114, Train Loss: 0.3745537, Train Acc: 0.8100000, Test Acc: 0.7000000
Epoch: 115, Train Loss: 0.3259589, Train Acc: 0.8411111, Test Acc: 0.7500000
Epoch: 116, Train Loss: 0.3204234, Train Acc: 0.8355556, Test Acc: 0.7100000
Epoch: 117, Train Loss: 0.3176510, Train Acc: 0.8422222, Test Acc: 0.6900000
Epoch: 118, Train Loss: 0.3003648, Train Acc: 0.8477778, Test Acc: 0.7100000
Epoch: 119, Train Loss: 0.3217486, Train Acc: 0.8422222, Test Acc: 0.6800000
Epoch: 120, Train Loss: 0.3692684, Train Acc: 0.8177778, Test Acc: 0.7300000
Epoch: 121, Train Loss: 0.3164384, Train Acc: 0.8511111, Test Acc: 0.7300000
Epoch: 122, Train Loss: 0.2897312, Train Acc: 0.8544444, Test Acc: 0.7100000
Epoch: 123, Train Loss: 0.2886951, Train Acc: 0.8577778, Test Acc: 0.7200000
Epoch: 124, Train Loss: 0.2819790, Train Acc: 0.8555556, Test Acc: 0.7100000
Epoch: 125, Train Loss: 0.2800367, Train Acc: 0.8600000, Test Acc: 0.6900000
Epoch: 126, Train Loss: 0.2722019, Train Acc: 0.8622222, Test Acc: 0.7100000
Epoch: 127, Train Loss: 0.2755339, Train Acc: 0.8511111, Test Acc: 0.6900000
Epoch: 128, Train Loss: 0.2818468, Train Acc: 0.8544444, Test Acc: 0.7500000
Epoch: 129, Train Loss: 0.2664265, Train Acc: 0.8644444, Test Acc: 0.7200000
Epoch: 130, Train Loss: 0.2659503, Train Acc: 0.8666667, Test Acc: 0.7400000
Epoch: 131, Train Loss: 0.2613163, Train Acc: 0.8633333, Test Acc: 0.7100000
Epoch: 132, Train Loss: 0.2909222, Train Acc: 0.8533333, Test Acc: 0.7000000
Epoch: 133, Train Loss: 0.2639033, Train Acc: 0.8611111, Test Acc: 0.7500000
Epoch: 134, Train Loss: 0.2630194, Train Acc: 0.8666667, Test Acc: 0.7200000
Epoch: 135, Train Loss: 0.2702849, Train Acc: 0.8588889, Test Acc: 0.7500000
Epoch: 136, Train Loss: 0.2654177, Train Acc: 0.8577778, Test Acc: 0.7000000
Epoch: 137, Train Loss: 0.2770408, Train Acc: 0.8533333, Test Acc: 0.7200000
Epoch: 138, Train Loss: 0.2802349, Train Acc: 0.8622222, Test Acc: 0.7300000
Epoch: 139, Train Loss: 0.4499474, Train Acc: 0.7888889, Test Acc: 0.7400000
Epoch: 140, Train Loss: 0.3489350, Train Acc: 0.8255556, Test Acc: 0.7200000
Epoch: 141, Train Loss: 0.3037719, Train Acc: 0.8433333, Test Acc: 0.7300000
Epoch: 142, Train Loss: 0.2716232, Train Acc: 0.8633333, Test Acc: 0.7200000
Epoch: 143, Train Loss: 0.2659711, Train Acc: 0.8633333, Test Acc: 0.6900000
Epoch: 144, Train Loss: 0.2649381, Train Acc: 0.8611111, Test Acc: 0.7300000
Epoch: 145, Train Loss: 0.2646316, Train Acc: 0.8711111, Test Acc: 0.7300000
Epoch: 146, Train Loss: 0.2501965, Train Acc: 0.8700000, Test Acc: 0.7100000
Epoch: 147, Train Loss: 0.2454549, Train Acc: 0.8733333, Test Acc: 0.7300000
Epoch: 148, Train Loss: 0.2473186, Train Acc: 0.8744444, Test Acc: 0.7300000
Epoch: 149, Train Loss: 0.2545276, Train Acc: 0.8700000, Test Acc: 0.7400000
Epoch: 150, Train Loss: 0.3030783, Train Acc: 0.8411111, Test Acc: 0.7200000
Epoch: 151, Train Loss: 0.2465111, Train Acc: 0.8744444, Test Acc: 0.7200000
Epoch: 152, Train Loss: 0.2503860, Train Acc: 0.8722222, Test Acc: 0.7200000
Epoch: 153, Train Loss: 0.2560322, Train Acc: 0.8644444, Test Acc: 0.7500000
Epoch: 154, Train Loss: 0.2549576, Train Acc: 0.8688889, Test Acc: 0.7400000
Epoch: 155, Train Loss: 0.2780425, Train Acc: 0.8533333, Test Acc: 0.7100000
Epoch: 156, Train Loss: 0.2473147, Train Acc: 0.8722222, Test Acc: 0.7000000
Epoch: 157, Train Loss: 0.2463512, Train Acc: 0.8755556, Test Acc: 0.7300000
Epoch: 158, Train Loss: 0.2397893, Train Acc: 0.8755556, Test Acc: 0.7200000
Epoch: 159, Train Loss: 0.2474279, Train Acc: 0.8688889, Test Acc: 0.7600000
Epoch: 160, Train Loss: 0.2298823, Train Acc: 0.8766667, Test Acc: 0.7600000
Epoch: 161, Train Loss: 0.2267883, Train Acc: 0.8788889, Test Acc: 0.7500000
Epoch: 162, Train Loss: 0.2253469, Train Acc: 0.8822222, Test Acc: 0.7400000
Epoch: 163, Train Loss: 0.2292722, Train Acc: 0.8822222, Test Acc: 0.7400000
Epoch: 164, Train Loss: 0.2277982, Train Acc: 0.8766667, Test Acc: 0.7600000
Epoch: 165, Train Loss: 0.2238423, Train Acc: 0.8822222, Test Acc: 0.7300000
Epoch: 166, Train Loss: 0.2233927, Train Acc: 0.8822222, Test Acc: 0.7400000
Epoch: 167, Train Loss: 0.2247101, Train Acc: 0.8744444, Test Acc: 0.7400000
Epoch: 168, Train Loss: 0.2276198, Train Acc: 0.8777778, Test Acc: 0.7200000
Epoch: 169, Train Loss: 0.2316187, Train Acc: 0.8777778, Test Acc: 0.7100000
Epoch: 170, Train Loss: 0.2278705, Train Acc: 0.8800000, Test Acc: 0.7400000
Epoch: 171, Train Loss: 0.2230996, Train Acc: 0.8811111, Test Acc: 0.7400000
Epoch: 172, Train Loss: 0.2211241, Train Acc: 0.8822222, Test Acc: 0.7100000
Epoch: 173, Train Loss: 0.2210840, Train Acc: 0.8811111, Test Acc: 0.7200000
Epoch: 174, Train Loss: 0.2579228, Train Acc: 0.8677778, Test Acc: 0.7500000
Epoch: 175, Train Loss: 0.2242705, Train Acc: 0.8777778, Test Acc: 0.7700000
Epoch: 176, Train Loss: 0.2215272, Train Acc: 0.8811111, Test Acc: 0.7400000
Epoch: 177, Train Loss: 0.2376450, Train Acc: 0.8766667, Test Acc: 0.7300000
Epoch: 178, Train Loss: 0.2231314, Train Acc: 0.8788889, Test Acc: 0.7200000
Epoch: 179, Train Loss: 0.2195690, Train Acc: 0.8844444, Test Acc: 0.7400000
Epoch: 180, Train Loss: 0.2208290, Train Acc: 0.8822222, Test Acc: 0.7200000
Epoch: 181, Train Loss: 0.2158451, Train Acc: 0.8811111, Test Acc: 0.7400000
Epoch: 182, Train Loss: 0.2244216, Train Acc: 0.8800000, Test Acc: 0.7200000
Epoch: 183, Train Loss: 0.2167072, Train Acc: 0.8844444, Test Acc: 0.7300000
Epoch: 184, Train Loss: 0.2217848, Train Acc: 0.8811111, Test Acc: 0.7100000
Epoch: 185, Train Loss: 0.2220616, Train Acc: 0.8800000, Test Acc: 0.7400000
Epoch: 186, Train Loss: 0.2165825, Train Acc: 0.8833333, Test Acc: 0.7300000
Epoch: 187, Train Loss: 0.2165031, Train Acc: 0.8811111, Test Acc: 0.7400000
Epoch: 188, Train Loss: 0.2242454, Train Acc: 0.8811111, Test Acc: 0.6900000
Epoch: 189, Train Loss: 0.2262639, Train Acc: 0.8777778, Test Acc: 0.7100000
Epoch: 190, Train Loss: 0.2177450, Train Acc: 0.8822222, Test Acc: 0.7100000
Epoch: 191, Train Loss: 0.2206105, Train Acc: 0.8800000, Test Acc: 0.7100000
Epoch: 192, Train Loss: 0.2239571, Train Acc: 0.8833333, Test Acc: 0.7200000
Epoch: 193, Train Loss: 0.2229051, Train Acc: 0.8833333, Test Acc: 0.7100000
Epoch: 194, Train Loss: 0.2256654, Train Acc: 0.8811111, Test Acc: 0.7300000
Epoch: 195, Train Loss: 0.2175841, Train Acc: 0.8844444, Test Acc: 0.7200000
Epoch: 196, Train Loss: 0.2170346, Train Acc: 0.8833333, Test Acc: 0.7400000
Epoch: 197, Train Loss: 0.2194049, Train Acc: 0.8822222, Test Acc: 0.7200000
Epoch: 198, Train Loss: 0.2133396, Train Acc: 0.8833333, Test Acc: 0.7200000
Epoch: 199, Train Loss: 0.2294044, Train Acc: 0.8755556, Test Acc: 0.7100000
Epoch: 200, Train Loss: 0.2141821, Train Acc: 0.8833333, Test Acc: 0.7200000
Epoch: 201, Train Loss: 0.2121206, Train Acc: 0.8855556, Test Acc: 0.7200000
Epoch: 202, Train Loss: 0.2114943, Train Acc: 0.8844444, Test Acc: 0.7300000
Epoch: 203, Train Loss: 0.2132168, Train Acc: 0.8844444, Test Acc: 0.7200000
Epoch: 204, Train Loss: 0.2111442, Train Acc: 0.8844444, Test Acc: 0.7300000
Epoch: 205, Train Loss: 0.2098625, Train Acc: 0.8833333, Test Acc: 0.7100000
Epoch: 206, Train Loss: 0.2102350, Train Acc: 0.8855556, Test Acc: 0.7300000
Epoch: 207, Train Loss: 0.2105873, Train Acc: 0.8844444, Test Acc: 0.7400000
Epoch: 208, Train Loss: 0.2105432, Train Acc: 0.8855556, Test Acc: 0.7100000
Epoch: 209, Train Loss: 0.2092091, Train Acc: 0.8855556, Test Acc: 0.7200000
Epoch: 210, Train Loss: 0.2161777, Train Acc: 0.8822222, Test Acc: 0.7300000
Epoch: 211, Train Loss: 0.2094985, Train Acc: 0.8833333, Test Acc: 0.7400000
Epoch: 212, Train Loss: 0.2097968, Train Acc: 0.8822222, Test Acc: 0.7300000
Epoch: 213, Train Loss: 0.2099766, Train Acc: 0.8833333, Test Acc: 0.7300000
Epoch: 214, Train Loss: 0.2131181, Train Acc: 0.8844444, Test Acc: 0.7100000
Epoch: 215, Train Loss: 0.2099817, Train Acc: 0.8822222, Test Acc: 0.6900000
Epoch: 216, Train Loss: 0.2100475, Train Acc: 0.8844444, Test Acc: 0.7300000
Epoch: 217, Train Loss: 0.2094327, Train Acc: 0.8855556, Test Acc: 0.7200000
Epoch: 218, Train Loss: 0.2085250, Train Acc: 0.8844444, Test Acc: 0.7300000
Epoch: 219, Train Loss: 0.2080570, Train Acc: 0.8855556, Test Acc: 0.7300000
Epoch: 220, Train Loss: 0.2083203, Train Acc: 0.8855556, Test Acc: 0.7300000
Epoch: 221, Train Loss: 0.2085284, Train Acc: 0.8855556, Test Acc: 0.7300000
Epoch: 222, Train Loss: 0.2190240, Train Acc: 0.8833333, Test Acc: 0.7500000
