{'dataset_name': 'IMDB-BINARY', 'basis': 'GSO', 'epsilon': [-0.2, -0.25, -0.3, -0.35, -0.4], 'power': [[1, 1], [1, 1], [1, 1], [1, 1], [1, 1]], 'edgehop': 1, 'seeds': [0], 'num_folds': 10, 'num_workers': 8, 'hyperparams': {'batch_size': 64, 'epochs': 401, 'learning_rate': 0.001, 'step_size': 40, 'decay_rate': 0.6}, 'architecture': {'nonlinear': 'ReLU', 'layers': 4, 'hidden': 256, 'pooling': 'M', 'dropout': 0.2}, 'commit_id': '51ecea938e8b7bfc38be462eb05bc437ae1578b4', 'time_stamp': '1673244489', 'directory': '../../../../results_spectral_rotation/Try_A100/tu/IMDB-BINARY/board/'}
{'dataset_name': 'IMDB-BINARY', 'basis': 'GSO', 'epsilon': [-0.2, -0.25, -0.3, -0.35, -0.4], 'power': [[1, 1], [1, 1], [1, 1], [1, 1], [1, 1]], 'edgehop': 1, 'seeds': [0], 'num_folds': 10, 'num_workers': 8, 'hyperparams': {'batch_size': 64, 'epochs': 401, 'learning_rate': 0.001, 'step_size': 40, 'decay_rate': 0.6}, 'architecture': {'nonlinear': 'ReLU', 'layers': 4, 'hidden': 256, 'pooling': 'M', 'dropout': 0.2}, 'commit_id': '51ecea938e8b7bfc38be462eb05bc437ae1578b4', 'time_stamp': 1673244491, 'directory': '../../../../results_spectral_rotation/Try_A100/tu/IMDB-BINARY/board/', 'seed': 0}
Pre-process:   0%|          | 0/1000 [00:00<?, ?it/s]Pre-process:   8%|▊         | 82/1000 [00:00<00:01, 813.58it/s]Pre-process:  18%|█▊        | 176/1000 [00:00<00:00, 883.59it/s]Pre-process:  27%|██▋       | 267/1000 [00:00<00:00, 891.82it/s]Pre-process:  36%|███▌      | 357/1000 [00:00<00:00, 894.91it/s]Pre-process:  45%|████▍     | 447/1000 [00:00<00:00, 894.91it/s]Pre-process:  54%|█████▎    | 537/1000 [00:00<00:00, 864.35it/s]Pre-process:  63%|██████▎   | 627/1000 [00:00<00:00, 873.05it/s]Pre-process:  72%|███████▏  | 721/1000 [00:00<00:00, 893.78it/s]Pre-process:  81%|████████  | 811/1000 [00:00<00:00, 892.24it/s]Pre-process:  90%|█████████ | 901/1000 [00:01<00:00, 892.16it/s]Pre-process:  99%|█████████▉| 991/1000 [00:01<00:00, 874.61it/s]Pre-process: 100%|██████████| 1000/1000 [00:01<00:00, 880.13it/s]
Basis total: 6
train_set : test_set = %d : %d 900 100
-------- FOLD0 DATASET=IMDB-BINARY, COMMIT_ID=51ecea938e8b7bfc38be462eb05bc437ae1578b4
With batch_norm.
#Params: 931330
Epoch: 001, Train Loss: 0.6898724, Train Acc: 0.5277778, Test Acc: 0.5400000
Epoch: 002, Train Loss: 2.5135587, Train Acc: 0.4877778, Test Acc: 0.4800000
Epoch: 003, Train Loss: 0.9812826, Train Acc: 0.5400000, Test Acc: 0.5600000
Epoch: 004, Train Loss: 0.8852471, Train Acc: 0.6222222, Test Acc: 0.6700000
Epoch: 005, Train Loss: 0.6991019, Train Acc: 0.5766667, Test Acc: 0.6000000
Epoch: 006, Train Loss: 0.7678428, Train Acc: 0.5500000, Test Acc: 0.5600000
Epoch: 007, Train Loss: 0.8267794, Train Acc: 0.6366667, Test Acc: 0.6700000
Epoch: 008, Train Loss: 0.6668908, Train Acc: 0.7000000, Test Acc: 0.7100000
Epoch: 009, Train Loss: 0.7090867, Train Acc: 0.5711111, Test Acc: 0.5900000
Epoch: 010, Train Loss: 0.6023471, Train Acc: 0.7055556, Test Acc: 0.7300000
Epoch: 011, Train Loss: 0.5852263, Train Acc: 0.6933333, Test Acc: 0.7100000
Epoch: 012, Train Loss: 0.6436726, Train Acc: 0.6933333, Test Acc: 0.6900000
Epoch: 013, Train Loss: 0.5753927, Train Acc: 0.6944444, Test Acc: 0.7600000
Epoch: 014, Train Loss: 0.5708346, Train Acc: 0.7011111, Test Acc: 0.7400000
Epoch: 015, Train Loss: 0.5523327, Train Acc: 0.7111111, Test Acc: 0.7200000
Epoch: 016, Train Loss: 0.5512280, Train Acc: 0.7077778, Test Acc: 0.7200000
Epoch: 017, Train Loss: 0.6029122, Train Acc: 0.6622222, Test Acc: 0.6800000
Epoch: 018, Train Loss: 0.5516911, Train Acc: 0.7077778, Test Acc: 0.7200000
Epoch: 019, Train Loss: 0.5832346, Train Acc: 0.6588889, Test Acc: 0.6300000
Epoch: 020, Train Loss: 0.5911426, Train Acc: 0.6900000, Test Acc: 0.7500000
Epoch: 021, Train Loss: 0.5369747, Train Acc: 0.7133333, Test Acc: 0.7500000
Epoch: 022, Train Loss: 0.5870362, Train Acc: 0.6477778, Test Acc: 0.6900000
Epoch: 023, Train Loss: 0.5772034, Train Acc: 0.6655556, Test Acc: 0.7300000
Epoch: 024, Train Loss: 0.5528307, Train Acc: 0.6911111, Test Acc: 0.7100000
Epoch: 025, Train Loss: 0.6004027, Train Acc: 0.6355556, Test Acc: 0.6700000
Epoch: 026, Train Loss: 0.5346076, Train Acc: 0.7200000, Test Acc: 0.7100000
Epoch: 027, Train Loss: 0.5899340, Train Acc: 0.6433333, Test Acc: 0.6900000
Epoch: 028, Train Loss: 0.5378996, Train Acc: 0.7222222, Test Acc: 0.7200000
Epoch: 029, Train Loss: 0.5468076, Train Acc: 0.7055556, Test Acc: 0.7600000
Epoch: 030, Train Loss: 0.5624199, Train Acc: 0.6888889, Test Acc: 0.7200000
Epoch: 031, Train Loss: 0.5781641, Train Acc: 0.6744444, Test Acc: 0.7400000
Epoch: 032, Train Loss: 0.5410497, Train Acc: 0.7022222, Test Acc: 0.7200000
Epoch: 033, Train Loss: 0.5491833, Train Acc: 0.7033333, Test Acc: 0.7300000
Epoch: 034, Train Loss: 0.5404844, Train Acc: 0.7111111, Test Acc: 0.7300000
Epoch: 035, Train Loss: 0.5339256, Train Acc: 0.7122222, Test Acc: 0.7200000
Epoch: 036, Train Loss: 0.5384402, Train Acc: 0.7144444, Test Acc: 0.7300000
Epoch: 037, Train Loss: 0.5277305, Train Acc: 0.7188889, Test Acc: 0.7200000
Epoch: 038, Train Loss: 0.5388728, Train Acc: 0.7111111, Test Acc: 0.7300000
Epoch: 039, Train Loss: 0.5742382, Train Acc: 0.6655556, Test Acc: 0.7400000
Epoch: 040, Train Loss: 0.5308204, Train Acc: 0.7155556, Test Acc: 0.7100000
Epoch: 041, Train Loss: 0.5450222, Train Acc: 0.7044444, Test Acc: 0.7500000
Epoch: 042, Train Loss: 0.5308653, Train Acc: 0.7166667, Test Acc: 0.7100000
Epoch: 043, Train Loss: 0.5492152, Train Acc: 0.6966667, Test Acc: 0.7300000
Epoch: 044, Train Loss: 0.5498663, Train Acc: 0.7088889, Test Acc: 0.7200000
Epoch: 045, Train Loss: 0.5804714, Train Acc: 0.6988889, Test Acc: 0.7100000
Epoch: 046, Train Loss: 0.5661184, Train Acc: 0.7055556, Test Acc: 0.7100000
Epoch: 047, Train Loss: 0.5567940, Train Acc: 0.7055556, Test Acc: 0.7100000
Epoch: 048, Train Loss: 0.5519060, Train Acc: 0.7044444, Test Acc: 0.7400000
Epoch: 049, Train Loss: 0.5516601, Train Acc: 0.6988889, Test Acc: 0.7100000
Epoch: 050, Train Loss: 0.5308270, Train Acc: 0.7233333, Test Acc: 0.7300000
Epoch: 051, Train Loss: 0.5324596, Train Acc: 0.7200000, Test Acc: 0.7200000
Epoch: 052, Train Loss: 0.5458032, Train Acc: 0.7077778, Test Acc: 0.7200000
Epoch: 053, Train Loss: 0.5328559, Train Acc: 0.7155556, Test Acc: 0.7300000
Epoch: 054, Train Loss: 0.5377966, Train Acc: 0.7155556, Test Acc: 0.7200000
Epoch: 055, Train Loss: 0.5482389, Train Acc: 0.6988889, Test Acc: 0.7100000
Epoch: 056, Train Loss: 0.5623353, Train Acc: 0.6833333, Test Acc: 0.7000000
Epoch: 057, Train Loss: 0.5303026, Train Acc: 0.7222222, Test Acc: 0.7200000
Epoch: 058, Train Loss: 0.5487536, Train Acc: 0.7033333, Test Acc: 0.7100000
Epoch: 059, Train Loss: 0.5381864, Train Acc: 0.7155556, Test Acc: 0.7300000
Epoch: 060, Train Loss: 0.5346198, Train Acc: 0.7222222, Test Acc: 0.7100000
Epoch: 061, Train Loss: 0.5378888, Train Acc: 0.7100000, Test Acc: 0.7200000
Epoch: 062, Train Loss: 0.5224448, Train Acc: 0.7255556, Test Acc: 0.7200000
Epoch: 063, Train Loss: 0.5329291, Train Acc: 0.7188889, Test Acc: 0.7200000
Epoch: 064, Train Loss: 0.5230761, Train Acc: 0.7188889, Test Acc: 0.7400000
Epoch: 065, Train Loss: 0.5359813, Train Acc: 0.7033333, Test Acc: 0.7100000
Epoch: 066, Train Loss: 0.5310013, Train Acc: 0.7166667, Test Acc: 0.7200000
Epoch: 067, Train Loss: 0.5290595, Train Acc: 0.7211111, Test Acc: 0.7400000
Epoch: 068, Train Loss: 0.5253995, Train Acc: 0.7122222, Test Acc: 0.7500000
Epoch: 069, Train Loss: 0.5323108, Train Acc: 0.7177778, Test Acc: 0.7300000
Epoch: 070, Train Loss: 0.5237797, Train Acc: 0.7211111, Test Acc: 0.7400000
Epoch: 071, Train Loss: 0.5295797, Train Acc: 0.7211111, Test Acc: 0.7300000
Epoch: 072, Train Loss: 0.5225472, Train Acc: 0.7200000, Test Acc: 0.7400000
Epoch: 073, Train Loss: 0.5322468, Train Acc: 0.7188889, Test Acc: 0.7300000
Epoch: 074, Train Loss: 0.5271625, Train Acc: 0.7077778, Test Acc: 0.7100000
Epoch: 075, Train Loss: 0.5256711, Train Acc: 0.7222222, Test Acc: 0.7300000
Epoch: 076, Train Loss: 0.5276134, Train Acc: 0.7222222, Test Acc: 0.7300000
Epoch: 077, Train Loss: 0.5234719, Train Acc: 0.7211111, Test Acc: 0.7400000
Epoch: 078, Train Loss: 0.5208428, Train Acc: 0.7233333, Test Acc: 0.7200000
Epoch: 079, Train Loss: 0.5253854, Train Acc: 0.7277778, Test Acc: 0.7300000
Epoch: 080, Train Loss: 0.5164505, Train Acc: 0.7188889, Test Acc: 0.7200000
Epoch: 081, Train Loss: 0.5129771, Train Acc: 0.7322222, Test Acc: 0.7300000
Epoch: 082, Train Loss: 0.5300657, Train Acc: 0.7188889, Test Acc: 0.7300000
Epoch: 083, Train Loss: 0.5233685, Train Acc: 0.7177778, Test Acc: 0.7300000
Epoch: 084, Train Loss: 0.5209920, Train Acc: 0.7244444, Test Acc: 0.7200000
Epoch: 085, Train Loss: 0.5186992, Train Acc: 0.7288889, Test Acc: 0.7300000
Epoch: 086, Train Loss: 0.5290452, Train Acc: 0.7111111, Test Acc: 0.7300000
Epoch: 087, Train Loss: 0.5210717, Train Acc: 0.7322222, Test Acc: 0.7100000
Epoch: 088, Train Loss: 0.5146834, Train Acc: 0.7255556, Test Acc: 0.7300000
Epoch: 089, Train Loss: 0.5452875, Train Acc: 0.7188889, Test Acc: 0.7200000
Epoch: 090, Train Loss: 0.5239385, Train Acc: 0.7155556, Test Acc: 0.7400000
Epoch: 091, Train Loss: 0.5337926, Train Acc: 0.7188889, Test Acc: 0.7500000
Epoch: 092, Train Loss: 0.5217262, Train Acc: 0.7200000, Test Acc: 0.7500000
Epoch: 093, Train Loss: 0.5290689, Train Acc: 0.7222222, Test Acc: 0.7500000
Epoch: 094, Train Loss: 0.5178313, Train Acc: 0.7211111, Test Acc: 0.7300000
Epoch: 095, Train Loss: 0.5181594, Train Acc: 0.7211111, Test Acc: 0.7400000
Epoch: 096, Train Loss: 0.5178028, Train Acc: 0.7166667, Test Acc: 0.7500000
Epoch: 097, Train Loss: 0.5258646, Train Acc: 0.7200000, Test Acc: 0.7400000
Epoch: 098, Train Loss: 0.5181000, Train Acc: 0.7222222, Test Acc: 0.7400000
Epoch: 099, Train Loss: 0.5103178, Train Acc: 0.7322222, Test Acc: 0.7500000
Epoch: 100, Train Loss: 0.5180074, Train Acc: 0.7222222, Test Acc: 0.7500000
Epoch: 101, Train Loss: 0.5125040, Train Acc: 0.7255556, Test Acc: 0.7500000
Epoch: 102, Train Loss: 0.5237363, Train Acc: 0.7133333, Test Acc: 0.7400000
Epoch: 103, Train Loss: 0.5115959, Train Acc: 0.7266667, Test Acc: 0.7500000
Epoch: 104, Train Loss: 0.5077841, Train Acc: 0.7200000, Test Acc: 0.7300000
Epoch: 105, Train Loss: 0.5193398, Train Acc: 0.7200000, Test Acc: 0.7300000
Epoch: 106, Train Loss: 0.5095605, Train Acc: 0.7266667, Test Acc: 0.7300000
Epoch: 107, Train Loss: 0.5240417, Train Acc: 0.7133333, Test Acc: 0.7400000
Epoch: 108, Train Loss: 0.5116167, Train Acc: 0.7222222, Test Acc: 0.7400000
Epoch: 109, Train Loss: 0.5098927, Train Acc: 0.7288889, Test Acc: 0.7100000
Epoch: 110, Train Loss: 0.5223340, Train Acc: 0.7200000, Test Acc: 0.7300000
Epoch: 111, Train Loss: 0.5098730, Train Acc: 0.7288889, Test Acc: 0.7200000
Epoch: 112, Train Loss: 0.5067971, Train Acc: 0.7266667, Test Acc: 0.7200000
Epoch: 113, Train Loss: 0.5215431, Train Acc: 0.7177778, Test Acc: 0.7300000
Epoch: 114, Train Loss: 0.5555450, Train Acc: 0.7122222, Test Acc: 0.7300000
Epoch: 115, Train Loss: 0.5188901, Train Acc: 0.7266667, Test Acc: 0.7300000
Epoch: 116, Train Loss: 0.5255287, Train Acc: 0.7200000, Test Acc: 0.7400000
Epoch: 117, Train Loss: 0.5147195, Train Acc: 0.7266667, Test Acc: 0.7400000
Epoch: 118, Train Loss: 0.5102651, Train Acc: 0.7288889, Test Acc: 0.7400000
Epoch: 119, Train Loss: 0.5211974, Train Acc: 0.7233333, Test Acc: 0.7400000
Epoch: 120, Train Loss: 0.5317714, Train Acc: 0.7177778, Test Acc: 0.7300000
Epoch: 121, Train Loss: 0.5273936, Train Acc: 0.7211111, Test Acc: 0.7400000
Epoch: 122, Train Loss: 0.5077219, Train Acc: 0.7266667, Test Acc: 0.7400000
Epoch: 123, Train Loss: 0.5257706, Train Acc: 0.7211111, Test Acc: 0.7400000
Epoch: 124, Train Loss: 0.5047968, Train Acc: 0.7288889, Test Acc: 0.7300000
Epoch: 125, Train Loss: 0.5055215, Train Acc: 0.7266667, Test Acc: 0.7300000
Epoch: 126, Train Loss: 0.5206916, Train Acc: 0.7155556, Test Acc: 0.7300000
Epoch: 127, Train Loss: 0.5028376, Train Acc: 0.7244444, Test Acc: 0.7600000
Epoch: 128, Train Loss: 0.5079481, Train Acc: 0.7311111, Test Acc: 0.7300000
Epoch: 129, Train Loss: 0.5059850, Train Acc: 0.7300000, Test Acc: 0.7400000
Epoch: 130, Train Loss: 0.5041272, Train Acc: 0.7255556, Test Acc: 0.7400000
Epoch: 131, Train Loss: 0.5090541, Train Acc: 0.7355556, Test Acc: 0.7400000
Epoch: 132, Train Loss: 0.5138633, Train Acc: 0.7311111, Test Acc: 0.7300000
Epoch: 133, Train Loss: 0.5128725, Train Acc: 0.7188889, Test Acc: 0.7300000
Epoch: 134, Train Loss: 0.5051812, Train Acc: 0.7311111, Test Acc: 0.7300000
Epoch: 135, Train Loss: 0.5106266, Train Acc: 0.7300000, Test Acc: 0.7100000
Epoch: 136, Train Loss: 0.5032438, Train Acc: 0.7255556, Test Acc: 0.7400000
Epoch: 137, Train Loss: 0.5049396, Train Acc: 0.7222222, Test Acc: 0.7500000
Epoch: 138, Train Loss: 0.5137868, Train Acc: 0.7266667, Test Acc: 0.7300000
Epoch: 139, Train Loss: 0.5144828, Train Acc: 0.7233333, Test Acc: 0.7300000
Epoch: 140, Train Loss: 0.4987789, Train Acc: 0.7311111, Test Acc: 0.7400000
Epoch: 141, Train Loss: 0.5106723, Train Acc: 0.7155556, Test Acc: 0.7300000
Epoch: 142, Train Loss: 0.5022099, Train Acc: 0.7300000, Test Acc: 0.7200000
Epoch: 143, Train Loss: 0.5048522, Train Acc: 0.7311111, Test Acc: 0.7300000
Epoch: 144, Train Loss: 0.5154229, Train Acc: 0.7255556, Test Acc: 0.7400000
Epoch: 145, Train Loss: 0.5036993, Train Acc: 0.7277778, Test Acc: 0.7300000
Epoch: 146, Train Loss: 0.5109608, Train Acc: 0.7300000, Test Acc: 0.7300000
Epoch: 147, Train Loss: 0.5003313, Train Acc: 0.7266667, Test Acc: 0.7600000
Epoch: 148, Train Loss: 0.5213990, Train Acc: 0.7277778, Test Acc: 0.7300000
Epoch: 149, Train Loss: 0.5102193, Train Acc: 0.7411111, Test Acc: 0.7300000
Epoch: 150, Train Loss: 0.5067550, Train Acc: 0.7277778, Test Acc: 0.7300000
Epoch: 151, Train Loss: 0.5250462, Train Acc: 0.7144444, Test Acc: 0.7400000
Epoch: 152, Train Loss: 0.5109622, Train Acc: 0.7322222, Test Acc: 0.7200000
Epoch: 153, Train Loss: 0.5082239, Train Acc: 0.7255556, Test Acc: 0.7400000
Epoch: 154, Train Loss: 0.5404834, Train Acc: 0.7177778, Test Acc: 0.7300000
Epoch: 155, Train Loss: 0.4998082, Train Acc: 0.7288889, Test Acc: 0.7200000
Epoch: 156, Train Loss: 0.5198716, Train Acc: 0.7211111, Test Acc: 0.7400000
Epoch: 157, Train Loss: 0.4990003, Train Acc: 0.7311111, Test Acc: 0.7300000
Epoch: 158, Train Loss: 0.5059849, Train Acc: 0.7311111, Test Acc: 0.7300000
Epoch: 159, Train Loss: 0.5134597, Train Acc: 0.7244444, Test Acc: 0.7300000
Epoch: 160, Train Loss: 0.4942785, Train Acc: 0.7322222, Test Acc: 0.7300000
Epoch: 161, Train Loss: 0.5040126, Train Acc: 0.7311111, Test Acc: 0.7300000
Epoch: 162, Train Loss: 0.4999951, Train Acc: 0.7388889, Test Acc: 0.7300000
Epoch: 163, Train Loss: 0.4994910, Train Acc: 0.7288889, Test Acc: 0.7200000
Epoch: 164, Train Loss: 0.5077065, Train Acc: 0.7266667, Test Acc: 0.7200000
Epoch: 165, Train Loss: 0.5142975, Train Acc: 0.7244444, Test Acc: 0.7200000
Epoch: 166, Train Loss: 0.5033222, Train Acc: 0.7344444, Test Acc: 0.7300000
Epoch: 167, Train Loss: 0.4934938, Train Acc: 0.7300000, Test Acc: 0.7400000
Epoch: 168, Train Loss: 0.5017077, Train Acc: 0.7300000, Test Acc: 0.7300000
Epoch: 169, Train Loss: 0.5053716, Train Acc: 0.7333333, Test Acc: 0.7300000
Epoch: 170, Train Loss: 0.5253194, Train Acc: 0.7211111, Test Acc: 0.7300000
Epoch: 171, Train Loss: 0.4976758, Train Acc: 0.7366667, Test Acc: 0.7500000
Epoch: 172, Train Loss: 0.4959641, Train Acc: 0.7311111, Test Acc: 0.7500000
Epoch: 173, Train Loss: 0.4958638, Train Acc: 0.7333333, Test Acc: 0.7400000
Epoch: 174, Train Loss: 0.4985764, Train Acc: 0.7411111, Test Acc: 0.7300000
Epoch: 175, Train Loss: 0.4988592, Train Acc: 0.7400000, Test Acc: 0.7300000
Epoch: 176, Train Loss: 0.5088544, Train Acc: 0.7300000, Test Acc: 0.7300000
Epoch: 177, Train Loss: 0.5011495, Train Acc: 0.7255556, Test Acc: 0.7500000
Epoch: 178, Train Loss: 0.4906614, Train Acc: 0.7322222, Test Acc: 0.7400000
Epoch: 179, Train Loss: 0.5124113, Train Acc: 0.7222222, Test Acc: 0.7300000
Epoch: 180, Train Loss: 0.5102624, Train Acc: 0.7322222, Test Acc: 0.7300000
Epoch: 181, Train Loss: 0.4971375, Train Acc: 0.7411111, Test Acc: 0.7400000
Epoch: 182, Train Loss: 0.5019640, Train Acc: 0.7311111, Test Acc: 0.7300000
Epoch: 183, Train Loss: 0.5045466, Train Acc: 0.7277778, Test Acc: 0.7400000
Epoch: 184, Train Loss: 0.5040477, Train Acc: 0.7233333, Test Acc: 0.7300000
Epoch: 185, Train Loss: 0.4960203, Train Acc: 0.7300000, Test Acc: 0.7300000
Epoch: 186, Train Loss: 0.5102061, Train Acc: 0.7233333, Test Acc: 0.7300000
Epoch: 187, Train Loss: 0.5175570, Train Acc: 0.7244444, Test Acc: 0.7400000
Epoch: 188, Train Loss: 0.5292777, Train Acc: 0.7244444, Test Acc: 0.7300000
Epoch: 189, Train Loss: 0.4910541, Train Acc: 0.7311111, Test Acc: 0.7400000
Epoch: 190, Train Loss: 0.5117066, Train Acc: 0.7333333, Test Acc: 0.7300000
Epoch: 191, Train Loss: 0.5131742, Train Acc: 0.7311111, Test Acc: 0.7300000
Epoch: 192, Train Loss: 0.5178529, Train Acc: 0.7222222, Test Acc: 0.7400000
Epoch: 193, Train Loss: 0.5060395, Train Acc: 0.7233333, Test Acc: 0.7100000
Epoch: 194, Train Loss: 0.5097796, Train Acc: 0.7333333, Test Acc: 0.7200000
Epoch: 195, Train Loss: 0.4921129, Train Acc: 0.7377778, Test Acc: 0.7300000
Epoch: 196, Train Loss: 0.4947213, Train Acc: 0.7255556, Test Acc: 0.7400000
Epoch: 197, Train Loss: 0.5102188, Train Acc: 0.7277778, Test Acc: 0.7100000
Epoch: 198, Train Loss: 0.5392248, Train Acc: 0.7311111, Test Acc: 0.7300000
Epoch: 199, Train Loss: 0.4994459, Train Acc: 0.7244444, Test Acc: 0.7300000
Epoch: 200, Train Loss: 0.5045158, Train Acc: 0.7222222, Test Acc: 0.7400000
Epoch: 201, Train Loss: 0.5036609, Train Acc: 0.7322222, Test Acc: 0.7400000
Epoch: 202, Train Loss: 0.4948747, Train Acc: 0.7288889, Test Acc: 0.7300000
Epoch: 203, Train Loss: 0.5069565, Train Acc: 0.7244444, Test Acc: 0.7400000
Epoch: 204, Train Loss: 0.5008209, Train Acc: 0.7311111, Test Acc: 0.7300000
Epoch: 205, Train Loss: 0.4876723, Train Acc: 0.7377778, Test Acc: 0.7300000
Epoch: 206, Train Loss: 0.4947500, Train Acc: 0.7300000, Test Acc: 0.7300000
Epoch: 207, Train Loss: 0.5123710, Train Acc: 0.7266667, Test Acc: 0.7300000
Epoch: 208, Train Loss: 0.5070473, Train Acc: 0.7300000, Test Acc: 0.7400000
Epoch: 209, Train Loss: 0.5019173, Train Acc: 0.7244444, Test Acc: 0.7400000
Epoch: 210, Train Loss: 0.4968309, Train Acc: 0.7333333, Test Acc: 0.7300000
Epoch: 211, Train Loss: 0.4948503, Train Acc: 0.7277778, Test Acc: 0.7300000
Epoch: 212, Train Loss: 0.4997660, Train Acc: 0.7388889, Test Acc: 0.7300000
Epoch: 213, Train Loss: 0.4893129, Train Acc: 0.7433333, Test Acc: 0.7400000
Epoch: 214, Train Loss: 0.4875725, Train Acc: 0.7422222, Test Acc: 0.7400000
Epoch: 215, Train Loss: 0.4919906, Train Acc: 0.7466667, Test Acc: 0.7300000
Epoch: 216, Train Loss: 0.5135246, Train Acc: 0.7255556, Test Acc: 0.7400000
Epoch: 217, Train Loss: 0.5151336, Train Acc: 0.7277778, Test Acc: 0.7300000
Epoch: 218, Train Loss: 0.5068309, Train Acc: 0.7333333, Test Acc: 0.7200000
Epoch: 219, Train Loss: 0.5009402, Train Acc: 0.7344444, Test Acc: 0.7200000
Epoch: 220, Train Loss: 0.5045795, Train Acc: 0.7344444, Test Acc: 0.7300000
Epoch: 221, Train Loss: 0.4905567, Train Acc: 0.7411111, Test Acc: 0.7300000
Epoch: 222, Train Loss: 0.4945569, Train Acc: 0.7377778, Test Acc: 0.7400000
Epoch: 223, Train Loss: 0.4955296, Train Acc: 0.7388889, Test Acc: 0.7400000
Epoch: 224, Train Loss: 0.4983008, Train Acc: 0.7388889, Test Acc: 0.7300000
Epoch: 225, Train Loss: 0.4945615, Train Acc: 0.7400000, Test Acc: 0.7300000
