{'dataset_name': 'IMDB-BINARY', 'basis': 'GSO', 'epsilon': [-0.2, -0.25, -0.3, -0.35, -0.4], 'power': [[1, 3], [1, 3], [1, 5], [1, 5], [1, 5]], 'seeds': [0], 'num_folds': 10, 'num_workers': 8, 'hyperparams': {'batch_size': 16, 'epochs': 301, 'learning_rate': 0.001, 'step_size': 40, 'decay_rate': 0.6}, 'architecture': {'nonlinear': 'GELU', 'layers': 4, 'hidden': 256, 'pooling': 'X', 'dropout': 0, 'batch_norm': 'Y'}, 'commit_id': 'bdd7e424313ef497bbce956f20477ed16a17f1c8', 'time_stamp': '1673262205', 'directory': '../../../../results_spectral_rotation/Try_A100/tu/IMDB-BINARY/board/'}
{'dataset_name': 'IMDB-BINARY', 'basis': 'GSO', 'epsilon': [-0.2, -0.25, -0.3, -0.35, -0.4], 'power': [[1, 3], [1, 3], [1, 5], [1, 5], [1, 5]], 'seeds': [0], 'num_folds': 10, 'num_workers': 8, 'hyperparams': {'batch_size': 16, 'epochs': 301, 'learning_rate': 0.001, 'step_size': 40, 'decay_rate': 0.6}, 'architecture': {'nonlinear': 'GELU', 'layers': 4, 'hidden': 256, 'pooling': 'X', 'dropout': 0, 'batch_norm': 'Y'}, 'commit_id': 'bdd7e424313ef497bbce956f20477ed16a17f1c8', 'time_stamp': 1673262208, 'directory': '../../../../results_spectral_rotation/Try_A100/tu/IMDB-BINARY/board/', 'seed': 0}
Pre-process:   0%|          | 0/1000 [00:00<?, ?it/s]Pre-process:   8%|▊         | 82/1000 [00:00<00:01, 808.34it/s]Pre-process:  17%|█▋        | 166/1000 [00:00<00:01, 825.82it/s]Pre-process:  25%|██▌       | 250/1000 [00:00<00:00, 831.01it/s]Pre-process:  33%|███▎      | 334/1000 [00:00<00:00, 832.07it/s]Pre-process:  42%|████▏     | 418/1000 [00:00<00:00, 831.33it/s]Pre-process:  50%|█████     | 502/1000 [00:00<00:00, 817.30it/s]Pre-process:  59%|█████▊    | 586/1000 [00:00<00:00, 824.46it/s]Pre-process:  67%|██████▋   | 671/1000 [00:00<00:00, 831.45it/s]Pre-process:  76%|███████▌  | 756/1000 [00:00<00:00, 835.15it/s]Pre-process:  84%|████████▍ | 842/1000 [00:01<00:00, 840.76it/s]Pre-process:  93%|█████████▎| 928/1000 [00:01<00:00, 844.29it/s]Pre-process: 100%|██████████| 1000/1000 [00:01<00:00, 830.21it/s]
Basis total: 22
train_set : test_set = %d : %d 900 100
-------- FOLD0 DATASET=IMDB-BINARY, COMMIT_ID=bdd7e424313ef497bbce956f20477ed16a17f1c8
With batch_norm.
#Params: 935426
Epoch: 001, Train Loss: 90.0830451, Train Acc: 0.5477778, Test Acc: 0.5600000
Epoch: 002, Train Loss: 4.8698583, Train Acc: 0.4811111, Test Acc: 0.5000000
Epoch: 003, Train Loss: 16.0852494, Train Acc: 0.4033333, Test Acc: 0.4100000
Epoch: 004, Train Loss: 4.8690412, Train Acc: 0.5411111, Test Acc: 0.5600000
Epoch: 005, Train Loss: 2.0227585, Train Acc: 0.5744444, Test Acc: 0.5400000
Epoch: 006, Train Loss: 1.7395931, Train Acc: 0.5600000, Test Acc: 0.6300000
Epoch: 007, Train Loss: 1.5953413, Train Acc: 0.6200000, Test Acc: 0.6500000
Epoch: 008, Train Loss: 3.1111499, Train Acc: 0.6833333, Test Acc: 0.7100000
Epoch: 009, Train Loss: 0.6236225, Train Acc: 0.6655556, Test Acc: 0.6500000
Epoch: 010, Train Loss: 0.8223545, Train Acc: 0.6588889, Test Acc: 0.6800000
Epoch: 011, Train Loss: 0.6423360, Train Acc: 0.6988889, Test Acc: 0.6900000
Epoch: 012, Train Loss: 0.6660949, Train Acc: 0.6611111, Test Acc: 0.7200000
Epoch: 013, Train Loss: 0.6046069, Train Acc: 0.7066667, Test Acc: 0.7000000
Epoch: 014, Train Loss: 0.5927161, Train Acc: 0.6477778, Test Acc: 0.6400000
Epoch: 015, Train Loss: 0.6065654, Train Acc: 0.7088889, Test Acc: 0.7100000
Epoch: 016, Train Loss: 0.5975525, Train Acc: 0.6855556, Test Acc: 0.7000000
Epoch: 017, Train Loss: 0.6294608, Train Acc: 0.6866667, Test Acc: 0.7000000
Epoch: 018, Train Loss: 0.6645801, Train Acc: 0.6744444, Test Acc: 0.6600000
Epoch: 019, Train Loss: 3.1318876, Train Acc: 0.6700000, Test Acc: 0.6500000
Epoch: 020, Train Loss: 0.6784601, Train Acc: 0.7033333, Test Acc: 0.7200000
Epoch: 021, Train Loss: 1.6451592, Train Acc: 0.6711111, Test Acc: 0.6700000
Epoch: 022, Train Loss: 1.2324761, Train Acc: 0.5711111, Test Acc: 0.5900000
Epoch: 023, Train Loss: 0.5609666, Train Acc: 0.7244444, Test Acc: 0.7100000
Epoch: 024, Train Loss: 0.5947406, Train Acc: 0.6944444, Test Acc: 0.7100000
Epoch: 025, Train Loss: 0.5904898, Train Acc: 0.6933333, Test Acc: 0.7200000
Epoch: 026, Train Loss: 0.5630793, Train Acc: 0.7166667, Test Acc: 0.7200000
Epoch: 027, Train Loss: 0.7770575, Train Acc: 0.6955556, Test Acc: 0.7100000
Epoch: 028, Train Loss: 9.3799850, Train Acc: 0.6588889, Test Acc: 0.6800000
Epoch: 029, Train Loss: 0.6351021, Train Acc: 0.6911111, Test Acc: 0.6600000
Epoch: 030, Train Loss: 0.5810275, Train Acc: 0.7122222, Test Acc: 0.7100000
Epoch: 031, Train Loss: 0.6226223, Train Acc: 0.6288889, Test Acc: 0.6500000
Epoch: 032, Train Loss: 0.5739496, Train Acc: 0.6566667, Test Acc: 0.6600000
Epoch: 033, Train Loss: 0.9239170, Train Acc: 0.6266667, Test Acc: 0.6200000
Epoch: 034, Train Loss: 0.6811805, Train Acc: 0.6422222, Test Acc: 0.6600000
Epoch: 035, Train Loss: 2.8996663, Train Acc: 0.6866667, Test Acc: 0.7000000
Epoch: 036, Train Loss: 1.6273458, Train Acc: 0.6777778, Test Acc: 0.7000000
Epoch: 037, Train Loss: 0.6444137, Train Acc: 0.6988889, Test Acc: 0.7300000
Epoch: 038, Train Loss: 0.5802355, Train Acc: 0.6777778, Test Acc: 0.7200000
Epoch: 039, Train Loss: 0.5695789, Train Acc: 0.6733333, Test Acc: 0.6900000
Epoch: 040, Train Loss: 0.5722541, Train Acc: 0.7155556, Test Acc: 0.7200000
Epoch: 041, Train Loss: 0.6096740, Train Acc: 0.6966667, Test Acc: 0.6900000
Epoch: 042, Train Loss: 0.5796320, Train Acc: 0.7100000, Test Acc: 0.6800000
Epoch: 043, Train Loss: 0.7321544, Train Acc: 0.7011111, Test Acc: 0.7200000
Epoch: 044, Train Loss: 0.8595414, Train Acc: 0.6144444, Test Acc: 0.6400000
Epoch: 045, Train Loss: 0.5772247, Train Acc: 0.6966667, Test Acc: 0.7100000
Epoch: 046, Train Loss: 0.5413661, Train Acc: 0.7166667, Test Acc: 0.7400000
Epoch: 047, Train Loss: 0.5821457, Train Acc: 0.6977778, Test Acc: 0.6800000
Epoch: 048, Train Loss: 0.6524115, Train Acc: 0.6977778, Test Acc: 0.7700000
Epoch: 049, Train Loss: 0.5916884, Train Acc: 0.6877778, Test Acc: 0.7700000
Epoch: 050, Train Loss: 0.5706336, Train Acc: 0.6755556, Test Acc: 0.7200000
Epoch: 051, Train Loss: 0.5831996, Train Acc: 0.6866667, Test Acc: 0.6600000
Epoch: 052, Train Loss: 0.5939367, Train Acc: 0.7211111, Test Acc: 0.6900000
Epoch: 053, Train Loss: 0.6017268, Train Acc: 0.7077778, Test Acc: 0.7300000
Epoch: 054, Train Loss: 0.6144158, Train Acc: 0.7233333, Test Acc: 0.7300000
Epoch: 055, Train Loss: 0.6157026, Train Acc: 0.7122222, Test Acc: 0.7200000
Epoch: 056, Train Loss: 0.6314329, Train Acc: 0.6744444, Test Acc: 0.7500000
Epoch: 057, Train Loss: 0.6246376, Train Acc: 0.7077778, Test Acc: 0.7100000
Epoch: 058, Train Loss: 0.6168823, Train Acc: 0.6833333, Test Acc: 0.6900000
Epoch: 059, Train Loss: 0.6268730, Train Acc: 0.7244444, Test Acc: 0.7300000
Epoch: 060, Train Loss: 0.6474012, Train Acc: 0.7144444, Test Acc: 0.7300000
Epoch: 061, Train Loss: 0.5416225, Train Acc: 0.7222222, Test Acc: 0.7200000
Epoch: 062, Train Loss: 0.5557250, Train Acc: 0.7066667, Test Acc: 0.7500000
Epoch: 063, Train Loss: 0.5539245, Train Acc: 0.7100000, Test Acc: 0.7300000
Epoch: 064, Train Loss: 0.5756894, Train Acc: 0.7233333, Test Acc: 0.7300000
Epoch: 065, Train Loss: 0.5818193, Train Acc: 0.6944444, Test Acc: 0.6900000
Epoch: 066, Train Loss: 0.5679040, Train Acc: 0.7066667, Test Acc: 0.7200000
Epoch: 067, Train Loss: 0.5508929, Train Acc: 0.7066667, Test Acc: 0.7200000
Epoch: 068, Train Loss: 0.5608758, Train Acc: 0.7000000, Test Acc: 0.6800000
Epoch: 069, Train Loss: 0.5341867, Train Acc: 0.7244444, Test Acc: 0.7000000
Epoch: 070, Train Loss: 0.7050718, Train Acc: 0.6888889, Test Acc: 0.7000000
Epoch: 071, Train Loss: 0.6442232, Train Acc: 0.6755556, Test Acc: 0.6600000
Epoch: 072, Train Loss: 12.4089751, Train Acc: 0.6444444, Test Acc: 0.6400000
Epoch: 073, Train Loss: 3.3453289, Train Acc: 0.5066667, Test Acc: 0.4700000
Epoch: 074, Train Loss: 0.6995001, Train Acc: 0.6622222, Test Acc: 0.6800000
Epoch: 075, Train Loss: 0.6103850, Train Acc: 0.6466667, Test Acc: 0.6700000
Epoch: 076, Train Loss: 0.5819079, Train Acc: 0.6466667, Test Acc: 0.6400000
Epoch: 077, Train Loss: 0.5859831, Train Acc: 0.7011111, Test Acc: 0.7300000
Epoch: 078, Train Loss: 0.6600004, Train Acc: 0.6777778, Test Acc: 0.6900000
Epoch: 079, Train Loss: 0.7587624, Train Acc: 0.6633333, Test Acc: 0.6500000
Epoch: 080, Train Loss: 0.5646304, Train Acc: 0.7177778, Test Acc: 0.7400000
Epoch: 081, Train Loss: 0.5503667, Train Acc: 0.7222222, Test Acc: 0.7600000
Epoch: 082, Train Loss: 0.5668573, Train Acc: 0.6833333, Test Acc: 0.7200000
Epoch: 083, Train Loss: 0.5573227, Train Acc: 0.7000000, Test Acc: 0.7400000
Epoch: 084, Train Loss: 0.5637443, Train Acc: 0.6977778, Test Acc: 0.7300000
Epoch: 085, Train Loss: 0.5764370, Train Acc: 0.6844444, Test Acc: 0.7500000
Epoch: 086, Train Loss: 0.5503793, Train Acc: 0.7133333, Test Acc: 0.7200000
Epoch: 087, Train Loss: 0.5366435, Train Acc: 0.7155556, Test Acc: 0.7300000
Epoch: 088, Train Loss: 0.5402314, Train Acc: 0.7188889, Test Acc: 0.7300000
Epoch: 089, Train Loss: 0.5529705, Train Acc: 0.7000000, Test Acc: 0.7100000
Epoch: 090, Train Loss: 0.5365223, Train Acc: 0.7155556, Test Acc: 0.7500000
Epoch: 091, Train Loss: 0.5569878, Train Acc: 0.7000000, Test Acc: 0.7300000
Epoch: 092, Train Loss: 0.5445591, Train Acc: 0.7100000, Test Acc: 0.7200000
Epoch: 093, Train Loss: 0.5283953, Train Acc: 0.7200000, Test Acc: 0.7200000
Epoch: 094, Train Loss: 0.5653135, Train Acc: 0.7111111, Test Acc: 0.7300000
Epoch: 095, Train Loss: 0.5748322, Train Acc: 0.6822222, Test Acc: 0.7500000
Epoch: 096, Train Loss: 0.5631405, Train Acc: 0.6955556, Test Acc: 0.7300000
Epoch: 097, Train Loss: 0.5447437, Train Acc: 0.7088889, Test Acc: 0.7200000
Epoch: 098, Train Loss: 0.5590072, Train Acc: 0.6855556, Test Acc: 0.7600000
Epoch: 099, Train Loss: 0.5367960, Train Acc: 0.7066667, Test Acc: 0.7200000
Epoch: 100, Train Loss: 0.5837554, Train Acc: 0.7144444, Test Acc: 0.7100000
Epoch: 101, Train Loss: 0.5510842, Train Acc: 0.7077778, Test Acc: 0.7200000
Epoch: 102, Train Loss: 0.5447877, Train Acc: 0.7111111, Test Acc: 0.7100000
Epoch: 103, Train Loss: 0.5466236, Train Acc: 0.7077778, Test Acc: 0.7200000
Epoch: 104, Train Loss: 0.5493869, Train Acc: 0.7433333, Test Acc: 0.7400000
Epoch: 105, Train Loss: 0.5618956, Train Acc: 0.6988889, Test Acc: 0.7500000
Epoch: 106, Train Loss: 0.5438408, Train Acc: 0.7222222, Test Acc: 0.7400000
Epoch: 107, Train Loss: 0.5670448, Train Acc: 0.7133333, Test Acc: 0.7200000
Epoch: 108, Train Loss: 0.5742693, Train Acc: 0.6522222, Test Acc: 0.7300000
Epoch: 109, Train Loss: 0.5243234, Train Acc: 0.7200000, Test Acc: 0.7300000
Epoch: 110, Train Loss: 0.5297208, Train Acc: 0.7166667, Test Acc: 0.7300000
Epoch: 111, Train Loss: 0.5352089, Train Acc: 0.7044444, Test Acc: 0.7100000
Epoch: 112, Train Loss: 0.5607862, Train Acc: 0.7022222, Test Acc: 0.7600000
Epoch: 113, Train Loss: 0.5550737, Train Acc: 0.7011111, Test Acc: 0.7300000
Epoch: 114, Train Loss: 0.5375060, Train Acc: 0.7177778, Test Acc: 0.7300000
Epoch: 115, Train Loss: 0.5387341, Train Acc: 0.7166667, Test Acc: 0.7600000
Epoch: 116, Train Loss: 0.5658682, Train Acc: 0.6755556, Test Acc: 0.7400000
Epoch: 117, Train Loss: 0.5295220, Train Acc: 0.7155556, Test Acc: 0.7100000
Epoch: 118, Train Loss: 0.5743690, Train Acc: 0.6677778, Test Acc: 0.7100000
Epoch: 119, Train Loss: 0.5677861, Train Acc: 0.6744444, Test Acc: 0.7200000
Epoch: 120, Train Loss: 0.5198895, Train Acc: 0.7222222, Test Acc: 0.7200000
Epoch: 121, Train Loss: 0.5554263, Train Acc: 0.6966667, Test Acc: 0.7000000
Epoch: 122, Train Loss: 0.5264775, Train Acc: 0.7155556, Test Acc: 0.7300000
Epoch: 123, Train Loss: 0.5343501, Train Acc: 0.7277778, Test Acc: 0.7300000
Epoch: 124, Train Loss: 0.5274306, Train Acc: 0.7255556, Test Acc: 0.7300000
Epoch: 125, Train Loss: 0.5275019, Train Acc: 0.7088889, Test Acc: 0.6900000
Epoch: 126, Train Loss: 0.5592478, Train Acc: 0.7277778, Test Acc: 0.7300000
Epoch: 127, Train Loss: 0.5478247, Train Acc: 0.7044444, Test Acc: 0.7000000
Epoch: 128, Train Loss: 0.5327287, Train Acc: 0.6988889, Test Acc: 0.7000000
Epoch: 129, Train Loss: 0.5657974, Train Acc: 0.6844444, Test Acc: 0.7500000
Epoch: 130, Train Loss: 0.5369466, Train Acc: 0.7288889, Test Acc: 0.7200000
Epoch: 131, Train Loss: 0.5458950, Train Acc: 0.7011111, Test Acc: 0.7600000
Epoch: 132, Train Loss: 0.5162001, Train Acc: 0.7366667, Test Acc: 0.7300000
Epoch: 133, Train Loss: 0.5324374, Train Acc: 0.7211111, Test Acc: 0.7400000
Epoch: 134, Train Loss: 0.5524575, Train Acc: 0.6822222, Test Acc: 0.7300000
Epoch: 135, Train Loss: 0.5031317, Train Acc: 0.7300000, Test Acc: 0.7300000
Epoch: 136, Train Loss: 0.5546156, Train Acc: 0.6877778, Test Acc: 0.7300000
Epoch: 137, Train Loss: 0.5367929, Train Acc: 0.7055556, Test Acc: 0.7400000
Epoch: 138, Train Loss: 0.5303445, Train Acc: 0.7188889, Test Acc: 0.7600000
Epoch: 139, Train Loss: 0.5378234, Train Acc: 0.6988889, Test Acc: 0.7700000
Epoch: 140, Train Loss: 0.5305071, Train Acc: 0.7233333, Test Acc: 0.7100000
Epoch: 141, Train Loss: 0.5543700, Train Acc: 0.7033333, Test Acc: 0.7500000
Epoch: 142, Train Loss: 0.5184000, Train Acc: 0.7466667, Test Acc: 0.7300000
Epoch: 143, Train Loss: 0.5247410, Train Acc: 0.7211111, Test Acc: 0.7200000
Epoch: 144, Train Loss: 0.5279796, Train Acc: 0.7133333, Test Acc: 0.6900000
Epoch: 145, Train Loss: 0.5376117, Train Acc: 0.7277778, Test Acc: 0.7300000
Epoch: 146, Train Loss: 0.5344304, Train Acc: 0.7200000, Test Acc: 0.7400000
Epoch: 147, Train Loss: 0.5256394, Train Acc: 0.7155556, Test Acc: 0.7400000
Epoch: 148, Train Loss: 0.5682732, Train Acc: 0.6922222, Test Acc: 0.6600000
Epoch: 149, Train Loss: 0.5055590, Train Acc: 0.7233333, Test Acc: 0.7400000
Epoch: 150, Train Loss: 0.5598663, Train Acc: 0.7044444, Test Acc: 0.7200000
Epoch: 151, Train Loss: 0.5295162, Train Acc: 0.7111111, Test Acc: 0.7200000
Epoch: 152, Train Loss: 0.5341293, Train Acc: 0.7077778, Test Acc: 0.7800000
Epoch: 153, Train Loss: 0.5046993, Train Acc: 0.7366667, Test Acc: 0.7300000
Epoch: 154, Train Loss: 0.5290051, Train Acc: 0.7211111, Test Acc: 0.7400000
Epoch: 155, Train Loss: 0.5378044, Train Acc: 0.6966667, Test Acc: 0.7700000
Epoch: 156, Train Loss: 0.5195134, Train Acc: 0.7300000, Test Acc: 0.7100000
Epoch: 157, Train Loss: 0.5393178, Train Acc: 0.6911111, Test Acc: 0.7400000
Epoch: 158, Train Loss: 0.5758635, Train Acc: 0.6733333, Test Acc: 0.6900000
Epoch: 159, Train Loss: 0.6178675, Train Acc: 0.6800000, Test Acc: 0.6600000
Epoch: 160, Train Loss: 0.6199428, Train Acc: 0.6733333, Test Acc: 0.7400000
Epoch: 161, Train Loss: 0.5481516, Train Acc: 0.7044444, Test Acc: 0.7400000
Epoch: 162, Train Loss: 0.5958093, Train Acc: 0.6388889, Test Acc: 0.7000000
Epoch: 163, Train Loss: 0.5632671, Train Acc: 0.6700000, Test Acc: 0.6800000
Epoch: 164, Train Loss: 0.5630097, Train Acc: 0.6811111, Test Acc: 0.7000000
Epoch: 165, Train Loss: 0.5167826, Train Acc: 0.7266667, Test Acc: 0.7400000
Epoch: 166, Train Loss: 0.5394639, Train Acc: 0.7022222, Test Acc: 0.7100000
Epoch: 167, Train Loss: 0.5161663, Train Acc: 0.7455556, Test Acc: 0.7200000
Epoch: 168, Train Loss: 0.5604977, Train Acc: 0.6744444, Test Acc: 0.7100000
Epoch: 169, Train Loss: 0.5369042, Train Acc: 0.7088889, Test Acc: 0.7200000
Epoch: 170, Train Loss: 0.5551244, Train Acc: 0.7300000, Test Acc: 0.7000000
Epoch: 171, Train Loss: 0.5541365, Train Acc: 0.7077778, Test Acc: 0.7500000
Epoch: 172, Train Loss: 0.5712431, Train Acc: 0.6700000, Test Acc: 0.6700000
Epoch: 173, Train Loss: 0.5198379, Train Acc: 0.7133333, Test Acc: 0.7300000
Epoch: 174, Train Loss: 0.5311240, Train Acc: 0.7077778, Test Acc: 0.6700000
Epoch: 175, Train Loss: 0.5089358, Train Acc: 0.7455556, Test Acc: 0.7200000
Epoch: 176, Train Loss: 0.5330268, Train Acc: 0.7255556, Test Acc: 0.7500000
Epoch: 177, Train Loss: 0.5257487, Train Acc: 0.7200000, Test Acc: 0.7000000
Epoch: 178, Train Loss: 0.5346879, Train Acc: 0.7166667, Test Acc: 0.7100000
Epoch: 179, Train Loss: 0.5230739, Train Acc: 0.7211111, Test Acc: 0.7200000
Epoch: 180, Train Loss: 0.5289997, Train Acc: 0.7433333, Test Acc: 0.6900000
Epoch: 181, Train Loss: 0.5665218, Train Acc: 0.6611111, Test Acc: 0.7100000
Epoch: 182, Train Loss: 0.5629601, Train Acc: 0.6933333, Test Acc: 0.7300000
Epoch: 183, Train Loss: 0.5410702, Train Acc: 0.6855556, Test Acc: 0.6900000
Epoch: 184, Train Loss: 0.5320205, Train Acc: 0.7133333, Test Acc: 0.7200000
Epoch: 185, Train Loss: 0.5489078, Train Acc: 0.6866667, Test Acc: 0.7000000
Epoch: 186, Train Loss: 0.5202049, Train Acc: 0.7077778, Test Acc: 0.7500000
Epoch: 187, Train Loss: 0.6385002, Train Acc: 0.7388889, Test Acc: 0.7300000
Epoch: 188, Train Loss: 0.4903290, Train Acc: 0.7488889, Test Acc: 0.7400000
Epoch: 189, Train Loss: 0.6615190, Train Acc: 0.6922222, Test Acc: 0.7000000
Epoch: 190, Train Loss: 0.5414358, Train Acc: 0.7088889, Test Acc: 0.7400000
Epoch: 191, Train Loss: 0.5662317, Train Acc: 0.6800000, Test Acc: 0.6700000
Epoch: 192, Train Loss: 0.5129312, Train Acc: 0.7333333, Test Acc: 0.7300000
Epoch: 193, Train Loss: 0.5328405, Train Acc: 0.7177778, Test Acc: 0.7100000
Epoch: 194, Train Loss: 0.4914045, Train Acc: 0.7344444, Test Acc: 0.7400000
Epoch: 195, Train Loss: 0.5454433, Train Acc: 0.7055556, Test Acc: 0.7000000
Epoch: 196, Train Loss: 0.6644029, Train Acc: 0.6466667, Test Acc: 0.7000000
Epoch: 197, Train Loss: 0.5574128, Train Acc: 0.6977778, Test Acc: 0.7500000
Epoch: 198, Train Loss: 0.5239823, Train Acc: 0.7344444, Test Acc: 0.7000000
Epoch: 199, Train Loss: 0.5115980, Train Acc: 0.7366667, Test Acc: 0.7400000
Epoch: 200, Train Loss: 0.5630433, Train Acc: 0.7100000, Test Acc: 0.6800000
Epoch: 201, Train Loss: 0.5198757, Train Acc: 0.7177778, Test Acc: 0.7200000
Epoch: 202, Train Loss: 0.5036187, Train Acc: 0.7311111, Test Acc: 0.7200000
Epoch: 203, Train Loss: 0.5040153, Train Acc: 0.7033333, Test Acc: 0.7200000
Epoch: 204, Train Loss: 0.5362438, Train Acc: 0.7066667, Test Acc: 0.7400000
Epoch: 205, Train Loss: 0.5009087, Train Acc: 0.7444444, Test Acc: 0.7100000
Epoch: 206, Train Loss: 0.4989324, Train Acc: 0.7344444, Test Acc: 0.7200000
Epoch: 207, Train Loss: 0.4894330, Train Acc: 0.7488889, Test Acc: 0.7300000
Epoch: 208, Train Loss: 0.5093410, Train Acc: 0.7066667, Test Acc: 0.7000000
Epoch: 209, Train Loss: 0.4925499, Train Acc: 0.7344444, Test Acc: 0.7300000
Epoch: 210, Train Loss: 0.5307481, Train Acc: 0.7188889, Test Acc: 0.7200000
Epoch: 211, Train Loss: 0.5012561, Train Acc: 0.7177778, Test Acc: 0.7100000
Epoch: 212, Train Loss: 0.4895252, Train Acc: 0.7600000, Test Acc: 0.7300000
Epoch: 213, Train Loss: 0.5286559, Train Acc: 0.7100000, Test Acc: 0.7500000
Epoch: 214, Train Loss: 0.5060732, Train Acc: 0.7255556, Test Acc: 0.7100000
Epoch: 215, Train Loss: 0.5056707, Train Acc: 0.7044444, Test Acc: 0.7000000
Epoch: 216, Train Loss: 0.4876894, Train Acc: 0.7555556, Test Acc: 0.7500000
Epoch: 217, Train Loss: 0.5072746, Train Acc: 0.7388889, Test Acc: 0.7400000
Epoch: 218, Train Loss: 0.5430980, Train Acc: 0.6855556, Test Acc: 0.6700000
Epoch: 219, Train Loss: 0.4941523, Train Acc: 0.7422222, Test Acc: 0.7100000
Epoch: 220, Train Loss: 0.5405888, Train Acc: 0.6777778, Test Acc: 0.6900000
Epoch: 221, Train Loss: 0.4913074, Train Acc: 0.7422222, Test Acc: 0.7500000
Epoch: 222, Train Loss: 0.4900171, Train Acc: 0.7022222, Test Acc: 0.7000000
Epoch: 223, Train Loss: 0.5122788, Train Acc: 0.7022222, Test Acc: 0.7000000
Epoch: 224, Train Loss: 0.5029687, Train Acc: 0.7311111, Test Acc: 0.7300000
Epoch: 225, Train Loss: 0.4832360, Train Acc: 0.7488889, Test Acc: 0.7300000
Epoch: 226, Train Loss: 0.5075587, Train Acc: 0.7366667, Test Acc: 0.7600000
Epoch: 227, Train Loss: 0.4755597, Train Acc: 0.7677778, Test Acc: 0.7500000
Epoch: 228, Train Loss: 0.5005241, Train Acc: 0.7644444, Test Acc: 0.7400000
Epoch: 229, Train Loss: 0.5331573, Train Acc: 0.6777778, Test Acc: 0.6800000
Epoch: 230, Train Loss: 0.5093029, Train Acc: 0.7122222, Test Acc: 0.6900000
Epoch: 231, Train Loss: 0.4847666, Train Acc: 0.7533333, Test Acc: 0.7200000
Epoch: 232, Train Loss: 0.4733040, Train Acc: 0.7688889, Test Acc: 0.7400000
Epoch: 233, Train Loss: 0.4914787, Train Acc: 0.7477778, Test Acc: 0.7200000
Epoch: 234, Train Loss: 0.4932762, Train Acc: 0.7444444, Test Acc: 0.7000000
Epoch: 235, Train Loss: 0.4626361, Train Acc: 0.7666667, Test Acc: 0.7300000
Epoch: 236, Train Loss: 0.5178164, Train Acc: 0.6877778, Test Acc: 0.6900000
Epoch: 237, Train Loss: 0.4703919, Train Acc: 0.7600000, Test Acc: 0.7400000
Epoch: 238, Train Loss: 0.4869132, Train Acc: 0.7488889, Test Acc: 0.7100000
Epoch: 239, Train Loss: 0.4962086, Train Acc: 0.7177778, Test Acc: 0.6700000
Epoch: 240, Train Loss: 0.4889361, Train Acc: 0.7622222, Test Acc: 0.7400000
Epoch: 241, Train Loss: 0.4787617, Train Acc: 0.7533333, Test Acc: 0.7300000
Epoch: 242, Train Loss: 0.5125645, Train Acc: 0.7266667, Test Acc: 0.7000000
Epoch: 243, Train Loss: 0.5045732, Train Acc: 0.7311111, Test Acc: 0.7000000
Epoch: 244, Train Loss: 0.4630618, Train Acc: 0.7666667, Test Acc: 0.7300000
Epoch: 245, Train Loss: 0.4816978, Train Acc: 0.7588889, Test Acc: 0.7000000
Epoch: 246, Train Loss: 0.4562228, Train Acc: 0.7611111, Test Acc: 0.7400000
Epoch: 247, Train Loss: 0.5139215, Train Acc: 0.7000000, Test Acc: 0.6800000
Epoch: 248, Train Loss: 0.4699315, Train Acc: 0.7633333, Test Acc: 0.7200000
Epoch: 249, Train Loss: 0.4941335, Train Acc: 0.7233333, Test Acc: 0.6600000
Epoch: 250, Train Loss: 0.4731893, Train Acc: 0.7577778, Test Acc: 0.7400000
Epoch: 251, Train Loss: 0.4811041, Train Acc: 0.7600000, Test Acc: 0.7300000
Epoch: 252, Train Loss: 0.5169425, Train Acc: 0.7033333, Test Acc: 0.7100000
Epoch: 253, Train Loss: 0.5370669, Train Acc: 0.7000000, Test Acc: 0.6900000
Epoch: 254, Train Loss: 0.5079441, Train Acc: 0.7288889, Test Acc: 0.7200000
Epoch: 255, Train Loss: 0.4980682, Train Acc: 0.7144444, Test Acc: 0.7000000
Epoch: 256, Train Loss: 0.4590681, Train Acc: 0.7744444, Test Acc: 0.6900000
Epoch: 257, Train Loss: 0.4762406, Train Acc: 0.7311111, Test Acc: 0.7000000
Epoch: 258, Train Loss: 0.4663559, Train Acc: 0.7677778, Test Acc: 0.7500000
Epoch: 259, Train Loss: 0.5287122, Train Acc: 0.7022222, Test Acc: 0.6900000
Epoch: 260, Train Loss: 0.5184598, Train Acc: 0.7144444, Test Acc: 0.7000000
Epoch: 261, Train Loss: 0.4797465, Train Acc: 0.7300000, Test Acc: 0.6600000
Epoch: 262, Train Loss: 0.4559606, Train Acc: 0.7811111, Test Acc: 0.7000000
Epoch: 263, Train Loss: 0.5076635, Train Acc: 0.7044444, Test Acc: 0.7000000
Epoch: 264, Train Loss: 0.4552596, Train Acc: 0.7444444, Test Acc: 0.7000000
Epoch: 265, Train Loss: 0.5176683, Train Acc: 0.7077778, Test Acc: 0.6800000
Epoch: 266, Train Loss: 0.4952042, Train Acc: 0.7100000, Test Acc: 0.6600000
Epoch: 267, Train Loss: 0.4679172, Train Acc: 0.7400000, Test Acc: 0.7000000
Epoch: 268, Train Loss: 0.5100097, Train Acc: 0.7300000, Test Acc: 0.6800000
Epoch: 269, Train Loss: 0.4777553, Train Acc: 0.7400000, Test Acc: 0.6900000
Epoch: 270, Train Loss: 0.4889716, Train Acc: 0.7344444, Test Acc: 0.7000000
Epoch: 271, Train Loss: 0.4952057, Train Acc: 0.7355556, Test Acc: 0.6800000
Epoch: 272, Train Loss: 0.4623351, Train Acc: 0.7422222, Test Acc: 0.7100000
Epoch: 273, Train Loss: 0.4608060, Train Acc: 0.7488889, Test Acc: 0.6800000
Epoch: 274, Train Loss: 0.4550920, Train Acc: 0.7666667, Test Acc: 0.7300000
Epoch: 275, Train Loss: 0.4506375, Train Acc: 0.7777778, Test Acc: 0.7300000
Epoch: 276, Train Loss: 0.4555955, Train Acc: 0.7822222, Test Acc: 0.7300000
Epoch: 277, Train Loss: 0.5021723, Train Acc: 0.7166667, Test Acc: 0.6800000
Epoch: 278, Train Loss: 0.4474030, Train Acc: 0.7500000, Test Acc: 0.6900000
Epoch: 279, Train Loss: 0.4353094, Train Acc: 0.7822222, Test Acc: 0.7100000
Epoch: 280, Train Loss: 0.4607753, Train Acc: 0.7655556, Test Acc: 0.7200000
Epoch: 281, Train Loss: 0.4880343, Train Acc: 0.7333333, Test Acc: 0.6800000
Epoch: 282, Train Loss: 0.4741857, Train Acc: 0.7377778, Test Acc: 0.6700000
Epoch: 283, Train Loss: 0.4616006, Train Acc: 0.7611111, Test Acc: 0.7100000
Epoch: 284, Train Loss: 0.4460420, Train Acc: 0.7777778, Test Acc: 0.7200000
Epoch: 285, Train Loss: 0.4506636, Train Acc: 0.7511111, Test Acc: 0.6900000
Epoch: 286, Train Loss: 0.4377842, Train Acc: 0.7866667, Test Acc: 0.7000000
Epoch: 287, Train Loss: 0.4762692, Train Acc: 0.7288889, Test Acc: 0.6900000
Epoch: 288, Train Loss: 0.4449171, Train Acc: 0.7800000, Test Acc: 0.7300000
Epoch: 289, Train Loss: 0.4357838, Train Acc: 0.7822222, Test Acc: 0.7400000
Epoch: 290, Train Loss: 0.4485107, Train Acc: 0.7544444, Test Acc: 0.7000000
Epoch: 291, Train Loss: 0.4821341, Train Acc: 0.7400000, Test Acc: 0.7000000
Epoch: 292, Train Loss: 0.4663369, Train Acc: 0.7344444, Test Acc: 0.6700000
Epoch: 293, Train Loss: 0.4620061, Train Acc: 0.7377778, Test Acc: 0.6600000
Epoch: 294, Train Loss: 0.4690739, Train Acc: 0.7377778, Test Acc: 0.6900000
Epoch: 295, Train Loss: 0.4643378, Train Acc: 0.7477778, Test Acc: 0.6900000
Epoch: 296, Train Loss: 0.4297373, Train Acc: 0.7944444, Test Acc: 0.7500000
Epoch: 297, Train Loss: 0.4386213, Train Acc: 0.7566667, Test Acc: 0.6900000
Epoch: 298, Train Loss: 0.4600406, Train Acc: 0.7433333, Test Acc: 0.6800000
Epoch: 299, Train Loss: 0.4632683, Train Acc: 0.7500000, Test Acc: 0.7000000
Epoch: 300, Train Loss: 0.4636862, Train Acc: 0.7366667, Test Acc: 0.6800000
--------
Best Test Acc:   0.78_0.0, Epoch: 151
Best Train Loss: 0.42973728868696426_0.0
Best Train Acc:  0.7944444444444444_0.0
FOLD1, IMDB-BINARY, 1673262208/bdd7e42_GSOE[-0.2, -0.25, -0.3, -0.35, -0.4]P[[1, 3], [1, 3], [1, 5], [1, 5], [1, 5]]I1_GELU_YX_4_256_0_0.001_40_0.6_0_B16S0W8, BT=0.78_0.0, BE=151, ID=bdd7e424313ef497bbce956f20477ed16a17f1c8
train_set : test_set = %d : %d 900 100
-------- FOLD1 DATASET=IMDB-BINARY, COMMIT_ID=bdd7e424313ef497bbce956f20477ed16a17f1c8
With batch_norm.
#Params: 935426
Epoch: 001, Train Loss: 394.6182897, Train Acc: 0.5666667, Test Acc: 0.5600000
Epoch: 002, Train Loss: 222.2260700, Train Acc: 0.6033333, Test Acc: 0.5300000
Epoch: 003, Train Loss: 53.3725175, Train Acc: 0.4822222, Test Acc: 0.5000000
Epoch: 004, Train Loss: 7.1560497, Train Acc: 0.5900000, Test Acc: 0.5900000
Epoch: 005, Train Loss: 9.6515114, Train Acc: 0.5355556, Test Acc: 0.6100000
Epoch: 006, Train Loss: 5.0642180, Train Acc: 0.5155556, Test Acc: 0.5400000
Epoch: 007, Train Loss: 13.5688758, Train Acc: 0.5422222, Test Acc: 0.5000000
Epoch: 008, Train Loss: 1.0268904, Train Acc: 0.6177778, Test Acc: 0.5700000
Epoch: 009, Train Loss: 1.2648140, Train Acc: 0.6911111, Test Acc: 0.7100000
Epoch: 010, Train Loss: 1.4145654, Train Acc: 0.7122222, Test Acc: 0.7400000
Epoch: 011, Train Loss: 2.7488641, Train Acc: 0.6400000, Test Acc: 0.6400000
Epoch: 012, Train Loss: 2.0731496, Train Acc: 0.6533333, Test Acc: 0.6500000
Epoch: 013, Train Loss: 1.4766708, Train Acc: 0.7022222, Test Acc: 0.6900000
Epoch: 014, Train Loss: 1.7469130, Train Acc: 0.6266667, Test Acc: 0.6200000
Epoch: 015, Train Loss: 0.9357368, Train Acc: 0.6455556, Test Acc: 0.6400000
Epoch: 016, Train Loss: 0.7308635, Train Acc: 0.6433333, Test Acc: 0.6500000
Epoch: 017, Train Loss: 0.7006838, Train Acc: 0.6811111, Test Acc: 0.6500000
Epoch: 018, Train Loss: 0.6681202, Train Acc: 0.7222222, Test Acc: 0.7100000
Epoch: 019, Train Loss: 1.5299025, Train Acc: 0.6488889, Test Acc: 0.6700000
Epoch: 020, Train Loss: 0.8197451, Train Acc: 0.6166667, Test Acc: 0.5900000
Epoch: 021, Train Loss: 1.7939054, Train Acc: 0.6200000, Test Acc: 0.6100000
Epoch: 022, Train Loss: 0.7459333, Train Acc: 0.6566667, Test Acc: 0.6200000
Epoch: 023, Train Loss: 0.5987907, Train Acc: 0.7111111, Test Acc: 0.7100000
Epoch: 024, Train Loss: 0.5907506, Train Acc: 0.7088889, Test Acc: 0.7200000
Epoch: 025, Train Loss: 1.5486926, Train Acc: 0.6988889, Test Acc: 0.6900000
Epoch: 026, Train Loss: 0.6599153, Train Acc: 0.7133333, Test Acc: 0.6900000
Epoch: 027, Train Loss: 0.5935132, Train Acc: 0.6988889, Test Acc: 0.6900000
Epoch: 028, Train Loss: 0.8539380, Train Acc: 0.6833333, Test Acc: 0.7100000
Epoch: 029, Train Loss: 0.7003246, Train Acc: 0.6922222, Test Acc: 0.7300000
Epoch: 030, Train Loss: 0.6440017, Train Acc: 0.7177778, Test Acc: 0.7600000
Epoch: 031, Train Loss: 1.0249599, Train Acc: 0.7011111, Test Acc: 0.7200000
Epoch: 032, Train Loss: 0.6540718, Train Acc: 0.6911111, Test Acc: 0.6800000
Epoch: 033, Train Loss: 1.9341472, Train Acc: 0.6300000, Test Acc: 0.6300000
Epoch: 034, Train Loss: 25.2432256, Train Acc: 0.6533333, Test Acc: 0.6600000
Epoch: 035, Train Loss: 4.6783724, Train Acc: 0.6355556, Test Acc: 0.6300000
Epoch: 036, Train Loss: 63.6908621, Train Acc: 0.5122222, Test Acc: 0.4700000
Epoch: 037, Train Loss: 0.8270244, Train Acc: 0.6544444, Test Acc: 0.6100000
Epoch: 038, Train Loss: 1.4565395, Train Acc: 0.6577778, Test Acc: 0.6800000
Epoch: 039, Train Loss: 0.9616880, Train Acc: 0.5966667, Test Acc: 0.5200000
Epoch: 040, Train Loss: 0.6565028, Train Acc: 0.6133333, Test Acc: 0.5300000
Epoch: 041, Train Loss: 0.6307335, Train Acc: 0.6811111, Test Acc: 0.7100000
Epoch: 042, Train Loss: 0.6710957, Train Acc: 0.6766667, Test Acc: 0.6700000
Epoch: 043, Train Loss: 1.2685789, Train Acc: 0.6866667, Test Acc: 0.6600000
Epoch: 044, Train Loss: 0.7426499, Train Acc: 0.6911111, Test Acc: 0.7300000
Epoch: 045, Train Loss: 0.5546393, Train Acc: 0.7133333, Test Acc: 0.7500000
Epoch: 046, Train Loss: 0.6377560, Train Acc: 0.6277778, Test Acc: 0.5700000
Epoch: 047, Train Loss: 0.5781822, Train Acc: 0.6766667, Test Acc: 0.6100000
Epoch: 048, Train Loss: 0.6165904, Train Acc: 0.6977778, Test Acc: 0.7200000
Epoch: 049, Train Loss: 0.6150162, Train Acc: 0.6777778, Test Acc: 0.7100000
Epoch: 050, Train Loss: 0.5967805, Train Acc: 0.6688889, Test Acc: 0.6400000
Epoch: 051, Train Loss: 0.5734318, Train Acc: 0.7000000, Test Acc: 0.6600000
Epoch: 052, Train Loss: 0.5599830, Train Acc: 0.7211111, Test Acc: 0.7200000
Epoch: 053, Train Loss: 0.6049858, Train Acc: 0.7022222, Test Acc: 0.6600000
Epoch: 054, Train Loss: 0.5493079, Train Acc: 0.7188889, Test Acc: 0.7300000
Epoch: 055, Train Loss: 0.5433616, Train Acc: 0.7122222, Test Acc: 0.7000000
Epoch: 056, Train Loss: 0.5368536, Train Acc: 0.7211111, Test Acc: 0.6900000
Epoch: 057, Train Loss: 0.5697208, Train Acc: 0.6644444, Test Acc: 0.6400000
Epoch: 058, Train Loss: 0.5623732, Train Acc: 0.7166667, Test Acc: 0.7100000
Epoch: 059, Train Loss: 0.5373048, Train Acc: 0.7211111, Test Acc: 0.7200000
Epoch: 060, Train Loss: 0.5702623, Train Acc: 0.7144444, Test Acc: 0.7400000
Epoch: 061, Train Loss: 0.5501312, Train Acc: 0.7144444, Test Acc: 0.7400000
Epoch: 062, Train Loss: 0.5407909, Train Acc: 0.7200000, Test Acc: 0.7500000
Epoch: 063, Train Loss: 0.6378969, Train Acc: 0.6711111, Test Acc: 0.6500000
Epoch: 064, Train Loss: 0.5587244, Train Acc: 0.7077778, Test Acc: 0.6800000
Epoch: 065, Train Loss: 0.5379898, Train Acc: 0.6788889, Test Acc: 0.6500000
Epoch: 066, Train Loss: 0.5298240, Train Acc: 0.7133333, Test Acc: 0.7200000
Epoch: 067, Train Loss: 0.6410576, Train Acc: 0.6888889, Test Acc: 0.6800000
Epoch: 068, Train Loss: 1.1651937, Train Acc: 0.7022222, Test Acc: 0.7200000
Epoch: 069, Train Loss: 0.5412128, Train Acc: 0.7044444, Test Acc: 0.7100000
Epoch: 070, Train Loss: 0.5324669, Train Acc: 0.7211111, Test Acc: 0.6900000
Epoch: 071, Train Loss: 0.9232906, Train Acc: 0.6911111, Test Acc: 0.6700000
Epoch: 072, Train Loss: 0.5249909, Train Acc: 0.7088889, Test Acc: 0.7000000
Epoch: 073, Train Loss: 0.5242047, Train Acc: 0.7122222, Test Acc: 0.7100000
Epoch: 074, Train Loss: 0.5202346, Train Acc: 0.7111111, Test Acc: 0.7200000
Epoch: 075, Train Loss: 0.5236423, Train Acc: 0.6922222, Test Acc: 0.6900000
Epoch: 076, Train Loss: 0.5263206, Train Acc: 0.7266667, Test Acc: 0.7100000
Epoch: 077, Train Loss: 0.5427422, Train Acc: 0.6933333, Test Acc: 0.6800000
Epoch: 078, Train Loss: 0.5359715, Train Acc: 0.6977778, Test Acc: 0.6700000
Epoch: 079, Train Loss: 0.7041427, Train Acc: 0.7155556, Test Acc: 0.7400000
Epoch: 080, Train Loss: 0.5253981, Train Acc: 0.7277778, Test Acc: 0.7100000
Epoch: 081, Train Loss: 0.5534481, Train Acc: 0.6933333, Test Acc: 0.6800000
Epoch: 082, Train Loss: 0.5243377, Train Acc: 0.7222222, Test Acc: 0.7100000
Epoch: 083, Train Loss: 0.5385655, Train Acc: 0.7122222, Test Acc: 0.7400000
Epoch: 084, Train Loss: 0.5270388, Train Acc: 0.7233333, Test Acc: 0.7100000
Epoch: 085, Train Loss: 0.5252090, Train Acc: 0.7211111, Test Acc: 0.7300000
Epoch: 086, Train Loss: 0.5609097, Train Acc: 0.6788889, Test Acc: 0.6600000
Epoch: 087, Train Loss: 0.5122651, Train Acc: 0.7355556, Test Acc: 0.7300000
Epoch: 088, Train Loss: 0.5278134, Train Acc: 0.7188889, Test Acc: 0.6800000
Epoch: 089, Train Loss: 0.5675797, Train Acc: 0.6711111, Test Acc: 0.6100000
Epoch: 090, Train Loss: 0.5453516, Train Acc: 0.7166667, Test Acc: 0.7400000
Epoch: 091, Train Loss: 0.6226058, Train Acc: 0.7133333, Test Acc: 0.7200000
Epoch: 092, Train Loss: 0.5472743, Train Acc: 0.7066667, Test Acc: 0.7200000
Epoch: 093, Train Loss: 0.5290691, Train Acc: 0.7288889, Test Acc: 0.7300000
Epoch: 094, Train Loss: 0.5546052, Train Acc: 0.7177778, Test Acc: 0.6900000
Epoch: 095, Train Loss: 0.5424510, Train Acc: 0.7155556, Test Acc: 0.6900000
Epoch: 096, Train Loss: 0.5618986, Train Acc: 0.6900000, Test Acc: 0.6800000
Epoch: 097, Train Loss: 0.5568915, Train Acc: 0.7188889, Test Acc: 0.7300000
Epoch: 098, Train Loss: 0.8220320, Train Acc: 0.6422222, Test Acc: 0.5600000
Epoch: 099, Train Loss: 0.6237035, Train Acc: 0.6711111, Test Acc: 0.6700000
Epoch: 100, Train Loss: 0.5828304, Train Acc: 0.7077778, Test Acc: 0.7200000
Epoch: 101, Train Loss: 0.5499612, Train Acc: 0.7111111, Test Acc: 0.7200000
Epoch: 102, Train Loss: 0.5340266, Train Acc: 0.7111111, Test Acc: 0.7000000
Epoch: 103, Train Loss: 0.5515728, Train Acc: 0.7133333, Test Acc: 0.7400000
Epoch: 104, Train Loss: 0.5458848, Train Acc: 0.7100000, Test Acc: 0.7100000
Epoch: 105, Train Loss: 0.5212874, Train Acc: 0.7133333, Test Acc: 0.7200000
Epoch: 106, Train Loss: 0.5293923, Train Acc: 0.7133333, Test Acc: 0.6800000
Epoch: 107, Train Loss: 0.5492011, Train Acc: 0.6888889, Test Acc: 0.6300000
Epoch: 108, Train Loss: 0.5192411, Train Acc: 0.7200000, Test Acc: 0.7400000
Epoch: 109, Train Loss: 0.5199808, Train Acc: 0.7233333, Test Acc: 0.7600000
Epoch: 110, Train Loss: 0.5902073, Train Acc: 0.6977778, Test Acc: 0.6800000
Epoch: 111, Train Loss: 0.5572711, Train Acc: 0.6977778, Test Acc: 0.7100000
Epoch: 112, Train Loss: 0.5216024, Train Acc: 0.7255556, Test Acc: 0.7300000
Epoch: 113, Train Loss: 0.5325284, Train Acc: 0.7022222, Test Acc: 0.6900000
Epoch: 114, Train Loss: 0.5300894, Train Acc: 0.7233333, Test Acc: 0.7300000
Epoch: 115, Train Loss: 0.5145196, Train Acc: 0.7188889, Test Acc: 0.7100000
Epoch: 116, Train Loss: 0.5236220, Train Acc: 0.7122222, Test Acc: 0.7300000
Epoch: 117, Train Loss: 0.5211672, Train Acc: 0.7222222, Test Acc: 0.7300000
Epoch: 118, Train Loss: 0.5753997, Train Acc: 0.6977778, Test Acc: 0.6900000
Epoch: 119, Train Loss: 0.5333973, Train Acc: 0.7077778, Test Acc: 0.7200000
Epoch: 120, Train Loss: 0.5476343, Train Acc: 0.7155556, Test Acc: 0.7100000
Epoch: 121, Train Loss: 0.5282232, Train Acc: 0.7200000, Test Acc: 0.7300000
Epoch: 122, Train Loss: 0.5405709, Train Acc: 0.7211111, Test Acc: 0.7300000
Epoch: 123, Train Loss: 0.5402283, Train Acc: 0.7200000, Test Acc: 0.7600000
Epoch: 124, Train Loss: 0.5315480, Train Acc: 0.7100000, Test Acc: 0.7100000
Epoch: 125, Train Loss: 0.5311858, Train Acc: 0.7088889, Test Acc: 0.7000000
Epoch: 126, Train Loss: 0.5324516, Train Acc: 0.6955556, Test Acc: 0.7000000
Epoch: 127, Train Loss: 0.5366340, Train Acc: 0.7122222, Test Acc: 0.7200000
Epoch: 128, Train Loss: 0.5319671, Train Acc: 0.6944444, Test Acc: 0.7100000
Epoch: 129, Train Loss: 0.5385621, Train Acc: 0.7011111, Test Acc: 0.7200000
Epoch: 130, Train Loss: 0.5222341, Train Acc: 0.7066667, Test Acc: 0.6800000
Epoch: 131, Train Loss: 0.5341659, Train Acc: 0.7155556, Test Acc: 0.7000000
Epoch: 132, Train Loss: 0.5570787, Train Acc: 0.6666667, Test Acc: 0.6400000
Epoch: 133, Train Loss: 0.5496317, Train Acc: 0.6955556, Test Acc: 0.6900000
Epoch: 134, Train Loss: 0.5630311, Train Acc: 0.6900000, Test Acc: 0.6600000
Epoch: 135, Train Loss: 0.5391419, Train Acc: 0.6788889, Test Acc: 0.6800000
Epoch: 136, Train Loss: 0.5516624, Train Acc: 0.7244444, Test Acc: 0.7300000
Epoch: 137, Train Loss: 0.5316862, Train Acc: 0.7233333, Test Acc: 0.7400000
Epoch: 138, Train Loss: 0.5684121, Train Acc: 0.6777778, Test Acc: 0.6500000
Epoch: 139, Train Loss: 0.5346880, Train Acc: 0.7166667, Test Acc: 0.7400000
Epoch: 140, Train Loss: 0.5309028, Train Acc: 0.7177778, Test Acc: 0.7500000
Epoch: 141, Train Loss: 0.5298348, Train Acc: 0.7244444, Test Acc: 0.7600000
Epoch: 142, Train Loss: 0.5102412, Train Acc: 0.7211111, Test Acc: 0.7400000
Epoch: 143, Train Loss: 0.5097355, Train Acc: 0.7300000, Test Acc: 0.7300000
Epoch: 144, Train Loss: 0.5187987, Train Acc: 0.7033333, Test Acc: 0.7200000
Epoch: 145, Train Loss: 0.5283436, Train Acc: 0.7266667, Test Acc: 0.7300000
Epoch: 146, Train Loss: 0.5298875, Train Acc: 0.7244444, Test Acc: 0.7300000
Epoch: 147, Train Loss: 0.5340070, Train Acc: 0.7266667, Test Acc: 0.7500000
Epoch: 148, Train Loss: 0.5123163, Train Acc: 0.6877778, Test Acc: 0.6800000
Epoch: 149, Train Loss: 0.5249985, Train Acc: 0.7144444, Test Acc: 0.7200000
Epoch: 150, Train Loss: 0.5258595, Train Acc: 0.7066667, Test Acc: 0.7000000
Epoch: 151, Train Loss: 0.5697769, Train Acc: 0.6922222, Test Acc: 0.6600000
Epoch: 152, Train Loss: 0.5578695, Train Acc: 0.6677778, Test Acc: 0.6400000
Epoch: 153, Train Loss: 0.5246414, Train Acc: 0.7033333, Test Acc: 0.7000000
Epoch: 154, Train Loss: 0.5379682, Train Acc: 0.7000000, Test Acc: 0.7100000
Epoch: 155, Train Loss: 0.5318143, Train Acc: 0.7022222, Test Acc: 0.6700000
Epoch: 156, Train Loss: 0.5675146, Train Acc: 0.6877778, Test Acc: 0.6400000
Epoch: 157, Train Loss: 0.5135148, Train Acc: 0.7233333, Test Acc: 0.7400000
Epoch: 158, Train Loss: 0.5541011, Train Acc: 0.7000000, Test Acc: 0.6900000
Epoch: 159, Train Loss: 0.5441050, Train Acc: 0.6855556, Test Acc: 0.6900000
Epoch: 160, Train Loss: 0.5275649, Train Acc: 0.7133333, Test Acc: 0.7100000
Epoch: 161, Train Loss: 0.5182667, Train Acc: 0.7266667, Test Acc: 0.7300000
Epoch: 162, Train Loss: 0.5399019, Train Acc: 0.7011111, Test Acc: 0.7000000
Epoch: 163, Train Loss: 0.5653253, Train Acc: 0.6577778, Test Acc: 0.6300000
Epoch: 164, Train Loss: 0.5335708, Train Acc: 0.7166667, Test Acc: 0.7400000
Epoch: 165, Train Loss: 0.5482704, Train Acc: 0.6955556, Test Acc: 0.6700000
Epoch: 166, Train Loss: 0.5515254, Train Acc: 0.6744444, Test Acc: 0.6700000
Epoch: 167, Train Loss: 0.5211611, Train Acc: 0.7022222, Test Acc: 0.6900000
Epoch: 168, Train Loss: 0.5353411, Train Acc: 0.7122222, Test Acc: 0.7000000
Epoch: 169, Train Loss: 0.5306061, Train Acc: 0.7288889, Test Acc: 0.7500000
Epoch: 170, Train Loss: 0.5589073, Train Acc: 0.7188889, Test Acc: 0.7300000
Epoch: 171, Train Loss: 0.5578044, Train Acc: 0.6955556, Test Acc: 0.6800000
Epoch: 172, Train Loss: 0.5202729, Train Acc: 0.7288889, Test Acc: 0.7300000
Epoch: 173, Train Loss: 0.5163569, Train Acc: 0.7300000, Test Acc: 0.7100000
Epoch: 174, Train Loss: 0.5068465, Train Acc: 0.7266667, Test Acc: 0.7300000
Epoch: 175, Train Loss: 0.5463772, Train Acc: 0.7122222, Test Acc: 0.7500000
Epoch: 176, Train Loss: 0.5408704, Train Acc: 0.7255556, Test Acc: 0.7300000
Epoch: 177, Train Loss: 0.5287675, Train Acc: 0.7233333, Test Acc: 0.7300000
Epoch: 178, Train Loss: 0.5360382, Train Acc: 0.7044444, Test Acc: 0.7000000
Epoch: 179, Train Loss: 0.5390852, Train Acc: 0.7188889, Test Acc: 0.7300000
Epoch: 180, Train Loss: 0.5072645, Train Acc: 0.7388889, Test Acc: 0.7600000
Epoch: 181, Train Loss: 0.5155224, Train Acc: 0.7300000, Test Acc: 0.7000000
Epoch: 182, Train Loss: 0.5024241, Train Acc: 0.7266667, Test Acc: 0.7600000
Epoch: 183, Train Loss: 0.5165153, Train Acc: 0.7255556, Test Acc: 0.7300000
Epoch: 184, Train Loss: 0.5144247, Train Acc: 0.7266667, Test Acc: 0.7300000
Epoch: 185, Train Loss: 0.5286559, Train Acc: 0.7222222, Test Acc: 0.7500000
Epoch: 186, Train Loss: 0.5194728, Train Acc: 0.7022222, Test Acc: 0.6900000
Epoch: 187, Train Loss: 0.5134485, Train Acc: 0.7077778, Test Acc: 0.6900000
Epoch: 188, Train Loss: 0.5135353, Train Acc: 0.6944444, Test Acc: 0.7000000
Epoch: 189, Train Loss: 0.5149946, Train Acc: 0.7388889, Test Acc: 0.7400000
Epoch: 190, Train Loss: 0.5162630, Train Acc: 0.7344444, Test Acc: 0.7500000
Epoch: 191, Train Loss: 0.5046103, Train Acc: 0.7188889, Test Acc: 0.7200000
Epoch: 192, Train Loss: 0.5316979, Train Acc: 0.7022222, Test Acc: 0.7000000
Epoch: 193, Train Loss: 0.5292179, Train Acc: 0.7255556, Test Acc: 0.7600000
Epoch: 194, Train Loss: 0.5228773, Train Acc: 0.7311111, Test Acc: 0.7800000
Epoch: 195, Train Loss: 0.5273955, Train Acc: 0.7277778, Test Acc: 0.7500000
Epoch: 196, Train Loss: 0.5186397, Train Acc: 0.7366667, Test Acc: 0.7500000
Epoch: 197, Train Loss: 0.5390916, Train Acc: 0.7111111, Test Acc: 0.6900000
Epoch: 198, Train Loss: 0.5437665, Train Acc: 0.7122222, Test Acc: 0.7100000
Epoch: 199, Train Loss: 0.5432149, Train Acc: 0.6811111, Test Acc: 0.6700000
Epoch: 200, Train Loss: 0.5306406, Train Acc: 0.7155556, Test Acc: 0.6600000
Epoch: 201, Train Loss: 0.5477171, Train Acc: 0.7155556, Test Acc: 0.7300000
Epoch: 202, Train Loss: 0.5113563, Train Acc: 0.7300000, Test Acc: 0.7100000
Epoch: 203, Train Loss: 0.5329977, Train Acc: 0.7177778, Test Acc: 0.7100000
Epoch: 204, Train Loss: 0.5118993, Train Acc: 0.7288889, Test Acc: 0.7300000
Epoch: 205, Train Loss: 0.5294811, Train Acc: 0.7055556, Test Acc: 0.6700000
Epoch: 206, Train Loss: 0.5338383, Train Acc: 0.7166667, Test Acc: 0.7000000
Epoch: 207, Train Loss: 0.5079833, Train Acc: 0.7366667, Test Acc: 0.7400000
Epoch: 208, Train Loss: 0.5270840, Train Acc: 0.7133333, Test Acc: 0.7100000
Epoch: 209, Train Loss: 0.5574794, Train Acc: 0.7000000, Test Acc: 0.6500000
Epoch: 210, Train Loss: 0.5167087, Train Acc: 0.7233333, Test Acc: 0.7300000
Epoch: 211, Train Loss: 0.5347142, Train Acc: 0.7311111, Test Acc: 0.7300000
Epoch: 212, Train Loss: 0.5246672, Train Acc: 0.7344444, Test Acc: 0.7300000
Epoch: 213, Train Loss: 0.5356197, Train Acc: 0.7044444, Test Acc: 0.6900000
Epoch: 214, Train Loss: 0.5230173, Train Acc: 0.7088889, Test Acc: 0.7100000
Epoch: 215, Train Loss: 0.5637489, Train Acc: 0.6800000, Test Acc: 0.6600000
Epoch: 216, Train Loss: 0.5621583, Train Acc: 0.7255556, Test Acc: 0.6900000
Epoch: 217, Train Loss: 0.5087073, Train Acc: 0.7366667, Test Acc: 0.7200000
Epoch: 218, Train Loss: 0.5108049, Train Acc: 0.7400000, Test Acc: 0.7000000
Epoch: 219, Train Loss: 0.5361250, Train Acc: 0.7088889, Test Acc: 0.7000000
Epoch: 220, Train Loss: 0.5063508, Train Acc: 0.7311111, Test Acc: 0.7300000
Epoch: 221, Train Loss: 0.5183679, Train Acc: 0.7277778, Test Acc: 0.7000000
Epoch: 222, Train Loss: 0.5196872, Train Acc: 0.7255556, Test Acc: 0.6800000
Epoch: 223, Train Loss: 0.5121194, Train Acc: 0.7433333, Test Acc: 0.7400000
Epoch: 224, Train Loss: 0.5087695, Train Acc: 0.7355556, Test Acc: 0.6800000
Epoch: 225, Train Loss: 0.5179746, Train Acc: 0.7366667, Test Acc: 0.7200000
Epoch: 226, Train Loss: 0.5187284, Train Acc: 0.7311111, Test Acc: 0.7300000
Epoch: 227, Train Loss: 0.5363821, Train Acc: 0.7233333, Test Acc: 0.6900000
Epoch: 228, Train Loss: 0.5454580, Train Acc: 0.6944444, Test Acc: 0.6800000
Epoch: 229, Train Loss: 0.5406729, Train Acc: 0.7022222, Test Acc: 0.6900000
Epoch: 230, Train Loss: 0.5442520, Train Acc: 0.6800000, Test Acc: 0.6700000
Epoch: 231, Train Loss: 0.5411399, Train Acc: 0.7022222, Test Acc: 0.7200000
Epoch: 232, Train Loss: 0.5305522, Train Acc: 0.7033333, Test Acc: 0.6900000
Epoch: 233, Train Loss: 0.5077039, Train Acc: 0.7400000, Test Acc: 0.7400000
Epoch: 234, Train Loss: 0.5094687, Train Acc: 0.7188889, Test Acc: 0.7300000
Epoch: 235, Train Loss: 0.5323343, Train Acc: 0.7011111, Test Acc: 0.7000000
Epoch: 236, Train Loss: 0.5098059, Train Acc: 0.7322222, Test Acc: 0.7300000
Epoch: 237, Train Loss: 0.5141461, Train Acc: 0.7288889, Test Acc: 0.7300000
Epoch: 238, Train Loss: 0.5090669, Train Acc: 0.7300000, Test Acc: 0.7300000
Epoch: 239, Train Loss: 0.5068311, Train Acc: 0.7533333, Test Acc: 0.7600000
Epoch: 240, Train Loss: 0.5624755, Train Acc: 0.6600000, Test Acc: 0.6300000
Epoch: 241, Train Loss: 0.5212730, Train Acc: 0.7288889, Test Acc: 0.7200000
Epoch: 242, Train Loss: 0.5221433, Train Acc: 0.7211111, Test Acc: 0.7500000
Epoch: 243, Train Loss: 0.5217331, Train Acc: 0.7077778, Test Acc: 0.7700000
Epoch: 244, Train Loss: 1.2189368, Train Acc: 0.6822222, Test Acc: 0.6700000
Epoch: 245, Train Loss: 0.5406420, Train Acc: 0.6933333, Test Acc: 0.6900000
Epoch: 246, Train Loss: 0.5313271, Train Acc: 0.6966667, Test Acc: 0.7300000
Epoch: 247, Train Loss: 0.5353486, Train Acc: 0.6877778, Test Acc: 0.7000000
Epoch: 248, Train Loss: 0.5086525, Train Acc: 0.7266667, Test Acc: 0.7500000
Epoch: 249, Train Loss: 0.5466682, Train Acc: 0.7055556, Test Acc: 0.7100000
Epoch: 250, Train Loss: 0.5309227, Train Acc: 0.6944444, Test Acc: 0.6700000
Epoch: 251, Train Loss: 0.4858707, Train Acc: 0.7411111, Test Acc: 0.7600000
Epoch: 252, Train Loss: 0.5045748, Train Acc: 0.7255556, Test Acc: 0.7500000
Epoch: 253, Train Loss: 0.5095701, Train Acc: 0.7455556, Test Acc: 0.7400000
Epoch: 254, Train Loss: 0.4906397, Train Acc: 0.7400000, Test Acc: 0.7300000
Epoch: 255, Train Loss: 0.5217736, Train Acc: 0.7188889, Test Acc: 0.7100000
Epoch: 256, Train Loss: 0.5180620, Train Acc: 0.7044444, Test Acc: 0.7200000
Epoch: 257, Train Loss: 0.5172228, Train Acc: 0.7144444, Test Acc: 0.7200000
Epoch: 258, Train Loss: 0.4922680, Train Acc: 0.7444444, Test Acc: 0.7400000
Epoch: 259, Train Loss: 0.5175992, Train Acc: 0.7066667, Test Acc: 0.7100000
Epoch: 260, Train Loss: 0.5037881, Train Acc: 0.7322222, Test Acc: 0.7600000
Epoch: 261, Train Loss: 0.4973719, Train Acc: 0.7366667, Test Acc: 0.7400000
Epoch: 262, Train Loss: 0.5016949, Train Acc: 0.7177778, Test Acc: 0.7600000
Epoch: 263, Train Loss: 0.4958877, Train Acc: 0.7288889, Test Acc: 0.7500000
Epoch: 264, Train Loss: 0.4903034, Train Acc: 0.7500000, Test Acc: 0.7700000
Epoch: 265, Train Loss: 0.5054289, Train Acc: 0.7355556, Test Acc: 0.7500000
Epoch: 266, Train Loss: 0.5106594, Train Acc: 0.7255556, Test Acc: 0.7200000
Epoch: 267, Train Loss: 0.5165447, Train Acc: 0.6988889, Test Acc: 0.6900000
Epoch: 268, Train Loss: 0.5002814, Train Acc: 0.7488889, Test Acc: 0.7300000
Epoch: 269, Train Loss: 0.5180619, Train Acc: 0.7011111, Test Acc: 0.6800000
Epoch: 270, Train Loss: 0.4840789, Train Acc: 0.7422222, Test Acc: 0.7300000
Epoch: 271, Train Loss: 0.5100461, Train Acc: 0.7266667, Test Acc: 0.7200000
Epoch: 272, Train Loss: 0.5116920, Train Acc: 0.7222222, Test Acc: 0.7400000
Epoch: 273, Train Loss: 0.4962510, Train Acc: 0.7288889, Test Acc: 0.7500000
Epoch: 274, Train Loss: 0.4989715, Train Acc: 0.7600000, Test Acc: 0.7400000
Epoch: 275, Train Loss: 0.4943779, Train Acc: 0.7388889, Test Acc: 0.7100000
Epoch: 276, Train Loss: 0.4972521, Train Acc: 0.7300000, Test Acc: 0.6900000
Epoch: 277, Train Loss: 0.4975153, Train Acc: 0.7488889, Test Acc: 0.6900000
Epoch: 278, Train Loss: 0.4953574, Train Acc: 0.7300000, Test Acc: 0.7200000
Epoch: 279, Train Loss: 0.5445898, Train Acc: 0.7011111, Test Acc: 0.6800000
Epoch: 280, Train Loss: 0.4998392, Train Acc: 0.7322222, Test Acc: 0.7100000
Epoch: 281, Train Loss: 0.5019555, Train Acc: 0.7377778, Test Acc: 0.7300000
Epoch: 282, Train Loss: 0.5020188, Train Acc: 0.7088889, Test Acc: 0.6900000
Epoch: 283, Train Loss: 0.4835528, Train Acc: 0.7500000, Test Acc: 0.7400000
Epoch: 284, Train Loss: 0.4909981, Train Acc: 0.7377778, Test Acc: 0.7100000
Epoch: 285, Train Loss: 0.4822412, Train Acc: 0.7411111, Test Acc: 0.7700000
Epoch: 286, Train Loss: 0.5058065, Train Acc: 0.7333333, Test Acc: 0.7300000
Epoch: 287, Train Loss: 0.4989982, Train Acc: 0.7322222, Test Acc: 0.7200000
Epoch: 288, Train Loss: 0.5257617, Train Acc: 0.6988889, Test Acc: 0.6600000
Epoch: 289, Train Loss: 0.4951531, Train Acc: 0.7166667, Test Acc: 0.7200000
Epoch: 290, Train Loss: 0.4936449, Train Acc: 0.7300000, Test Acc: 0.7000000
Epoch: 291, Train Loss: 0.4918660, Train Acc: 0.7411111, Test Acc: 0.7300000
Epoch: 292, Train Loss: 0.4962623, Train Acc: 0.7244444, Test Acc: 0.6900000
Epoch: 293, Train Loss: 0.4929316, Train Acc: 0.7522222, Test Acc: 0.7500000
Epoch: 294, Train Loss: 0.4773642, Train Acc: 0.7555556, Test Acc: 0.7600000
Epoch: 295, Train Loss: 0.4852630, Train Acc: 0.7333333, Test Acc: 0.7200000
Epoch: 296, Train Loss: 0.5102335, Train Acc: 0.7155556, Test Acc: 0.7100000
Epoch: 297, Train Loss: 0.4837783, Train Acc: 0.7422222, Test Acc: 0.7200000
Epoch: 298, Train Loss: 0.5069943, Train Acc: 0.7222222, Test Acc: 0.7300000
Epoch: 299, Train Loss: 0.4990740, Train Acc: 0.7411111, Test Acc: 0.7300000
Epoch: 300, Train Loss: 0.4870420, Train Acc: 0.7400000, Test Acc: 0.7100000
--------
Best Test Acc:   0.76_0.020000000000000018, Epoch: 193
Best Train Loss: 0.46119978851742216_0.022578512430191044
Best Train Acc:  0.7633333333333334_0.003333333333333355
FOLD2, IMDB-BINARY, 1673262208/bdd7e42_GSOE[-0.2, -0.25, -0.3, -0.35, -0.4]P[[1, 3], [1, 3], [1, 5], [1, 5], [1, 5]]I1_GELU_YX_4_256_0_0.001_40_0.6_0_B16S0W8, BT=0.76_0.020000000000000018, BE=193, ID=bdd7e424313ef497bbce956f20477ed16a17f1c8
train_set : test_set = %d : %d 900 100
-------- FOLD2 DATASET=IMDB-BINARY, COMMIT_ID=bdd7e424313ef497bbce956f20477ed16a17f1c8
With batch_norm.
#Params: 935426
Epoch: 001, Train Loss: 4.2453768, Train Acc: 0.6088889, Test Acc: 0.6000000
Epoch: 002, Train Loss: 1055.4992654, Train Acc: 0.5000000, Test Acc: 0.5200000
Epoch: 003, Train Loss: 5.9195393, Train Acc: 0.5877778, Test Acc: 0.5900000
Epoch: 004, Train Loss: 4.0663432, Train Acc: 0.5955556, Test Acc: 0.6200000
Epoch: 005, Train Loss: 1.3965812, Train Acc: 0.5011111, Test Acc: 0.5200000
Epoch: 006, Train Loss: 1.0980450, Train Acc: 0.6844444, Test Acc: 0.6300000
Epoch: 007, Train Loss: 0.8006306, Train Acc: 0.5766667, Test Acc: 0.5700000
Epoch: 008, Train Loss: 10.8106973, Train Acc: 0.5855556, Test Acc: 0.5600000
Epoch: 009, Train Loss: 0.7675607, Train Acc: 0.5900000, Test Acc: 0.5600000
Epoch: 010, Train Loss: 0.6732357, Train Acc: 0.7000000, Test Acc: 0.7000000
Epoch: 011, Train Loss: 0.8279678, Train Acc: 0.6344444, Test Acc: 0.6600000
Epoch: 012, Train Loss: 1.2127571, Train Acc: 0.6388889, Test Acc: 0.6300000
Epoch: 013, Train Loss: 1.7179435, Train Acc: 0.6011111, Test Acc: 0.5200000
Epoch: 014, Train Loss: 1.0931844, Train Acc: 0.6744444, Test Acc: 0.6200000
Epoch: 015, Train Loss: 0.6203738, Train Acc: 0.6922222, Test Acc: 0.7000000
Epoch: 016, Train Loss: 0.7216758, Train Acc: 0.6588889, Test Acc: 0.6800000
Epoch: 017, Train Loss: 0.6746123, Train Acc: 0.7011111, Test Acc: 0.6900000
Epoch: 018, Train Loss: 0.6569584, Train Acc: 0.6388889, Test Acc: 0.6700000
Epoch: 019, Train Loss: 0.6399416, Train Acc: 0.6522222, Test Acc: 0.6200000
Epoch: 020, Train Loss: 0.5923997, Train Acc: 0.6955556, Test Acc: 0.6700000
Epoch: 021, Train Loss: 0.5646987, Train Acc: 0.6900000, Test Acc: 0.6900000
Epoch: 022, Train Loss: 0.5595377, Train Acc: 0.7133333, Test Acc: 0.6500000
Epoch: 023, Train Loss: 0.6169765, Train Acc: 0.7166667, Test Acc: 0.6800000
Epoch: 024, Train Loss: 0.6357144, Train Acc: 0.6977778, Test Acc: 0.6500000
Epoch: 025, Train Loss: 0.6265434, Train Acc: 0.7022222, Test Acc: 0.6600000
Epoch: 026, Train Loss: 0.5525521, Train Acc: 0.7255556, Test Acc: 0.6600000
Epoch: 027, Train Loss: 0.6012626, Train Acc: 0.6455556, Test Acc: 0.6200000
Epoch: 028, Train Loss: 0.5478573, Train Acc: 0.6833333, Test Acc: 0.6600000
Epoch: 029, Train Loss: 0.5435732, Train Acc: 0.7122222, Test Acc: 0.6500000
Epoch: 030, Train Loss: 1.5142204, Train Acc: 0.6344444, Test Acc: 0.6200000
Epoch: 031, Train Loss: 0.5465000, Train Acc: 0.7144444, Test Acc: 0.6600000
Epoch: 032, Train Loss: 7.0335186, Train Acc: 0.6022222, Test Acc: 0.5500000
Epoch: 033, Train Loss: 0.6083717, Train Acc: 0.6633333, Test Acc: 0.6700000
Epoch: 034, Train Loss: 0.5851899, Train Acc: 0.7177778, Test Acc: 0.6600000
Epoch: 035, Train Loss: 0.5203905, Train Acc: 0.7211111, Test Acc: 0.7300000
Epoch: 036, Train Loss: 0.5831667, Train Acc: 0.6911111, Test Acc: 0.6700000
Epoch: 037, Train Loss: 0.5642194, Train Acc: 0.6922222, Test Acc: 0.6600000
Epoch: 038, Train Loss: 0.5970369, Train Acc: 0.7088889, Test Acc: 0.6800000
Epoch: 039, Train Loss: 1.1608351, Train Acc: 0.5955556, Test Acc: 0.6000000
Epoch: 040, Train Loss: 1.3147328, Train Acc: 0.6188889, Test Acc: 0.6500000
Epoch: 041, Train Loss: 2.1225905, Train Acc: 0.5377778, Test Acc: 0.5300000
Epoch: 042, Train Loss: 2.8449115, Train Acc: 0.6733333, Test Acc: 0.6900000
Epoch: 043, Train Loss: 2.1286745, Train Acc: 0.6655556, Test Acc: 0.6800000
Epoch: 044, Train Loss: 0.5456310, Train Acc: 0.7133333, Test Acc: 0.7000000
Epoch: 045, Train Loss: 0.8831485, Train Acc: 0.6844444, Test Acc: 0.6800000
Epoch: 046, Train Loss: 0.5535647, Train Acc: 0.7211111, Test Acc: 0.7000000
Epoch: 047, Train Loss: 0.5650011, Train Acc: 0.7111111, Test Acc: 0.7000000
Epoch: 048, Train Loss: 0.5591760, Train Acc: 0.7111111, Test Acc: 0.6900000
Epoch: 049, Train Loss: 0.5476475, Train Acc: 0.7144444, Test Acc: 0.6900000
Epoch: 050, Train Loss: 0.5792735, Train Acc: 0.7055556, Test Acc: 0.6800000
Epoch: 051, Train Loss: 0.5971346, Train Acc: 0.7077778, Test Acc: 0.6900000
Epoch: 052, Train Loss: 0.5373924, Train Acc: 0.7133333, Test Acc: 0.7200000
Epoch: 053, Train Loss: 0.5894638, Train Acc: 0.7122222, Test Acc: 0.6800000
Epoch: 054, Train Loss: 0.5257832, Train Acc: 0.7155556, Test Acc: 0.7000000
Epoch: 055, Train Loss: 0.5726471, Train Acc: 0.7155556, Test Acc: 0.7200000
Epoch: 056, Train Loss: 0.5202923, Train Acc: 0.7288889, Test Acc: 0.7000000
Epoch: 057, Train Loss: 0.5344315, Train Acc: 0.7277778, Test Acc: 0.7000000
Epoch: 058, Train Loss: 0.5695520, Train Acc: 0.7188889, Test Acc: 0.7200000
Epoch: 059, Train Loss: 0.5761858, Train Acc: 0.7111111, Test Acc: 0.7100000
Epoch: 060, Train Loss: 0.5785334, Train Acc: 0.6733333, Test Acc: 0.6900000
Epoch: 061, Train Loss: 0.6419686, Train Acc: 0.7166667, Test Acc: 0.6700000
Epoch: 062, Train Loss: 0.8447571, Train Acc: 0.6955556, Test Acc: 0.6800000
Epoch: 063, Train Loss: 0.6244126, Train Acc: 0.7077778, Test Acc: 0.6900000
Epoch: 064, Train Loss: 0.5308903, Train Acc: 0.7255556, Test Acc: 0.7000000
Epoch: 065, Train Loss: 0.8535916, Train Acc: 0.7055556, Test Acc: 0.6600000
Epoch: 066, Train Loss: 0.6026385, Train Acc: 0.7200000, Test Acc: 0.7000000
Epoch: 067, Train Loss: 0.5675916, Train Acc: 0.6855556, Test Acc: 0.6600000
Epoch: 068, Train Loss: 0.5248897, Train Acc: 0.7266667, Test Acc: 0.7000000
Epoch: 069, Train Loss: 0.5351721, Train Acc: 0.7222222, Test Acc: 0.7200000
Epoch: 070, Train Loss: 0.5861146, Train Acc: 0.6866667, Test Acc: 0.7000000
Epoch: 071, Train Loss: 0.6066585, Train Acc: 0.7133333, Test Acc: 0.7000000
Epoch: 072, Train Loss: 0.5246279, Train Acc: 0.7266667, Test Acc: 0.7000000
Epoch: 073, Train Loss: 0.5218869, Train Acc: 0.7144444, Test Acc: 0.6900000
Epoch: 074, Train Loss: 0.6015966, Train Acc: 0.6555556, Test Acc: 0.6300000
Epoch: 075, Train Loss: 0.5248879, Train Acc: 0.7244444, Test Acc: 0.6800000
Epoch: 076, Train Loss: 0.5502253, Train Acc: 0.7222222, Test Acc: 0.6800000
Epoch: 077, Train Loss: 0.6002989, Train Acc: 0.6522222, Test Acc: 0.6300000
Epoch: 078, Train Loss: 0.5283728, Train Acc: 0.7122222, Test Acc: 0.7000000
Epoch: 079, Train Loss: 0.5314992, Train Acc: 0.7222222, Test Acc: 0.7000000
Epoch: 080, Train Loss: 0.5296146, Train Acc: 0.7111111, Test Acc: 0.7000000
Epoch: 081, Train Loss: 0.5528306, Train Acc: 0.6788889, Test Acc: 0.6600000
Epoch: 082, Train Loss: 0.5477558, Train Acc: 0.6888889, Test Acc: 0.6600000
Epoch: 083, Train Loss: 0.5243861, Train Acc: 0.7266667, Test Acc: 0.7000000
Epoch: 084, Train Loss: 0.5300757, Train Acc: 0.7200000, Test Acc: 0.7000000
Epoch: 085, Train Loss: 0.5206985, Train Acc: 0.7222222, Test Acc: 0.6900000
Epoch: 086, Train Loss: 0.5305297, Train Acc: 0.7100000, Test Acc: 0.6900000
Epoch: 087, Train Loss: 0.5172322, Train Acc: 0.7277778, Test Acc: 0.7100000
Epoch: 088, Train Loss: 0.5402373, Train Acc: 0.7100000, Test Acc: 0.6500000
Epoch: 089, Train Loss: 0.5829159, Train Acc: 0.7155556, Test Acc: 0.6900000
Epoch: 090, Train Loss: 0.5525885, Train Acc: 0.6955556, Test Acc: 0.6700000
Epoch: 091, Train Loss: 0.5254848, Train Acc: 0.7233333, Test Acc: 0.6900000
Epoch: 092, Train Loss: 0.6372729, Train Acc: 0.7211111, Test Acc: 0.7000000
Epoch: 093, Train Loss: 0.5353474, Train Acc: 0.7244444, Test Acc: 0.7000000
Epoch: 094, Train Loss: 0.5230875, Train Acc: 0.7244444, Test Acc: 0.7100000
Epoch: 095, Train Loss: 0.5262914, Train Acc: 0.7244444, Test Acc: 0.7300000
Epoch: 096, Train Loss: 0.5181425, Train Acc: 0.7211111, Test Acc: 0.6900000
Epoch: 097, Train Loss: 0.5286954, Train Acc: 0.7055556, Test Acc: 0.6700000
Epoch: 098, Train Loss: 0.5112739, Train Acc: 0.7344444, Test Acc: 0.6900000
Epoch: 099, Train Loss: 0.5674324, Train Acc: 0.7100000, Test Acc: 0.6900000
Epoch: 100, Train Loss: 0.5334180, Train Acc: 0.7144444, Test Acc: 0.7000000
Epoch: 101, Train Loss: 0.5588581, Train Acc: 0.7044444, Test Acc: 0.6700000
Epoch: 102, Train Loss: 0.5153172, Train Acc: 0.7233333, Test Acc: 0.7100000
Epoch: 103, Train Loss: 0.6079435, Train Acc: 0.7066667, Test Acc: 0.6800000
Epoch: 104, Train Loss: 0.5415100, Train Acc: 0.7044444, Test Acc: 0.6700000
Epoch: 105, Train Loss: 0.5111372, Train Acc: 0.7322222, Test Acc: 0.7100000
Epoch: 106, Train Loss: 0.5307787, Train Acc: 0.7144444, Test Acc: 0.7000000
Epoch: 107, Train Loss: 0.5286179, Train Acc: 0.7033333, Test Acc: 0.7000000
Epoch: 108, Train Loss: 0.5634828, Train Acc: 0.7111111, Test Acc: 0.6800000
Epoch: 109, Train Loss: 0.5349194, Train Acc: 0.7233333, Test Acc: 0.6900000
Epoch: 110, Train Loss: 0.5612700, Train Acc: 0.6911111, Test Acc: 0.6900000
Epoch: 111, Train Loss: 0.5464379, Train Acc: 0.7000000, Test Acc: 0.6800000
Epoch: 112, Train Loss: 0.5108989, Train Acc: 0.7200000, Test Acc: 0.6900000
Epoch: 113, Train Loss: 0.4973065, Train Acc: 0.7455556, Test Acc: 0.7100000
Epoch: 114, Train Loss: 0.5288555, Train Acc: 0.7066667, Test Acc: 0.6600000
Epoch: 115, Train Loss: 0.5171601, Train Acc: 0.7188889, Test Acc: 0.6700000
Epoch: 116, Train Loss: 0.5301045, Train Acc: 0.7200000, Test Acc: 0.6700000
Epoch: 117, Train Loss: 0.5054055, Train Acc: 0.7344444, Test Acc: 0.7000000
Epoch: 118, Train Loss: 0.5079635, Train Acc: 0.7244444, Test Acc: 0.7000000
Epoch: 119, Train Loss: 0.5048022, Train Acc: 0.7311111, Test Acc: 0.7400000
Epoch: 120, Train Loss: 0.5179706, Train Acc: 0.7233333, Test Acc: 0.7100000
Epoch: 121, Train Loss: 0.5063770, Train Acc: 0.7300000, Test Acc: 0.7000000
Epoch: 122, Train Loss: 0.5174581, Train Acc: 0.7277778, Test Acc: 0.7000000
Epoch: 123, Train Loss: 0.5241917, Train Acc: 0.7133333, Test Acc: 0.6700000
Epoch: 124, Train Loss: 0.5097839, Train Acc: 0.7300000, Test Acc: 0.6700000
Epoch: 125, Train Loss: 0.5150122, Train Acc: 0.7377778, Test Acc: 0.7100000
Epoch: 126, Train Loss: 0.5102413, Train Acc: 0.7288889, Test Acc: 0.7000000
Epoch: 127, Train Loss: 0.5408428, Train Acc: 0.6977778, Test Acc: 0.6800000
Epoch: 128, Train Loss: 0.5529615, Train Acc: 0.6722222, Test Acc: 0.6600000
Epoch: 129, Train Loss: 0.4893216, Train Acc: 0.7311111, Test Acc: 0.7100000
Epoch: 130, Train Loss: 0.5152901, Train Acc: 0.7211111, Test Acc: 0.7000000
Epoch: 131, Train Loss: 0.5317238, Train Acc: 0.7000000, Test Acc: 0.6700000
Epoch: 132, Train Loss: 0.5221062, Train Acc: 0.7155556, Test Acc: 0.6800000
Epoch: 133, Train Loss: 0.5098820, Train Acc: 0.7333333, Test Acc: 0.7000000
Epoch: 134, Train Loss: 0.5234658, Train Acc: 0.7388889, Test Acc: 0.6800000
Epoch: 135, Train Loss: 0.4968910, Train Acc: 0.7355556, Test Acc: 0.7000000
Epoch: 136, Train Loss: 0.4910765, Train Acc: 0.7333333, Test Acc: 0.7100000
Epoch: 137, Train Loss: 0.4964688, Train Acc: 0.7266667, Test Acc: 0.6800000
Epoch: 138, Train Loss: 0.5253737, Train Acc: 0.7177778, Test Acc: 0.6700000
Epoch: 139, Train Loss: 0.5074507, Train Acc: 0.7266667, Test Acc: 0.6700000
Epoch: 140, Train Loss: 0.5013996, Train Acc: 0.7077778, Test Acc: 0.7000000
Epoch: 141, Train Loss: 0.4948214, Train Acc: 0.7222222, Test Acc: 0.6900000
Epoch: 142, Train Loss: 0.5079798, Train Acc: 0.7188889, Test Acc: 0.6900000
Epoch: 143, Train Loss: 0.4821469, Train Acc: 0.7488889, Test Acc: 0.7600000
Epoch: 144, Train Loss: 0.5643706, Train Acc: 0.6822222, Test Acc: 0.6600000
Epoch: 145, Train Loss: 0.4923686, Train Acc: 0.7255556, Test Acc: 0.7000000
Epoch: 146, Train Loss: 0.5106912, Train Acc: 0.7155556, Test Acc: 0.7100000
Epoch: 147, Train Loss: 0.4928433, Train Acc: 0.7444444, Test Acc: 0.7100000
Epoch: 148, Train Loss: 0.5183264, Train Acc: 0.7300000, Test Acc: 0.7000000
Epoch: 149, Train Loss: 0.5193180, Train Acc: 0.7244444, Test Acc: 0.7000000
Epoch: 150, Train Loss: 0.4860837, Train Acc: 0.7400000, Test Acc: 0.7100000
Epoch: 151, Train Loss: 0.4958939, Train Acc: 0.7311111, Test Acc: 0.7000000
Epoch: 152, Train Loss: 0.5376129, Train Acc: 0.6911111, Test Acc: 0.6700000
Epoch: 153, Train Loss: 0.5037285, Train Acc: 0.7322222, Test Acc: 0.7000000
Epoch: 154, Train Loss: 0.4961550, Train Acc: 0.7444444, Test Acc: 0.7300000
Epoch: 155, Train Loss: 0.5212342, Train Acc: 0.7266667, Test Acc: 0.6800000
Epoch: 156, Train Loss: 0.5231922, Train Acc: 0.7077778, Test Acc: 0.6700000
Epoch: 157, Train Loss: 0.5360662, Train Acc: 0.6833333, Test Acc: 0.6500000
Epoch: 158, Train Loss: 0.5234524, Train Acc: 0.7166667, Test Acc: 0.6900000
Epoch: 159, Train Loss: 0.5202385, Train Acc: 0.7088889, Test Acc: 0.6500000
Epoch: 160, Train Loss: 0.5276284, Train Acc: 0.7233333, Test Acc: 0.6900000
Epoch: 161, Train Loss: 0.4921450, Train Acc: 0.7411111, Test Acc: 0.7000000
Epoch: 162, Train Loss: 0.5063015, Train Acc: 0.7300000, Test Acc: 0.6800000
Epoch: 163, Train Loss: 0.4972129, Train Acc: 0.7344444, Test Acc: 0.6700000
Epoch: 164, Train Loss: 0.5000321, Train Acc: 0.7188889, Test Acc: 0.6700000
Epoch: 165, Train Loss: 0.4956020, Train Acc: 0.7400000, Test Acc: 0.7000000
Epoch: 166, Train Loss: 0.5265159, Train Acc: 0.7177778, Test Acc: 0.6700000
Epoch: 167, Train Loss: 0.4938317, Train Acc: 0.7255556, Test Acc: 0.6900000
Epoch: 168, Train Loss: 0.4819627, Train Acc: 0.7688889, Test Acc: 0.7300000
Epoch: 169, Train Loss: 0.5001677, Train Acc: 0.7333333, Test Acc: 0.7000000
Epoch: 170, Train Loss: 0.4849796, Train Acc: 0.7422222, Test Acc: 0.7100000
Epoch: 171, Train Loss: 0.4852998, Train Acc: 0.7500000, Test Acc: 0.7000000
Epoch: 172, Train Loss: 0.4889000, Train Acc: 0.7344444, Test Acc: 0.7000000
Epoch: 173, Train Loss: 0.4789276, Train Acc: 0.7444444, Test Acc: 0.7100000
Epoch: 174, Train Loss: 0.4861253, Train Acc: 0.7422222, Test Acc: 0.6900000
Epoch: 175, Train Loss: 0.5028678, Train Acc: 0.7300000, Test Acc: 0.7200000
Epoch: 176, Train Loss: 0.4948590, Train Acc: 0.7422222, Test Acc: 0.7200000
Epoch: 177, Train Loss: 0.4861565, Train Acc: 0.7422222, Test Acc: 0.7100000
Epoch: 178, Train Loss: 0.5141689, Train Acc: 0.7255556, Test Acc: 0.7000000
Epoch: 179, Train Loss: 0.4810427, Train Acc: 0.7544444, Test Acc: 0.7200000
Epoch: 180, Train Loss: 0.4814783, Train Acc: 0.7611111, Test Acc: 0.7000000
Epoch: 181, Train Loss: 0.4874756, Train Acc: 0.7511111, Test Acc: 0.7000000
Epoch: 182, Train Loss: 0.4871441, Train Acc: 0.7455556, Test Acc: 0.7200000
Epoch: 183, Train Loss: 11.1908009, Train Acc: 0.6733333, Test Acc: 0.6400000
Epoch: 184, Train Loss: 0.5653555, Train Acc: 0.6900000, Test Acc: 0.6900000
Epoch: 185, Train Loss: 1.0173361, Train Acc: 0.6788889, Test Acc: 0.6100000
Epoch: 186, Train Loss: 1.0909840, Train Acc: 0.6800000, Test Acc: 0.6700000
Epoch: 187, Train Loss: 0.9867837, Train Acc: 0.7300000, Test Acc: 0.6900000
Epoch: 188, Train Loss: 0.9042056, Train Acc: 0.6955556, Test Acc: 0.6800000
Epoch: 189, Train Loss: 0.5708361, Train Acc: 0.6833333, Test Acc: 0.6700000
Epoch: 190, Train Loss: 0.9735407, Train Acc: 0.6866667, Test Acc: 0.6700000
Epoch: 191, Train Loss: 0.5668350, Train Acc: 0.6788889, Test Acc: 0.6600000
Epoch: 192, Train Loss: 0.8636349, Train Acc: 0.7500000, Test Acc: 0.7200000
Epoch: 193, Train Loss: 0.5061954, Train Acc: 0.7288889, Test Acc: 0.6800000
Epoch: 194, Train Loss: 0.4932676, Train Acc: 0.7466667, Test Acc: 0.7100000
Epoch: 195, Train Loss: 0.7693923, Train Acc: 0.7333333, Test Acc: 0.6900000
Epoch: 196, Train Loss: 0.8769167, Train Acc: 0.7511111, Test Acc: 0.7200000
Epoch: 197, Train Loss: 0.5544260, Train Acc: 0.7466667, Test Acc: 0.7200000
Epoch: 198, Train Loss: 0.5054973, Train Acc: 0.7322222, Test Acc: 0.6900000
Epoch: 199, Train Loss: 0.6524981, Train Acc: 0.7088889, Test Acc: 0.6800000
Epoch: 200, Train Loss: 0.5506209, Train Acc: 0.7366667, Test Acc: 0.7000000
Epoch: 201, Train Loss: 0.5265091, Train Acc: 0.7388889, Test Acc: 0.7200000
Epoch: 202, Train Loss: 0.8759416, Train Acc: 0.7455556, Test Acc: 0.7000000
Epoch: 203, Train Loss: 0.5350320, Train Acc: 0.7522222, Test Acc: 0.7100000
Epoch: 204, Train Loss: 0.5551781, Train Acc: 0.7588889, Test Acc: 0.7000000
Epoch: 205, Train Loss: 0.4788190, Train Acc: 0.7311111, Test Acc: 0.7200000
Epoch: 206, Train Loss: 0.4920400, Train Acc: 0.7266667, Test Acc: 0.7000000
Epoch: 207, Train Loss: 0.4730197, Train Acc: 0.7222222, Test Acc: 0.7100000
Epoch: 208, Train Loss: 0.4973160, Train Acc: 0.7222222, Test Acc: 0.7000000
Epoch: 209, Train Loss: 0.4823942, Train Acc: 0.7555556, Test Acc: 0.7100000
Epoch: 210, Train Loss: 0.4715522, Train Acc: 0.7511111, Test Acc: 0.7200000
Epoch: 211, Train Loss: 0.4666710, Train Acc: 0.7633333, Test Acc: 0.7500000
Epoch: 212, Train Loss: 0.4794937, Train Acc: 0.7511111, Test Acc: 0.6900000
Epoch: 213, Train Loss: 0.5176464, Train Acc: 0.7455556, Test Acc: 0.7000000
Epoch: 214, Train Loss: 0.4751572, Train Acc: 0.7555556, Test Acc: 0.6900000
Epoch: 215, Train Loss: 0.4724174, Train Acc: 0.7544444, Test Acc: 0.7100000
Epoch: 216, Train Loss: 0.4970247, Train Acc: 0.7266667, Test Acc: 0.6900000
Epoch: 217, Train Loss: 0.5471171, Train Acc: 0.7500000, Test Acc: 0.7300000
Epoch: 218, Train Loss: 0.4769232, Train Acc: 0.7522222, Test Acc: 0.7200000
Epoch: 219, Train Loss: 0.4713390, Train Acc: 0.7611111, Test Acc: 0.7300000
Epoch: 220, Train Loss: 0.4806598, Train Acc: 0.7455556, Test Acc: 0.7100000
Epoch: 221, Train Loss: 0.4713099, Train Acc: 0.7688889, Test Acc: 0.7100000
Epoch: 222, Train Loss: 0.4682555, Train Acc: 0.7666667, Test Acc: 0.7400000
Epoch: 223, Train Loss: 0.4712327, Train Acc: 0.7700000, Test Acc: 0.7200000
Epoch: 224, Train Loss: 0.4947886, Train Acc: 0.7422222, Test Acc: 0.7000000
Epoch: 225, Train Loss: 0.4559910, Train Acc: 0.7733333, Test Acc: 0.7200000
Epoch: 226, Train Loss: 0.4772877, Train Acc: 0.7644444, Test Acc: 0.7200000
Epoch: 227, Train Loss: 0.4571284, Train Acc: 0.7688889, Test Acc: 0.7300000
Epoch: 228, Train Loss: 0.4838081, Train Acc: 0.7477778, Test Acc: 0.7400000
Epoch: 229, Train Loss: 0.4872430, Train Acc: 0.7577778, Test Acc: 0.7400000
Epoch: 230, Train Loss: 0.4713358, Train Acc: 0.7711111, Test Acc: 0.7500000
Epoch: 231, Train Loss: 0.4877254, Train Acc: 0.7388889, Test Acc: 0.7100000
Epoch: 232, Train Loss: 0.4544120, Train Acc: 0.7766667, Test Acc: 0.7200000
Epoch: 233, Train Loss: 0.4663767, Train Acc: 0.7577778, Test Acc: 0.6800000
Epoch: 234, Train Loss: 0.5051622, Train Acc: 0.7266667, Test Acc: 0.6700000
Epoch: 235, Train Loss: 0.5059863, Train Acc: 0.7355556, Test Acc: 0.7100000
Epoch: 236, Train Loss: 0.5007410, Train Acc: 0.7333333, Test Acc: 0.6900000
Epoch: 237, Train Loss: 0.4886843, Train Acc: 0.7311111, Test Acc: 0.6900000
Epoch: 238, Train Loss: 0.4756420, Train Acc: 0.7444444, Test Acc: 0.7000000
Epoch: 239, Train Loss: 0.4870292, Train Acc: 0.7244444, Test Acc: 0.6800000
Epoch: 240, Train Loss: 0.5013439, Train Acc: 0.7133333, Test Acc: 0.6800000
Epoch: 241, Train Loss: 0.4673039, Train Acc: 0.7677778, Test Acc: 0.7400000
Epoch: 242, Train Loss: 0.4988944, Train Acc: 0.7200000, Test Acc: 0.7000000
Epoch: 243, Train Loss: 0.4854597, Train Acc: 0.7455556, Test Acc: 0.6700000
Epoch: 244, Train Loss: 0.4474294, Train Acc: 0.7866667, Test Acc: 0.7100000
Epoch: 245, Train Loss: 0.4655465, Train Acc: 0.7644444, Test Acc: 0.6900000
Epoch: 246, Train Loss: 0.4798107, Train Acc: 0.7255556, Test Acc: 0.6600000
Epoch: 247, Train Loss: 0.5050304, Train Acc: 0.7200000, Test Acc: 0.6500000
Epoch: 248, Train Loss: 0.4586939, Train Acc: 0.7777778, Test Acc: 0.7100000
Epoch: 249, Train Loss: 0.4826710, Train Acc: 0.7366667, Test Acc: 0.7100000
Epoch: 250, Train Loss: 0.4562206, Train Acc: 0.7666667, Test Acc: 0.7400000
Epoch: 251, Train Loss: 0.4517241, Train Acc: 0.7811111, Test Acc: 0.7000000
Epoch: 252, Train Loss: 0.4710613, Train Acc: 0.7655556, Test Acc: 0.7000000
Epoch: 253, Train Loss: 0.5901077, Train Acc: 0.7288889, Test Acc: 0.7000000
Epoch: 254, Train Loss: 0.4458980, Train Acc: 0.7800000, Test Acc: 0.7400000
Epoch: 255, Train Loss: 0.4683946, Train Acc: 0.7611111, Test Acc: 0.7100000
Epoch: 256, Train Loss: 0.7008628, Train Acc: 0.7644444, Test Acc: 0.7400000
Epoch: 257, Train Loss: 0.4492518, Train Acc: 0.7788889, Test Acc: 0.7100000
Epoch: 258, Train Loss: 0.4776771, Train Acc: 0.7666667, Test Acc: 0.6900000
Epoch: 259, Train Loss: 0.4517727, Train Acc: 0.7522222, Test Acc: 0.7000000
Epoch: 260, Train Loss: 0.4497348, Train Acc: 0.7755556, Test Acc: 0.7200000
Epoch: 261, Train Loss: 0.4628493, Train Acc: 0.7477778, Test Acc: 0.6700000
Epoch: 262, Train Loss: 0.4560046, Train Acc: 0.7700000, Test Acc: 0.6900000
Epoch: 263, Train Loss: 0.4813719, Train Acc: 0.7588889, Test Acc: 0.6700000
Epoch: 264, Train Loss: 0.4584901, Train Acc: 0.7488889, Test Acc: 0.6700000
Epoch: 265, Train Loss: 0.4344293, Train Acc: 0.7655556, Test Acc: 0.6800000
Epoch: 266, Train Loss: 0.8107508, Train Acc: 0.7700000, Test Acc: 0.7400000
Epoch: 267, Train Loss: 0.4916994, Train Acc: 0.7200000, Test Acc: 0.6600000
Epoch: 268, Train Loss: 0.4462696, Train Acc: 0.7922222, Test Acc: 0.7500000
Epoch: 269, Train Loss: 0.4519603, Train Acc: 0.7800000, Test Acc: 0.7000000
Epoch: 270, Train Loss: 0.4788309, Train Acc: 0.7511111, Test Acc: 0.7000000
Epoch: 271, Train Loss: 0.4783050, Train Acc: 0.7355556, Test Acc: 0.6900000
Epoch: 272, Train Loss: 0.4444746, Train Acc: 0.7722222, Test Acc: 0.7200000
Epoch: 273, Train Loss: 0.4441418, Train Acc: 0.7822222, Test Acc: 0.7300000
Epoch: 274, Train Loss: 0.4770381, Train Acc: 0.7688889, Test Acc: 0.7000000
Epoch: 275, Train Loss: 0.4665155, Train Acc: 0.7533333, Test Acc: 0.7000000
Epoch: 276, Train Loss: 0.4283386, Train Acc: 0.7855556, Test Acc: 0.7000000
Epoch: 277, Train Loss: 0.4388438, Train Acc: 0.7866667, Test Acc: 0.7600000
Epoch: 278, Train Loss: 0.4406308, Train Acc: 0.7811111, Test Acc: 0.7300000
Epoch: 279, Train Loss: 0.4957393, Train Acc: 0.7044444, Test Acc: 0.6700000
Epoch: 280, Train Loss: 0.4781921, Train Acc: 0.7422222, Test Acc: 0.6600000
Epoch: 281, Train Loss: 0.4565219, Train Acc: 0.7600000, Test Acc: 0.7000000
Epoch: 282, Train Loss: 0.4830641, Train Acc: 0.7177778, Test Acc: 0.6900000
Epoch: 283, Train Loss: 0.4602838, Train Acc: 0.7533333, Test Acc: 0.7300000
Epoch: 284, Train Loss: 0.4480436, Train Acc: 0.7788889, Test Acc: 0.7400000
Epoch: 285, Train Loss: 0.5813255, Train Acc: 0.7855556, Test Acc: 0.7500000
Epoch: 286, Train Loss: 0.4326490, Train Acc: 0.7844444, Test Acc: 0.7500000
Epoch: 287, Train Loss: 0.4567269, Train Acc: 0.7488889, Test Acc: 0.7400000
Epoch: 288, Train Loss: 0.4466513, Train Acc: 0.7744444, Test Acc: 0.7500000
Epoch: 289, Train Loss: 0.4872046, Train Acc: 0.7077778, Test Acc: 0.6700000
Epoch: 290, Train Loss: 0.4452888, Train Acc: 0.7744444, Test Acc: 0.7400000
Epoch: 291, Train Loss: 0.4423734, Train Acc: 0.7522222, Test Acc: 0.7300000
Epoch: 292, Train Loss: 0.4434208, Train Acc: 0.7711111, Test Acc: 0.7300000
Epoch: 293, Train Loss: 0.4542217, Train Acc: 0.7555556, Test Acc: 0.7100000
Epoch: 294, Train Loss: 0.6096784, Train Acc: 0.7888889, Test Acc: 0.7400000
Epoch: 295, Train Loss: 0.4721775, Train Acc: 0.7822222, Test Acc: 0.7200000
Epoch: 296, Train Loss: 0.4565569, Train Acc: 0.7488889, Test Acc: 0.7100000
Epoch: 297, Train Loss: 0.4371179, Train Acc: 0.7800000, Test Acc: 0.7400000
Epoch: 298, Train Loss: 0.4388834, Train Acc: 0.7877778, Test Acc: 0.7400000
Epoch: 299, Train Loss: 0.4741352, Train Acc: 0.7244444, Test Acc: 0.6900000
Epoch: 300, Train Loss: 0.4745417, Train Acc: 0.7322222, Test Acc: 0.7000000
--------
Best Test Acc:   0.7433333333333333_0.02867441755680878, Epoch: 193
Best Train Loss: 0.45317247867584226_0.021650286117254374
Best Train Acc:  0.7681481481481481_0.024634502441949493
FOLD3, IMDB-BINARY, 1673262208/bdd7e42_GSOE[-0.2, -0.25, -0.3, -0.35, -0.4]P[[1, 3], [1, 3], [1, 5], [1, 5], [1, 5]]I1_GELU_YX_4_256_0_0.001_40_0.6_0_B16S0W8, BT=0.7433333333333333_0.02867441755680878, BE=193, ID=bdd7e424313ef497bbce956f20477ed16a17f1c8
train_set : test_set = %d : %d 900 100
-------- FOLD3 DATASET=IMDB-BINARY, COMMIT_ID=bdd7e424313ef497bbce956f20477ed16a17f1c8
With batch_norm.
#Params: 935426
Epoch: 001, Train Loss: 37.2808137, Train Acc: 0.6222222, Test Acc: 0.5900000
Epoch: 002, Train Loss: 15.3622634, Train Acc: 0.5666667, Test Acc: 0.5800000
Epoch: 003, Train Loss: 53.9873098, Train Acc: 0.5933333, Test Acc: 0.6100000
Epoch: 004, Train Loss: 9.1980246, Train Acc: 0.6244444, Test Acc: 0.5800000
Epoch: 005, Train Loss: 3.4411567, Train Acc: 0.4611111, Test Acc: 0.4400000
Epoch: 006, Train Loss: 3.1116929, Train Acc: 0.6455556, Test Acc: 0.6300000
Epoch: 007, Train Loss: 16.4341229, Train Acc: 0.6133333, Test Acc: 0.6400000
Epoch: 008, Train Loss: 3.2739859, Train Acc: 0.6777778, Test Acc: 0.6800000
Epoch: 009, Train Loss: 0.9908389, Train Acc: 0.7022222, Test Acc: 0.6900000
Epoch: 010, Train Loss: 0.7351549, Train Acc: 0.6844444, Test Acc: 0.7000000
Epoch: 011, Train Loss: 0.9825995, Train Acc: 0.5755556, Test Acc: 0.5400000
Epoch: 012, Train Loss: 0.9594190, Train Acc: 0.6444444, Test Acc: 0.6000000
Epoch: 013, Train Loss: 9.6895303, Train Acc: 0.6111111, Test Acc: 0.5900000
Epoch: 014, Train Loss: 2.0207776, Train Acc: 0.5877778, Test Acc: 0.5600000
Epoch: 015, Train Loss: 0.6445717, Train Acc: 0.6711111, Test Acc: 0.6800000
Epoch: 016, Train Loss: 0.6426705, Train Acc: 0.6922222, Test Acc: 0.6800000
Epoch: 017, Train Loss: 2.4037546, Train Acc: 0.6666667, Test Acc: 0.6600000
Epoch: 018, Train Loss: 39.9549984, Train Acc: 0.6222222, Test Acc: 0.6300000
Epoch: 019, Train Loss: 0.6199621, Train Acc: 0.6955556, Test Acc: 0.6600000
Epoch: 020, Train Loss: 0.5469446, Train Acc: 0.7166667, Test Acc: 0.7000000
Epoch: 021, Train Loss: 0.8715413, Train Acc: 0.6133333, Test Acc: 0.6000000
Epoch: 022, Train Loss: 0.5445126, Train Acc: 0.7077778, Test Acc: 0.7000000
Epoch: 023, Train Loss: 0.5806592, Train Acc: 0.6966667, Test Acc: 0.6300000
Epoch: 024, Train Loss: 0.5830761, Train Acc: 0.7100000, Test Acc: 0.6700000
Epoch: 025, Train Loss: 0.5739768, Train Acc: 0.7055556, Test Acc: 0.7400000
Epoch: 026, Train Loss: 0.6056131, Train Acc: 0.6866667, Test Acc: 0.6600000
Epoch: 027, Train Loss: 0.5613857, Train Acc: 0.7300000, Test Acc: 0.7500000
Epoch: 028, Train Loss: 0.5904065, Train Acc: 0.6822222, Test Acc: 0.6300000
Epoch: 029, Train Loss: 0.5576040, Train Acc: 0.6900000, Test Acc: 0.6200000
Epoch: 030, Train Loss: 0.5756794, Train Acc: 0.6666667, Test Acc: 0.6200000
Epoch: 031, Train Loss: 0.5581213, Train Acc: 0.7100000, Test Acc: 0.7300000
Epoch: 032, Train Loss: 0.6767078, Train Acc: 0.6633333, Test Acc: 0.6500000
Epoch: 033, Train Loss: 0.5331155, Train Acc: 0.7311111, Test Acc: 0.7600000
Epoch: 034, Train Loss: 0.6407336, Train Acc: 0.6922222, Test Acc: 0.6200000
Epoch: 035, Train Loss: 0.5893167, Train Acc: 0.7111111, Test Acc: 0.6500000
Epoch: 036, Train Loss: 0.6703988, Train Acc: 0.6322222, Test Acc: 0.6200000
Epoch: 037, Train Loss: 0.7482749, Train Acc: 0.6800000, Test Acc: 0.6500000
Epoch: 038, Train Loss: 0.6316828, Train Acc: 0.7000000, Test Acc: 0.5800000
Epoch: 039, Train Loss: 0.7003262, Train Acc: 0.6977778, Test Acc: 0.6300000
Epoch: 040, Train Loss: 6.8161002, Train Acc: 0.6688889, Test Acc: 0.6400000
Epoch: 041, Train Loss: 0.6012585, Train Acc: 0.6877778, Test Acc: 0.6900000
Epoch: 042, Train Loss: 0.6701735, Train Acc: 0.7177778, Test Acc: 0.7400000
Epoch: 043, Train Loss: 0.5635970, Train Acc: 0.6977778, Test Acc: 0.6400000
Epoch: 044, Train Loss: 0.5832882, Train Acc: 0.6944444, Test Acc: 0.6800000
Epoch: 045, Train Loss: 0.6065980, Train Acc: 0.6655556, Test Acc: 0.6200000
Epoch: 046, Train Loss: 0.5763479, Train Acc: 0.7111111, Test Acc: 0.7100000
Epoch: 047, Train Loss: 0.5858394, Train Acc: 0.6977778, Test Acc: 0.6700000
Epoch: 048, Train Loss: 0.5639037, Train Acc: 0.7144444, Test Acc: 0.6800000
Epoch: 049, Train Loss: 0.6072398, Train Acc: 0.6944444, Test Acc: 0.6400000
Epoch: 050, Train Loss: 0.6173133, Train Acc: 0.7133333, Test Acc: 0.7400000
Epoch: 051, Train Loss: 0.5643676, Train Acc: 0.7166667, Test Acc: 0.7100000
Epoch: 052, Train Loss: 0.6246694, Train Acc: 0.6544444, Test Acc: 0.6300000
Epoch: 053, Train Loss: 0.5423506, Train Acc: 0.7044444, Test Acc: 0.7300000
Epoch: 054, Train Loss: 0.7325015, Train Acc: 0.7111111, Test Acc: 0.7300000
Epoch: 055, Train Loss: 0.5576135, Train Acc: 0.7233333, Test Acc: 0.7000000
Epoch: 056, Train Loss: 0.5672899, Train Acc: 0.7144444, Test Acc: 0.6900000
Epoch: 057, Train Loss: 0.5787202, Train Acc: 0.7188889, Test Acc: 0.7300000
Epoch: 058, Train Loss: 0.5303074, Train Acc: 0.7288889, Test Acc: 0.7400000
Epoch: 059, Train Loss: 0.5444835, Train Acc: 0.7077778, Test Acc: 0.6700000
Epoch: 060, Train Loss: 0.6097044, Train Acc: 0.6644444, Test Acc: 0.6200000
Epoch: 061, Train Loss: 0.5283934, Train Acc: 0.7211111, Test Acc: 0.6900000
Epoch: 062, Train Loss: 0.6394819, Train Acc: 0.6933333, Test Acc: 0.6500000
Epoch: 063, Train Loss: 0.5582144, Train Acc: 0.7044444, Test Acc: 0.6500000
Epoch: 064, Train Loss: 0.7010435, Train Acc: 0.6977778, Test Acc: 0.6000000
Epoch: 065, Train Loss: 0.5646002, Train Acc: 0.7011111, Test Acc: 0.6700000
Epoch: 066, Train Loss: 0.5820566, Train Acc: 0.6644444, Test Acc: 0.6700000
Epoch: 067, Train Loss: 0.8516618, Train Acc: 0.6677778, Test Acc: 0.6400000
Epoch: 068, Train Loss: 0.6495785, Train Acc: 0.6344444, Test Acc: 0.5900000
Epoch: 069, Train Loss: 1.0485206, Train Acc: 0.7044444, Test Acc: 0.7400000
Epoch: 070, Train Loss: 0.5174183, Train Acc: 0.7244444, Test Acc: 0.7700000
Epoch: 071, Train Loss: 0.5923541, Train Acc: 0.7022222, Test Acc: 0.6800000
Epoch: 072, Train Loss: 0.5519560, Train Acc: 0.7144444, Test Acc: 0.7100000
Epoch: 073, Train Loss: 0.5545952, Train Acc: 0.6777778, Test Acc: 0.6500000
Epoch: 074, Train Loss: 0.5756922, Train Acc: 0.6855556, Test Acc: 0.6500000
Epoch: 075, Train Loss: 0.5186956, Train Acc: 0.7255556, Test Acc: 0.7200000
Epoch: 076, Train Loss: 0.5115807, Train Acc: 0.7288889, Test Acc: 0.7400000
Epoch: 077, Train Loss: 0.5588838, Train Acc: 0.6866667, Test Acc: 0.7000000
Epoch: 078, Train Loss: 0.5237970, Train Acc: 0.7255556, Test Acc: 0.7000000
Epoch: 079, Train Loss: 0.5416580, Train Acc: 0.7255556, Test Acc: 0.7400000
Epoch: 080, Train Loss: 0.5816358, Train Acc: 0.6566667, Test Acc: 0.6500000
Epoch: 081, Train Loss: 0.5299210, Train Acc: 0.7044444, Test Acc: 0.6800000
Epoch: 082, Train Loss: 0.5384767, Train Acc: 0.7333333, Test Acc: 0.7100000
Epoch: 083, Train Loss: 0.7479408, Train Acc: 0.6233333, Test Acc: 0.5900000
Epoch: 084, Train Loss: 0.5713289, Train Acc: 0.7077778, Test Acc: 0.7100000
Epoch: 085, Train Loss: 0.6029589, Train Acc: 0.6866667, Test Acc: 0.6200000
Epoch: 086, Train Loss: 0.6173672, Train Acc: 0.6677778, Test Acc: 0.6300000
Epoch: 087, Train Loss: 1.2240312, Train Acc: 0.7022222, Test Acc: 0.7600000
Epoch: 088, Train Loss: 0.5742312, Train Acc: 0.7033333, Test Acc: 0.7200000
Epoch: 089, Train Loss: 0.7168482, Train Acc: 0.6666667, Test Acc: 0.6200000
Epoch: 090, Train Loss: 0.5238303, Train Acc: 0.7166667, Test Acc: 0.7500000
Epoch: 091, Train Loss: 0.5403948, Train Acc: 0.7055556, Test Acc: 0.7100000
Epoch: 092, Train Loss: 0.5773001, Train Acc: 0.7044444, Test Acc: 0.6600000
Epoch: 093, Train Loss: 0.5405143, Train Acc: 0.7277778, Test Acc: 0.7400000
Epoch: 094, Train Loss: 0.5791103, Train Acc: 0.6800000, Test Acc: 0.6900000
Epoch: 095, Train Loss: 0.5379971, Train Acc: 0.7111111, Test Acc: 0.6900000
Epoch: 096, Train Loss: 0.5343685, Train Acc: 0.7233333, Test Acc: 0.7000000
Epoch: 097, Train Loss: 0.5262183, Train Acc: 0.7222222, Test Acc: 0.7600000
Epoch: 098, Train Loss: 0.5388747, Train Acc: 0.6933333, Test Acc: 0.6900000
Epoch: 099, Train Loss: 0.5437551, Train Acc: 0.6933333, Test Acc: 0.7200000
Epoch: 100, Train Loss: 0.5302628, Train Acc: 0.6900000, Test Acc: 0.6900000
Epoch: 101, Train Loss: 0.5550435, Train Acc: 0.6755556, Test Acc: 0.6500000
Epoch: 102, Train Loss: 0.6788557, Train Acc: 0.6533333, Test Acc: 0.6400000
Epoch: 103, Train Loss: 0.6103813, Train Acc: 0.6988889, Test Acc: 0.7500000
Epoch: 104, Train Loss: 0.6527803, Train Acc: 0.6700000, Test Acc: 0.7200000
Epoch: 105, Train Loss: 2.6972304, Train Acc: 0.6477778, Test Acc: 0.6000000
Epoch: 106, Train Loss: 0.7997804, Train Acc: 0.6566667, Test Acc: 0.5700000
Epoch: 107, Train Loss: 0.7041527, Train Acc: 0.6477778, Test Acc: 0.6200000
Epoch: 108, Train Loss: 1.0326313, Train Acc: 0.6611111, Test Acc: 0.6100000
Epoch: 109, Train Loss: 0.8852364, Train Acc: 0.5600000, Test Acc: 0.5500000
Epoch: 110, Train Loss: 0.5974035, Train Acc: 0.6622222, Test Acc: 0.6100000
Epoch: 111, Train Loss: 1.3657453, Train Acc: 0.6655556, Test Acc: 0.6000000
Epoch: 112, Train Loss: 1.5062057, Train Acc: 0.6966667, Test Acc: 0.7400000
Epoch: 113, Train Loss: 0.6142963, Train Acc: 0.6811111, Test Acc: 0.6900000
Epoch: 114, Train Loss: 0.6067541, Train Acc: 0.7066667, Test Acc: 0.7100000
Epoch: 115, Train Loss: 0.5876850, Train Acc: 0.6966667, Test Acc: 0.6500000
Epoch: 116, Train Loss: 0.6256084, Train Acc: 0.6388889, Test Acc: 0.6200000
Epoch: 117, Train Loss: 0.5431973, Train Acc: 0.7166667, Test Acc: 0.7400000
Epoch: 118, Train Loss: 0.5488671, Train Acc: 0.7111111, Test Acc: 0.7000000
Epoch: 119, Train Loss: 0.5603908, Train Acc: 0.6900000, Test Acc: 0.7200000
Epoch: 120, Train Loss: 0.5696220, Train Acc: 0.6822222, Test Acc: 0.6900000
Epoch: 121, Train Loss: 0.5408327, Train Acc: 0.7188889, Test Acc: 0.7100000
Epoch: 122, Train Loss: 0.5308413, Train Acc: 0.7200000, Test Acc: 0.7100000
Epoch: 123, Train Loss: 0.5424711, Train Acc: 0.7011111, Test Acc: 0.6800000
Epoch: 124, Train Loss: 0.6273155, Train Acc: 0.6744444, Test Acc: 0.6200000
Epoch: 125, Train Loss: 0.5576562, Train Acc: 0.6955556, Test Acc: 0.6500000
Epoch: 126, Train Loss: 0.5638068, Train Acc: 0.7100000, Test Acc: 0.6600000
Epoch: 127, Train Loss: 0.5352310, Train Acc: 0.7133333, Test Acc: 0.6800000
Epoch: 128, Train Loss: 0.5515056, Train Acc: 0.7133333, Test Acc: 0.7000000
Epoch: 129, Train Loss: 0.5353318, Train Acc: 0.7344444, Test Acc: 0.7100000
Epoch: 130, Train Loss: 0.5347527, Train Acc: 0.7266667, Test Acc: 0.7600000
Epoch: 131, Train Loss: 0.5669416, Train Acc: 0.6966667, Test Acc: 0.6400000
Epoch: 132, Train Loss: 0.5511826, Train Acc: 0.7055556, Test Acc: 0.6600000
Epoch: 133, Train Loss: 0.5519442, Train Acc: 0.7033333, Test Acc: 0.6600000
Epoch: 134, Train Loss: 0.5328041, Train Acc: 0.7077778, Test Acc: 0.7100000
Epoch: 135, Train Loss: 0.5302771, Train Acc: 0.7022222, Test Acc: 0.7100000
Epoch: 136, Train Loss: 0.5399509, Train Acc: 0.7111111, Test Acc: 0.7200000
Epoch: 137, Train Loss: 0.5267705, Train Acc: 0.7266667, Test Acc: 0.7700000
Epoch: 138, Train Loss: 0.5785887, Train Acc: 0.6888889, Test Acc: 0.6700000
Epoch: 139, Train Loss: 0.5796192, Train Acc: 0.7144444, Test Acc: 0.7300000
Epoch: 140, Train Loss: 0.5544314, Train Acc: 0.7077778, Test Acc: 0.6900000
Epoch: 141, Train Loss: 0.5412030, Train Acc: 0.7255556, Test Acc: 0.7000000
Epoch: 142, Train Loss: 0.5660304, Train Acc: 0.6777778, Test Acc: 0.6600000
Epoch: 143, Train Loss: 0.5396590, Train Acc: 0.7177778, Test Acc: 0.7500000
Epoch: 144, Train Loss: 0.5303336, Train Acc: 0.7266667, Test Acc: 0.7500000
Epoch: 145, Train Loss: 0.5327895, Train Acc: 0.7166667, Test Acc: 0.7600000
Epoch: 146, Train Loss: 0.5304832, Train Acc: 0.7244444, Test Acc: 0.7400000
Epoch: 147, Train Loss: 0.5294737, Train Acc: 0.7144444, Test Acc: 0.7400000
Epoch: 148, Train Loss: 0.6198614, Train Acc: 0.5933333, Test Acc: 0.6000000
Epoch: 149, Train Loss: 0.5434085, Train Acc: 0.7244444, Test Acc: 0.7300000
Epoch: 150, Train Loss: 0.5264187, Train Acc: 0.7266667, Test Acc: 0.7600000
Epoch: 151, Train Loss: 0.5394444, Train Acc: 0.7177778, Test Acc: 0.7200000
Epoch: 152, Train Loss: 0.5385060, Train Acc: 0.7311111, Test Acc: 0.7000000
Epoch: 153, Train Loss: 0.5716745, Train Acc: 0.6622222, Test Acc: 0.6700000
Epoch: 154, Train Loss: 0.5442548, Train Acc: 0.7233333, Test Acc: 0.7100000
Epoch: 155, Train Loss: 0.5493912, Train Acc: 0.7288889, Test Acc: 0.7600000
Epoch: 156, Train Loss: 0.5538406, Train Acc: 0.7077778, Test Acc: 0.6900000
Epoch: 157, Train Loss: 0.6166778, Train Acc: 0.7077778, Test Acc: 0.7500000
Epoch: 158, Train Loss: 0.5256823, Train Acc: 0.7100000, Test Acc: 0.7300000
Epoch: 159, Train Loss: 0.5300359, Train Acc: 0.7222222, Test Acc: 0.6700000
Epoch: 160, Train Loss: 0.5365218, Train Acc: 0.7144444, Test Acc: 0.7100000
Epoch: 161, Train Loss: 0.5601747, Train Acc: 0.6922222, Test Acc: 0.7100000
Epoch: 162, Train Loss: 0.5354583, Train Acc: 0.7144444, Test Acc: 0.7100000
Epoch: 163, Train Loss: 0.5207111, Train Acc: 0.7222222, Test Acc: 0.7300000
Epoch: 164, Train Loss: 0.5413432, Train Acc: 0.7277778, Test Acc: 0.7700000
Epoch: 165, Train Loss: 0.5194979, Train Acc: 0.7177778, Test Acc: 0.7200000
Epoch: 166, Train Loss: 0.5240640, Train Acc: 0.7088889, Test Acc: 0.7000000
Epoch: 167, Train Loss: 0.5669834, Train Acc: 0.6877778, Test Acc: 0.6700000
Epoch: 168, Train Loss: 0.5528398, Train Acc: 0.7000000, Test Acc: 0.6900000
Epoch: 169, Train Loss: 0.5288154, Train Acc: 0.7155556, Test Acc: 0.6900000
Epoch: 170, Train Loss: 0.5469047, Train Acc: 0.6788889, Test Acc: 0.6700000
Epoch: 171, Train Loss: 0.5430646, Train Acc: 0.7188889, Test Acc: 0.6700000
Epoch: 172, Train Loss: 0.5477672, Train Acc: 0.6933333, Test Acc: 0.6500000
Epoch: 173, Train Loss: 0.5103842, Train Acc: 0.7300000, Test Acc: 0.7500000
Epoch: 174, Train Loss: 0.5343642, Train Acc: 0.7277778, Test Acc: 0.7300000
Epoch: 175, Train Loss: 0.5254722, Train Acc: 0.7155556, Test Acc: 0.6900000
Epoch: 176, Train Loss: 0.5414435, Train Acc: 0.7233333, Test Acc: 0.6800000
Epoch: 177, Train Loss: 0.5343863, Train Acc: 0.7422222, Test Acc: 0.7100000
Epoch: 178, Train Loss: 0.5285395, Train Acc: 0.7388889, Test Acc: 0.7300000
Epoch: 179, Train Loss: 0.5461799, Train Acc: 0.7088889, Test Acc: 0.6900000
Epoch: 180, Train Loss: 0.9811543, Train Acc: 0.7088889, Test Acc: 0.6700000
Epoch: 181, Train Loss: 0.5484549, Train Acc: 0.7244444, Test Acc: 0.7300000
Epoch: 182, Train Loss: 0.5316774, Train Acc: 0.7233333, Test Acc: 0.7000000
Epoch: 183, Train Loss: 0.5434176, Train Acc: 0.6866667, Test Acc: 0.7200000
Epoch: 184, Train Loss: 0.5851565, Train Acc: 0.6533333, Test Acc: 0.6400000
Epoch: 185, Train Loss: 0.5374108, Train Acc: 0.7100000, Test Acc: 0.7000000
Epoch: 186, Train Loss: 0.5643372, Train Acc: 0.7255556, Test Acc: 0.7200000
Epoch: 187, Train Loss: 0.5689548, Train Acc: 0.6900000, Test Acc: 0.6500000
Epoch: 188, Train Loss: 0.5441673, Train Acc: 0.7200000, Test Acc: 0.7600000
Epoch: 189, Train Loss: 0.5653852, Train Acc: 0.6855556, Test Acc: 0.6700000
Epoch: 190, Train Loss: 0.5662270, Train Acc: 0.6566667, Test Acc: 0.6400000
Epoch: 191, Train Loss: 0.5697454, Train Acc: 0.6800000, Test Acc: 0.6700000
Epoch: 192, Train Loss: 0.5410978, Train Acc: 0.7055556, Test Acc: 0.6800000
Epoch: 193, Train Loss: 0.5250983, Train Acc: 0.7322222, Test Acc: 0.7200000
Epoch: 194, Train Loss: 0.5893916, Train Acc: 0.6788889, Test Acc: 0.6600000
Epoch: 195, Train Loss: 0.5382436, Train Acc: 0.7166667, Test Acc: 0.6900000
Epoch: 196, Train Loss: 0.5366480, Train Acc: 0.7166667, Test Acc: 0.6800000
Epoch: 197, Train Loss: 0.5385376, Train Acc: 0.6855556, Test Acc: 0.6800000
Epoch: 198, Train Loss: 0.4992157, Train Acc: 0.7444444, Test Acc: 0.7900000
Epoch: 199, Train Loss: 0.5357067, Train Acc: 0.6933333, Test Acc: 0.6700000
Epoch: 200, Train Loss: 0.5143452, Train Acc: 0.6933333, Test Acc: 0.6800000
Epoch: 201, Train Loss: 0.5280971, Train Acc: 0.7011111, Test Acc: 0.6800000
Epoch: 202, Train Loss: 0.5301793, Train Acc: 0.6900000, Test Acc: 0.6700000
Epoch: 203, Train Loss: 0.5126178, Train Acc: 0.7111111, Test Acc: 0.6800000
Epoch: 204, Train Loss: 0.5198313, Train Acc: 0.7166667, Test Acc: 0.7100000
Epoch: 205, Train Loss: 0.9017164, Train Acc: 0.7344444, Test Acc: 0.7200000
Epoch: 206, Train Loss: 0.5207887, Train Acc: 0.7155556, Test Acc: 0.7100000
Epoch: 207, Train Loss: 0.5364348, Train Acc: 0.6933333, Test Acc: 0.7000000
Epoch: 208, Train Loss: 0.5140828, Train Acc: 0.7055556, Test Acc: 0.7100000
Epoch: 209, Train Loss: 0.5167191, Train Acc: 0.7322222, Test Acc: 0.7600000
Epoch: 210, Train Loss: 0.5095037, Train Acc: 0.7277778, Test Acc: 0.7700000
Epoch: 211, Train Loss: 0.4922517, Train Acc: 0.7488889, Test Acc: 0.7700000
Epoch: 212, Train Loss: 0.4950852, Train Acc: 0.7344444, Test Acc: 0.7400000
Epoch: 213, Train Loss: 0.5135737, Train Acc: 0.7222222, Test Acc: 0.7200000
Epoch: 214, Train Loss: 0.5085763, Train Acc: 0.7255556, Test Acc: 0.7400000
Epoch: 215, Train Loss: 0.4981871, Train Acc: 0.7355556, Test Acc: 0.7600000
Epoch: 216, Train Loss: 0.5348423, Train Acc: 0.6855556, Test Acc: 0.6500000
Epoch: 217, Train Loss: 0.9145951, Train Acc: 0.7277778, Test Acc: 0.7200000
Epoch: 218, Train Loss: 0.5092501, Train Acc: 0.7355556, Test Acc: 0.7100000
Epoch: 219, Train Loss: 0.5119675, Train Acc: 0.7333333, Test Acc: 0.7200000
Epoch: 220, Train Loss: 1.4144254, Train Acc: 0.7422222, Test Acc: 0.7400000
Epoch: 221, Train Loss: 0.4900156, Train Acc: 0.7544444, Test Acc: 0.7700000
Epoch: 222, Train Loss: 0.5285533, Train Acc: 0.6922222, Test Acc: 0.6700000
Epoch: 223, Train Loss: 0.5150637, Train Acc: 0.7344444, Test Acc: 0.7200000
Epoch: 224, Train Loss: 0.5023182, Train Acc: 0.7344444, Test Acc: 0.7700000
Epoch: 225, Train Loss: 0.5205720, Train Acc: 0.7166667, Test Acc: 0.7000000
Epoch: 226, Train Loss: 0.5035015, Train Acc: 0.7377778, Test Acc: 0.7200000
Epoch: 227, Train Loss: 0.8251582, Train Acc: 0.7488889, Test Acc: 0.7700000
Epoch: 228, Train Loss: 0.4962583, Train Acc: 0.7200000, Test Acc: 0.7600000
Epoch: 229, Train Loss: 1.0048308, Train Acc: 0.7388889, Test Acc: 0.7600000
Epoch: 230, Train Loss: 0.5315295, Train Acc: 0.7166667, Test Acc: 0.7200000
Epoch: 231, Train Loss: 0.5964172, Train Acc: 0.7133333, Test Acc: 0.6900000
Epoch: 232, Train Loss: 0.5035085, Train Acc: 0.7233333, Test Acc: 0.7000000
Epoch: 233, Train Loss: 0.5257379, Train Acc: 0.6977778, Test Acc: 0.7000000
Epoch: 234, Train Loss: 0.5288995, Train Acc: 0.7200000, Test Acc: 0.6800000
Epoch: 235, Train Loss: 0.5429148, Train Acc: 0.6866667, Test Acc: 0.6900000
Epoch: 236, Train Loss: 0.5127662, Train Acc: 0.7455556, Test Acc: 0.7300000
Epoch: 237, Train Loss: 0.5040686, Train Acc: 0.7488889, Test Acc: 0.7200000
Epoch: 238, Train Loss: 0.5208435, Train Acc: 0.6955556, Test Acc: 0.7300000
Epoch: 239, Train Loss: 0.5296830, Train Acc: 0.7077778, Test Acc: 0.7000000
Epoch: 240, Train Loss: 0.8136893, Train Acc: 0.7411111, Test Acc: 0.7300000
Epoch: 241, Train Loss: 1.4956353, Train Acc: 0.7155556, Test Acc: 0.7200000
Epoch: 242, Train Loss: 0.4935251, Train Acc: 0.7433333, Test Acc: 0.7500000
Epoch: 243, Train Loss: 0.5317205, Train Acc: 0.7033333, Test Acc: 0.7200000
Epoch: 244, Train Loss: 0.5062087, Train Acc: 0.7366667, Test Acc: 0.7500000
Epoch: 245, Train Loss: 0.5613764, Train Acc: 0.6855556, Test Acc: 0.7000000
Epoch: 246, Train Loss: 0.5351477, Train Acc: 0.7022222, Test Acc: 0.7100000
Epoch: 247, Train Loss: 0.5312539, Train Acc: 0.6966667, Test Acc: 0.7000000
Epoch: 248, Train Loss: 0.5114735, Train Acc: 0.7022222, Test Acc: 0.7300000
Epoch: 249, Train Loss: 0.5232691, Train Acc: 0.6922222, Test Acc: 0.6900000
Epoch: 250, Train Loss: 0.5271542, Train Acc: 0.6911111, Test Acc: 0.7000000
Epoch: 251, Train Loss: 0.5081154, Train Acc: 0.7255556, Test Acc: 0.7200000
Epoch: 252, Train Loss: 0.5019507, Train Acc: 0.7377778, Test Acc: 0.7600000
Epoch: 253, Train Loss: 0.4946659, Train Acc: 0.7422222, Test Acc: 0.7300000
Epoch: 254, Train Loss: 0.4874281, Train Acc: 0.7211111, Test Acc: 0.7500000
Epoch: 255, Train Loss: 0.5068302, Train Acc: 0.7100000, Test Acc: 0.7500000
Epoch: 256, Train Loss: 0.5379261, Train Acc: 0.7022222, Test Acc: 0.7200000
Epoch: 257, Train Loss: 0.4949402, Train Acc: 0.7111111, Test Acc: 0.7500000
Epoch: 258, Train Loss: 0.4809995, Train Acc: 0.7300000, Test Acc: 0.7700000
Epoch: 259, Train Loss: 0.5201995, Train Acc: 0.6922222, Test Acc: 0.7000000
Epoch: 260, Train Loss: 0.4982935, Train Acc: 0.7077778, Test Acc: 0.7300000
Epoch: 261, Train Loss: 0.5008804, Train Acc: 0.7200000, Test Acc: 0.7500000
Epoch: 262, Train Loss: 0.4761029, Train Acc: 0.7577778, Test Acc: 0.8100000
Epoch: 263, Train Loss: 0.4943383, Train Acc: 0.7166667, Test Acc: 0.7500000
Epoch: 264, Train Loss: 0.5136055, Train Acc: 0.7422222, Test Acc: 0.7900000
Epoch: 265, Train Loss: 0.4728460, Train Acc: 0.7477778, Test Acc: 0.7600000
Epoch: 266, Train Loss: 0.4880063, Train Acc: 0.7555556, Test Acc: 0.7800000
Epoch: 267, Train Loss: 0.5268594, Train Acc: 0.7011111, Test Acc: 0.7300000
Epoch: 268, Train Loss: 0.5299232, Train Acc: 0.6933333, Test Acc: 0.6700000
Epoch: 269, Train Loss: 0.4896727, Train Acc: 0.7211111, Test Acc: 0.7400000
Epoch: 270, Train Loss: 0.4929511, Train Acc: 0.7500000, Test Acc: 0.8200000
Epoch: 271, Train Loss: 0.5420019, Train Acc: 0.7011111, Test Acc: 0.7300000
Epoch: 272, Train Loss: 0.5189893, Train Acc: 0.7055556, Test Acc: 0.7500000
Epoch: 273, Train Loss: 0.5342772, Train Acc: 0.7033333, Test Acc: 0.6700000
Epoch: 274, Train Loss: 0.5237818, Train Acc: 0.7077778, Test Acc: 0.7000000
Epoch: 275, Train Loss: 0.4943677, Train Acc: 0.7211111, Test Acc: 0.7300000
Epoch: 276, Train Loss: 0.4836386, Train Acc: 0.7344444, Test Acc: 0.7400000
Epoch: 277, Train Loss: 0.4800614, Train Acc: 0.7255556, Test Acc: 0.7400000
Epoch: 278, Train Loss: 0.5171566, Train Acc: 0.7111111, Test Acc: 0.6900000
Epoch: 279, Train Loss: 0.5011127, Train Acc: 0.7255556, Test Acc: 0.7400000
Epoch: 280, Train Loss: 0.4939853, Train Acc: 0.7200000, Test Acc: 0.7300000
Epoch: 281, Train Loss: 0.4783759, Train Acc: 0.7300000, Test Acc: 0.7400000
Epoch: 282, Train Loss: 0.4776448, Train Acc: 0.7611111, Test Acc: 0.7800000
Epoch: 283, Train Loss: 0.5104963, Train Acc: 0.7177778, Test Acc: 0.7200000
Epoch: 284, Train Loss: 0.5391211, Train Acc: 0.7011111, Test Acc: 0.7400000
Epoch: 285, Train Loss: 0.4943457, Train Acc: 0.7155556, Test Acc: 0.7100000
Epoch: 286, Train Loss: 0.4745317, Train Acc: 0.7333333, Test Acc: 0.7600000
Epoch: 287, Train Loss: 0.5213790, Train Acc: 0.7111111, Test Acc: 0.7200000
Epoch: 288, Train Loss: 0.4800039, Train Acc: 0.7233333, Test Acc: 0.7500000
Epoch: 289, Train Loss: 0.4597649, Train Acc: 0.7644444, Test Acc: 0.7500000
Epoch: 290, Train Loss: 0.5064397, Train Acc: 0.7144444, Test Acc: 0.7500000
Epoch: 291, Train Loss: 0.4735292, Train Acc: 0.7522222, Test Acc: 0.7700000
Epoch: 292, Train Loss: 0.4804721, Train Acc: 0.7200000, Test Acc: 0.7500000
Epoch: 293, Train Loss: 0.4923469, Train Acc: 0.7100000, Test Acc: 0.7500000
Epoch: 294, Train Loss: 0.4789750, Train Acc: 0.7255556, Test Acc: 0.7700000
Epoch: 295, Train Loss: 0.4663588, Train Acc: 0.7588889, Test Acc: 0.7700000
Epoch: 296, Train Loss: 0.5036712, Train Acc: 0.6933333, Test Acc: 0.7000000
Epoch: 297, Train Loss: 0.4857686, Train Acc: 0.7111111, Test Acc: 0.7600000
Epoch: 298, Train Loss: 0.4719408, Train Acc: 0.7600000, Test Acc: 0.7800000
Epoch: 299, Train Loss: 0.4811330, Train Acc: 0.7277778, Test Acc: 0.7600000
Epoch: 300, Train Loss: 0.4694595, Train Acc: 0.7577778, Test Acc: 0.7800000
--------
Best Test Acc:   0.74_0.01581138830084191, Epoch: 142
Best Train Loss: 0.46132151861985526_0.023468526215904333
Best Train Acc:  0.7594444444444445_0.026122928767797243
FOLD4, IMDB-BINARY, 1673262208/bdd7e42_GSOE[-0.2, -0.25, -0.3, -0.35, -0.4]P[[1, 3], [1, 3], [1, 5], [1, 5], [1, 5]]I1_GELU_YX_4_256_0_0.001_40_0.6_0_B16S0W8, BT=0.74_0.01581138830084191, BE=142, ID=bdd7e424313ef497bbce956f20477ed16a17f1c8
train_set : test_set = %d : %d 900 100
-------- FOLD4 DATASET=IMDB-BINARY, COMMIT_ID=bdd7e424313ef497bbce956f20477ed16a17f1c8
With batch_norm.
#Params: 935426
Epoch: 001, Train Loss: 19.3172729, Train Acc: 0.5977778, Test Acc: 0.6100000
Epoch: 002, Train Loss: 8.8162618, Train Acc: 0.6733333, Test Acc: 0.6800000
Epoch: 003, Train Loss: 6.7848939, Train Acc: 0.6377778, Test Acc: 0.6100000
Epoch: 004, Train Loss: 1.6315167, Train Acc: 0.6433333, Test Acc: 0.5600000
Epoch: 005, Train Loss: 5.0972252, Train Acc: 0.6133333, Test Acc: 0.5800000
Epoch: 006, Train Loss: 42.5427772, Train Acc: 0.5700000, Test Acc: 0.5600000
Epoch: 007, Train Loss: 4.3615287, Train Acc: 0.6511111, Test Acc: 0.6600000
Epoch: 008, Train Loss: 3.0740115, Train Acc: 0.5277778, Test Acc: 0.5600000
Epoch: 009, Train Loss: 28.5395879, Train Acc: 0.5377778, Test Acc: 0.5600000
Epoch: 010, Train Loss: 2.3179864, Train Acc: 0.6466667, Test Acc: 0.5900000
Epoch: 011, Train Loss: 1.7632691, Train Acc: 0.5900000, Test Acc: 0.5500000
Epoch: 012, Train Loss: 0.7012674, Train Acc: 0.6733333, Test Acc: 0.6500000
Epoch: 013, Train Loss: 0.6487059, Train Acc: 0.6977778, Test Acc: 0.6800000
Epoch: 014, Train Loss: 0.7937878, Train Acc: 0.6900000, Test Acc: 0.6600000
Epoch: 015, Train Loss: 0.8553076, Train Acc: 0.6433333, Test Acc: 0.5800000
Epoch: 016, Train Loss: 1.1285521, Train Acc: 0.6722222, Test Acc: 0.6900000
Epoch: 017, Train Loss: 0.7532873, Train Acc: 0.6755556, Test Acc: 0.5900000
Epoch: 018, Train Loss: 1.1257470, Train Acc: 0.6366667, Test Acc: 0.5700000
Epoch: 019, Train Loss: 1.1492748, Train Acc: 0.6377778, Test Acc: 0.5800000
Epoch: 020, Train Loss: 0.5666854, Train Acc: 0.6955556, Test Acc: 0.6900000
Epoch: 021, Train Loss: 0.7590135, Train Acc: 0.6855556, Test Acc: 0.6100000
