NVIDIA A100-SXM4-40GB 1
{'dataset_name': 'ogbg-ppa', 'basis': 'SPA', 'epsilon': [0], 'power': [1], 'seeds': [0, 1, 2, 3, 4], 'num_workers': 8, 'hyperparams': {'batch_size': 32, 'epochs': 350, 'learning_rate': 0.001, 'decay_rate': 0.65, 'milestones': [30, 60, 90, 120, 150, 180, 210, 240, 270, 300, 330], 'weight_decay': 1e-05, 'warmup_epochs': 0}, 'architecture': {'layers': 4, 'hidden': 256, 'pooling': 'S', 'dropout': 0.3}, 'commit_id': 'c6376f01891e4daf2d96e1b82f14b013a523e289', 'time_stamp': '1672151972', 'directory': '../../../results_spectral_rotation/A100/ogbg-ppa/'}
{'dataset_name': 'ogbg-ppa', 'basis': 'SPA', 'epsilon': [0], 'power': [1], 'seeds': [0, 1, 2, 3, 4], 'num_workers': 8, 'hyperparams': {'batch_size': 32, 'epochs': 350, 'learning_rate': 0.001, 'decay_rate': 0.65, 'milestones': [30, 60, 90, 120, 150, 180, 210, 240, 270, 300, 330], 'weight_decay': 1e-05, 'warmup_epochs': 0}, 'architecture': {'layers': 4, 'hidden': 256, 'pooling': 'S', 'dropout': 0.3}, 'commit_id': 'c6376f01891e4daf2d96e1b82f14b013a523e289', 'time_stamp': 1672151976, 'directory': '../../../results_spectral_rotation/A100/ogbg-ppa/', 'seed': 0}
Loading the cached file... (NOTE: delete it if you change the preprocessing settings)
Bases total: 2
#Params: 1167653
Epoch 1 training...
Train iteration:   0%|          | 0/2444 [00:00<?, ?it/s]Train iteration:   0%|          | 0/2444 [00:08<?, ?it/s]
Traceback (most recent call last):
  File "/home/mingqi/workspace/spectral_rotation/ogbg_a/graphml/ogbg/ppa/./main.py", line 325, in <module>
    main()
  File "/home/mingqi/workspace/spectral_rotation/ogbg_a/graphml/ogbg/ppa/./main.py", line 133, in main
    epoch_idx, train_curve, valid_curve, test_curve, trainL_curve, task_type = run_with_given_seed(config, ts_fk_algo_hp)
  File "/home/mingqi/workspace/spectral_rotation/ogbg_a/graphml/ogbg/ppa/./main.py", line 270, in run_with_given_seed
    train_loss = train(model, device, train_loader, optimizer, multicls_criterion)
  File "/home/mingqi/workspace/spectral_rotation/ogbg_a/graphml/ogbg/ppa/./main.py", line 48, in train
    pred = model(bg, x, edge_attr, bases)
  File "/home/mingqi/anaconda3/envs/pytorch_ogbg/lib/python3.9/site-packages/torch/nn/modules/module.py", line 1190, in _call_impl
    return forward_call(*input, **kwargs)
  File "/home/mingqi/workspace/spectral_rotation/ogbg_a/graphml/ogbg/ppa/model.py", line 57, in forward
    xs = xs + [x]
UnboundLocalError: local variable 'xs' referenced before assignment
